[0.012s] Invoking command in '/home/alux-autopilot22/SUPER-ROS2/build/mars_quadrotor_msgs': CMAKE_PREFIX_PATH=/opt/ros/humble /usr/bin/cmake --build /home/alux-autopilot22/SUPER-ROS2/build/mars_quadrotor_msgs -- -j16 -l16
[0.053s] [  3%] Built target mars_quadrotor_msgs__cpp
[0.053s] [  3%] Built target mars_quadrotor_msgs__rs
[0.053s] [ 14%] Built target mars_quadrotor_msgs__rosidl_generator_c
[0.061s] [ 14%] Built target ament_cmake_python_symlink_mars_quadrotor_msgs
[0.071s] [ 46%] Built target mars_quadrotor_msgs__rosidl_typesupport_fastrtps_c
[0.071s] [ 46%] Built target mars_quadrotor_msgs__rosidl_typesupport_fastrtps_cpp
[0.071s] [ 46%] Built target mars_quadrotor_msgs__rosidl_typesupport_c
[0.072s] [ 57%] Built target mars_quadrotor_msgs__rosidl_typesupport_introspection_cpp
[0.073s] [ 68%] Built target mars_quadrotor_msgs__rosidl_typesupport_cpp
[0.073s] [ 79%] Built target mars_quadrotor_msgs__rosidl_typesupport_introspection_c
[0.089s] [ 79%] Built target mars_quadrotor_msgs
[0.108s] [ 81%] Built target mars_quadrotor_msgs__py
[0.129s] [ 90%] Built target mars_quadrotor_msgs__rosidl_generator_py
[0.146s] [100%] Built target mars_quadrotor_msgs__rosidl_typesupport_c__pyext
[0.146s] [100%] Built target mars_quadrotor_msgs__rosidl_typesupport_introspection_c__pyext
[0.146s] [100%] Built target mars_quadrotor_msgs__rosidl_typesupport_fastrtps_c__pyext
[0.208s] running egg_info
[0.209s] writing mars_quadrotor_msgs.egg-info/PKG-INFO
[0.209s] writing dependency_links to mars_quadrotor_msgs.egg-info/dependency_links.txt
[0.210s] writing top-level names to mars_quadrotor_msgs.egg-info/top_level.txt
[0.212s] reading manifest file 'mars_quadrotor_msgs.egg-info/SOURCES.txt'
[0.215s] writing manifest file 'mars_quadrotor_msgs.egg-info/SOURCES.txt'
[0.246s] [100%] Built target ament_cmake_python_build_mars_quadrotor_msgs_egg
[0.257s] Invoked command in '/home/alux-autopilot22/SUPER-ROS2/build/mars_quadrotor_msgs' returned '0': CMAKE_PREFIX_PATH=/opt/ros/humble /usr/bin/cmake --build /home/alux-autopilot22/SUPER-ROS2/build/mars_quadrotor_msgs -- -j16 -l16
[0.259s] Invoking command in '/home/alux-autopilot22/SUPER-ROS2/build/mars_quadrotor_msgs': CMAKE_PREFIX_PATH=/opt/ros/humble /usr/bin/cmake --install /home/alux-autopilot22/SUPER-ROS2/build/mars_quadrotor_msgs
[0.265s] -- Install configuration: ""
[0.265s] -- Execute custom install script
[0.265s] -- Up-to-date symlink: /home/alux-autopilot22/SUPER-ROS2/install/mars_quadrotor_msgs/share/ament_index/resource_index/rosidl_interfaces/mars_quadrotor_msgs
[0.266s] -- Up-to-date symlink: /home/alux-autopilot22/SUPER-ROS2/install/mars_quadrotor_msgs/include/mars_quadrotor_msgs/mars_quadrotor_msgs/msg/detail/mpc_position_command__functions.h
[0.266s] -- Up-to-date symlink: /home/alux-autopilot22/SUPER-ROS2/install/mars_quadrotor_msgs/include/mars_quadrotor_msgs/mars_quadrotor_msgs/msg/detail/mpc_position_command__struct.h
[0.266s] -- Up-to-date symlink: /home/alux-autopilot22/SUPER-ROS2/install/mars_quadrotor_msgs/include/mars_quadrotor_msgs/mars_quadrotor_msgs/msg/detail/mpc_position_command__type_support.h
[0.266s] -- Up-to-date symlink: /home/alux-autopilot22/SUPER-ROS2/install/mars_quadrotor_msgs/include/mars_quadrotor_msgs/mars_quadrotor_msgs/msg/detail/polynomial_trajectory__functions.h
[0.266s] -- Up-to-date symlink: /home/alux-autopilot22/SUPER-ROS2/install/mars_quadrotor_msgs/include/mars_quadrotor_msgs/mars_quadrotor_msgs/msg/detail/polynomial_trajectory__struct.h
[0.266s] -- Up-to-date symlink: /home/alux-autopilot22/SUPER-ROS2/install/mars_quadrotor_msgs/include/mars_quadrotor_msgs/mars_quadrotor_msgs/msg/detail/polynomial_trajectory__type_support.h
[0.266s] -- Up-to-date symlink: /home/alux-autopilot22/SUPER-ROS2/install/mars_quadrotor_msgs/include/mars_quadrotor_msgs/mars_quadrotor_msgs/msg/detail/position_command__functions.h
[0.266s] -- Up-to-date symlink: /home/alux-autopilot22/SUPER-ROS2/install/mars_quadrotor_msgs/include/mars_quadrotor_msgs/mars_quadrotor_msgs/msg/detail/position_command__struct.h
[0.266s] -- Up-to-date symlink: /home/alux-autopilot22/SUPER-ROS2/install/mars_quadrotor_msgs/include/mars_quadrotor_msgs/mars_quadrotor_msgs/msg/detail/position_command__type_support.h
[0.266s] -- Up-to-date symlink: /home/alux-autopilot22/SUPER-ROS2/install/mars_quadrotor_msgs/include/mars_quadrotor_msgs/mars_quadrotor_msgs/msg/detail/quadrotor_state__functions.h
[0.266s] -- Up-to-date symlink: /home/alux-autopilot22/SUPER-ROS2/install/mars_quadrotor_msgs/include/mars_quadrotor_msgs/mars_quadrotor_msgs/msg/detail/quadrotor_state__struct.h
[0.266s] -- Up-to-date symlink: /home/alux-autopilot22/SUPER-ROS2/install/mars_quadrotor_msgs/include/mars_quadrotor_msgs/mars_quadrotor_msgs/msg/detail/quadrotor_state__type_support.h
[0.266s] -- Up-to-date symlink: /home/alux-autopilot22/SUPER-ROS2/install/mars_quadrotor_msgs/include/mars_quadrotor_msgs/mars_quadrotor_msgs/msg/detail/traking_performance__functions.h
[0.266s] -- Up-to-date symlink: /home/alux-autopilot22/SUPER-ROS2/install/mars_quadrotor_msgs/include/mars_quadrotor_msgs/mars_quadrotor_msgs/msg/detail/traking_performance__struct.h
[0.266s] -- Up-to-date symlink: /home/alux-autopilot22/SUPER-ROS2/install/mars_quadrotor_msgs/include/mars_quadrotor_msgs/mars_quadrotor_msgs/msg/detail/traking_performance__type_support.h
[0.266s] -- Up-to-date symlink: /home/alux-autopilot22/SUPER-ROS2/install/mars_quadrotor_msgs/include/mars_quadrotor_msgs/mars_quadrotor_msgs/msg/mpc_position_command.h
[0.267s] -- Up-to-date symlink: /home/alux-autopilot22/SUPER-ROS2/install/mars_quadrotor_msgs/include/mars_quadrotor_msgs/mars_quadrotor_msgs/msg/polynomial_trajectory.h
[0.267s] -- Up-to-date symlink: /home/alux-autopilot22/SUPER-ROS2/install/mars_quadrotor_msgs/include/mars_quadrotor_msgs/mars_quadrotor_msgs/msg/position_command.h
[0.267s] -- Up-to-date symlink: /home/alux-autopilot22/SUPER-ROS2/install/mars_quadrotor_msgs/include/mars_quadrotor_msgs/mars_quadrotor_msgs/msg/quadrotor_state.h
[0.267s] -- Up-to-date symlink: /home/alux-autopilot22/SUPER-ROS2/install/mars_quadrotor_msgs/include/mars_quadrotor_msgs/mars_quadrotor_msgs/msg/rosidl_generator_c__visibility_control.h
[0.267s] -- Up-to-date symlink: /home/alux-autopilot22/SUPER-ROS2/install/mars_quadrotor_msgs/include/mars_quadrotor_msgs/mars_quadrotor_msgs/msg/traking_performance.h
[0.267s] -- Up-to-date symlink: /home/alux-autopilot22/SUPER-ROS2/install/mars_quadrotor_msgs/share/mars_quadrotor_msgs/environment/library_path.sh
[0.267s] -- Up-to-date symlink: /home/alux-autopilot22/SUPER-ROS2/install/mars_quadrotor_msgs/share/mars_quadrotor_msgs/environment/library_path.dsv
[0.267s] -- Up-to-date symlink: /home/alux-autopilot22/SUPER-ROS2/install/mars_quadrotor_msgs/include/mars_quadrotor_msgs/mars_quadrotor_msgs/msg/detail/mpc_position_command__rosidl_typesupport_fastrtps_c.h
[0.267s] -- Up-to-date symlink: /home/alux-autopilot22/SUPER-ROS2/install/mars_quadrotor_msgs/include/mars_quadrotor_msgs/mars_quadrotor_msgs/msg/detail/polynomial_trajectory__rosidl_typesupport_fastrtps_c.h
[0.267s] -- Up-to-date symlink: /home/alux-autopilot22/SUPER-ROS2/install/mars_quadrotor_msgs/include/mars_quadrotor_msgs/mars_quadrotor_msgs/msg/detail/position_command__rosidl_typesupport_fastrtps_c.h
[0.267s] -- Up-to-date symlink: /home/alux-autopilot22/SUPER-ROS2/install/mars_quadrotor_msgs/include/mars_quadrotor_msgs/mars_quadrotor_msgs/msg/detail/quadrotor_state__rosidl_typesupport_fastrtps_c.h
[0.268s] -- Up-to-date symlink: /home/alux-autopilot22/SUPER-ROS2/install/mars_quadrotor_msgs/include/mars_quadrotor_msgs/mars_quadrotor_msgs/msg/detail/traking_performance__rosidl_typesupport_fastrtps_c.h
[0.268s] -- Up-to-date symlink: /home/alux-autopilot22/SUPER-ROS2/install/mars_quadrotor_msgs/include/mars_quadrotor_msgs/mars_quadrotor_msgs/msg/rosidl_typesupport_fastrtps_c__visibility_control.h
[0.268s] -- Up-to-date symlink: /home/alux-autopilot22/SUPER-ROS2/install/mars_quadrotor_msgs/include/mars_quadrotor_msgs/mars_quadrotor_msgs/msg/detail/mpc_position_command__rosidl_typesupport_introspection_c.h
[0.268s] -- Up-to-date symlink: /home/alux-autopilot22/SUPER-ROS2/install/mars_quadrotor_msgs/include/mars_quadrotor_msgs/mars_quadrotor_msgs/msg/detail/polynomial_trajectory__rosidl_typesupport_introspection_c.h
[0.268s] -- Up-to-date symlink: /home/alux-autopilot22/SUPER-ROS2/install/mars_quadrotor_msgs/include/mars_quadrotor_msgs/mars_quadrotor_msgs/msg/detail/position_command__rosidl_typesupport_introspection_c.h
[0.268s] -- Up-to-date symlink: /home/alux-autopilot22/SUPER-ROS2/install/mars_quadrotor_msgs/include/mars_quadrotor_msgs/mars_quadrotor_msgs/msg/detail/quadrotor_state__rosidl_typesupport_introspection_c.h
[0.268s] -- Up-to-date symlink: /home/alux-autopilot22/SUPER-ROS2/install/mars_quadrotor_msgs/include/mars_quadrotor_msgs/mars_quadrotor_msgs/msg/detail/traking_performance__rosidl_typesupport_introspection_c.h
[0.268s] -- Up-to-date symlink: /home/alux-autopilot22/SUPER-ROS2/install/mars_quadrotor_msgs/include/mars_quadrotor_msgs/mars_quadrotor_msgs/msg/rosidl_typesupport_introspection_c__visibility_control.h
[0.269s] -- Up-to-date symlink: /home/alux-autopilot22/SUPER-ROS2/install/mars_quadrotor_msgs/include/mars_quadrotor_msgs/mars_quadrotor_msgs/msg/detail/mpc_position_command__builder.hpp
[0.269s] -- Up-to-date symlink: /home/alux-autopilot22/SUPER-ROS2/install/mars_quadrotor_msgs/include/mars_quadrotor_msgs/mars_quadrotor_msgs/msg/detail/mpc_position_command__struct.hpp
[0.269s] -- Up-to-date symlink: /home/alux-autopilot22/SUPER-ROS2/install/mars_quadrotor_msgs/include/mars_quadrotor_msgs/mars_quadrotor_msgs/msg/detail/mpc_position_command__traits.hpp
[0.269s] -- Up-to-date symlink: /home/alux-autopilot22/SUPER-ROS2/install/mars_quadrotor_msgs/include/mars_quadrotor_msgs/mars_quadrotor_msgs/msg/detail/mpc_position_command__type_support.hpp
[0.269s] -- Up-to-date symlink: /home/alux-autopilot22/SUPER-ROS2/install/mars_quadrotor_msgs/include/mars_quadrotor_msgs/mars_quadrotor_msgs/msg/detail/polynomial_trajectory__builder.hpp
[0.269s] -- Up-to-date symlink: /home/alux-autopilot22/SUPER-ROS2/install/mars_quadrotor_msgs/include/mars_quadrotor_msgs/mars_quadrotor_msgs/msg/detail/polynomial_trajectory__struct.hpp
[0.269s] -- Up-to-date symlink: /home/alux-autopilot22/SUPER-ROS2/install/mars_quadrotor_msgs/include/mars_quadrotor_msgs/mars_quadrotor_msgs/msg/detail/polynomial_trajectory__traits.hpp
[0.269s] -- Up-to-date symlink: /home/alux-autopilot22/SUPER-ROS2/install/mars_quadrotor_msgs/include/mars_quadrotor_msgs/mars_quadrotor_msgs/msg/detail/polynomial_trajectory__type_support.hpp
[0.269s] -- Up-to-date symlink: /home/alux-autopilot22/SUPER-ROS2/install/mars_quadrotor_msgs/include/mars_quadrotor_msgs/mars_quadrotor_msgs/msg/detail/position_command__builder.hpp
[0.269s] -- Up-to-date symlink: /home/alux-autopilot22/SUPER-ROS2/install/mars_quadrotor_msgs/include/mars_quadrotor_msgs/mars_quadrotor_msgs/msg/detail/position_command__struct.hpp
[0.269s] -- Up-to-date symlink: /home/alux-autopilot22/SUPER-ROS2/install/mars_quadrotor_msgs/include/mars_quadrotor_msgs/mars_quadrotor_msgs/msg/detail/position_command__traits.hpp
[0.269s] -- Up-to-date symlink: /home/alux-autopilot22/SUPER-ROS2/install/mars_quadrotor_msgs/include/mars_quadrotor_msgs/mars_quadrotor_msgs/msg/detail/position_command__type_support.hpp
[0.269s] -- Up-to-date symlink: /home/alux-autopilot22/SUPER-ROS2/install/mars_quadrotor_msgs/include/mars_quadrotor_msgs/mars_quadrotor_msgs/msg/detail/quadrotor_state__builder.hpp
[0.269s] -- Up-to-date symlink: /home/alux-autopilot22/SUPER-ROS2/install/mars_quadrotor_msgs/include/mars_quadrotor_msgs/mars_quadrotor_msgs/msg/detail/quadrotor_state__struct.hpp
[0.270s] -- Up-to-date symlink: /home/alux-autopilot22/SUPER-ROS2/install/mars_quadrotor_msgs/include/mars_quadrotor_msgs/mars_quadrotor_msgs/msg/detail/quadrotor_state__traits.hpp
[0.270s] -- Up-to-date symlink: /home/alux-autopilot22/SUPER-ROS2/install/mars_quadrotor_msgs/include/mars_quadrotor_msgs/mars_quadrotor_msgs/msg/detail/quadrotor_state__type_support.hpp
[0.270s] -- Up-to-date symlink: /home/alux-autopilot22/SUPER-ROS2/install/mars_quadrotor_msgs/include/mars_quadrotor_msgs/mars_quadrotor_msgs/msg/detail/traking_performance__builder.hpp
[0.270s] -- Up-to-date symlink: /home/alux-autopilot22/SUPER-ROS2/install/mars_quadrotor_msgs/include/mars_quadrotor_msgs/mars_quadrotor_msgs/msg/detail/traking_performance__struct.hpp
[0.270s] -- Up-to-date symlink: /home/alux-autopilot22/SUPER-ROS2/install/mars_quadrotor_msgs/include/mars_quadrotor_msgs/mars_quadrotor_msgs/msg/detail/traking_performance__traits.hpp
[0.270s] -- Up-to-date symlink: /home/alux-autopilot22/SUPER-ROS2/install/mars_quadrotor_msgs/include/mars_quadrotor_msgs/mars_quadrotor_msgs/msg/detail/traking_performance__type_support.hpp
[0.270s] -- Up-to-date symlink: /home/alux-autopilot22/SUPER-ROS2/install/mars_quadrotor_msgs/include/mars_quadrotor_msgs/mars_quadrotor_msgs/msg/mpc_position_command.hpp
[0.270s] -- Up-to-date symlink: /home/alux-autopilot22/SUPER-ROS2/install/mars_quadrotor_msgs/include/mars_quadrotor_msgs/mars_quadrotor_msgs/msg/polynomial_trajectory.hpp
[0.270s] -- Up-to-date symlink: /home/alux-autopilot22/SUPER-ROS2/install/mars_quadrotor_msgs/include/mars_quadrotor_msgs/mars_quadrotor_msgs/msg/position_command.hpp
[0.270s] -- Up-to-date symlink: /home/alux-autopilot22/SUPER-ROS2/install/mars_quadrotor_msgs/include/mars_quadrotor_msgs/mars_quadrotor_msgs/msg/quadrotor_state.hpp
[0.270s] -- Up-to-date symlink: /home/alux-autopilot22/SUPER-ROS2/install/mars_quadrotor_msgs/include/mars_quadrotor_msgs/mars_quadrotor_msgs/msg/rosidl_generator_cpp__visibility_control.hpp
[0.270s] -- Up-to-date symlink: /home/alux-autopilot22/SUPER-ROS2/install/mars_quadrotor_msgs/include/mars_quadrotor_msgs/mars_quadrotor_msgs/msg/traking_performance.hpp
[0.271s] -- Up-to-date symlink: /home/alux-autopilot22/SUPER-ROS2/install/mars_quadrotor_msgs/include/mars_quadrotor_msgs/mars_quadrotor_msgs/msg/detail/mpc_position_command__rosidl_typesupport_fastrtps_cpp.hpp
[0.271s] -- Up-to-date symlink: /home/alux-autopilot22/SUPER-ROS2/install/mars_quadrotor_msgs/include/mars_quadrotor_msgs/mars_quadrotor_msgs/msg/detail/polynomial_trajectory__rosidl_typesupport_fastrtps_cpp.hpp
[0.271s] -- Up-to-date symlink: /home/alux-autopilot22/SUPER-ROS2/install/mars_quadrotor_msgs/include/mars_quadrotor_msgs/mars_quadrotor_msgs/msg/detail/position_command__rosidl_typesupport_fastrtps_cpp.hpp
[0.271s] -- Up-to-date symlink: /home/alux-autopilot22/SUPER-ROS2/install/mars_quadrotor_msgs/include/mars_quadrotor_msgs/mars_quadrotor_msgs/msg/detail/quadrotor_state__rosidl_typesupport_fastrtps_cpp.hpp
[0.271s] -- Up-to-date symlink: /home/alux-autopilot22/SUPER-ROS2/install/mars_quadrotor_msgs/include/mars_quadrotor_msgs/mars_quadrotor_msgs/msg/detail/traking_performance__rosidl_typesupport_fastrtps_cpp.hpp
[0.271s] -- Up-to-date symlink: /home/alux-autopilot22/SUPER-ROS2/install/mars_quadrotor_msgs/include/mars_quadrotor_msgs/mars_quadrotor_msgs/msg/rosidl_typesupport_fastrtps_cpp__visibility_control.h
[0.271s] -- Up-to-date symlink: /home/alux-autopilot22/SUPER-ROS2/install/mars_quadrotor_msgs/include/mars_quadrotor_msgs/mars_quadrotor_msgs/msg/detail/mpc_position_command__rosidl_typesupport_introspection_cpp.hpp
[0.271s] -- Up-to-date symlink: /home/alux-autopilot22/SUPER-ROS2/install/mars_quadrotor_msgs/include/mars_quadrotor_msgs/mars_quadrotor_msgs/msg/detail/polynomial_trajectory__rosidl_typesupport_introspection_cpp.hpp
[0.271s] -- Up-to-date symlink: /home/alux-autopilot22/SUPER-ROS2/install/mars_quadrotor_msgs/include/mars_quadrotor_msgs/mars_quadrotor_msgs/msg/detail/position_command__rosidl_typesupport_introspection_cpp.hpp
[0.271s] -- Up-to-date symlink: /home/alux-autopilot22/SUPER-ROS2/install/mars_quadrotor_msgs/include/mars_quadrotor_msgs/mars_quadrotor_msgs/msg/detail/quadrotor_state__rosidl_typesupport_introspection_cpp.hpp
[0.271s] -- Up-to-date symlink: /home/alux-autopilot22/SUPER-ROS2/install/mars_quadrotor_msgs/include/mars_quadrotor_msgs/mars_quadrotor_msgs/msg/detail/traking_performance__rosidl_typesupport_introspection_cpp.hpp
[0.271s] -- Up-to-date symlink: /home/alux-autopilot22/SUPER-ROS2/install/mars_quadrotor_msgs/share/mars_quadrotor_msgs/environment/pythonpath.sh
[0.272s] -- Up-to-date symlink: /home/alux-autopilot22/SUPER-ROS2/install/mars_quadrotor_msgs/share/mars_quadrotor_msgs/environment/pythonpath.dsv
[0.272s] -- Up-to-date symlink: /home/alux-autopilot22/SUPER-ROS2/install/mars_quadrotor_msgs/local/lib/python3.10/dist-packages/mars_quadrotor_msgs-2.0.8-py3.10.egg-info/PKG-INFO
[0.272s] -- Up-to-date symlink: /home/alux-autopilot22/SUPER-ROS2/install/mars_quadrotor_msgs/local/lib/python3.10/dist-packages/mars_quadrotor_msgs-2.0.8-py3.10.egg-info/SOURCES.txt
[0.272s] -- Up-to-date symlink: /home/alux-autopilot22/SUPER-ROS2/install/mars_quadrotor_msgs/local/lib/python3.10/dist-packages/mars_quadrotor_msgs-2.0.8-py3.10.egg-info/dependency_links.txt
[0.272s] -- Up-to-date symlink: /home/alux-autopilot22/SUPER-ROS2/install/mars_quadrotor_msgs/local/lib/python3.10/dist-packages/mars_quadrotor_msgs-2.0.8-py3.10.egg-info/top_level.txt
[0.272s] -- Up-to-date symlink: /home/alux-autopilot22/SUPER-ROS2/install/mars_quadrotor_msgs/local/lib/python3.10/dist-packages/mars_quadrotor_msgs/__init__.py
[0.272s] -- Up-to-date symlink: /home/alux-autopilot22/SUPER-ROS2/install/mars_quadrotor_msgs/local/lib/python3.10/dist-packages/mars_quadrotor_msgs/_mars_quadrotor_msgs_s.ep.rosidl_typesupport_c.c
[0.272s] -- Up-to-date symlink: /home/alux-autopilot22/SUPER-ROS2/install/mars_quadrotor_msgs/local/lib/python3.10/dist-packages/mars_quadrotor_msgs/_mars_quadrotor_msgs_s.ep.rosidl_typesupport_fastrtps_c.c
[0.272s] -- Up-to-date symlink: /home/alux-autopilot22/SUPER-ROS2/install/mars_quadrotor_msgs/local/lib/python3.10/dist-packages/mars_quadrotor_msgs/_mars_quadrotor_msgs_s.ep.rosidl_typesupport_introspection_c.c
[0.273s] -- Up-to-date symlink: /home/alux-autopilot22/SUPER-ROS2/install/mars_quadrotor_msgs/local/lib/python3.10/dist-packages/mars_quadrotor_msgs/libmars_quadrotor_msgs__rosidl_generator_py.so
[0.273s] -- Up-to-date symlink: /home/alux-autopilot22/SUPER-ROS2/install/mars_quadrotor_msgs/local/lib/python3.10/dist-packages/mars_quadrotor_msgs/mars_quadrotor_msgs_s__rosidl_typesupport_c.cpython-310-x86_64-linux-gnu.so
[0.273s] -- Up-to-date symlink: /home/alux-autopilot22/SUPER-ROS2/install/mars_quadrotor_msgs/local/lib/python3.10/dist-packages/mars_quadrotor_msgs/mars_quadrotor_msgs_s__rosidl_typesupport_fastrtps_c.cpython-310-x86_64-linux-gnu.so
[0.273s] -- Up-to-date symlink: /home/alux-autopilot22/SUPER-ROS2/install/mars_quadrotor_msgs/local/lib/python3.10/dist-packages/mars_quadrotor_msgs/mars_quadrotor_msgs_s__rosidl_typesupport_introspection_c.cpython-310-x86_64-linux-gnu.so
[0.273s] -- Up-to-date symlink: /home/alux-autopilot22/SUPER-ROS2/install/mars_quadrotor_msgs/local/lib/python3.10/dist-packages/mars_quadrotor_msgs/msg/__init__.py
[0.273s] -- Up-to-date symlink: /home/alux-autopilot22/SUPER-ROS2/install/mars_quadrotor_msgs/local/lib/python3.10/dist-packages/mars_quadrotor_msgs/msg/_mpc_position_command.py
[0.273s] -- Up-to-date symlink: /home/alux-autopilot22/SUPER-ROS2/install/mars_quadrotor_msgs/local/lib/python3.10/dist-packages/mars_quadrotor_msgs/msg/_mpc_position_command_s.c
[0.273s] -- Up-to-date symlink: /home/alux-autopilot22/SUPER-ROS2/install/mars_quadrotor_msgs/local/lib/python3.10/dist-packages/mars_quadrotor_msgs/msg/_polynomial_trajectory.py
[0.273s] -- Up-to-date symlink: /home/alux-autopilot22/SUPER-ROS2/install/mars_quadrotor_msgs/local/lib/python3.10/dist-packages/mars_quadrotor_msgs/msg/_polynomial_trajectory_s.c
[0.273s] -- Up-to-date symlink: /home/alux-autopilot22/SUPER-ROS2/install/mars_quadrotor_msgs/local/lib/python3.10/dist-packages/mars_quadrotor_msgs/msg/_position_command.py
[0.273s] -- Up-to-date symlink: /home/alux-autopilot22/SUPER-ROS2/install/mars_quadrotor_msgs/local/lib/python3.10/dist-packages/mars_quadrotor_msgs/msg/_position_command_s.c
[0.273s] -- Up-to-date symlink: /home/alux-autopilot22/SUPER-ROS2/install/mars_quadrotor_msgs/local/lib/python3.10/dist-packages/mars_quadrotor_msgs/msg/_quadrotor_state.py
[0.273s] -- Up-to-date symlink: /home/alux-autopilot22/SUPER-ROS2/install/mars_quadrotor_msgs/local/lib/python3.10/dist-packages/mars_quadrotor_msgs/msg/_quadrotor_state_s.c
[0.273s] -- Up-to-date symlink: /home/alux-autopilot22/SUPER-ROS2/install/mars_quadrotor_msgs/local/lib/python3.10/dist-packages/mars_quadrotor_msgs/msg/_traking_performance.py
[0.273s] -- Up-to-date symlink: /home/alux-autopilot22/SUPER-ROS2/install/mars_quadrotor_msgs/local/lib/python3.10/dist-packages/mars_quadrotor_msgs/msg/_traking_performance_s.c
[0.274s] -- Up-to-date symlink: /home/alux-autopilot22/SUPER-ROS2/install/mars_quadrotor_msgs/local/lib/python3.10/dist-packages/mars_quadrotor_msgs/mars_quadrotor_msgs_s__rosidl_typesupport_fastrtps_c.cpython-310-x86_64-linux-gnu.so
[0.274s] -- Up-to-date symlink: /home/alux-autopilot22/SUPER-ROS2/install/mars_quadrotor_msgs/local/lib/python3.10/dist-packages/mars_quadrotor_msgs/mars_quadrotor_msgs_s__rosidl_typesupport_introspection_c.cpython-310-x86_64-linux-gnu.so
[0.274s] -- Up-to-date symlink: /home/alux-autopilot22/SUPER-ROS2/install/mars_quadrotor_msgs/local/lib/python3.10/dist-packages/mars_quadrotor_msgs/mars_quadrotor_msgs_s__rosidl_typesupport_c.cpython-310-x86_64-linux-gnu.so
[0.274s] -- Up-to-date symlink: /home/alux-autopilot22/SUPER-ROS2/install/mars_quadrotor_msgs/share/ament_index/resource_index/rust_packages/mars_quadrotor_msgs
[0.274s] -- Up-to-date symlink: /home/alux-autopilot22/SUPER-ROS2/install/mars_quadrotor_msgs/share/mars_quadrotor_msgs/rust/Cargo.toml
[0.274s] -- Up-to-date symlink: /home/alux-autopilot22/SUPER-ROS2/install/mars_quadrotor_msgs/share/mars_quadrotor_msgs/rust/build.rs
[0.274s] -- Up-to-date symlink: /home/alux-autopilot22/SUPER-ROS2/install/mars_quadrotor_msgs/share/mars_quadrotor_msgs/rust/src/lib.rs
[0.274s] -- Up-to-date symlink: /home/alux-autopilot22/SUPER-ROS2/install/mars_quadrotor_msgs/share/mars_quadrotor_msgs/rust/src/msg.rs
[0.274s] -- Up-to-date symlink: /home/alux-autopilot22/SUPER-ROS2/install/mars_quadrotor_msgs/share/mars_quadrotor_msgs/rust/src/msg/rmw.rs
[0.274s] -- Up-to-date symlink: /home/alux-autopilot22/SUPER-ROS2/install/mars_quadrotor_msgs/share/mars_quadrotor_msgs/msg/QuadrotorState.idl
[0.275s] -- Up-to-date symlink: /home/alux-autopilot22/SUPER-ROS2/install/mars_quadrotor_msgs/share/mars_quadrotor_msgs/msg/TrakingPerformance.idl
[0.275s] -- Up-to-date symlink: /home/alux-autopilot22/SUPER-ROS2/install/mars_quadrotor_msgs/share/mars_quadrotor_msgs/msg/PositionCommand.idl
[0.275s] -- Up-to-date symlink: /home/alux-autopilot22/SUPER-ROS2/install/mars_quadrotor_msgs/share/mars_quadrotor_msgs/msg/PolynomialTrajectory.idl
[0.275s] -- Up-to-date symlink: /home/alux-autopilot22/SUPER-ROS2/install/mars_quadrotor_msgs/share/mars_quadrotor_msgs/msg/MpcPositionCommand.idl
[0.275s] -- Up-to-date symlink: /home/alux-autopilot22/SUPER-ROS2/install/mars_quadrotor_msgs/share/mars_quadrotor_msgs/ros2_msg/QuadrotorState.msg
[0.275s] -- Up-to-date symlink: /home/alux-autopilot22/SUPER-ROS2/install/mars_quadrotor_msgs/share/mars_quadrotor_msgs/ros2_msg/TrakingPerformance.msg
[0.275s] -- Up-to-date symlink: /home/alux-autopilot22/SUPER-ROS2/install/mars_quadrotor_msgs/share/mars_quadrotor_msgs/ros2_msg/PositionCommand.msg
[0.275s] -- Up-to-date symlink: /home/alux-autopilot22/SUPER-ROS2/install/mars_quadrotor_msgs/share/mars_quadrotor_msgs/ros2_msg/PolynomialTrajectory.msg
[0.275s] -- Up-to-date symlink: /home/alux-autopilot22/SUPER-ROS2/install/mars_quadrotor_msgs/share/mars_quadrotor_msgs/ros2_msg/MpcPositionCommand.msg
[0.275s] -- Up-to-date symlink: /home/alux-autopilot22/SUPER-ROS2/install/mars_quadrotor_msgs/share/ament_index/resource_index/package_run_dependencies/mars_quadrotor_msgs
[0.275s] -- Up-to-date symlink: /home/alux-autopilot22/SUPER-ROS2/install/mars_quadrotor_msgs/share/ament_index/resource_index/parent_prefix_path/mars_quadrotor_msgs
[0.275s] -- Up-to-date symlink: /home/alux-autopilot22/SUPER-ROS2/install/mars_quadrotor_msgs/share/mars_quadrotor_msgs/environment/ament_prefix_path.sh
[0.276s] -- Up-to-date symlink: /home/alux-autopilot22/SUPER-ROS2/install/mars_quadrotor_msgs/share/mars_quadrotor_msgs/environment/ament_prefix_path.dsv
[0.276s] -- Up-to-date symlink: /home/alux-autopilot22/SUPER-ROS2/install/mars_quadrotor_msgs/share/mars_quadrotor_msgs/environment/path.sh
[0.276s] -- Up-to-date symlink: /home/alux-autopilot22/SUPER-ROS2/install/mars_quadrotor_msgs/share/mars_quadrotor_msgs/environment/path.dsv
[0.276s] -- Up-to-date symlink: /home/alux-autopilot22/SUPER-ROS2/install/mars_quadrotor_msgs/share/mars_quadrotor_msgs/local_setup.bash
[0.276s] -- Up-to-date symlink: /home/alux-autopilot22/SUPER-ROS2/install/mars_quadrotor_msgs/share/mars_quadrotor_msgs/local_setup.sh
[0.276s] -- Up-to-date symlink: /home/alux-autopilot22/SUPER-ROS2/install/mars_quadrotor_msgs/share/mars_quadrotor_msgs/local_setup.zsh
[0.276s] -- Up-to-date symlink: /home/alux-autopilot22/SUPER-ROS2/install/mars_quadrotor_msgs/share/mars_quadrotor_msgs/local_setup.dsv
[0.276s] -- Symlinking: /home/alux-autopilot22/SUPER-ROS2/install/mars_quadrotor_msgs/share/mars_quadrotor_msgs/package.dsv
[0.284s] -- Up-to-date symlink: /home/alux-autopilot22/SUPER-ROS2/install/mars_quadrotor_msgs/share/ament_index/resource_index/packages/mars_quadrotor_msgs
[0.284s] -- Up-to-date symlink: /home/alux-autopilot22/SUPER-ROS2/install/mars_quadrotor_msgs/share/mars_quadrotor_msgs/cmake/rosidl_cmake-extras.cmake
[0.285s] -- Up-to-date symlink: /home/alux-autopilot22/SUPER-ROS2/install/mars_quadrotor_msgs/share/mars_quadrotor_msgs/cmake/ament_cmake_export_dependencies-extras.cmake
[0.285s] -- Up-to-date symlink: /home/alux-autopilot22/SUPER-ROS2/install/mars_quadrotor_msgs/share/mars_quadrotor_msgs/cmake/ament_cmake_export_include_directories-extras.cmake
[0.285s] -- Up-to-date symlink: /home/alux-autopilot22/SUPER-ROS2/install/mars_quadrotor_msgs/share/mars_quadrotor_msgs/cmake/ament_cmake_export_libraries-extras.cmake
[0.285s] -- Up-to-date symlink: /home/alux-autopilot22/SUPER-ROS2/install/mars_quadrotor_msgs/share/mars_quadrotor_msgs/cmake/ament_cmake_export_targets-extras.cmake
[0.285s] -- Up-to-date symlink: /home/alux-autopilot22/SUPER-ROS2/install/mars_quadrotor_msgs/share/mars_quadrotor_msgs/cmake/rosidl_cmake_export_typesupport_targets-extras.cmake
[0.285s] -- Up-to-date symlink: /home/alux-autopilot22/SUPER-ROS2/install/mars_quadrotor_msgs/share/mars_quadrotor_msgs/cmake/rosidl_cmake_export_typesupport_libraries-extras.cmake
[0.285s] -- Up-to-date symlink: /home/alux-autopilot22/SUPER-ROS2/install/mars_quadrotor_msgs/share/mars_quadrotor_msgs/cmake/mars_quadrotor_msgsConfig.cmake
[0.285s] -- Up-to-date symlink: /home/alux-autopilot22/SUPER-ROS2/install/mars_quadrotor_msgs/share/mars_quadrotor_msgs/cmake/mars_quadrotor_msgsConfig-version.cmake
[0.285s] -- Up-to-date symlink: /home/alux-autopilot22/SUPER-ROS2/install/mars_quadrotor_msgs/share/mars_quadrotor_msgs/package.xml
[0.285s] -- Up-to-date: /home/alux-autopilot22/SUPER-ROS2/install/mars_quadrotor_msgs/lib/libmars_quadrotor_msgs__rosidl_generator_c.so
[0.286s] -- Up-to-date: /home/alux-autopilot22/SUPER-ROS2/install/mars_quadrotor_msgs/lib/libmars_quadrotor_msgs__rosidl_typesupport_fastrtps_c.so
[0.286s] -- Up-to-date: /home/alux-autopilot22/SUPER-ROS2/install/mars_quadrotor_msgs/lib/libmars_quadrotor_msgs__rosidl_typesupport_introspection_c.so
[0.286s] -- Up-to-date: /home/alux-autopilot22/SUPER-ROS2/install/mars_quadrotor_msgs/lib/libmars_quadrotor_msgs__rosidl_typesupport_c.so
[0.286s] -- Up-to-date: /home/alux-autopilot22/SUPER-ROS2/install/mars_quadrotor_msgs/lib/libmars_quadrotor_msgs__rosidl_typesupport_fastrtps_cpp.so
[0.286s] -- Up-to-date: /home/alux-autopilot22/SUPER-ROS2/install/mars_quadrotor_msgs/lib/libmars_quadrotor_msgs__rosidl_typesupport_introspection_cpp.so
[0.286s] -- Up-to-date: /home/alux-autopilot22/SUPER-ROS2/install/mars_quadrotor_msgs/lib/libmars_quadrotor_msgs__rosidl_typesupport_cpp.so
[0.306s] Listing '/home/alux-autopilot22/SUPER-ROS2/install/mars_quadrotor_msgs/local/lib/python3.10/dist-packages/mars_quadrotor_msgs'...
[0.306s] Listing '/home/alux-autopilot22/SUPER-ROS2/install/mars_quadrotor_msgs/local/lib/python3.10/dist-packages/mars_quadrotor_msgs/msg'...
[0.309s] -- Up-to-date: /home/alux-autopilot22/SUPER-ROS2/install/mars_quadrotor_msgs/lib/libmars_quadrotor_msgs__rosidl_generator_py.so
[0.310s] -- Up-to-date: /home/alux-autopilot22/SUPER-ROS2/install/mars_quadrotor_msgs/share/mars_quadrotor_msgs/cmake/export_mars_quadrotor_msgs__rosidl_generator_cExport.cmake
[0.310s] -- Up-to-date: /home/alux-autopilot22/SUPER-ROS2/install/mars_quadrotor_msgs/share/mars_quadrotor_msgs/cmake/export_mars_quadrotor_msgs__rosidl_generator_cExport-noconfig.cmake
[0.310s] -- Up-to-date: /home/alux-autopilot22/SUPER-ROS2/install/mars_quadrotor_msgs/share/mars_quadrotor_msgs/cmake/export_mars_quadrotor_msgs__rosidl_typesupport_fastrtps_cExport.cmake
[0.310s] -- Up-to-date: /home/alux-autopilot22/SUPER-ROS2/install/mars_quadrotor_msgs/share/mars_quadrotor_msgs/cmake/export_mars_quadrotor_msgs__rosidl_typesupport_fastrtps_cExport-noconfig.cmake
[0.310s] -- Up-to-date: /home/alux-autopilot22/SUPER-ROS2/install/mars_quadrotor_msgs/share/mars_quadrotor_msgs/cmake/mars_quadrotor_msgs__rosidl_typesupport_introspection_cExport.cmake
[0.310s] -- Up-to-date: /home/alux-autopilot22/SUPER-ROS2/install/mars_quadrotor_msgs/share/mars_quadrotor_msgs/cmake/mars_quadrotor_msgs__rosidl_typesupport_introspection_cExport-noconfig.cmake
[0.310s] -- Up-to-date: /home/alux-autopilot22/SUPER-ROS2/install/mars_quadrotor_msgs/share/mars_quadrotor_msgs/cmake/mars_quadrotor_msgs__rosidl_typesupport_cExport.cmake
[0.310s] -- Up-to-date: /home/alux-autopilot22/SUPER-ROS2/install/mars_quadrotor_msgs/share/mars_quadrotor_msgs/cmake/mars_quadrotor_msgs__rosidl_typesupport_cExport-noconfig.cmake
[0.310s] -- Up-to-date: /home/alux-autopilot22/SUPER-ROS2/install/mars_quadrotor_msgs/share/mars_quadrotor_msgs/cmake/export_mars_quadrotor_msgs__rosidl_generator_cppExport.cmake
[0.310s] -- Up-to-date: /home/alux-autopilot22/SUPER-ROS2/install/mars_quadrotor_msgs/share/mars_quadrotor_msgs/cmake/export_mars_quadrotor_msgs__rosidl_typesupport_fastrtps_cppExport.cmake
[0.310s] -- Up-to-date: /home/alux-autopilot22/SUPER-ROS2/install/mars_quadrotor_msgs/share/mars_quadrotor_msgs/cmake/export_mars_quadrotor_msgs__rosidl_typesupport_fastrtps_cppExport-noconfig.cmake
[0.310s] -- Up-to-date: /home/alux-autopilot22/SUPER-ROS2/install/mars_quadrotor_msgs/share/mars_quadrotor_msgs/cmake/mars_quadrotor_msgs__rosidl_typesupport_introspection_cppExport.cmake
[0.310s] -- Up-to-date: /home/alux-autopilot22/SUPER-ROS2/install/mars_quadrotor_msgs/share/mars_quadrotor_msgs/cmake/mars_quadrotor_msgs__rosidl_typesupport_introspection_cppExport-noconfig.cmake
[0.310s] -- Up-to-date: /home/alux-autopilot22/SUPER-ROS2/install/mars_quadrotor_msgs/share/mars_quadrotor_msgs/cmake/mars_quadrotor_msgs__rosidl_typesupport_cppExport.cmake
[0.310s] -- Up-to-date: /home/alux-autopilot22/SUPER-ROS2/install/mars_quadrotor_msgs/share/mars_quadrotor_msgs/cmake/mars_quadrotor_msgs__rosidl_typesupport_cppExport-noconfig.cmake
[0.310s] -- Up-to-date: /home/alux-autopilot22/SUPER-ROS2/install/mars_quadrotor_msgs/share/mars_quadrotor_msgs/cmake/export_mars_quadrotor_msgs__rosidl_generator_pyExport.cmake
[0.310s] -- Up-to-date: /home/alux-autopilot22/SUPER-ROS2/install/mars_quadrotor_msgs/share/mars_quadrotor_msgs/cmake/export_mars_quadrotor_msgs__rosidl_generator_pyExport-noconfig.cmake
[0.313s] Invoked command in '/home/alux-autopilot22/SUPER-ROS2/build/mars_quadrotor_msgs' returned '0': CMAKE_PREFIX_PATH=/opt/ros/humble /usr/bin/cmake --install /home/alux-autopilot22/SUPER-ROS2/build/mars_quadrotor_msgs
