[0.010s] Invoking command in '/home/alux-autopilot22/SUPER-ROS2/build/super_planner': AMENT_PREFIX_PATH=/home/alux-autopilot22/SUPER-ROS2/install/rog_map:/home/alux-autopilot22/SUPER-ROS2/install/mars_quadrotor_msgs:${AMENT_PREFIX_PATH} CMAKE_PREFIX_PATH=/home/alux-autopilot22/SUPER-ROS2/install/rog_map:/home/alux-autopilot22/SUPER-ROS2/install/mars_quadrotor_msgs:/opt/ros/humble LD_LIBRARY_PATH=/home/alux-autopilot22/SUPER-ROS2/install/rog_map/lib:/home/alux-autopilot22/SUPER-ROS2/install/mars_quadrotor_msgs/lib:${LD_LIBRARY_PATH} PYTHONPATH=/home/alux-autopilot22/SUPER-ROS2/install/mars_quadrotor_msgs/local/lib/python3.10/dist-packages:${PYTHONPATH} /usr/bin/cmake /home/alux-autopilot22/SUPER-ROS2/super_planner -DAMENT_CMAKE_SYMLINK_INSTALL=1 -DCMAKE_INSTALL_PREFIX=/home/alux-autopilot22/SUPER-ROS2/install/super_planner
[0.020s] -- ROS version: HUMBLE
[0.021s] -- Found ament_cmake: 1.3.14 (/opt/ros/humble/share/ament_cmake/cmake)
[0.094s] -- Override CMake install command with custom implementation using symlinks instead of copying resources
[0.100s] -- Found rclcpp: 16.0.19 (/opt/ros/humble/share/rclcpp/cmake)
[0.118s] -- Found rosidl_generator_c: 3.1.8 (/opt/ros/humble/share/rosidl_generator_c/cmake)
[0.119s] -- Found rosidl_adapter: 3.1.8 (/opt/ros/humble/share/rosidl_adapter/cmake)
[0.123s] -- Found rosidl_generator_cpp: 3.1.8 (/opt/ros/humble/share/rosidl_generator_cpp/cmake)
[0.128s] -- Using all available rosidl_typesupport_c: rosidl_typesupport_fastrtps_c;rosidl_typesupport_introspection_c
[0.136s] -- Using all available rosidl_typesupport_cpp: rosidl_typesupport_fastrtps_cpp;rosidl_typesupport_introspection_cpp
[0.153s] -- Found rmw_implementation_cmake: 6.1.2 (/opt/ros/humble/share/rmw_implementation_cmake/cmake)
[0.153s] -- Found rmw_fastrtps_cpp: 6.2.10 (/opt/ros/humble/share/rmw_fastrtps_cpp/cmake)
[0.199s] -- Using RMW implementation 'rmw_fastrtps_cpp' as default
[0.227s] -- Found rog_map: 0.0.0 (/home/alux-autopilot22/SUPER-ROS2/install/rog_map/share/rog_map/cmake)
[0.231s] -- Found mars_quadrotor_msgs: 2.0.8 (/home/alux-autopilot22/SUPER-ROS2/install/mars_quadrotor_msgs/share/mars_quadrotor_msgs/cmake)
[0.249s] -- Found sensor_msgs: 4.9.1 (/opt/ros/humble/share/sensor_msgs/cmake)
[0.260s] -- Found tf2_ros: 0.25.20 (/opt/ros/humble/share/tf2_ros/cmake)
[0.325s] -- Found nav_msgs: 4.9.1 (/opt/ros/humble/share/nav_msgs/cmake)
[0.335s] -- Found visualization_msgs: 4.9.1 (/opt/ros/humble/share/visualization_msgs/cmake)
[0.358s] -- Checking for module 'eigen3'
[0.370s] --   Found eigen3, version 3.4.0
[0.404s] -- Found Eigen: /usr/include/eigen3 (Required is at least version "3.1") 
[0.404s] -- Eigen found (include: /usr/include/eigen3, version: 3.4.0)
[0.421s] -- Found Boost: /usr/lib/x86_64-linux-gnu/cmake/Boost-1.74.0/BoostConfig.cmake (found suitable version "1.74.0", minimum required is "1.65.0") found components: system filesystem date_time iostreams serialization 
[0.436s] -- Checking for module 'flann'
[0.450s] --   Found flann, version 1.9.1
[0.491s] -- Found FLANN: /usr/lib/x86_64-linux-gnu/libflann_cpp.so  
[0.491s] -- FLANN found (include: /usr/include, lib: /usr/lib/x86_64-linux-gnu/libflann_cpp.so)
[0.512s] -- Found GLEW: /usr/lib/x86_64-linux-gnu/libGLEW.so  
[0.520s] -- Found OpenGL: /usr/lib/x86_64-linux-gnu/libOpenGL.so  found components: OpenGL GLX 
[0.649s] -- Found MPI_C: /usr/lib/x86_64-linux-gnu/libmpi.so (found version "3.1") 
[0.649s] -- Found MPI: TRUE (found version "3.1") found components: C 
[0.651s] -- Found JsonCpp: /usr/lib/x86_64-linux-gnu/libjsoncpp.so (found suitable version "1.9.5", minimum required is "0.7.0") 
[0.658s] -- Found ZLIB: /usr/lib/x86_64-linux-gnu/libz.so (found version "1.3.1") 
[0.669s] -- Found PNG: /usr/lib/x86_64-linux-gnu/libpng.so (found version "1.6.55") 
[0.675s] -- Found Eigen3: /usr/include/eigen3 (found version "3.4.0") 
[0.757s] -- Found X11: /usr/include   
[0.758s] -- Looking for XOpenDisplay in /usr/lib/x86_64-linux-gnu/libX11.so;/usr/lib/x86_64-linux-gnu/libXext.so
[0.825s] -- Looking for XOpenDisplay in /usr/lib/x86_64-linux-gnu/libX11.so;/usr/lib/x86_64-linux-gnu/libXext.so - found
[0.825s] -- Looking for gethostbyname
[0.889s] -- Looking for gethostbyname - found
[0.889s] -- Looking for connect
[0.953s] -- Looking for connect - found
[0.953s] -- Looking for remove
[1.018s] -- Looking for remove - found
[1.018s] -- Looking for shmat
[1.082s] -- Looking for shmat - found
[1.082s] -- Looking for IceConnectionNumber in ICE
[1.146s] -- Looking for IceConnectionNumber in ICE - found
[1.222s] -- Found EXPAT: /usr/lib/x86_64-linux-gnu/libexpat.so (found version "2.6.1") 
[1.223s] -- Found double-conversion: /usr/lib/x86_64-linux-gnu/libdouble-conversion.so  
[1.225s] -- Found LZ4: /usr/lib/x86_64-linux-gnu/liblz4.so (found version "1.9.3") 
[1.225s] -- Found LZMA: /usr/lib/x86_64-linux-gnu/liblzma.so (found version "5.2.5") 
[1.236s] -- Found JPEG: /usr/lib/x86_64-linux-gnu/libjpeg.so (found version "80") 
[1.240s] -- Found TIFF: /usr/lib/x86_64-linux-gnu/libtiff.so (found version "4.7.0")  
[1.242s] -- Found Freetype: /usr/lib/x86_64-linux-gnu/libfreetype.so (found version "2.12.1") 
[1.246s] -- Found utf8cpp: /usr/include/utf8cpp  
[1.319s] -- Checking for module 'libusb-1.0'
[1.333s] --   Found libusb-1.0, version 1.0.25
[1.373s] -- Found libusb: /usr/lib/x86_64-linux-gnu/libusb-1.0.so  
[1.373s] -- Found OpenNI: /usr/lib/libOpenNI.so;libusb::libusb (found version "1.5.4.0") 
[1.373s] -- OpenNI found (version: 1.5.4.0, include: /usr/include/ni, lib: /usr/lib/libOpenNI.so;libusb::libusb)
[1.434s] -- Found OpenNI2: /usr/lib/x86_64-linux-gnu/libOpenNI2.so;libusb::libusb (found version "2.2.0.33") 
[1.435s] -- OpenNI2 found (version: 2.2.0.33, include: /usr/include/openni2, lib: /usr/lib/x86_64-linux-gnu/libOpenNI2.so;libusb::libusb)
[1.435s] [0m** WARNING ** io features related to pcap will be disabled[0m
[1.548s] -- Eigen found (include: /usr/include/eigen3, version: 3.4.0)
[1.554s] -- OpenNI found (version: 1.5.4.0, include: /usr/include/ni, lib: /usr/lib/libOpenNI.so;libusb::libusb)
[1.561s] -- OpenNI2 found (version: 2.2.0.33, include: /usr/include/openni2, lib: /usr/lib/x86_64-linux-gnu/libOpenNI2.so;libusb::libusb)
[1.668s] -- Found Qhull version 8.0.2
[1.779s] -- OpenNI found (version: 1.5.4.0, include: /usr/include/ni, lib: /usr/lib/libOpenNI.so;libusb::libusb)
[1.878s] -- looking for PCL_COMMON
[1.879s] -- Found PCL_COMMON: /usr/lib/x86_64-linux-gnu/libpcl_common.so  
[1.879s] -- looking for PCL_KDTREE
[1.880s] -- Found PCL_KDTREE: /usr/lib/x86_64-linux-gnu/libpcl_kdtree.so  
[1.880s] -- looking for PCL_OCTREE
[1.880s] -- Found PCL_OCTREE: /usr/lib/x86_64-linux-gnu/libpcl_octree.so  
[1.880s] -- looking for PCL_SEARCH
[1.881s] -- Found PCL_SEARCH: /usr/lib/x86_64-linux-gnu/libpcl_search.so  
[1.881s] -- looking for PCL_SAMPLE_CONSENSUS
[1.882s] -- Found PCL_SAMPLE_CONSENSUS: /usr/lib/x86_64-linux-gnu/libpcl_sample_consensus.so  
[1.882s] -- looking for PCL_FILTERS
[1.882s] -- Found PCL_FILTERS: /usr/lib/x86_64-linux-gnu/libpcl_filters.so  
[1.882s] -- looking for PCL_2D
[1.882s] -- Found PCL_2D: /usr/include/pcl-1.12  
[1.882s] -- looking for PCL_GEOMETRY
[1.883s] -- Found PCL_GEOMETRY: /usr/include/pcl-1.12  
[1.883s] -- looking for PCL_IO
[1.883s] -- Found PCL_IO: /usr/lib/x86_64-linux-gnu/libpcl_io.so  
[1.883s] -- looking for PCL_FEATURES
[1.884s] -- Found PCL_FEATURES: /usr/lib/x86_64-linux-gnu/libpcl_features.so  
[1.884s] -- looking for PCL_ML
[1.884s] -- Found PCL_ML: /usr/lib/x86_64-linux-gnu/libpcl_ml.so  
[1.884s] -- looking for PCL_SEGMENTATION
[1.885s] -- Found PCL_SEGMENTATION: /usr/lib/x86_64-linux-gnu/libpcl_segmentation.so  
[1.885s] -- looking for PCL_VISUALIZATION
[1.886s] -- Found PCL_VISUALIZATION: /usr/lib/x86_64-linux-gnu/libpcl_visualization.so  
[1.886s] -- looking for PCL_SURFACE
[1.886s] -- Found PCL_SURFACE: /usr/lib/x86_64-linux-gnu/libpcl_surface.so  
[1.887s] -- looking for PCL_REGISTRATION
[1.887s] -- Found PCL_REGISTRATION: /usr/lib/x86_64-linux-gnu/libpcl_registration.so  
[1.887s] -- looking for PCL_KEYPOINTS
[1.888s] -- Found PCL_KEYPOINTS: /usr/lib/x86_64-linux-gnu/libpcl_keypoints.so  
[1.888s] -- looking for PCL_TRACKING
[1.888s] -- Found PCL_TRACKING: /usr/lib/x86_64-linux-gnu/libpcl_tracking.so  
[1.888s] -- looking for PCL_RECOGNITION
[1.889s] -- Found PCL_RECOGNITION: /usr/lib/x86_64-linux-gnu/libpcl_recognition.so  
[1.889s] -- looking for PCL_STEREO
[1.890s] -- Found PCL_STEREO: /usr/lib/x86_64-linux-gnu/libpcl_stereo.so  
[1.890s] -- looking for PCL_APPS
[1.890s] -- Found PCL_APPS: /usr/lib/x86_64-linux-gnu/libpcl_apps.so  
[1.890s] -- looking for PCL_IN_HAND_SCANNER
[1.891s] -- Found PCL_IN_HAND_SCANNER: /usr/include/pcl-1.12  
[1.891s] -- looking for PCL_MODELER
[1.891s] -- Found PCL_MODELER: /usr/include/pcl-1.12  
[1.891s] -- looking for PCL_POINT_CLOUD_EDITOR
[1.891s] -- Found PCL_POINT_CLOUD_EDITOR: /usr/include/pcl-1.12  
[1.891s] -- looking for PCL_OUTOFCORE
[1.892s] -- Found PCL_OUTOFCORE: /usr/lib/x86_64-linux-gnu/libpcl_outofcore.so  
[1.892s] -- looking for PCL_PEOPLE
[1.892s] -- Found PCL_PEOPLE: /usr/lib/x86_64-linux-gnu/libpcl_people.so  
[1.893s] -- Found PCL: pcl_common;pcl_kdtree;pcl_octree;pcl_search;pcl_sample_consensus;pcl_filters;pcl_io;pcl_features;pcl_ml;pcl_segmentation;pcl_visualization;pcl_surface;pcl_registration;pcl_keypoints;pcl_tracking;pcl_recognition;pcl_stereo;pcl_apps;pcl_outofcore;pcl_people;Boost::system;Boost::filesystem;Boost::date_time;Boost::iostreams;Boost::serialization;/usr/lib/libOpenNI.so;libusb::libusb;/usr/lib/x86_64-linux-gnu/libOpenNI2.so;libusb::libusb;VTK::ChartsCore;VTK::CommonColor;VTK::CommonComputationalGeometry;VTK::CommonCore;VTK::CommonDataModel;VTK::CommonExecutionModel;VTK::CommonMath;VTK::CommonMisc;VTK::CommonTransforms;VTK::FiltersCore;VTK::FiltersExtraction;VTK::FiltersGeneral;VTK::FiltersGeometry;VTK::FiltersModeling;VTK::FiltersSources;VTK::ImagingCore;VTK::ImagingSources;VTK::InteractionImage;VTK::InteractionStyle;VTK::InteractionWidgets;VTK::IOCore;VTK::IOGeometry;VTK::IOImage;VTK::IOLegacy;VTK::IOPLY;VTK::RenderingAnnotation;VTK::RenderingCore;VTK::RenderingContext2D;VTK::RenderingLOD;VTK::RenderingFreeType;VTK::ViewsCore;VTK::ViewsContext2D;VTK::RenderingOpenGL2;VTK::GUISupportQt;FLANN::FLANN;QHULL::QHULL  
[1.894s] -- Found pcl_conversions: 2.4.5 (/opt/ros/humble/share/pcl_conversions/cmake)
[1.978s] -- Configuring done
[2.032s] -- Generating done
[2.042s] -- Build files have been written to: /home/alux-autopilot22/SUPER-ROS2/build/super_planner
