-- The C compiler identification is GNU 11.4.0
-- The CXX compiler identification is GNU 11.4.0
-- Detecting C compiler ABI info
-- Detecting C compiler ABI info - done
-- Check for working C compiler: /usr/bin/cc - skipped
-- Detecting C compile features
-- Detecting C compile features - done
-- Detecting CXX compiler ABI info
-- Detecting CXX compiler ABI info - done
-- Check for working CXX compiler: /usr/bin/c++ - skipped
-- Detecting CXX compile features
-- Detecting CXX compile features - done
-- Found ament_cmake: 1.3.14 (/opt/ros/humble/share/ament_cmake/cmake)
-- Found Python3: /usr/bin/python3 (found version "3.10.19") found components: Interpreter 
-- Override CMake install command with custom implementation using symlinks instead of copying resources
-- Found rosidl_default_generators: 1.2.1 (/opt/ros/humble/share/rosidl_default_generators/cmake)
-- Using all available rosidl_typesupport_c: rosidl_typesupport_fastrtps_c;rosidl_typesupport_introspection_c
-- Found rosidl_adapter: 3.1.8 (/opt/ros/humble/share/rosidl_adapter/cmake)
-- Using all available rosidl_typesupport_cpp: rosidl_typesupport_fastrtps_cpp;rosidl_typesupport_introspection_cpp
-- Found std_msgs: 4.9.1 (/opt/ros/humble/share/std_msgs/cmake)
-- Found geometry_msgs: 4.9.1 (/opt/ros/humble/share/geometry_msgs/cmake)
-- Found ament_cmake_cppcheck: 0.12.15 (/opt/ros/humble/share/ament_cmake_cppcheck/cmake)
-- Found ament_cmake_cpplint: 0.12.15 (/opt/ros/humble/share/ament_cmake_cpplint/cmake)
-- Found ament_cmake_uncrustify: 0.12.15 (/opt/ros/humble/share/ament_cmake_uncrustify/cmake)
-- Found ament_cmake_ros: 0.10.0 (/opt/ros/humble/share/ament_cmake_ros/cmake)
-- Using all available rosidl_typesupport_c: rosidl_typesupport_fastrtps_c;rosidl_typesupport_introspection_c
-- Using all available rosidl_typesupport_cpp: rosidl_typesupport_fastrtps_cpp;rosidl_typesupport_introspection_cpp
-- Found PythonInterp: /usr/bin/python3 (found suitable version "3.10.19", minimum required is "3.6") 
-- Found python_cmake_module: 0.10.0 (/opt/ros/humble/share/python_cmake_module/cmake)
-- Found PythonLibs: /usr/lib/x86_64-linux-gnu/libpython3.10.so (found suitable version "3.10.19", minimum required is "3.5") 
-- Using PYTHON_EXECUTABLE: /usr/bin/python3
-- Using PYTHON_INCLUDE_DIRS: /usr/include/python3.10
-- Using PYTHON_LIBRARIES: /usr/lib/x86_64-linux-gnu/libpython3.10.so
-- Found PythonExtra: .so  
-- Found ament_cmake_flake8: 0.12.15 (/opt/ros/humble/share/ament_cmake_flake8/cmake)
-- Found ament_cmake_pep257: 0.12.15 (/opt/ros/humble/share/ament_cmake_pep257/cmake)
-- Configuring done
-- Generating done
-- Build files have been written to: /home/alux-autopilot22/SUPER-ROS2/build/mars_quadrotor_msgs
[  1%] [34m[1mGenerating C code for ROS interfaces[0m
[  3%] [34m[1mGenerating Rust code for ROS interfaces[0m
[  4%] [34m[1mGenerating C++ code for ROS interfaces[0m
[  4%] Built target ament_cmake_python_symlink_mars_quadrotor_msgs
running egg_info
creating mars_quadrotor_msgs.egg-info
writing mars_quadrotor_msgs.egg-info/PKG-INFO
writing dependency_links to mars_quadrotor_msgs.egg-info/dependency_links.txt
writing top-level names to mars_quadrotor_msgs.egg-info/top_level.txt
writing manifest file 'mars_quadrotor_msgs.egg-info/SOURCES.txt'
reading manifest file 'mars_quadrotor_msgs.egg-info/SOURCES.txt'
writing manifest file 'mars_quadrotor_msgs.egg-info/SOURCES.txt'
[  4%] Built target ament_cmake_python_build_mars_quadrotor_msgs_egg
[  4%] Built target mars_quadrotor_msgs__rs
[  7%] [32mBuilding C object CMakeFiles/mars_quadrotor_msgs__rosidl_generator_c.dir/rosidl_generator_c/mars_quadrotor_msgs/msg/detail/traking_performance__functions.c.o[0m
[  7%] [32mBuilding C object CMakeFiles/mars_quadrotor_msgs__rosidl_generator_c.dir/rosidl_generator_c/mars_quadrotor_msgs/msg/detail/quadrotor_state__functions.c.o[0m
[  9%] [32mBuilding C object CMakeFiles/mars_quadrotor_msgs__rosidl_generator_c.dir/rosidl_generator_c/mars_quadrotor_msgs/msg/detail/position_command__functions.c.o[0m
[ 12%] [32mBuilding C object CMakeFiles/mars_quadrotor_msgs__rosidl_generator_c.dir/rosidl_generator_c/mars_quadrotor_msgs/msg/detail/mpc_position_command__functions.c.o[0m
[ 12%] [32mBuilding C object CMakeFiles/mars_quadrotor_msgs__rosidl_generator_c.dir/rosidl_generator_c/mars_quadrotor_msgs/msg/detail/polynomial_trajectory__functions.c.o[0m
[ 12%] Built target mars_quadrotor_msgs__cpp
[ 15%] [34m[1mGenerating C++ introspection for ROS interfaces[0m
[ 17%] [34m[1mGenerating C++ type support dispatch for ROS interfaces[0m
[ 17%] [34m[1mGenerating C++ type support for eProsima Fast-RTPS[0m
[ 18%] [32m[1mLinking C shared library libmars_quadrotor_msgs__rosidl_generator_c.so[0m
[ 18%] Built target mars_quadrotor_msgs__rosidl_generator_c
[ 20%] [34m[1mGenerating C introspection for ROS interfaces[0m
[ 21%] [34m[1mGenerating C type support dispatch for ROS interfaces[0m
[ 23%] [34m[1mGenerating C type support for eProsima Fast-RTPS[0m
[ 29%] [32mBuilding CXX object CMakeFiles/mars_quadrotor_msgs__rosidl_typesupport_introspection_cpp.dir/rosidl_typesupport_introspection_cpp/mars_quadrotor_msgs/msg/detail/traking_performance__type_support.cpp.o[0m
[ 29%] [32mBuilding CXX object CMakeFiles/mars_quadrotor_msgs__rosidl_typesupport_introspection_cpp.dir/rosidl_typesupport_introspection_cpp/mars_quadrotor_msgs/msg/detail/mpc_position_command__type_support.cpp.o[0m
[ 29%] [32mBuilding CXX object CMakeFiles/mars_quadrotor_msgs__rosidl_typesupport_introspection_cpp.dir/rosidl_typesupport_introspection_cpp/mars_quadrotor_msgs/msg/detail/polynomial_trajectory__type_support.cpp.o[0m
[ 29%] [32mBuilding CXX object CMakeFiles/mars_quadrotor_msgs__rosidl_typesupport_introspection_cpp.dir/rosidl_typesupport_introspection_cpp/mars_quadrotor_msgs/msg/detail/quadrotor_state__type_support.cpp.o[0m
[ 31%] [32mBuilding CXX object CMakeFiles/mars_quadrotor_msgs__rosidl_typesupport_introspection_cpp.dir/rosidl_typesupport_introspection_cpp/mars_quadrotor_msgs/msg/detail/position_command__type_support.cpp.o[0m
[ 32%] [32mBuilding CXX object CMakeFiles/mars_quadrotor_msgs__rosidl_typesupport_c.dir/rosidl_typesupport_c/mars_quadrotor_msgs/msg/quadrotor_state__type_support.cpp.o[0m
[ 34%] [32mBuilding CXX object CMakeFiles/mars_quadrotor_msgs__rosidl_typesupport_c.dir/rosidl_typesupport_c/mars_quadrotor_msgs/msg/traking_performance__type_support.cpp.o[0m
[ 35%] [32mBuilding CXX object CMakeFiles/mars_quadrotor_msgs__rosidl_typesupport_c.dir/rosidl_typesupport_c/mars_quadrotor_msgs/msg/position_command__type_support.cpp.o[0m
[ 37%] [32mBuilding CXX object CMakeFiles/mars_quadrotor_msgs__rosidl_typesupport_c.dir/rosidl_typesupport_c/mars_quadrotor_msgs/msg/polynomial_trajectory__type_support.cpp.o[0m
[ 39%] [32mBuilding CXX object CMakeFiles/mars_quadrotor_msgs__rosidl_typesupport_c.dir/rosidl_typesupport_c/mars_quadrotor_msgs/msg/mpc_position_command__type_support.cpp.o[0m
[ 40%] [32mBuilding CXX object CMakeFiles/mars_quadrotor_msgs__rosidl_typesupport_fastrtps_cpp.dir/rosidl_typesupport_fastrtps_cpp/mars_quadrotor_msgs/msg/detail/dds_fastrtps/quadrotor_state__type_support.cpp.o[0m
[ 42%] [32mBuilding CXX object CMakeFiles/mars_quadrotor_msgs__rosidl_typesupport_fastrtps_cpp.dir/rosidl_typesupport_fastrtps_cpp/mars_quadrotor_msgs/msg/detail/dds_fastrtps/traking_performance__type_support.cpp.o[0m
[ 43%] [32mBuilding CXX object CMakeFiles/mars_quadrotor_msgs__rosidl_typesupport_fastrtps_cpp.dir/rosidl_typesupport_fastrtps_cpp/mars_quadrotor_msgs/msg/detail/dds_fastrtps/mpc_position_command__type_support.cpp.o[0m
[ 46%] [32mBuilding CXX object CMakeFiles/mars_quadrotor_msgs__rosidl_typesupport_fastrtps_cpp.dir/rosidl_typesupport_fastrtps_cpp/mars_quadrotor_msgs/msg/detail/dds_fastrtps/polynomial_trajectory__type_support.cpp.o[0m
[ 46%] [32mBuilding CXX object CMakeFiles/mars_quadrotor_msgs__rosidl_typesupport_fastrtps_cpp.dir/rosidl_typesupport_fastrtps_cpp/mars_quadrotor_msgs/msg/detail/dds_fastrtps/position_command__type_support.cpp.o[0m
[ 48%] [32m[1mLinking CXX shared library libmars_quadrotor_msgs__rosidl_typesupport_c.so[0m
[ 50%] [32mBuilding C object CMakeFiles/mars_quadrotor_msgs__rosidl_typesupport_introspection_c.dir/rosidl_typesupport_introspection_c/mars_quadrotor_msgs/msg/detail/quadrotor_state__type_support.c.o[0m
[ 50%] Built target mars_quadrotor_msgs__rosidl_typesupport_c
[ 51%] [32mBuilding C object CMakeFiles/mars_quadrotor_msgs__rosidl_typesupport_introspection_c.dir/rosidl_typesupport_introspection_c/mars_quadrotor_msgs/msg/detail/traking_performance__type_support.c.o[0m
[ 53%] [32mBuilding C object CMakeFiles/mars_quadrotor_msgs__rosidl_typesupport_introspection_c.dir/rosidl_typesupport_introspection_c/mars_quadrotor_msgs/msg/detail/position_command__type_support.c.o[0m
[ 54%] [32mBuilding C object CMakeFiles/mars_quadrotor_msgs__rosidl_typesupport_introspection_c.dir/rosidl_typesupport_introspection_c/mars_quadrotor_msgs/msg/detail/polynomial_trajectory__type_support.c.o[0m
[ 56%] [32mBuilding CXX object CMakeFiles/mars_quadrotor_msgs__rosidl_typesupport_cpp.dir/rosidl_typesupport_cpp/mars_quadrotor_msgs/msg/quadrotor_state__type_support.cpp.o[0m
[ 57%] [32mBuilding C object CMakeFiles/mars_quadrotor_msgs__rosidl_typesupport_introspection_c.dir/rosidl_typesupport_introspection_c/mars_quadrotor_msgs/msg/detail/mpc_position_command__type_support.c.o[0m
[ 59%] [32mBuilding CXX object CMakeFiles/mars_quadrotor_msgs__rosidl_typesupport_cpp.dir/rosidl_typesupport_cpp/mars_quadrotor_msgs/msg/traking_performance__type_support.cpp.o[0m
[ 60%] [32mBuilding CXX object CMakeFiles/mars_quadrotor_msgs__rosidl_typesupport_cpp.dir/rosidl_typesupport_cpp/mars_quadrotor_msgs/msg/position_command__type_support.cpp.o[0m
[ 62%] [32mBuilding CXX object CMakeFiles/mars_quadrotor_msgs__rosidl_typesupport_cpp.dir/rosidl_typesupport_cpp/mars_quadrotor_msgs/msg/polynomial_trajectory__type_support.cpp.o[0m
[ 64%] [32m[1mLinking C shared library libmars_quadrotor_msgs__rosidl_typesupport_introspection_c.so[0m
[ 64%] Built target mars_quadrotor_msgs__rosidl_typesupport_introspection_c
[ 65%] [32mBuilding CXX object CMakeFiles/mars_quadrotor_msgs__rosidl_typesupport_cpp.dir/rosidl_typesupport_cpp/mars_quadrotor_msgs/msg/mpc_position_command__type_support.cpp.o[0m
[ 67%] [32mBuilding CXX object CMakeFiles/mars_quadrotor_msgs__rosidl_typesupport_fastrtps_c.dir/rosidl_typesupport_fastrtps_c/mars_quadrotor_msgs/msg/detail/quadrotor_state__type_support_c.cpp.o[0m
[ 68%] [32mBuilding CXX object CMakeFiles/mars_quadrotor_msgs__rosidl_typesupport_fastrtps_c.dir/rosidl_typesupport_fastrtps_c/mars_quadrotor_msgs/msg/detail/traking_performance__type_support_c.cpp.o[0m
[ 70%] [32mBuilding CXX object CMakeFiles/mars_quadrotor_msgs__rosidl_typesupport_fastrtps_c.dir/rosidl_typesupport_fastrtps_c/mars_quadrotor_msgs/msg/detail/position_command__type_support_c.cpp.o[0m
[ 71%] [32mBuilding CXX object CMakeFiles/mars_quadrotor_msgs__rosidl_typesupport_fastrtps_c.dir/rosidl_typesupport_fastrtps_c/mars_quadrotor_msgs/msg/detail/polynomial_trajectory__type_support_c.cpp.o[0m
[ 73%] [32mBuilding CXX object CMakeFiles/mars_quadrotor_msgs__rosidl_typesupport_fastrtps_c.dir/rosidl_typesupport_fastrtps_c/mars_quadrotor_msgs/msg/detail/mpc_position_command__type_support_c.cpp.o[0m
[ 75%] [32m[1mLinking CXX shared library libmars_quadrotor_msgs__rosidl_typesupport_introspection_cpp.so[0m
[ 76%] [32m[1mLinking CXX shared library libmars_quadrotor_msgs__rosidl_typesupport_fastrtps_cpp.so[0m
[ 76%] Built target mars_quadrotor_msgs__rosidl_typesupport_introspection_cpp
[ 78%] [32m[1mLinking CXX shared library libmars_quadrotor_msgs__rosidl_typesupport_cpp.so[0m
[ 78%] Built target mars_quadrotor_msgs__rosidl_typesupport_fastrtps_cpp
[ 78%] Built target mars_quadrotor_msgs__rosidl_typesupport_cpp
[ 79%] [32m[1mLinking CXX shared library libmars_quadrotor_msgs__rosidl_typesupport_fastrtps_c.so[0m
[ 79%] Built target mars_quadrotor_msgs__rosidl_typesupport_fastrtps_c
[ 79%] Built target mars_quadrotor_msgs
[ 81%] [34m[1mGenerating Python code for ROS interfaces[0m
[ 81%] Built target mars_quadrotor_msgs__py
[ 89%] [32mBuilding C object CMakeFiles/mars_quadrotor_msgs__rosidl_generator_py.dir/rosidl_generator_py/mars_quadrotor_msgs/msg/_polynomial_trajectory_s.c.o[0m
[ 89%] [32mBuilding C object CMakeFiles/mars_quadrotor_msgs__rosidl_generator_py.dir/rosidl_generator_py/mars_quadrotor_msgs/msg/_position_command_s.c.o[0m
[ 89%] [32mBuilding C object CMakeFiles/mars_quadrotor_msgs__rosidl_generator_py.dir/rosidl_generator_py/mars_quadrotor_msgs/msg/_traking_performance_s.c.o[0m
[ 89%] [32mBuilding C object CMakeFiles/mars_quadrotor_msgs__rosidl_generator_py.dir/rosidl_generator_py/mars_quadrotor_msgs/msg/_quadrotor_state_s.c.o[0m
[ 89%] [32mBuilding C object CMakeFiles/mars_quadrotor_msgs__rosidl_generator_py.dir/rosidl_generator_py/mars_quadrotor_msgs/msg/_mpc_position_command_s.c.o[0m
[ 90%] [32m[1mLinking C shared library rosidl_generator_py/mars_quadrotor_msgs/libmars_quadrotor_msgs__rosidl_generator_py.so[0m
[ 90%] Built target mars_quadrotor_msgs__rosidl_generator_py
[ 95%] [32mBuilding C object CMakeFiles/mars_quadrotor_msgs__rosidl_typesupport_introspection_c__pyext.dir/rosidl_generator_py/mars_quadrotor_msgs/_mars_quadrotor_msgs_s.ep.rosidl_typesupport_introspection_c.c.o[0m
[ 95%] [32mBuilding C object CMakeFiles/mars_quadrotor_msgs__rosidl_typesupport_c__pyext.dir/rosidl_generator_py/mars_quadrotor_msgs/_mars_quadrotor_msgs_s.ep.rosidl_typesupport_c.c.o[0m
[ 95%] [32mBuilding C object CMakeFiles/mars_quadrotor_msgs__rosidl_typesupport_fastrtps_c__pyext.dir/rosidl_generator_py/mars_quadrotor_msgs/_mars_quadrotor_msgs_s.ep.rosidl_typesupport_fastrtps_c.c.o[0m
[ 96%] [32m[1mLinking C shared library rosidl_generator_py/mars_quadrotor_msgs/mars_quadrotor_msgs_s__rosidl_typesupport_fastrtps_c.cpython-310-x86_64-linux-gnu.so[0m
[ 98%] [32m[1mLinking C shared library rosidl_generator_py/mars_quadrotor_msgs/mars_quadrotor_msgs_s__rosidl_typesupport_introspection_c.cpython-310-x86_64-linux-gnu.so[0m
[100%] [32m[1mLinking C shared library rosidl_generator_py/mars_quadrotor_msgs/mars_quadrotor_msgs_s__rosidl_typesupport_c.cpython-310-x86_64-linux-gnu.so[0m
[100%] Built target mars_quadrotor_msgs__rosidl_typesupport_introspection_c__pyext
[100%] Built target mars_quadrotor_msgs__rosidl_typesupport_fastrtps_c__pyext
[100%] Built target mars_quadrotor_msgs__rosidl_typesupport_c__pyext
-- Install configuration: ""
-- Execute custom install script
-- Symlinking: /home/alux-autopilot22/SUPER-ROS2/install/mars_quadrotor_msgs/share/ament_index/resource_index/rosidl_interfaces/mars_quadrotor_msgs
-- Symlinking: /home/alux-autopilot22/SUPER-ROS2/install/mars_quadrotor_msgs/include/mars_quadrotor_msgs/mars_quadrotor_msgs/msg/detail/mpc_position_command__functions.h
-- Symlinking: /home/alux-autopilot22/SUPER-ROS2/install/mars_quadrotor_msgs/include/mars_quadrotor_msgs/mars_quadrotor_msgs/msg/detail/mpc_position_command__struct.h
-- Symlinking: /home/alux-autopilot22/SUPER-ROS2/install/mars_quadrotor_msgs/include/mars_quadrotor_msgs/mars_quadrotor_msgs/msg/detail/mpc_position_command__type_support.h
-- Symlinking: /home/alux-autopilot22/SUPER-ROS2/install/mars_quadrotor_msgs/include/mars_quadrotor_msgs/mars_quadrotor_msgs/msg/detail/polynomial_trajectory__functions.h
-- Symlinking: /home/alux-autopilot22/SUPER-ROS2/install/mars_quadrotor_msgs/include/mars_quadrotor_msgs/mars_quadrotor_msgs/msg/detail/polynomial_trajectory__struct.h
-- Symlinking: /home/alux-autopilot22/SUPER-ROS2/install/mars_quadrotor_msgs/include/mars_quadrotor_msgs/mars_quadrotor_msgs/msg/detail/polynomial_trajectory__type_support.h
-- Symlinking: /home/alux-autopilot22/SUPER-ROS2/install/mars_quadrotor_msgs/include/mars_quadrotor_msgs/mars_quadrotor_msgs/msg/detail/position_command__functions.h
-- Symlinking: /home/alux-autopilot22/SUPER-ROS2/install/mars_quadrotor_msgs/include/mars_quadrotor_msgs/mars_quadrotor_msgs/msg/detail/position_command__struct.h
-- Symlinking: /home/alux-autopilot22/SUPER-ROS2/install/mars_quadrotor_msgs/include/mars_quadrotor_msgs/mars_quadrotor_msgs/msg/detail/position_command__type_support.h
-- Symlinking: /home/alux-autopilot22/SUPER-ROS2/install/mars_quadrotor_msgs/include/mars_quadrotor_msgs/mars_quadrotor_msgs/msg/detail/quadrotor_state__functions.h
-- Symlinking: /home/alux-autopilot22/SUPER-ROS2/install/mars_quadrotor_msgs/include/mars_quadrotor_msgs/mars_quadrotor_msgs/msg/detail/quadrotor_state__struct.h
-- Symlinking: /home/alux-autopilot22/SUPER-ROS2/install/mars_quadrotor_msgs/include/mars_quadrotor_msgs/mars_quadrotor_msgs/msg/detail/quadrotor_state__type_support.h
-- Symlinking: /home/alux-autopilot22/SUPER-ROS2/install/mars_quadrotor_msgs/include/mars_quadrotor_msgs/mars_quadrotor_msgs/msg/detail/traking_performance__functions.h
-- Symlinking: /home/alux-autopilot22/SUPER-ROS2/install/mars_quadrotor_msgs/include/mars_quadrotor_msgs/mars_quadrotor_msgs/msg/detail/traking_performance__struct.h
-- Symlinking: /home/alux-autopilot22/SUPER-ROS2/install/mars_quadrotor_msgs/include/mars_quadrotor_msgs/mars_quadrotor_msgs/msg/detail/traking_performance__type_support.h
-- Symlinking: /home/alux-autopilot22/SUPER-ROS2/install/mars_quadrotor_msgs/include/mars_quadrotor_msgs/mars_quadrotor_msgs/msg/mpc_position_command.h
-- Symlinking: /home/alux-autopilot22/SUPER-ROS2/install/mars_quadrotor_msgs/include/mars_quadrotor_msgs/mars_quadrotor_msgs/msg/polynomial_trajectory.h
-- Symlinking: /home/alux-autopilot22/SUPER-ROS2/install/mars_quadrotor_msgs/include/mars_quadrotor_msgs/mars_quadrotor_msgs/msg/position_command.h
-- Symlinking: /home/alux-autopilot22/SUPER-ROS2/install/mars_quadrotor_msgs/include/mars_quadrotor_msgs/mars_quadrotor_msgs/msg/quadrotor_state.h
-- Symlinking: /home/alux-autopilot22/SUPER-ROS2/install/mars_quadrotor_msgs/include/mars_quadrotor_msgs/mars_quadrotor_msgs/msg/rosidl_generator_c__visibility_control.h
-- Symlinking: /home/alux-autopilot22/SUPER-ROS2/install/mars_quadrotor_msgs/include/mars_quadrotor_msgs/mars_quadrotor_msgs/msg/traking_performance.h
-- Symlinking: /home/alux-autopilot22/SUPER-ROS2/install/mars_quadrotor_msgs/share/mars_quadrotor_msgs/environment/library_path.sh
-- Symlinking: /home/alux-autopilot22/SUPER-ROS2/install/mars_quadrotor_msgs/share/mars_quadrotor_msgs/environment/library_path.dsv
-- Symlinking: /home/alux-autopilot22/SUPER-ROS2/install/mars_quadrotor_msgs/include/mars_quadrotor_msgs/mars_quadrotor_msgs/msg/detail/mpc_position_command__rosidl_typesupport_fastrtps_c.h
-- Symlinking: /home/alux-autopilot22/SUPER-ROS2/install/mars_quadrotor_msgs/include/mars_quadrotor_msgs/mars_quadrotor_msgs/msg/detail/polynomial_trajectory__rosidl_typesupport_fastrtps_c.h
-- Symlinking: /home/alux-autopilot22/SUPER-ROS2/install/mars_quadrotor_msgs/include/mars_quadrotor_msgs/mars_quadrotor_msgs/msg/detail/position_command__rosidl_typesupport_fastrtps_c.h
-- Symlinking: /home/alux-autopilot22/SUPER-ROS2/install/mars_quadrotor_msgs/include/mars_quadrotor_msgs/mars_quadrotor_msgs/msg/detail/quadrotor_state__rosidl_typesupport_fastrtps_c.h
-- Symlinking: /home/alux-autopilot22/SUPER-ROS2/install/mars_quadrotor_msgs/include/mars_quadrotor_msgs/mars_quadrotor_msgs/msg/detail/traking_performance__rosidl_typesupport_fastrtps_c.h
-- Symlinking: /home/alux-autopilot22/SUPER-ROS2/install/mars_quadrotor_msgs/include/mars_quadrotor_msgs/mars_quadrotor_msgs/msg/rosidl_typesupport_fastrtps_c__visibility_control.h
-- Symlinking: /home/alux-autopilot22/SUPER-ROS2/install/mars_quadrotor_msgs/include/mars_quadrotor_msgs/mars_quadrotor_msgs/msg/detail/mpc_position_command__rosidl_typesupport_introspection_c.h
-- Symlinking: /home/alux-autopilot22/SUPER-ROS2/install/mars_quadrotor_msgs/include/mars_quadrotor_msgs/mars_quadrotor_msgs/msg/detail/polynomial_trajectory__rosidl_typesupport_introspection_c.h
-- Symlinking: /home/alux-autopilot22/SUPER-ROS2/install/mars_quadrotor_msgs/include/mars_quadrotor_msgs/mars_quadrotor_msgs/msg/detail/position_command__rosidl_typesupport_introspection_c.h
-- Symlinking: /home/alux-autopilot22/SUPER-ROS2/install/mars_quadrotor_msgs/include/mars_quadrotor_msgs/mars_quadrotor_msgs/msg/detail/quadrotor_state__rosidl_typesupport_introspection_c.h
-- Symlinking: /home/alux-autopilot22/SUPER-ROS2/install/mars_quadrotor_msgs/include/mars_quadrotor_msgs/mars_quadrotor_msgs/msg/detail/traking_performance__rosidl_typesupport_introspection_c.h
-- Symlinking: /home/alux-autopilot22/SUPER-ROS2/install/mars_quadrotor_msgs/include/mars_quadrotor_msgs/mars_quadrotor_msgs/msg/rosidl_typesupport_introspection_c__visibility_control.h
-- Symlinking: /home/alux-autopilot22/SUPER-ROS2/install/mars_quadrotor_msgs/include/mars_quadrotor_msgs/mars_quadrotor_msgs/msg/detail/mpc_position_command__builder.hpp
-- Symlinking: /home/alux-autopilot22/SUPER-ROS2/install/mars_quadrotor_msgs/include/mars_quadrotor_msgs/mars_quadrotor_msgs/msg/detail/mpc_position_command__struct.hpp
-- Symlinking: /home/alux-autopilot22/SUPER-ROS2/install/mars_quadrotor_msgs/include/mars_quadrotor_msgs/mars_quadrotor_msgs/msg/detail/mpc_position_command__traits.hpp
-- Symlinking: /home/alux-autopilot22/SUPER-ROS2/install/mars_quadrotor_msgs/include/mars_quadrotor_msgs/mars_quadrotor_msgs/msg/detail/mpc_position_command__type_support.hpp
-- Symlinking: /home/alux-autopilot22/SUPER-ROS2/install/mars_quadrotor_msgs/include/mars_quadrotor_msgs/mars_quadrotor_msgs/msg/detail/polynomial_trajectory__builder.hpp
-- Symlinking: /home/alux-autopilot22/SUPER-ROS2/install/mars_quadrotor_msgs/include/mars_quadrotor_msgs/mars_quadrotor_msgs/msg/detail/polynomial_trajectory__struct.hpp
-- Symlinking: /home/alux-autopilot22/SUPER-ROS2/install/mars_quadrotor_msgs/include/mars_quadrotor_msgs/mars_quadrotor_msgs/msg/detail/polynomial_trajectory__traits.hpp
-- Symlinking: /home/alux-autopilot22/SUPER-ROS2/install/mars_quadrotor_msgs/include/mars_quadrotor_msgs/mars_quadrotor_msgs/msg/detail/polynomial_trajectory__type_support.hpp
-- Symlinking: /home/alux-autopilot22/SUPER-ROS2/install/mars_quadrotor_msgs/include/mars_quadrotor_msgs/mars_quadrotor_msgs/msg/detail/position_command__builder.hpp
-- Symlinking: /home/alux-autopilot22/SUPER-ROS2/install/mars_quadrotor_msgs/include/mars_quadrotor_msgs/mars_quadrotor_msgs/msg/detail/position_command__struct.hpp
-- Symlinking: /home/alux-autopilot22/SUPER-ROS2/install/mars_quadrotor_msgs/include/mars_quadrotor_msgs/mars_quadrotor_msgs/msg/detail/position_command__traits.hpp
-- Symlinking: /home/alux-autopilot22/SUPER-ROS2/install/mars_quadrotor_msgs/include/mars_quadrotor_msgs/mars_quadrotor_msgs/msg/detail/position_command__type_support.hpp
-- Symlinking: /home/alux-autopilot22/SUPER-ROS2/install/mars_quadrotor_msgs/include/mars_quadrotor_msgs/mars_quadrotor_msgs/msg/detail/quadrotor_state__builder.hpp
-- Symlinking: /home/alux-autopilot22/SUPER-ROS2/install/mars_quadrotor_msgs/include/mars_quadrotor_msgs/mars_quadrotor_msgs/msg/detail/quadrotor_state__struct.hpp
-- Symlinking: /home/alux-autopilot22/SUPER-ROS2/install/mars_quadrotor_msgs/include/mars_quadrotor_msgs/mars_quadrotor_msgs/msg/detail/quadrotor_state__traits.hpp
-- Symlinking: /home/alux-autopilot22/SUPER-ROS2/install/mars_quadrotor_msgs/include/mars_quadrotor_msgs/mars_quadrotor_msgs/msg/detail/quadrotor_state__type_support.hpp
-- Symlinking: /home/alux-autopilot22/SUPER-ROS2/install/mars_quadrotor_msgs/include/mars_quadrotor_msgs/mars_quadrotor_msgs/msg/detail/traking_performance__builder.hpp
-- Symlinking: /home/alux-autopilot22/SUPER-ROS2/install/mars_quadrotor_msgs/include/mars_quadrotor_msgs/mars_quadrotor_msgs/msg/detail/traking_performance__struct.hpp
-- Symlinking: /home/alux-autopilot22/SUPER-ROS2/install/mars_quadrotor_msgs/include/mars_quadrotor_msgs/mars_quadrotor_msgs/msg/detail/traking_performance__traits.hpp
-- Symlinking: /home/alux-autopilot22/SUPER-ROS2/install/mars_quadrotor_msgs/include/mars_quadrotor_msgs/mars_quadrotor_msgs/msg/detail/traking_performance__type_support.hpp
-- Symlinking: /home/alux-autopilot22/SUPER-ROS2/install/mars_quadrotor_msgs/include/mars_quadrotor_msgs/mars_quadrotor_msgs/msg/mpc_position_command.hpp
-- Symlinking: /home/alux-autopilot22/SUPER-ROS2/install/mars_quadrotor_msgs/include/mars_quadrotor_msgs/mars_quadrotor_msgs/msg/polynomial_trajectory.hpp
-- Symlinking: /home/alux-autopilot22/SUPER-ROS2/install/mars_quadrotor_msgs/include/mars_quadrotor_msgs/mars_quadrotor_msgs/msg/position_command.hpp
-- Symlinking: /home/alux-autopilot22/SUPER-ROS2/install/mars_quadrotor_msgs/include/mars_quadrotor_msgs/mars_quadrotor_msgs/msg/quadrotor_state.hpp
-- Symlinking: /home/alux-autopilot22/SUPER-ROS2/install/mars_quadrotor_msgs/include/mars_quadrotor_msgs/mars_quadrotor_msgs/msg/rosidl_generator_cpp__visibility_control.hpp
-- Symlinking: /home/alux-autopilot22/SUPER-ROS2/install/mars_quadrotor_msgs/include/mars_quadrotor_msgs/mars_quadrotor_msgs/msg/traking_performance.hpp
-- Symlinking: /home/alux-autopilot22/SUPER-ROS2/install/mars_quadrotor_msgs/include/mars_quadrotor_msgs/mars_quadrotor_msgs/msg/detail/mpc_position_command__rosidl_typesupport_fastrtps_cpp.hpp
-- Symlinking: /home/alux-autopilot22/SUPER-ROS2/install/mars_quadrotor_msgs/include/mars_quadrotor_msgs/mars_quadrotor_msgs/msg/detail/polynomial_trajectory__rosidl_typesupport_fastrtps_cpp.hpp
-- Symlinking: /home/alux-autopilot22/SUPER-ROS2/install/mars_quadrotor_msgs/include/mars_quadrotor_msgs/mars_quadrotor_msgs/msg/detail/position_command__rosidl_typesupport_fastrtps_cpp.hpp
-- Symlinking: /home/alux-autopilot22/SUPER-ROS2/install/mars_quadrotor_msgs/include/mars_quadrotor_msgs/mars_quadrotor_msgs/msg/detail/quadrotor_state__rosidl_typesupport_fastrtps_cpp.hpp
-- Symlinking: /home/alux-autopilot22/SUPER-ROS2/install/mars_quadrotor_msgs/include/mars_quadrotor_msgs/mars_quadrotor_msgs/msg/detail/traking_performance__rosidl_typesupport_fastrtps_cpp.hpp
-- Symlinking: /home/alux-autopilot22/SUPER-ROS2/install/mars_quadrotor_msgs/include/mars_quadrotor_msgs/mars_quadrotor_msgs/msg/rosidl_typesupport_fastrtps_cpp__visibility_control.h
-- Symlinking: /home/alux-autopilot22/SUPER-ROS2/install/mars_quadrotor_msgs/include/mars_quadrotor_msgs/mars_quadrotor_msgs/msg/detail/mpc_position_command__rosidl_typesupport_introspection_cpp.hpp
-- Symlinking: /home/alux-autopilot22/SUPER-ROS2/install/mars_quadrotor_msgs/include/mars_quadrotor_msgs/mars_quadrotor_msgs/msg/detail/polynomial_trajectory__rosidl_typesupport_introspection_cpp.hpp
-- Symlinking: /home/alux-autopilot22/SUPER-ROS2/install/mars_quadrotor_msgs/include/mars_quadrotor_msgs/mars_quadrotor_msgs/msg/detail/position_command__rosidl_typesupport_introspection_cpp.hpp
-- Symlinking: /home/alux-autopilot22/SUPER-ROS2/install/mars_quadrotor_msgs/include/mars_quadrotor_msgs/mars_quadrotor_msgs/msg/detail/quadrotor_state__rosidl_typesupport_introspection_cpp.hpp
-- Symlinking: /home/alux-autopilot22/SUPER-ROS2/install/mars_quadrotor_msgs/include/mars_quadrotor_msgs/mars_quadrotor_msgs/msg/detail/traking_performance__rosidl_typesupport_introspection_cpp.hpp
-- Symlinking: /home/alux-autopilot22/SUPER-ROS2/install/mars_quadrotor_msgs/share/mars_quadrotor_msgs/environment/pythonpath.sh
-- Symlinking: /home/alux-autopilot22/SUPER-ROS2/install/mars_quadrotor_msgs/share/mars_quadrotor_msgs/environment/pythonpath.dsv
-- Symlinking: /home/alux-autopilot22/SUPER-ROS2/install/mars_quadrotor_msgs/local/lib/python3.10/dist-packages/mars_quadrotor_msgs-2.0.8-py3.10.egg-info/PKG-INFO
-- Symlinking: /home/alux-autopilot22/SUPER-ROS2/install/mars_quadrotor_msgs/local/lib/python3.10/dist-packages/mars_quadrotor_msgs-2.0.8-py3.10.egg-info/SOURCES.txt
-- Symlinking: /home/alux-autopilot22/SUPER-ROS2/install/mars_quadrotor_msgs/local/lib/python3.10/dist-packages/mars_quadrotor_msgs-2.0.8-py3.10.egg-info/dependency_links.txt
-- Symlinking: /home/alux-autopilot22/SUPER-ROS2/install/mars_quadrotor_msgs/local/lib/python3.10/dist-packages/mars_quadrotor_msgs-2.0.8-py3.10.egg-info/top_level.txt
-- Symlinking: /home/alux-autopilot22/SUPER-ROS2/install/mars_quadrotor_msgs/local/lib/python3.10/dist-packages/mars_quadrotor_msgs/__init__.py
-- Symlinking: /home/alux-autopilot22/SUPER-ROS2/install/mars_quadrotor_msgs/local/lib/python3.10/dist-packages/mars_quadrotor_msgs/_mars_quadrotor_msgs_s.ep.rosidl_typesupport_c.c
-- Symlinking: /home/alux-autopilot22/SUPER-ROS2/install/mars_quadrotor_msgs/local/lib/python3.10/dist-packages/mars_quadrotor_msgs/_mars_quadrotor_msgs_s.ep.rosidl_typesupport_fastrtps_c.c
-- Symlinking: /home/alux-autopilot22/SUPER-ROS2/install/mars_quadrotor_msgs/local/lib/python3.10/dist-packages/mars_quadrotor_msgs/_mars_quadrotor_msgs_s.ep.rosidl_typesupport_introspection_c.c
-- Symlinking: /home/alux-autopilot22/SUPER-ROS2/install/mars_quadrotor_msgs/local/lib/python3.10/dist-packages/mars_quadrotor_msgs/libmars_quadrotor_msgs__rosidl_generator_py.so
-- Symlinking: /home/alux-autopilot22/SUPER-ROS2/install/mars_quadrotor_msgs/local/lib/python3.10/dist-packages/mars_quadrotor_msgs/mars_quadrotor_msgs_s__rosidl_typesupport_c.cpython-310-x86_64-linux-gnu.so
-- Symlinking: /home/alux-autopilot22/SUPER-ROS2/install/mars_quadrotor_msgs/local/lib/python3.10/dist-packages/mars_quadrotor_msgs/mars_quadrotor_msgs_s__rosidl_typesupport_fastrtps_c.cpython-310-x86_64-linux-gnu.so
-- Symlinking: /home/alux-autopilot22/SUPER-ROS2/install/mars_quadrotor_msgs/local/lib/python3.10/dist-packages/mars_quadrotor_msgs/mars_quadrotor_msgs_s__rosidl_typesupport_introspection_c.cpython-310-x86_64-linux-gnu.so
-- Symlinking: /home/alux-autopilot22/SUPER-ROS2/install/mars_quadrotor_msgs/local/lib/python3.10/dist-packages/mars_quadrotor_msgs/msg/__init__.py
-- Symlinking: /home/alux-autopilot22/SUPER-ROS2/install/mars_quadrotor_msgs/local/lib/python3.10/dist-packages/mars_quadrotor_msgs/msg/_mpc_position_command.py
-- Symlinking: /home/alux-autopilot22/SUPER-ROS2/install/mars_quadrotor_msgs/local/lib/python3.10/dist-packages/mars_quadrotor_msgs/msg/_mpc_position_command_s.c
-- Symlinking: /home/alux-autopilot22/SUPER-ROS2/install/mars_quadrotor_msgs/local/lib/python3.10/dist-packages/mars_quadrotor_msgs/msg/_polynomial_trajectory.py
-- Symlinking: /home/alux-autopilot22/SUPER-ROS2/install/mars_quadrotor_msgs/local/lib/python3.10/dist-packages/mars_quadrotor_msgs/msg/_polynomial_trajectory_s.c
-- Symlinking: /home/alux-autopilot22/SUPER-ROS2/install/mars_quadrotor_msgs/local/lib/python3.10/dist-packages/mars_quadrotor_msgs/msg/_position_command.py
-- Symlinking: /home/alux-autopilot22/SUPER-ROS2/install/mars_quadrotor_msgs/local/lib/python3.10/dist-packages/mars_quadrotor_msgs/msg/_position_command_s.c
-- Symlinking: /home/alux-autopilot22/SUPER-ROS2/install/mars_quadrotor_msgs/local/lib/python3.10/dist-packages/mars_quadrotor_msgs/msg/_quadrotor_state.py
-- Symlinking: /home/alux-autopilot22/SUPER-ROS2/install/mars_quadrotor_msgs/local/lib/python3.10/dist-packages/mars_quadrotor_msgs/msg/_quadrotor_state_s.c
-- Symlinking: /home/alux-autopilot22/SUPER-ROS2/install/mars_quadrotor_msgs/local/lib/python3.10/dist-packages/mars_quadrotor_msgs/msg/_traking_performance.py
-- Symlinking: /home/alux-autopilot22/SUPER-ROS2/install/mars_quadrotor_msgs/local/lib/python3.10/dist-packages/mars_quadrotor_msgs/msg/_traking_performance_s.c
-- Up-to-date symlink: /home/alux-autopilot22/SUPER-ROS2/install/mars_quadrotor_msgs/local/lib/python3.10/dist-packages/mars_quadrotor_msgs/mars_quadrotor_msgs_s__rosidl_typesupport_fastrtps_c.cpython-310-x86_64-linux-gnu.so
-- Up-to-date symlink: /home/alux-autopilot22/SUPER-ROS2/install/mars_quadrotor_msgs/local/lib/python3.10/dist-packages/mars_quadrotor_msgs/mars_quadrotor_msgs_s__rosidl_typesupport_introspection_c.cpython-310-x86_64-linux-gnu.so
-- Up-to-date symlink: /home/alux-autopilot22/SUPER-ROS2/install/mars_quadrotor_msgs/local/lib/python3.10/dist-packages/mars_quadrotor_msgs/mars_quadrotor_msgs_s__rosidl_typesupport_c.cpython-310-x86_64-linux-gnu.so
-- Symlinking: /home/alux-autopilot22/SUPER-ROS2/install/mars_quadrotor_msgs/share/ament_index/resource_index/rust_packages/mars_quadrotor_msgs
-- Symlinking: /home/alux-autopilot22/SUPER-ROS2/install/mars_quadrotor_msgs/share/mars_quadrotor_msgs/rust/Cargo.toml
-- Symlinking: /home/alux-autopilot22/SUPER-ROS2/install/mars_quadrotor_msgs/share/mars_quadrotor_msgs/rust/build.rs
-- Symlinking: /home/alux-autopilot22/SUPER-ROS2/install/mars_quadrotor_msgs/share/mars_quadrotor_msgs/rust/src/lib.rs
-- Symlinking: /home/alux-autopilot22/SUPER-ROS2/install/mars_quadrotor_msgs/share/mars_quadrotor_msgs/rust/src/msg.rs
-- Symlinking: /home/alux-autopilot22/SUPER-ROS2/install/mars_quadrotor_msgs/share/mars_quadrotor_msgs/rust/src/msg/rmw.rs
-- Symlinking: /home/alux-autopilot22/SUPER-ROS2/install/mars_quadrotor_msgs/share/mars_quadrotor_msgs/msg/QuadrotorState.idl
-- Symlinking: /home/alux-autopilot22/SUPER-ROS2/install/mars_quadrotor_msgs/share/mars_quadrotor_msgs/msg/TrakingPerformance.idl
-- Symlinking: /home/alux-autopilot22/SUPER-ROS2/install/mars_quadrotor_msgs/share/mars_quadrotor_msgs/msg/PositionCommand.idl
-- Symlinking: /home/alux-autopilot22/SUPER-ROS2/install/mars_quadrotor_msgs/share/mars_quadrotor_msgs/msg/PolynomialTrajectory.idl
-- Symlinking: /home/alux-autopilot22/SUPER-ROS2/install/mars_quadrotor_msgs/share/mars_quadrotor_msgs/msg/MpcPositionCommand.idl
-- Symlinking: /home/alux-autopilot22/SUPER-ROS2/install/mars_quadrotor_msgs/share/mars_quadrotor_msgs/ros2_msg/QuadrotorState.msg
-- Symlinking: /home/alux-autopilot22/SUPER-ROS2/install/mars_quadrotor_msgs/share/mars_quadrotor_msgs/ros2_msg/TrakingPerformance.msg
-- Symlinking: /home/alux-autopilot22/SUPER-ROS2/install/mars_quadrotor_msgs/share/mars_quadrotor_msgs/ros2_msg/PositionCommand.msg
-- Symlinking: /home/alux-autopilot22/SUPER-ROS2/install/mars_quadrotor_msgs/share/mars_quadrotor_msgs/ros2_msg/PolynomialTrajectory.msg
-- Symlinking: /home/alux-autopilot22/SUPER-ROS2/install/mars_quadrotor_msgs/share/mars_quadrotor_msgs/ros2_msg/MpcPositionCommand.msg
-- Symlinking: /home/alux-autopilot22/SUPER-ROS2/install/mars_quadrotor_msgs/share/ament_index/resource_index/package_run_dependencies/mars_quadrotor_msgs
-- Symlinking: /home/alux-autopilot22/SUPER-ROS2/install/mars_quadrotor_msgs/share/ament_index/resource_index/parent_prefix_path/mars_quadrotor_msgs
-- Symlinking: /home/alux-autopilot22/SUPER-ROS2/install/mars_quadrotor_msgs/share/mars_quadrotor_msgs/environment/ament_prefix_path.sh
-- Symlinking: /home/alux-autopilot22/SUPER-ROS2/install/mars_quadrotor_msgs/share/mars_quadrotor_msgs/environment/ament_prefix_path.dsv
-- Symlinking: /home/alux-autopilot22/SUPER-ROS2/install/mars_quadrotor_msgs/share/mars_quadrotor_msgs/environment/path.sh
-- Symlinking: /home/alux-autopilot22/SUPER-ROS2/install/mars_quadrotor_msgs/share/mars_quadrotor_msgs/environment/path.dsv
-- Symlinking: /home/alux-autopilot22/SUPER-ROS2/install/mars_quadrotor_msgs/share/mars_quadrotor_msgs/local_setup.bash
-- Symlinking: /home/alux-autopilot22/SUPER-ROS2/install/mars_quadrotor_msgs/share/mars_quadrotor_msgs/local_setup.sh
-- Symlinking: /home/alux-autopilot22/SUPER-ROS2/install/mars_quadrotor_msgs/share/mars_quadrotor_msgs/local_setup.zsh
-- Symlinking: /home/alux-autopilot22/SUPER-ROS2/install/mars_quadrotor_msgs/share/mars_quadrotor_msgs/local_setup.dsv
-- Symlinking: /home/alux-autopilot22/SUPER-ROS2/install/mars_quadrotor_msgs/share/mars_quadrotor_msgs/package.dsv
-- Symlinking: /home/alux-autopilot22/SUPER-ROS2/install/mars_quadrotor_msgs/share/ament_index/resource_index/packages/mars_quadrotor_msgs
-- Symlinking: /home/alux-autopilot22/SUPER-ROS2/install/mars_quadrotor_msgs/share/mars_quadrotor_msgs/cmake/rosidl_cmake-extras.cmake
-- Symlinking: /home/alux-autopilot22/SUPER-ROS2/install/mars_quadrotor_msgs/share/mars_quadrotor_msgs/cmake/ament_cmake_export_dependencies-extras.cmake
-- Symlinking: /home/alux-autopilot22/SUPER-ROS2/install/mars_quadrotor_msgs/share/mars_quadrotor_msgs/cmake/ament_cmake_export_include_directories-extras.cmake
-- Symlinking: /home/alux-autopilot22/SUPER-ROS2/install/mars_quadrotor_msgs/share/mars_quadrotor_msgs/cmake/ament_cmake_export_libraries-extras.cmake
-- Symlinking: /home/alux-autopilot22/SUPER-ROS2/install/mars_quadrotor_msgs/share/mars_quadrotor_msgs/cmake/ament_cmake_export_targets-extras.cmake
-- Symlinking: /home/alux-autopilot22/SUPER-ROS2/install/mars_quadrotor_msgs/share/mars_quadrotor_msgs/cmake/rosidl_cmake_export_typesupport_targets-extras.cmake
-- Symlinking: /home/alux-autopilot22/SUPER-ROS2/install/mars_quadrotor_msgs/share/mars_quadrotor_msgs/cmake/rosidl_cmake_export_typesupport_libraries-extras.cmake
-- Symlinking: /home/alux-autopilot22/SUPER-ROS2/install/mars_quadrotor_msgs/share/mars_quadrotor_msgs/cmake/mars_quadrotor_msgsConfig.cmake
-- Symlinking: /home/alux-autopilot22/SUPER-ROS2/install/mars_quadrotor_msgs/share/mars_quadrotor_msgs/cmake/mars_quadrotor_msgsConfig-version.cmake
-- Symlinking: /home/alux-autopilot22/SUPER-ROS2/install/mars_quadrotor_msgs/share/mars_quadrotor_msgs/package.xml
-- Installing: /home/alux-autopilot22/SUPER-ROS2/install/mars_quadrotor_msgs/lib/libmars_quadrotor_msgs__rosidl_generator_c.so
-- Set runtime path of "/home/alux-autopilot22/SUPER-ROS2/install/mars_quadrotor_msgs/lib/libmars_quadrotor_msgs__rosidl_generator_c.so" to ""
-- Installing: /home/alux-autopilot22/SUPER-ROS2/install/mars_quadrotor_msgs/lib/libmars_quadrotor_msgs__rosidl_typesupport_fastrtps_c.so
-- Set runtime path of "/home/alux-autopilot22/SUPER-ROS2/install/mars_quadrotor_msgs/lib/libmars_quadrotor_msgs__rosidl_typesupport_fastrtps_c.so" to ""
-- Installing: /home/alux-autopilot22/SUPER-ROS2/install/mars_quadrotor_msgs/lib/libmars_quadrotor_msgs__rosidl_typesupport_introspection_c.so
-- Set runtime path of "/home/alux-autopilot22/SUPER-ROS2/install/mars_quadrotor_msgs/lib/libmars_quadrotor_msgs__rosidl_typesupport_introspection_c.so" to ""
-- Installing: /home/alux-autopilot22/SUPER-ROS2/install/mars_quadrotor_msgs/lib/libmars_quadrotor_msgs__rosidl_typesupport_c.so
-- Set runtime path of "/home/alux-autopilot22/SUPER-ROS2/install/mars_quadrotor_msgs/lib/libmars_quadrotor_msgs__rosidl_typesupport_c.so" to ""
-- Installing: /home/alux-autopilot22/SUPER-ROS2/install/mars_quadrotor_msgs/lib/libmars_quadrotor_msgs__rosidl_typesupport_fastrtps_cpp.so
-- Set runtime path of "/home/alux-autopilot22/SUPER-ROS2/install/mars_quadrotor_msgs/lib/libmars_quadrotor_msgs__rosidl_typesupport_fastrtps_cpp.so" to ""
-- Installing: /home/alux-autopilot22/SUPER-ROS2/install/mars_quadrotor_msgs/lib/libmars_quadrotor_msgs__rosidl_typesupport_introspection_cpp.so
-- Set runtime path of "/home/alux-autopilot22/SUPER-ROS2/install/mars_quadrotor_msgs/lib/libmars_quadrotor_msgs__rosidl_typesupport_introspection_cpp.so" to ""
-- Installing: /home/alux-autopilot22/SUPER-ROS2/install/mars_quadrotor_msgs/lib/libmars_quadrotor_msgs__rosidl_typesupport_cpp.so
-- Set runtime path of "/home/alux-autopilot22/SUPER-ROS2/install/mars_quadrotor_msgs/lib/libmars_quadrotor_msgs__rosidl_typesupport_cpp.so" to ""
Listing '/home/alux-autopilot22/SUPER-ROS2/install/mars_quadrotor_msgs/local/lib/python3.10/dist-packages/mars_quadrotor_msgs'...
Compiling '/home/alux-autopilot22/SUPER-ROS2/install/mars_quadrotor_msgs/local/lib/python3.10/dist-packages/mars_quadrotor_msgs/__init__.py'...
Listing '/home/alux-autopilot22/SUPER-ROS2/install/mars_quadrotor_msgs/local/lib/python3.10/dist-packages/mars_quadrotor_msgs/msg'...
Compiling '/home/alux-autopilot22/SUPER-ROS2/install/mars_quadrotor_msgs/local/lib/python3.10/dist-packages/mars_quadrotor_msgs/msg/__init__.py'...
Compiling '/home/alux-autopilot22/SUPER-ROS2/install/mars_quadrotor_msgs/local/lib/python3.10/dist-packages/mars_quadrotor_msgs/msg/_mpc_position_command.py'...
Compiling '/home/alux-autopilot22/SUPER-ROS2/install/mars_quadrotor_msgs/local/lib/python3.10/dist-packages/mars_quadrotor_msgs/msg/_polynomial_trajectory.py'...
Compiling '/home/alux-autopilot22/SUPER-ROS2/install/mars_quadrotor_msgs/local/lib/python3.10/dist-packages/mars_quadrotor_msgs/msg/_position_command.py'...
Compiling '/home/alux-autopilot22/SUPER-ROS2/install/mars_quadrotor_msgs/local/lib/python3.10/dist-packages/mars_quadrotor_msgs/msg/_quadrotor_state.py'...
Compiling '/home/alux-autopilot22/SUPER-ROS2/install/mars_quadrotor_msgs/local/lib/python3.10/dist-packages/mars_quadrotor_msgs/msg/_traking_performance.py'...
-- Installing: /home/alux-autopilot22/SUPER-ROS2/install/mars_quadrotor_msgs/lib/libmars_quadrotor_msgs__rosidl_generator_py.so
-- Set runtime path of "/home/alux-autopilot22/SUPER-ROS2/install/mars_quadrotor_msgs/lib/libmars_quadrotor_msgs__rosidl_generator_py.so" to ""
-- Installing: /home/alux-autopilot22/SUPER-ROS2/install/mars_quadrotor_msgs/share/mars_quadrotor_msgs/cmake/export_mars_quadrotor_msgs__rosidl_generator_cExport.cmake
-- Installing: /home/alux-autopilot22/SUPER-ROS2/install/mars_quadrotor_msgs/share/mars_quadrotor_msgs/cmake/export_mars_quadrotor_msgs__rosidl_generator_cExport-noconfig.cmake
-- Installing: /home/alux-autopilot22/SUPER-ROS2/install/mars_quadrotor_msgs/share/mars_quadrotor_msgs/cmake/export_mars_quadrotor_msgs__rosidl_typesupport_fastrtps_cExport.cmake
-- Installing: /home/alux-autopilot22/SUPER-ROS2/install/mars_quadrotor_msgs/share/mars_quadrotor_msgs/cmake/export_mars_quadrotor_msgs__rosidl_typesupport_fastrtps_cExport-noconfig.cmake
-- Installing: /home/alux-autopilot22/SUPER-ROS2/install/mars_quadrotor_msgs/share/mars_quadrotor_msgs/cmake/mars_quadrotor_msgs__rosidl_typesupport_introspection_cExport.cmake
-- Installing: /home/alux-autopilot22/SUPER-ROS2/install/mars_quadrotor_msgs/share/mars_quadrotor_msgs/cmake/mars_quadrotor_msgs__rosidl_typesupport_introspection_cExport-noconfig.cmake
-- Installing: /home/alux-autopilot22/SUPER-ROS2/install/mars_quadrotor_msgs/share/mars_quadrotor_msgs/cmake/mars_quadrotor_msgs__rosidl_typesupport_cExport.cmake
-- Installing: /home/alux-autopilot22/SUPER-ROS2/install/mars_quadrotor_msgs/share/mars_quadrotor_msgs/cmake/mars_quadrotor_msgs__rosidl_typesupport_cExport-noconfig.cmake
-- Installing: /home/alux-autopilot22/SUPER-ROS2/install/mars_quadrotor_msgs/share/mars_quadrotor_msgs/cmake/export_mars_quadrotor_msgs__rosidl_generator_cppExport.cmake
-- Installing: /home/alux-autopilot22/SUPER-ROS2/install/mars_quadrotor_msgs/share/mars_quadrotor_msgs/cmake/export_mars_quadrotor_msgs__rosidl_typesupport_fastrtps_cppExport.cmake
-- Installing: /home/alux-autopilot22/SUPER-ROS2/install/mars_quadrotor_msgs/share/mars_quadrotor_msgs/cmake/export_mars_quadrotor_msgs__rosidl_typesupport_fastrtps_cppExport-noconfig.cmake
-- Installing: /home/alux-autopilot22/SUPER-ROS2/install/mars_quadrotor_msgs/share/mars_quadrotor_msgs/cmake/mars_quadrotor_msgs__rosidl_typesupport_introspection_cppExport.cmake
-- Installing: /home/alux-autopilot22/SUPER-ROS2/install/mars_quadrotor_msgs/share/mars_quadrotor_msgs/cmake/mars_quadrotor_msgs__rosidl_typesupport_introspection_cppExport-noconfig.cmake
-- Installing: /home/alux-autopilot22/SUPER-ROS2/install/mars_quadrotor_msgs/share/mars_quadrotor_msgs/cmake/mars_quadrotor_msgs__rosidl_typesupport_cppExport.cmake
-- Installing: /home/alux-autopilot22/SUPER-ROS2/install/mars_quadrotor_msgs/share/mars_quadrotor_msgs/cmake/mars_quadrotor_msgs__rosidl_typesupport_cppExport-noconfig.cmake
-- Installing: /home/alux-autopilot22/SUPER-ROS2/install/mars_quadrotor_msgs/share/mars_quadrotor_msgs/cmake/export_mars_quadrotor_msgs__rosidl_generator_pyExport.cmake
-- Installing: /home/alux-autopilot22/SUPER-ROS2/install/mars_quadrotor_msgs/share/mars_quadrotor_msgs/cmake/export_mars_quadrotor_msgs__rosidl_generator_pyExport-noconfig.cmake
