[0.012s] Invoking command in '/home/alux-autopilot22/SUPER-ROS2/build/mars_quadrotor_msgs': CMAKE_PREFIX_PATH=/opt/ros/humble /usr/bin/cmake /home/alux-autopilot22/SUPER-ROS2/mars_uav_sim/mars_quadrotor_msgs -DAMENT_CMAKE_SYMLINK_INSTALL=1 -DCMAKE_INSTALL_PREFIX=/home/alux-autopilot22/SUPER-ROS2/install/mars_quadrotor_msgs
[0.055s] -- The C compiler identification is GNU 11.4.0
[0.094s] -- The CXX compiler identification is GNU 11.4.0
[0.098s] -- Detecting C compiler ABI info
[0.148s] -- Detecting C compiler ABI info - done
[0.154s] -- Check for working C compiler: /usr/bin/cc - skipped
[0.155s] -- Detecting C compile features
[0.155s] -- Detecting C compile features - done
[0.156s] -- Detecting CXX compiler ABI info
[0.210s] -- Detecting CXX compiler ABI info - done
[0.214s] -- Check for working CXX compiler: /usr/bin/c++ - skipped
[0.214s] -- Detecting CXX compile features
[0.215s] -- Detecting CXX compile features - done
[0.216s] -- Found ament_cmake: 1.3.14 (/opt/ros/humble/share/ament_cmake/cmake)
[0.313s] -- Found Python3: /usr/bin/python3 (found version "3.10.19") found components: Interpreter 
[0.359s] -- Override CMake install command with custom implementation using symlinks instead of copying resources
[0.379s] -- Found rosidl_default_generators: 1.2.1 (/opt/ros/humble/share/rosidl_default_generators/cmake)
[0.381s] -- Using all available rosidl_typesupport_c: rosidl_typesupport_fastrtps_c;rosidl_typesupport_introspection_c
[0.385s] -- Found rosidl_adapter: 3.1.8 (/opt/ros/humble/share/rosidl_adapter/cmake)
[0.413s] -- Using all available rosidl_typesupport_cpp: rosidl_typesupport_fastrtps_cpp;rosidl_typesupport_introspection_cpp
[0.438s] -- Found std_msgs: 4.9.1 (/opt/ros/humble/share/std_msgs/cmake)
[0.454s] -- Found geometry_msgs: 4.9.1 (/opt/ros/humble/share/geometry_msgs/cmake)
[0.680s] -- Found ament_cmake_cppcheck: 0.12.15 (/opt/ros/humble/share/ament_cmake_cppcheck/cmake)
[0.681s] -- Found ament_cmake_cpplint: 0.12.15 (/opt/ros/humble/share/ament_cmake_cpplint/cmake)
[0.683s] -- Found ament_cmake_uncrustify: 0.12.15 (/opt/ros/humble/share/ament_cmake_uncrustify/cmake)
[0.684s] -- Found ament_cmake_ros: 0.10.0 (/opt/ros/humble/share/ament_cmake_ros/cmake)
[0.845s] -- Using all available rosidl_typesupport_c: rosidl_typesupport_fastrtps_c;rosidl_typesupport_introspection_c
[1.062s] -- Using all available rosidl_typesupport_cpp: rosidl_typesupport_fastrtps_cpp;rosidl_typesupport_introspection_cpp
[1.077s] -- Found PythonInterp: /usr/bin/python3 (found suitable version "3.10.19", minimum required is "3.6") 
[1.079s] -- Found python_cmake_module: 0.10.0 (/opt/ros/humble/share/python_cmake_module/cmake)
[1.097s] -- Found PythonLibs: /usr/lib/x86_64-linux-gnu/libpython3.10.so (found suitable version "3.10.19", minimum required is "3.5") 
[1.097s] -- Using PYTHON_EXECUTABLE: /usr/bin/python3
[1.097s] -- Using PYTHON_INCLUDE_DIRS: /usr/include/python3.10
[1.097s] -- Using PYTHON_LIBRARIES: /usr/lib/x86_64-linux-gnu/libpython3.10.so
[1.110s] -- Found PythonExtra: .so  
[1.150s] -- Found ament_cmake_flake8: 0.12.15 (/opt/ros/humble/share/ament_cmake_flake8/cmake)
[1.153s] -- Found ament_cmake_pep257: 0.12.15 (/opt/ros/humble/share/ament_cmake_pep257/cmake)
[1.213s] -- Configuring done
[1.244s] -- Generating done
[1.253s] -- Build files have been written to: /home/alux-autopilot22/SUPER-ROS2/build/mars_quadrotor_msgs
[1.264s] Invoked command in '/home/alux-autopilot22/SUPER-ROS2/build/mars_quadrotor_msgs' returned '0': CMAKE_PREFIX_PATH=/opt/ros/humble /usr/bin/cmake /home/alux-autopilot22/SUPER-ROS2/mars_uav_sim/mars_quadrotor_msgs -DAMENT_CMAKE_SYMLINK_INSTALL=1 -DCMAKE_INSTALL_PREFIX=/home/alux-autopilot22/SUPER-ROS2/install/mars_quadrotor_msgs
[1.265s] Invoking command in '/home/alux-autopilot22/SUPER-ROS2/build/mars_quadrotor_msgs': CMAKE_PREFIX_PATH=/opt/ros/humble /usr/bin/cmake --build /home/alux-autopilot22/SUPER-ROS2/build/mars_quadrotor_msgs -- -j16 -l16
[1.296s] [  1%] [34m[1mGenerating C code for ROS interfaces[0m
[1.301s] [  3%] [34m[1mGenerating Rust code for ROS interfaces[0m
[1.301s] [  4%] [34m[1mGenerating C++ code for ROS interfaces[0m
[1.309s] [  4%] Built target ament_cmake_python_symlink_mars_quadrotor_msgs
[1.472s] running egg_info
[1.473s] creating mars_quadrotor_msgs.egg-info
[1.473s] writing mars_quadrotor_msgs.egg-info/PKG-INFO
[1.473s] writing dependency_links to mars_quadrotor_msgs.egg-info/dependency_links.txt
[1.474s] writing top-level names to mars_quadrotor_msgs.egg-info/top_level.txt
[1.474s] writing manifest file 'mars_quadrotor_msgs.egg-info/SOURCES.txt'
[1.475s] reading manifest file 'mars_quadrotor_msgs.egg-info/SOURCES.txt'
[1.475s] writing manifest file 'mars_quadrotor_msgs.egg-info/SOURCES.txt'
[1.500s] [  4%] Built target ament_cmake_python_build_mars_quadrotor_msgs_egg
[1.651s] [  4%] Built target mars_quadrotor_msgs__rs
[1.751s] [  7%] [32mBuilding C object CMakeFiles/mars_quadrotor_msgs__rosidl_generator_c.dir/rosidl_generator_c/mars_quadrotor_msgs/msg/detail/traking_performance__functions.c.o[0m
[1.751s] [  7%] [32mBuilding C object CMakeFiles/mars_quadrotor_msgs__rosidl_generator_c.dir/rosidl_generator_c/mars_quadrotor_msgs/msg/detail/quadrotor_state__functions.c.o[0m
[1.751s] [  9%] [32mBuilding C object CMakeFiles/mars_quadrotor_msgs__rosidl_generator_c.dir/rosidl_generator_c/mars_quadrotor_msgs/msg/detail/position_command__functions.c.o[0m
[1.751s] [ 12%] [32mBuilding C object CMakeFiles/mars_quadrotor_msgs__rosidl_generator_c.dir/rosidl_generator_c/mars_quadrotor_msgs/msg/detail/mpc_position_command__functions.c.o[0m
[1.751s] [ 12%] [32mBuilding C object CMakeFiles/mars_quadrotor_msgs__rosidl_generator_c.dir/rosidl_generator_c/mars_quadrotor_msgs/msg/detail/polynomial_trajectory__functions.c.o[0m
[1.769s] [ 12%] Built target mars_quadrotor_msgs__cpp
[1.778s] [ 15%] [34m[1mGenerating C++ introspection for ROS interfaces[0m
[1.778s] [ 17%] [34m[1mGenerating C++ type support dispatch for ROS interfaces[0m
[1.778s] [ 17%] [34m[1mGenerating C++ type support for eProsima Fast-RTPS[0m
[1.797s] [ 18%] [32m[1mLinking C shared library libmars_quadrotor_msgs__rosidl_generator_c.so[0m
[1.833s] [ 18%] Built target mars_quadrotor_msgs__rosidl_generator_c
[1.841s] [ 20%] [34m[1mGenerating C introspection for ROS interfaces[0m
[1.842s] [ 21%] [34m[1mGenerating C type support dispatch for ROS interfaces[0m
[1.842s] [ 23%] [34m[1mGenerating C type support for eProsima Fast-RTPS[0m
[2.205s] [ 29%] [32mBuilding CXX object CMakeFiles/mars_quadrotor_msgs__rosidl_typesupport_introspection_cpp.dir/rosidl_typesupport_introspection_cpp/mars_quadrotor_msgs/msg/detail/traking_performance__type_support.cpp.o[0m
[2.205s] [ 29%] [32mBuilding CXX object CMakeFiles/mars_quadrotor_msgs__rosidl_typesupport_introspection_cpp.dir/rosidl_typesupport_introspection_cpp/mars_quadrotor_msgs/msg/detail/mpc_position_command__type_support.cpp.o[0m
[2.206s] [ 29%] [32mBuilding CXX object CMakeFiles/mars_quadrotor_msgs__rosidl_typesupport_introspection_cpp.dir/rosidl_typesupport_introspection_cpp/mars_quadrotor_msgs/msg/detail/polynomial_trajectory__type_support.cpp.o[0m
[2.206s] [ 29%] [32mBuilding CXX object CMakeFiles/mars_quadrotor_msgs__rosidl_typesupport_introspection_cpp.dir/rosidl_typesupport_introspection_cpp/mars_quadrotor_msgs/msg/detail/quadrotor_state__type_support.cpp.o[0m
[2.206s] [ 31%] [32mBuilding CXX object CMakeFiles/mars_quadrotor_msgs__rosidl_typesupport_introspection_cpp.dir/rosidl_typesupport_introspection_cpp/mars_quadrotor_msgs/msg/detail/position_command__type_support.cpp.o[0m
[2.227s] [ 32%] [32mBuilding CXX object CMakeFiles/mars_quadrotor_msgs__rosidl_typesupport_c.dir/rosidl_typesupport_c/mars_quadrotor_msgs/msg/quadrotor_state__type_support.cpp.o[0m
[2.232s] [ 34%] [32mBuilding CXX object CMakeFiles/mars_quadrotor_msgs__rosidl_typesupport_c.dir/rosidl_typesupport_c/mars_quadrotor_msgs/msg/traking_performance__type_support.cpp.o[0m
[2.240s] [ 35%] [32mBuilding CXX object CMakeFiles/mars_quadrotor_msgs__rosidl_typesupport_c.dir/rosidl_typesupport_c/mars_quadrotor_msgs/msg/position_command__type_support.cpp.o[0m
[2.245s] [ 37%] [32mBuilding CXX object CMakeFiles/mars_quadrotor_msgs__rosidl_typesupport_c.dir/rosidl_typesupport_c/mars_quadrotor_msgs/msg/polynomial_trajectory__type_support.cpp.o[0m
[2.248s] [ 39%] [32mBuilding CXX object CMakeFiles/mars_quadrotor_msgs__rosidl_typesupport_c.dir/rosidl_typesupport_c/mars_quadrotor_msgs/msg/mpc_position_command__type_support.cpp.o[0m
[2.265s] [ 40%] [32mBuilding CXX object CMakeFiles/mars_quadrotor_msgs__rosidl_typesupport_fastrtps_cpp.dir/rosidl_typesupport_fastrtps_cpp/mars_quadrotor_msgs/msg/detail/dds_fastrtps/quadrotor_state__type_support.cpp.o[0m
[2.266s] [ 42%] [32mBuilding CXX object CMakeFiles/mars_quadrotor_msgs__rosidl_typesupport_fastrtps_cpp.dir/rosidl_typesupport_fastrtps_cpp/mars_quadrotor_msgs/msg/detail/dds_fastrtps/traking_performance__type_support.cpp.o[0m
[2.268s] [ 43%] [32mBuilding CXX object CMakeFiles/mars_quadrotor_msgs__rosidl_typesupport_fastrtps_cpp.dir/rosidl_typesupport_fastrtps_cpp/mars_quadrotor_msgs/msg/detail/dds_fastrtps/mpc_position_command__type_support.cpp.o[0m
[2.271s] [ 46%] [32mBuilding CXX object CMakeFiles/mars_quadrotor_msgs__rosidl_typesupport_fastrtps_cpp.dir/rosidl_typesupport_fastrtps_cpp/mars_quadrotor_msgs/msg/detail/dds_fastrtps/polynomial_trajectory__type_support.cpp.o[0m
[2.271s] [ 46%] [32mBuilding CXX object CMakeFiles/mars_quadrotor_msgs__rosidl_typesupport_fastrtps_cpp.dir/rosidl_typesupport_fastrtps_cpp/mars_quadrotor_msgs/msg/detail/dds_fastrtps/position_command__type_support.cpp.o[0m
[2.305s] [ 48%] [32m[1mLinking CXX shared library libmars_quadrotor_msgs__rosidl_typesupport_c.so[0m
[2.363s] [ 50%] [32mBuilding C object CMakeFiles/mars_quadrotor_msgs__rosidl_typesupport_introspection_c.dir/rosidl_typesupport_introspection_c/mars_quadrotor_msgs/msg/detail/quadrotor_state__type_support.c.o[0m
[2.364s] [ 50%] Built target mars_quadrotor_msgs__rosidl_typesupport_c
[2.375s] [ 51%] [32mBuilding C object CMakeFiles/mars_quadrotor_msgs__rosidl_typesupport_introspection_c.dir/rosidl_typesupport_introspection_c/mars_quadrotor_msgs/msg/detail/traking_performance__type_support.c.o[0m
[2.400s] [ 53%] [32mBuilding C object CMakeFiles/mars_quadrotor_msgs__rosidl_typesupport_introspection_c.dir/rosidl_typesupport_introspection_c/mars_quadrotor_msgs/msg/detail/position_command__type_support.c.o[0m
[2.408s] [ 54%] [32mBuilding C object CMakeFiles/mars_quadrotor_msgs__rosidl_typesupport_introspection_c.dir/rosidl_typesupport_introspection_c/mars_quadrotor_msgs/msg/detail/polynomial_trajectory__type_support.c.o[0m
[2.429s] [ 56%] [32mBuilding CXX object CMakeFiles/mars_quadrotor_msgs__rosidl_typesupport_cpp.dir/rosidl_typesupport_cpp/mars_quadrotor_msgs/msg/quadrotor_state__type_support.cpp.o[0m
[2.434s] [ 57%] [32mBuilding C object CMakeFiles/mars_quadrotor_msgs__rosidl_typesupport_introspection_c.dir/rosidl_typesupport_introspection_c/mars_quadrotor_msgs/msg/detail/mpc_position_command__type_support.c.o[0m
[2.448s] [ 59%] [32mBuilding CXX object CMakeFiles/mars_quadrotor_msgs__rosidl_typesupport_cpp.dir/rosidl_typesupport_cpp/mars_quadrotor_msgs/msg/traking_performance__type_support.cpp.o[0m
[2.464s] [ 60%] [32mBuilding CXX object CMakeFiles/mars_quadrotor_msgs__rosidl_typesupport_cpp.dir/rosidl_typesupport_cpp/mars_quadrotor_msgs/msg/position_command__type_support.cpp.o[0m
[2.493s] [ 62%] [32mBuilding CXX object CMakeFiles/mars_quadrotor_msgs__rosidl_typesupport_cpp.dir/rosidl_typesupport_cpp/mars_quadrotor_msgs/msg/polynomial_trajectory__type_support.cpp.o[0m
[2.537s] [ 64%] [32m[1mLinking C shared library libmars_quadrotor_msgs__rosidl_typesupport_introspection_c.so[0m
[2.616s] [ 64%] Built target mars_quadrotor_msgs__rosidl_typesupport_introspection_c
[2.641s] [ 65%] [32mBuilding CXX object CMakeFiles/mars_quadrotor_msgs__rosidl_typesupport_cpp.dir/rosidl_typesupport_cpp/mars_quadrotor_msgs/msg/mpc_position_command__type_support.cpp.o[0m
[2.686s] [ 67%] [32mBuilding CXX object CMakeFiles/mars_quadrotor_msgs__rosidl_typesupport_fastrtps_c.dir/rosidl_typesupport_fastrtps_c/mars_quadrotor_msgs/msg/detail/quadrotor_state__type_support_c.cpp.o[0m
[2.691s] [ 68%] [32mBuilding CXX object CMakeFiles/mars_quadrotor_msgs__rosidl_typesupport_fastrtps_c.dir/rosidl_typesupport_fastrtps_c/mars_quadrotor_msgs/msg/detail/traking_performance__type_support_c.cpp.o[0m
[2.695s] [ 70%] [32mBuilding CXX object CMakeFiles/mars_quadrotor_msgs__rosidl_typesupport_fastrtps_c.dir/rosidl_typesupport_fastrtps_c/mars_quadrotor_msgs/msg/detail/position_command__type_support_c.cpp.o[0m
[2.702s] [ 71%] [32mBuilding CXX object CMakeFiles/mars_quadrotor_msgs__rosidl_typesupport_fastrtps_c.dir/rosidl_typesupport_fastrtps_c/mars_quadrotor_msgs/msg/detail/polynomial_trajectory__type_support_c.cpp.o[0m
[2.707s] [ 73%] [32mBuilding CXX object CMakeFiles/mars_quadrotor_msgs__rosidl_typesupport_fastrtps_c.dir/rosidl_typesupport_fastrtps_c/mars_quadrotor_msgs/msg/detail/mpc_position_command__type_support_c.cpp.o[0m
[2.731s] [ 75%] [32m[1mLinking CXX shared library libmars_quadrotor_msgs__rosidl_typesupport_introspection_cpp.so[0m
[2.828s] [ 76%] [32m[1mLinking CXX shared library libmars_quadrotor_msgs__rosidl_typesupport_fastrtps_cpp.so[0m
[2.924s] [ 76%] Built target mars_quadrotor_msgs__rosidl_typesupport_introspection_cpp
[2.940s] [ 78%] [32m[1mLinking CXX shared library libmars_quadrotor_msgs__rosidl_typesupport_cpp.so[0m
[2.947s] [ 78%] Built target mars_quadrotor_msgs__rosidl_typesupport_fastrtps_cpp
[2.989s] [ 78%] Built target mars_quadrotor_msgs__rosidl_typesupport_cpp
[3.101s] [ 79%] [32m[1mLinking CXX shared library libmars_quadrotor_msgs__rosidl_typesupport_fastrtps_c.so[0m
[3.208s] [ 79%] Built target mars_quadrotor_msgs__rosidl_typesupport_fastrtps_c
[3.229s] [ 79%] Built target mars_quadrotor_msgs
[3.255s] [ 81%] [34m[1mGenerating Python code for ROS interfaces[0m
[4.190s] [ 81%] Built target mars_quadrotor_msgs__py
[4.212s] [ 89%] [32mBuilding C object CMakeFiles/mars_quadrotor_msgs__rosidl_generator_py.dir/rosidl_generator_py/mars_quadrotor_msgs/msg/_polynomial_trajectory_s.c.o[0m
[4.213s] [ 89%] [32mBuilding C object CMakeFiles/mars_quadrotor_msgs__rosidl_generator_py.dir/rosidl_generator_py/mars_quadrotor_msgs/msg/_position_command_s.c.o[0m
[4.213s] [ 89%] [32mBuilding C object CMakeFiles/mars_quadrotor_msgs__rosidl_generator_py.dir/rosidl_generator_py/mars_quadrotor_msgs/msg/_traking_performance_s.c.o[0m
[4.213s] [ 89%] [32mBuilding C object CMakeFiles/mars_quadrotor_msgs__rosidl_generator_py.dir/rosidl_generator_py/mars_quadrotor_msgs/msg/_quadrotor_state_s.c.o[0m
[4.213s] [ 89%] [32mBuilding C object CMakeFiles/mars_quadrotor_msgs__rosidl_generator_py.dir/rosidl_generator_py/mars_quadrotor_msgs/msg/_mpc_position_command_s.c.o[0m
[4.366s] [ 90%] [32m[1mLinking C shared library rosidl_generator_py/mars_quadrotor_msgs/libmars_quadrotor_msgs__rosidl_generator_py.so[0m
[4.406s] [ 90%] Built target mars_quadrotor_msgs__rosidl_generator_py
[4.427s] [ 95%] [32mBuilding C object CMakeFiles/mars_quadrotor_msgs__rosidl_typesupport_introspection_c__pyext.dir/rosidl_generator_py/mars_quadrotor_msgs/_mars_quadrotor_msgs_s.ep.rosidl_typesupport_introspection_c.c.o[0m
[4.427s] [ 95%] [32mBuilding C object CMakeFiles/mars_quadrotor_msgs__rosidl_typesupport_c__pyext.dir/rosidl_generator_py/mars_quadrotor_msgs/_mars_quadrotor_msgs_s.ep.rosidl_typesupport_c.c.o[0m
[4.427s] [ 95%] [32mBuilding C object CMakeFiles/mars_quadrotor_msgs__rosidl_typesupport_fastrtps_c__pyext.dir/rosidl_generator_py/mars_quadrotor_msgs/_mars_quadrotor_msgs_s.ep.rosidl_typesupport_fastrtps_c.c.o[0m
[4.551s] [ 96%] [32m[1mLinking C shared library rosidl_generator_py/mars_quadrotor_msgs/mars_quadrotor_msgs_s__rosidl_typesupport_fastrtps_c.cpython-310-x86_64-linux-gnu.so[0m
[4.558s] [ 98%] [32m[1mLinking C shared library rosidl_generator_py/mars_quadrotor_msgs/mars_quadrotor_msgs_s__rosidl_typesupport_introspection_c.cpython-310-x86_64-linux-gnu.so[0m
[4.567s] [100%] [32m[1mLinking C shared library rosidl_generator_py/mars_quadrotor_msgs/mars_quadrotor_msgs_s__rosidl_typesupport_c.cpython-310-x86_64-linux-gnu.so[0m
[4.602s] [100%] Built target mars_quadrotor_msgs__rosidl_typesupport_introspection_c__pyext
[4.602s] [100%] Built target mars_quadrotor_msgs__rosidl_typesupport_fastrtps_c__pyext
[4.614s] [100%] Built target mars_quadrotor_msgs__rosidl_typesupport_c__pyext
[4.627s] Invoked command in '/home/alux-autopilot22/SUPER-ROS2/build/mars_quadrotor_msgs' returned '0': CMAKE_PREFIX_PATH=/opt/ros/humble /usr/bin/cmake --build /home/alux-autopilot22/SUPER-ROS2/build/mars_quadrotor_msgs -- -j16 -l16
[4.637s] Invoking command in '/home/alux-autopilot22/SUPER-ROS2/build/mars_quadrotor_msgs': CMAKE_PREFIX_PATH=/opt/ros/humble /usr/bin/cmake --install /home/alux-autopilot22/SUPER-ROS2/build/mars_quadrotor_msgs
[4.647s] -- Install configuration: ""
[4.647s] -- Execute custom install script
[4.647s] -- Symlinking: /home/alux-autopilot22/SUPER-ROS2/install/mars_quadrotor_msgs/share/ament_index/resource_index/rosidl_interfaces/mars_quadrotor_msgs
[4.657s] -- Symlinking: /home/alux-autopilot22/SUPER-ROS2/install/mars_quadrotor_msgs/include/mars_quadrotor_msgs/mars_quadrotor_msgs/msg/detail/mpc_position_command__functions.h
[4.666s] -- Symlinking: /home/alux-autopilot22/SUPER-ROS2/install/mars_quadrotor_msgs/include/mars_quadrotor_msgs/mars_quadrotor_msgs/msg/detail/mpc_position_command__struct.h
[4.677s] -- Symlinking: /home/alux-autopilot22/SUPER-ROS2/install/mars_quadrotor_msgs/include/mars_quadrotor_msgs/mars_quadrotor_msgs/msg/detail/mpc_position_command__type_support.h
[4.685s] -- Symlinking: /home/alux-autopilot22/SUPER-ROS2/install/mars_quadrotor_msgs/include/mars_quadrotor_msgs/mars_quadrotor_msgs/msg/detail/polynomial_trajectory__functions.h
[4.693s] -- Symlinking: /home/alux-autopilot22/SUPER-ROS2/install/mars_quadrotor_msgs/include/mars_quadrotor_msgs/mars_quadrotor_msgs/msg/detail/polynomial_trajectory__struct.h
[4.701s] -- Symlinking: /home/alux-autopilot22/SUPER-ROS2/install/mars_quadrotor_msgs/include/mars_quadrotor_msgs/mars_quadrotor_msgs/msg/detail/polynomial_trajectory__type_support.h
[4.709s] -- Symlinking: /home/alux-autopilot22/SUPER-ROS2/install/mars_quadrotor_msgs/include/mars_quadrotor_msgs/mars_quadrotor_msgs/msg/detail/position_command__functions.h
[4.717s] -- Symlinking: /home/alux-autopilot22/SUPER-ROS2/install/mars_quadrotor_msgs/include/mars_quadrotor_msgs/mars_quadrotor_msgs/msg/detail/position_command__struct.h
[4.725s] -- Symlinking: /home/alux-autopilot22/SUPER-ROS2/install/mars_quadrotor_msgs/include/mars_quadrotor_msgs/mars_quadrotor_msgs/msg/detail/position_command__type_support.h
[4.734s] -- Symlinking: /home/alux-autopilot22/SUPER-ROS2/install/mars_quadrotor_msgs/include/mars_quadrotor_msgs/mars_quadrotor_msgs/msg/detail/quadrotor_state__functions.h
[4.744s] -- Symlinking: /home/alux-autopilot22/SUPER-ROS2/install/mars_quadrotor_msgs/include/mars_quadrotor_msgs/mars_quadrotor_msgs/msg/detail/quadrotor_state__struct.h
[4.752s] -- Symlinking: /home/alux-autopilot22/SUPER-ROS2/install/mars_quadrotor_msgs/include/mars_quadrotor_msgs/mars_quadrotor_msgs/msg/detail/quadrotor_state__type_support.h
[4.761s] -- Symlinking: /home/alux-autopilot22/SUPER-ROS2/install/mars_quadrotor_msgs/include/mars_quadrotor_msgs/mars_quadrotor_msgs/msg/detail/traking_performance__functions.h
[4.769s] -- Symlinking: /home/alux-autopilot22/SUPER-ROS2/install/mars_quadrotor_msgs/include/mars_quadrotor_msgs/mars_quadrotor_msgs/msg/detail/traking_performance__struct.h
[4.777s] -- Symlinking: /home/alux-autopilot22/SUPER-ROS2/install/mars_quadrotor_msgs/include/mars_quadrotor_msgs/mars_quadrotor_msgs/msg/detail/traking_performance__type_support.h
[4.785s] -- Symlinking: /home/alux-autopilot22/SUPER-ROS2/install/mars_quadrotor_msgs/include/mars_quadrotor_msgs/mars_quadrotor_msgs/msg/mpc_position_command.h
[4.794s] -- Symlinking: /home/alux-autopilot22/SUPER-ROS2/install/mars_quadrotor_msgs/include/mars_quadrotor_msgs/mars_quadrotor_msgs/msg/polynomial_trajectory.h
[4.803s] -- Symlinking: /home/alux-autopilot22/SUPER-ROS2/install/mars_quadrotor_msgs/include/mars_quadrotor_msgs/mars_quadrotor_msgs/msg/position_command.h
[4.812s] -- Symlinking: /home/alux-autopilot22/SUPER-ROS2/install/mars_quadrotor_msgs/include/mars_quadrotor_msgs/mars_quadrotor_msgs/msg/quadrotor_state.h
[4.821s] -- Symlinking: /home/alux-autopilot22/SUPER-ROS2/install/mars_quadrotor_msgs/include/mars_quadrotor_msgs/mars_quadrotor_msgs/msg/rosidl_generator_c__visibility_control.h
[4.830s] -- Symlinking: /home/alux-autopilot22/SUPER-ROS2/install/mars_quadrotor_msgs/include/mars_quadrotor_msgs/mars_quadrotor_msgs/msg/traking_performance.h
[4.839s] -- Symlinking: /home/alux-autopilot22/SUPER-ROS2/install/mars_quadrotor_msgs/share/mars_quadrotor_msgs/environment/library_path.sh
[4.850s] -- Symlinking: /home/alux-autopilot22/SUPER-ROS2/install/mars_quadrotor_msgs/share/mars_quadrotor_msgs/environment/library_path.dsv
[4.859s] -- Symlinking: /home/alux-autopilot22/SUPER-ROS2/install/mars_quadrotor_msgs/include/mars_quadrotor_msgs/mars_quadrotor_msgs/msg/detail/mpc_position_command__rosidl_typesupport_fastrtps_c.h
[4.868s] -- Symlinking: /home/alux-autopilot22/SUPER-ROS2/install/mars_quadrotor_msgs/include/mars_quadrotor_msgs/mars_quadrotor_msgs/msg/detail/polynomial_trajectory__rosidl_typesupport_fastrtps_c.h
[4.876s] -- Symlinking: /home/alux-autopilot22/SUPER-ROS2/install/mars_quadrotor_msgs/include/mars_quadrotor_msgs/mars_quadrotor_msgs/msg/detail/position_command__rosidl_typesupport_fastrtps_c.h
[4.884s] -- Symlinking: /home/alux-autopilot22/SUPER-ROS2/install/mars_quadrotor_msgs/include/mars_quadrotor_msgs/mars_quadrotor_msgs/msg/detail/quadrotor_state__rosidl_typesupport_fastrtps_c.h
[4.893s] -- Symlinking: /home/alux-autopilot22/SUPER-ROS2/install/mars_quadrotor_msgs/include/mars_quadrotor_msgs/mars_quadrotor_msgs/msg/detail/traking_performance__rosidl_typesupport_fastrtps_c.h
[4.901s] -- Symlinking: /home/alux-autopilot22/SUPER-ROS2/install/mars_quadrotor_msgs/include/mars_quadrotor_msgs/mars_quadrotor_msgs/msg/rosidl_typesupport_fastrtps_c__visibility_control.h
[4.910s] -- Symlinking: /home/alux-autopilot22/SUPER-ROS2/install/mars_quadrotor_msgs/include/mars_quadrotor_msgs/mars_quadrotor_msgs/msg/detail/mpc_position_command__rosidl_typesupport_introspection_c.h
[4.918s] -- Symlinking: /home/alux-autopilot22/SUPER-ROS2/install/mars_quadrotor_msgs/include/mars_quadrotor_msgs/mars_quadrotor_msgs/msg/detail/polynomial_trajectory__rosidl_typesupport_introspection_c.h
[4.927s] -- Symlinking: /home/alux-autopilot22/SUPER-ROS2/install/mars_quadrotor_msgs/include/mars_quadrotor_msgs/mars_quadrotor_msgs/msg/detail/position_command__rosidl_typesupport_introspection_c.h
[4.935s] -- Symlinking: /home/alux-autopilot22/SUPER-ROS2/install/mars_quadrotor_msgs/include/mars_quadrotor_msgs/mars_quadrotor_msgs/msg/detail/quadrotor_state__rosidl_typesupport_introspection_c.h
[4.945s] -- Symlinking: /home/alux-autopilot22/SUPER-ROS2/install/mars_quadrotor_msgs/include/mars_quadrotor_msgs/mars_quadrotor_msgs/msg/detail/traking_performance__rosidl_typesupport_introspection_c.h
[4.954s] -- Symlinking: /home/alux-autopilot22/SUPER-ROS2/install/mars_quadrotor_msgs/include/mars_quadrotor_msgs/mars_quadrotor_msgs/msg/rosidl_typesupport_introspection_c__visibility_control.h
[4.963s] -- Symlinking: /home/alux-autopilot22/SUPER-ROS2/install/mars_quadrotor_msgs/include/mars_quadrotor_msgs/mars_quadrotor_msgs/msg/detail/mpc_position_command__builder.hpp
[4.971s] -- Symlinking: /home/alux-autopilot22/SUPER-ROS2/install/mars_quadrotor_msgs/include/mars_quadrotor_msgs/mars_quadrotor_msgs/msg/detail/mpc_position_command__struct.hpp
[4.980s] -- Symlinking: /home/alux-autopilot22/SUPER-ROS2/install/mars_quadrotor_msgs/include/mars_quadrotor_msgs/mars_quadrotor_msgs/msg/detail/mpc_position_command__traits.hpp
[4.988s] -- Symlinking: /home/alux-autopilot22/SUPER-ROS2/install/mars_quadrotor_msgs/include/mars_quadrotor_msgs/mars_quadrotor_msgs/msg/detail/mpc_position_command__type_support.hpp
[4.997s] -- Symlinking: /home/alux-autopilot22/SUPER-ROS2/install/mars_quadrotor_msgs/include/mars_quadrotor_msgs/mars_quadrotor_msgs/msg/detail/polynomial_trajectory__builder.hpp
[5.005s] -- Symlinking: /home/alux-autopilot22/SUPER-ROS2/install/mars_quadrotor_msgs/include/mars_quadrotor_msgs/mars_quadrotor_msgs/msg/detail/polynomial_trajectory__struct.hpp
[5.013s] -- Symlinking: /home/alux-autopilot22/SUPER-ROS2/install/mars_quadrotor_msgs/include/mars_quadrotor_msgs/mars_quadrotor_msgs/msg/detail/polynomial_trajectory__traits.hpp
[5.022s] -- Symlinking: /home/alux-autopilot22/SUPER-ROS2/install/mars_quadrotor_msgs/include/mars_quadrotor_msgs/mars_quadrotor_msgs/msg/detail/polynomial_trajectory__type_support.hpp
[5.030s] -- Symlinking: /home/alux-autopilot22/SUPER-ROS2/install/mars_quadrotor_msgs/include/mars_quadrotor_msgs/mars_quadrotor_msgs/msg/detail/position_command__builder.hpp
[5.038s] -- Symlinking: /home/alux-autopilot22/SUPER-ROS2/install/mars_quadrotor_msgs/include/mars_quadrotor_msgs/mars_quadrotor_msgs/msg/detail/position_command__struct.hpp
[5.048s] -- Symlinking: /home/alux-autopilot22/SUPER-ROS2/install/mars_quadrotor_msgs/include/mars_quadrotor_msgs/mars_quadrotor_msgs/msg/detail/position_command__traits.hpp
[5.057s] -- Symlinking: /home/alux-autopilot22/SUPER-ROS2/install/mars_quadrotor_msgs/include/mars_quadrotor_msgs/mars_quadrotor_msgs/msg/detail/position_command__type_support.hpp
[5.066s] -- Symlinking: /home/alux-autopilot22/SUPER-ROS2/install/mars_quadrotor_msgs/include/mars_quadrotor_msgs/mars_quadrotor_msgs/msg/detail/quadrotor_state__builder.hpp
[5.075s] -- Symlinking: /home/alux-autopilot22/SUPER-ROS2/install/mars_quadrotor_msgs/include/mars_quadrotor_msgs/mars_quadrotor_msgs/msg/detail/quadrotor_state__struct.hpp
[5.083s] -- Symlinking: /home/alux-autopilot22/SUPER-ROS2/install/mars_quadrotor_msgs/include/mars_quadrotor_msgs/mars_quadrotor_msgs/msg/detail/quadrotor_state__traits.hpp
[5.092s] -- Symlinking: /home/alux-autopilot22/SUPER-ROS2/install/mars_quadrotor_msgs/include/mars_quadrotor_msgs/mars_quadrotor_msgs/msg/detail/quadrotor_state__type_support.hpp
[5.100s] -- Symlinking: /home/alux-autopilot22/SUPER-ROS2/install/mars_quadrotor_msgs/include/mars_quadrotor_msgs/mars_quadrotor_msgs/msg/detail/traking_performance__builder.hpp
[5.109s] -- Symlinking: /home/alux-autopilot22/SUPER-ROS2/install/mars_quadrotor_msgs/include/mars_quadrotor_msgs/mars_quadrotor_msgs/msg/detail/traking_performance__struct.hpp
[5.117s] -- Symlinking: /home/alux-autopilot22/SUPER-ROS2/install/mars_quadrotor_msgs/include/mars_quadrotor_msgs/mars_quadrotor_msgs/msg/detail/traking_performance__traits.hpp
[5.126s] -- Symlinking: /home/alux-autopilot22/SUPER-ROS2/install/mars_quadrotor_msgs/include/mars_quadrotor_msgs/mars_quadrotor_msgs/msg/detail/traking_performance__type_support.hpp
[5.134s] -- Symlinking: /home/alux-autopilot22/SUPER-ROS2/install/mars_quadrotor_msgs/include/mars_quadrotor_msgs/mars_quadrotor_msgs/msg/mpc_position_command.hpp
[5.144s] -- Symlinking: /home/alux-autopilot22/SUPER-ROS2/install/mars_quadrotor_msgs/include/mars_quadrotor_msgs/mars_quadrotor_msgs/msg/polynomial_trajectory.hpp
[5.152s] -- Symlinking: /home/alux-autopilot22/SUPER-ROS2/install/mars_quadrotor_msgs/include/mars_quadrotor_msgs/mars_quadrotor_msgs/msg/position_command.hpp
[5.160s] -- Symlinking: /home/alux-autopilot22/SUPER-ROS2/install/mars_quadrotor_msgs/include/mars_quadrotor_msgs/mars_quadrotor_msgs/msg/quadrotor_state.hpp
[5.168s] -- Symlinking: /home/alux-autopilot22/SUPER-ROS2/install/mars_quadrotor_msgs/include/mars_quadrotor_msgs/mars_quadrotor_msgs/msg/rosidl_generator_cpp__visibility_control.hpp
[5.177s] -- Symlinking: /home/alux-autopilot22/SUPER-ROS2/install/mars_quadrotor_msgs/include/mars_quadrotor_msgs/mars_quadrotor_msgs/msg/traking_performance.hpp
[5.186s] -- Symlinking: /home/alux-autopilot22/SUPER-ROS2/install/mars_quadrotor_msgs/include/mars_quadrotor_msgs/mars_quadrotor_msgs/msg/detail/mpc_position_command__rosidl_typesupport_fastrtps_cpp.hpp
[5.194s] -- Symlinking: /home/alux-autopilot22/SUPER-ROS2/install/mars_quadrotor_msgs/include/mars_quadrotor_msgs/mars_quadrotor_msgs/msg/detail/polynomial_trajectory__rosidl_typesupport_fastrtps_cpp.hpp
[5.202s] -- Symlinking: /home/alux-autopilot22/SUPER-ROS2/install/mars_quadrotor_msgs/include/mars_quadrotor_msgs/mars_quadrotor_msgs/msg/detail/position_command__rosidl_typesupport_fastrtps_cpp.hpp
[5.210s] -- Symlinking: /home/alux-autopilot22/SUPER-ROS2/install/mars_quadrotor_msgs/include/mars_quadrotor_msgs/mars_quadrotor_msgs/msg/detail/quadrotor_state__rosidl_typesupport_fastrtps_cpp.hpp
[5.218s] -- Symlinking: /home/alux-autopilot22/SUPER-ROS2/install/mars_quadrotor_msgs/include/mars_quadrotor_msgs/mars_quadrotor_msgs/msg/detail/traking_performance__rosidl_typesupport_fastrtps_cpp.hpp
[5.226s] -- Symlinking: /home/alux-autopilot22/SUPER-ROS2/install/mars_quadrotor_msgs/include/mars_quadrotor_msgs/mars_quadrotor_msgs/msg/rosidl_typesupport_fastrtps_cpp__visibility_control.h
[5.235s] -- Symlinking: /home/alux-autopilot22/SUPER-ROS2/install/mars_quadrotor_msgs/include/mars_quadrotor_msgs/mars_quadrotor_msgs/msg/detail/mpc_position_command__rosidl_typesupport_introspection_cpp.hpp
[5.244s] -- Symlinking: /home/alux-autopilot22/SUPER-ROS2/install/mars_quadrotor_msgs/include/mars_quadrotor_msgs/mars_quadrotor_msgs/msg/detail/polynomial_trajectory__rosidl_typesupport_introspection_cpp.hpp
[5.253s] -- Symlinking: /home/alux-autopilot22/SUPER-ROS2/install/mars_quadrotor_msgs/include/mars_quadrotor_msgs/mars_quadrotor_msgs/msg/detail/position_command__rosidl_typesupport_introspection_cpp.hpp
[5.262s] -- Symlinking: /home/alux-autopilot22/SUPER-ROS2/install/mars_quadrotor_msgs/include/mars_quadrotor_msgs/mars_quadrotor_msgs/msg/detail/quadrotor_state__rosidl_typesupport_introspection_cpp.hpp
[5.270s] -- Symlinking: /home/alux-autopilot22/SUPER-ROS2/install/mars_quadrotor_msgs/include/mars_quadrotor_msgs/mars_quadrotor_msgs/msg/detail/traking_performance__rosidl_typesupport_introspection_cpp.hpp
[5.278s] -- Symlinking: /home/alux-autopilot22/SUPER-ROS2/install/mars_quadrotor_msgs/share/mars_quadrotor_msgs/environment/pythonpath.sh
[5.286s] -- Symlinking: /home/alux-autopilot22/SUPER-ROS2/install/mars_quadrotor_msgs/share/mars_quadrotor_msgs/environment/pythonpath.dsv
[5.295s] -- Symlinking: /home/alux-autopilot22/SUPER-ROS2/install/mars_quadrotor_msgs/local/lib/python3.10/dist-packages/mars_quadrotor_msgs-2.0.8-py3.10.egg-info/PKG-INFO
[5.303s] -- Symlinking: /home/alux-autopilot22/SUPER-ROS2/install/mars_quadrotor_msgs/local/lib/python3.10/dist-packages/mars_quadrotor_msgs-2.0.8-py3.10.egg-info/SOURCES.txt
[5.311s] -- Symlinking: /home/alux-autopilot22/SUPER-ROS2/install/mars_quadrotor_msgs/local/lib/python3.10/dist-packages/mars_quadrotor_msgs-2.0.8-py3.10.egg-info/dependency_links.txt
[5.319s] -- Symlinking: /home/alux-autopilot22/SUPER-ROS2/install/mars_quadrotor_msgs/local/lib/python3.10/dist-packages/mars_quadrotor_msgs-2.0.8-py3.10.egg-info/top_level.txt
[5.328s] -- Symlinking: /home/alux-autopilot22/SUPER-ROS2/install/mars_quadrotor_msgs/local/lib/python3.10/dist-packages/mars_quadrotor_msgs/__init__.py
[5.336s] -- Symlinking: /home/alux-autopilot22/SUPER-ROS2/install/mars_quadrotor_msgs/local/lib/python3.10/dist-packages/mars_quadrotor_msgs/_mars_quadrotor_msgs_s.ep.rosidl_typesupport_c.c
[5.346s] -- Symlinking: /home/alux-autopilot22/SUPER-ROS2/install/mars_quadrotor_msgs/local/lib/python3.10/dist-packages/mars_quadrotor_msgs/_mars_quadrotor_msgs_s.ep.rosidl_typesupport_fastrtps_c.c
[5.354s] -- Symlinking: /home/alux-autopilot22/SUPER-ROS2/install/mars_quadrotor_msgs/local/lib/python3.10/dist-packages/mars_quadrotor_msgs/_mars_quadrotor_msgs_s.ep.rosidl_typesupport_introspection_c.c
[5.362s] -- Symlinking: /home/alux-autopilot22/SUPER-ROS2/install/mars_quadrotor_msgs/local/lib/python3.10/dist-packages/mars_quadrotor_msgs/libmars_quadrotor_msgs__rosidl_generator_py.so
[5.371s] -- Symlinking: /home/alux-autopilot22/SUPER-ROS2/install/mars_quadrotor_msgs/local/lib/python3.10/dist-packages/mars_quadrotor_msgs/mars_quadrotor_msgs_s__rosidl_typesupport_c.cpython-310-x86_64-linux-gnu.so
[5.379s] -- Symlinking: /home/alux-autopilot22/SUPER-ROS2/install/mars_quadrotor_msgs/local/lib/python3.10/dist-packages/mars_quadrotor_msgs/mars_quadrotor_msgs_s__rosidl_typesupport_fastrtps_c.cpython-310-x86_64-linux-gnu.so
[5.388s] -- Symlinking: /home/alux-autopilot22/SUPER-ROS2/install/mars_quadrotor_msgs/local/lib/python3.10/dist-packages/mars_quadrotor_msgs/mars_quadrotor_msgs_s__rosidl_typesupport_introspection_c.cpython-310-x86_64-linux-gnu.so
[5.397s] -- Symlinking: /home/alux-autopilot22/SUPER-ROS2/install/mars_quadrotor_msgs/local/lib/python3.10/dist-packages/mars_quadrotor_msgs/msg/__init__.py
[5.405s] -- Symlinking: /home/alux-autopilot22/SUPER-ROS2/install/mars_quadrotor_msgs/local/lib/python3.10/dist-packages/mars_quadrotor_msgs/msg/_mpc_position_command.py
[5.413s] -- Symlinking: /home/alux-autopilot22/SUPER-ROS2/install/mars_quadrotor_msgs/local/lib/python3.10/dist-packages/mars_quadrotor_msgs/msg/_mpc_position_command_s.c
[5.422s] -- Symlinking: /home/alux-autopilot22/SUPER-ROS2/install/mars_quadrotor_msgs/local/lib/python3.10/dist-packages/mars_quadrotor_msgs/msg/_polynomial_trajectory.py
[5.430s] -- Symlinking: /home/alux-autopilot22/SUPER-ROS2/install/mars_quadrotor_msgs/local/lib/python3.10/dist-packages/mars_quadrotor_msgs/msg/_polynomial_trajectory_s.c
[5.439s] -- Symlinking: /home/alux-autopilot22/SUPER-ROS2/install/mars_quadrotor_msgs/local/lib/python3.10/dist-packages/mars_quadrotor_msgs/msg/_position_command.py
[5.449s] -- Symlinking: /home/alux-autopilot22/SUPER-ROS2/install/mars_quadrotor_msgs/local/lib/python3.10/dist-packages/mars_quadrotor_msgs/msg/_position_command_s.c
[5.458s] -- Symlinking: /home/alux-autopilot22/SUPER-ROS2/install/mars_quadrotor_msgs/local/lib/python3.10/dist-packages/mars_quadrotor_msgs/msg/_quadrotor_state.py
[5.466s] -- Symlinking: /home/alux-autopilot22/SUPER-ROS2/install/mars_quadrotor_msgs/local/lib/python3.10/dist-packages/mars_quadrotor_msgs/msg/_quadrotor_state_s.c
[5.475s] -- Symlinking: /home/alux-autopilot22/SUPER-ROS2/install/mars_quadrotor_msgs/local/lib/python3.10/dist-packages/mars_quadrotor_msgs/msg/_traking_performance.py
[5.483s] -- Symlinking: /home/alux-autopilot22/SUPER-ROS2/install/mars_quadrotor_msgs/local/lib/python3.10/dist-packages/mars_quadrotor_msgs/msg/_traking_performance_s.c
[5.492s] -- Up-to-date symlink: /home/alux-autopilot22/SUPER-ROS2/install/mars_quadrotor_msgs/local/lib/python3.10/dist-packages/mars_quadrotor_msgs/mars_quadrotor_msgs_s__rosidl_typesupport_fastrtps_c.cpython-310-x86_64-linux-gnu.so
[5.492s] -- Up-to-date symlink: /home/alux-autopilot22/SUPER-ROS2/install/mars_quadrotor_msgs/local/lib/python3.10/dist-packages/mars_quadrotor_msgs/mars_quadrotor_msgs_s__rosidl_typesupport_introspection_c.cpython-310-x86_64-linux-gnu.so
[5.492s] -- Up-to-date symlink: /home/alux-autopilot22/SUPER-ROS2/install/mars_quadrotor_msgs/local/lib/python3.10/dist-packages/mars_quadrotor_msgs/mars_quadrotor_msgs_s__rosidl_typesupport_c.cpython-310-x86_64-linux-gnu.so
[5.492s] -- Symlinking: /home/alux-autopilot22/SUPER-ROS2/install/mars_quadrotor_msgs/share/ament_index/resource_index/rust_packages/mars_quadrotor_msgs
[5.502s] -- Symlinking: /home/alux-autopilot22/SUPER-ROS2/install/mars_quadrotor_msgs/share/mars_quadrotor_msgs/rust/Cargo.toml
[5.510s] -- Symlinking: /home/alux-autopilot22/SUPER-ROS2/install/mars_quadrotor_msgs/share/mars_quadrotor_msgs/rust/build.rs
[5.519s] -- Symlinking: /home/alux-autopilot22/SUPER-ROS2/install/mars_quadrotor_msgs/share/mars_quadrotor_msgs/rust/src/lib.rs
[5.527s] -- Symlinking: /home/alux-autopilot22/SUPER-ROS2/install/mars_quadrotor_msgs/share/mars_quadrotor_msgs/rust/src/msg.rs
[5.536s] -- Symlinking: /home/alux-autopilot22/SUPER-ROS2/install/mars_quadrotor_msgs/share/mars_quadrotor_msgs/rust/src/msg/rmw.rs
[5.547s] -- Symlinking: /home/alux-autopilot22/SUPER-ROS2/install/mars_quadrotor_msgs/share/mars_quadrotor_msgs/msg/QuadrotorState.idl
[5.556s] -- Symlinking: /home/alux-autopilot22/SUPER-ROS2/install/mars_quadrotor_msgs/share/mars_quadrotor_msgs/msg/TrakingPerformance.idl
[5.565s] -- Symlinking: /home/alux-autopilot22/SUPER-ROS2/install/mars_quadrotor_msgs/share/mars_quadrotor_msgs/msg/PositionCommand.idl
[5.573s] -- Symlinking: /home/alux-autopilot22/SUPER-ROS2/install/mars_quadrotor_msgs/share/mars_quadrotor_msgs/msg/PolynomialTrajectory.idl
[5.582s] -- Symlinking: /home/alux-autopilot22/SUPER-ROS2/install/mars_quadrotor_msgs/share/mars_quadrotor_msgs/msg/MpcPositionCommand.idl
[5.591s] -- Symlinking: /home/alux-autopilot22/SUPER-ROS2/install/mars_quadrotor_msgs/share/mars_quadrotor_msgs/ros2_msg/QuadrotorState.msg
[5.599s] -- Symlinking: /home/alux-autopilot22/SUPER-ROS2/install/mars_quadrotor_msgs/share/mars_quadrotor_msgs/ros2_msg/TrakingPerformance.msg
[5.608s] -- Symlinking: /home/alux-autopilot22/SUPER-ROS2/install/mars_quadrotor_msgs/share/mars_quadrotor_msgs/ros2_msg/PositionCommand.msg
[5.616s] -- Symlinking: /home/alux-autopilot22/SUPER-ROS2/install/mars_quadrotor_msgs/share/mars_quadrotor_msgs/ros2_msg/PolynomialTrajectory.msg
[5.625s] -- Symlinking: /home/alux-autopilot22/SUPER-ROS2/install/mars_quadrotor_msgs/share/mars_quadrotor_msgs/ros2_msg/MpcPositionCommand.msg
[5.633s] -- Symlinking: /home/alux-autopilot22/SUPER-ROS2/install/mars_quadrotor_msgs/share/ament_index/resource_index/package_run_dependencies/mars_quadrotor_msgs
[5.643s] -- Symlinking: /home/alux-autopilot22/SUPER-ROS2/install/mars_quadrotor_msgs/share/ament_index/resource_index/parent_prefix_path/mars_quadrotor_msgs
[5.652s] -- Symlinking: /home/alux-autopilot22/SUPER-ROS2/install/mars_quadrotor_msgs/share/mars_quadrotor_msgs/environment/ament_prefix_path.sh
[5.661s] -- Symlinking: /home/alux-autopilot22/SUPER-ROS2/install/mars_quadrotor_msgs/share/mars_quadrotor_msgs/environment/ament_prefix_path.dsv
[5.669s] -- Symlinking: /home/alux-autopilot22/SUPER-ROS2/install/mars_quadrotor_msgs/share/mars_quadrotor_msgs/environment/path.sh
[5.678s] -- Symlinking: /home/alux-autopilot22/SUPER-ROS2/install/mars_quadrotor_msgs/share/mars_quadrotor_msgs/environment/path.dsv
[5.687s] -- Symlinking: /home/alux-autopilot22/SUPER-ROS2/install/mars_quadrotor_msgs/share/mars_quadrotor_msgs/local_setup.bash
[5.695s] -- Symlinking: /home/alux-autopilot22/SUPER-ROS2/install/mars_quadrotor_msgs/share/mars_quadrotor_msgs/local_setup.sh
[5.703s] -- Symlinking: /home/alux-autopilot22/SUPER-ROS2/install/mars_quadrotor_msgs/share/mars_quadrotor_msgs/local_setup.zsh
[5.712s] -- Symlinking: /home/alux-autopilot22/SUPER-ROS2/install/mars_quadrotor_msgs/share/mars_quadrotor_msgs/local_setup.dsv
[5.720s] -- Symlinking: /home/alux-autopilot22/SUPER-ROS2/install/mars_quadrotor_msgs/share/mars_quadrotor_msgs/package.dsv
[5.729s] -- Symlinking: /home/alux-autopilot22/SUPER-ROS2/install/mars_quadrotor_msgs/share/ament_index/resource_index/packages/mars_quadrotor_msgs
[5.737s] -- Symlinking: /home/alux-autopilot22/SUPER-ROS2/install/mars_quadrotor_msgs/share/mars_quadrotor_msgs/cmake/rosidl_cmake-extras.cmake
[5.748s] -- Symlinking: /home/alux-autopilot22/SUPER-ROS2/install/mars_quadrotor_msgs/share/mars_quadrotor_msgs/cmake/ament_cmake_export_dependencies-extras.cmake
[5.757s] -- Symlinking: /home/alux-autopilot22/SUPER-ROS2/install/mars_quadrotor_msgs/share/mars_quadrotor_msgs/cmake/ament_cmake_export_include_directories-extras.cmake
[5.766s] -- Symlinking: /home/alux-autopilot22/SUPER-ROS2/install/mars_quadrotor_msgs/share/mars_quadrotor_msgs/cmake/ament_cmake_export_libraries-extras.cmake
[5.775s] -- Symlinking: /home/alux-autopilot22/SUPER-ROS2/install/mars_quadrotor_msgs/share/mars_quadrotor_msgs/cmake/ament_cmake_export_targets-extras.cmake
[5.784s] -- Symlinking: /home/alux-autopilot22/SUPER-ROS2/install/mars_quadrotor_msgs/share/mars_quadrotor_msgs/cmake/rosidl_cmake_export_typesupport_targets-extras.cmake
[5.792s] -- Symlinking: /home/alux-autopilot22/SUPER-ROS2/install/mars_quadrotor_msgs/share/mars_quadrotor_msgs/cmake/rosidl_cmake_export_typesupport_libraries-extras.cmake
[5.803s] -- Symlinking: /home/alux-autopilot22/SUPER-ROS2/install/mars_quadrotor_msgs/share/mars_quadrotor_msgs/cmake/mars_quadrotor_msgsConfig.cmake
[5.814s] -- Symlinking: /home/alux-autopilot22/SUPER-ROS2/install/mars_quadrotor_msgs/share/mars_quadrotor_msgs/cmake/mars_quadrotor_msgsConfig-version.cmake
[5.825s] -- Symlinking: /home/alux-autopilot22/SUPER-ROS2/install/mars_quadrotor_msgs/share/mars_quadrotor_msgs/package.xml
[5.837s] -- Installing: /home/alux-autopilot22/SUPER-ROS2/install/mars_quadrotor_msgs/lib/libmars_quadrotor_msgs__rosidl_generator_c.so
[5.837s] -- Set runtime path of "/home/alux-autopilot22/SUPER-ROS2/install/mars_quadrotor_msgs/lib/libmars_quadrotor_msgs__rosidl_generator_c.so" to ""
[5.837s] -- Installing: /home/alux-autopilot22/SUPER-ROS2/install/mars_quadrotor_msgs/lib/libmars_quadrotor_msgs__rosidl_typesupport_fastrtps_c.so
[5.837s] -- Set runtime path of "/home/alux-autopilot22/SUPER-ROS2/install/mars_quadrotor_msgs/lib/libmars_quadrotor_msgs__rosidl_typesupport_fastrtps_c.so" to ""
[5.837s] -- Installing: /home/alux-autopilot22/SUPER-ROS2/install/mars_quadrotor_msgs/lib/libmars_quadrotor_msgs__rosidl_typesupport_introspection_c.so
[5.838s] -- Set runtime path of "/home/alux-autopilot22/SUPER-ROS2/install/mars_quadrotor_msgs/lib/libmars_quadrotor_msgs__rosidl_typesupport_introspection_c.so" to ""
[5.838s] -- Installing: /home/alux-autopilot22/SUPER-ROS2/install/mars_quadrotor_msgs/lib/libmars_quadrotor_msgs__rosidl_typesupport_c.so
[5.838s] -- Set runtime path of "/home/alux-autopilot22/SUPER-ROS2/install/mars_quadrotor_msgs/lib/libmars_quadrotor_msgs__rosidl_typesupport_c.so" to ""
[5.839s] -- Installing: /home/alux-autopilot22/SUPER-ROS2/install/mars_quadrotor_msgs/lib/libmars_quadrotor_msgs__rosidl_typesupport_fastrtps_cpp.so
[5.839s] -- Set runtime path of "/home/alux-autopilot22/SUPER-ROS2/install/mars_quadrotor_msgs/lib/libmars_quadrotor_msgs__rosidl_typesupport_fastrtps_cpp.so" to ""
[5.839s] -- Installing: /home/alux-autopilot22/SUPER-ROS2/install/mars_quadrotor_msgs/lib/libmars_quadrotor_msgs__rosidl_typesupport_introspection_cpp.so
[5.840s] -- Set runtime path of "/home/alux-autopilot22/SUPER-ROS2/install/mars_quadrotor_msgs/lib/libmars_quadrotor_msgs__rosidl_typesupport_introspection_cpp.so" to ""
[5.840s] -- Installing: /home/alux-autopilot22/SUPER-ROS2/install/mars_quadrotor_msgs/lib/libmars_quadrotor_msgs__rosidl_typesupport_cpp.so
[5.840s] -- Set runtime path of "/home/alux-autopilot22/SUPER-ROS2/install/mars_quadrotor_msgs/lib/libmars_quadrotor_msgs__rosidl_typesupport_cpp.so" to ""
[5.893s] Listing '/home/alux-autopilot22/SUPER-ROS2/install/mars_quadrotor_msgs/local/lib/python3.10/dist-packages/mars_quadrotor_msgs'...
[5.893s] Compiling '/home/alux-autopilot22/SUPER-ROS2/install/mars_quadrotor_msgs/local/lib/python3.10/dist-packages/mars_quadrotor_msgs/__init__.py'...
[5.894s] Listing '/home/alux-autopilot22/SUPER-ROS2/install/mars_quadrotor_msgs/local/lib/python3.10/dist-packages/mars_quadrotor_msgs/msg'...
[5.894s] Compiling '/home/alux-autopilot22/SUPER-ROS2/install/mars_quadrotor_msgs/local/lib/python3.10/dist-packages/mars_quadrotor_msgs/msg/__init__.py'...
[5.894s] Compiling '/home/alux-autopilot22/SUPER-ROS2/install/mars_quadrotor_msgs/local/lib/python3.10/dist-packages/mars_quadrotor_msgs/msg/_mpc_position_command.py'...
[5.894s] Compiling '/home/alux-autopilot22/SUPER-ROS2/install/mars_quadrotor_msgs/local/lib/python3.10/dist-packages/mars_quadrotor_msgs/msg/_polynomial_trajectory.py'...
[5.894s] Compiling '/home/alux-autopilot22/SUPER-ROS2/install/mars_quadrotor_msgs/local/lib/python3.10/dist-packages/mars_quadrotor_msgs/msg/_position_command.py'...
[5.894s] Compiling '/home/alux-autopilot22/SUPER-ROS2/install/mars_quadrotor_msgs/local/lib/python3.10/dist-packages/mars_quadrotor_msgs/msg/_quadrotor_state.py'...
[5.894s] Compiling '/home/alux-autopilot22/SUPER-ROS2/install/mars_quadrotor_msgs/local/lib/python3.10/dist-packages/mars_quadrotor_msgs/msg/_traking_performance.py'...
[5.901s] -- Installing: /home/alux-autopilot22/SUPER-ROS2/install/mars_quadrotor_msgs/lib/libmars_quadrotor_msgs__rosidl_generator_py.so
[5.901s] -- Set runtime path of "/home/alux-autopilot22/SUPER-ROS2/install/mars_quadrotor_msgs/lib/libmars_quadrotor_msgs__rosidl_generator_py.so" to ""
[5.901s] -- Installing: /home/alux-autopilot22/SUPER-ROS2/install/mars_quadrotor_msgs/share/mars_quadrotor_msgs/cmake/export_mars_quadrotor_msgs__rosidl_generator_cExport.cmake
[5.901s] -- Installing: /home/alux-autopilot22/SUPER-ROS2/install/mars_quadrotor_msgs/share/mars_quadrotor_msgs/cmake/export_mars_quadrotor_msgs__rosidl_generator_cExport-noconfig.cmake
[5.902s] -- Installing: /home/alux-autopilot22/SUPER-ROS2/install/mars_quadrotor_msgs/share/mars_quadrotor_msgs/cmake/export_mars_quadrotor_msgs__rosidl_typesupport_fastrtps_cExport.cmake
[5.902s] -- Installing: /home/alux-autopilot22/SUPER-ROS2/install/mars_quadrotor_msgs/share/mars_quadrotor_msgs/cmake/export_mars_quadrotor_msgs__rosidl_typesupport_fastrtps_cExport-noconfig.cmake
[5.902s] -- Installing: /home/alux-autopilot22/SUPER-ROS2/install/mars_quadrotor_msgs/share/mars_quadrotor_msgs/cmake/mars_quadrotor_msgs__rosidl_typesupport_introspection_cExport.cmake
[5.902s] -- Installing: /home/alux-autopilot22/SUPER-ROS2/install/mars_quadrotor_msgs/share/mars_quadrotor_msgs/cmake/mars_quadrotor_msgs__rosidl_typesupport_introspection_cExport-noconfig.cmake
[5.902s] -- Installing: /home/alux-autopilot22/SUPER-ROS2/install/mars_quadrotor_msgs/share/mars_quadrotor_msgs/cmake/mars_quadrotor_msgs__rosidl_typesupport_cExport.cmake
[5.902s] -- Installing: /home/alux-autopilot22/SUPER-ROS2/install/mars_quadrotor_msgs/share/mars_quadrotor_msgs/cmake/mars_quadrotor_msgs__rosidl_typesupport_cExport-noconfig.cmake
[5.902s] -- Installing: /home/alux-autopilot22/SUPER-ROS2/install/mars_quadrotor_msgs/share/mars_quadrotor_msgs/cmake/export_mars_quadrotor_msgs__rosidl_generator_cppExport.cmake
[5.903s] -- Installing: /home/alux-autopilot22/SUPER-ROS2/install/mars_quadrotor_msgs/share/mars_quadrotor_msgs/cmake/export_mars_quadrotor_msgs__rosidl_typesupport_fastrtps_cppExport.cmake
[5.903s] -- Installing: /home/alux-autopilot22/SUPER-ROS2/install/mars_quadrotor_msgs/share/mars_quadrotor_msgs/cmake/export_mars_quadrotor_msgs__rosidl_typesupport_fastrtps_cppExport-noconfig.cmake
[5.903s] -- Installing: /home/alux-autopilot22/SUPER-ROS2/install/mars_quadrotor_msgs/share/mars_quadrotor_msgs/cmake/mars_quadrotor_msgs__rosidl_typesupport_introspection_cppExport.cmake
[5.903s] -- Installing: /home/alux-autopilot22/SUPER-ROS2/install/mars_quadrotor_msgs/share/mars_quadrotor_msgs/cmake/mars_quadrotor_msgs__rosidl_typesupport_introspection_cppExport-noconfig.cmake
[5.903s] -- Installing: /home/alux-autopilot22/SUPER-ROS2/install/mars_quadrotor_msgs/share/mars_quadrotor_msgs/cmake/mars_quadrotor_msgs__rosidl_typesupport_cppExport.cmake
[5.903s] -- Installing: /home/alux-autopilot22/SUPER-ROS2/install/mars_quadrotor_msgs/share/mars_quadrotor_msgs/cmake/mars_quadrotor_msgs__rosidl_typesupport_cppExport-noconfig.cmake
[5.904s] -- Installing: /home/alux-autopilot22/SUPER-ROS2/install/mars_quadrotor_msgs/share/mars_quadrotor_msgs/cmake/export_mars_quadrotor_msgs__rosidl_generator_pyExport.cmake
[5.904s] -- Installing: /home/alux-autopilot22/SUPER-ROS2/install/mars_quadrotor_msgs/share/mars_quadrotor_msgs/cmake/export_mars_quadrotor_msgs__rosidl_generator_pyExport-noconfig.cmake
[5.907s] Invoked command in '/home/alux-autopilot22/SUPER-ROS2/build/mars_quadrotor_msgs' returned '0': CMAKE_PREFIX_PATH=/opt/ros/humble /usr/bin/cmake --install /home/alux-autopilot22/SUPER-ROS2/build/mars_quadrotor_msgs
