-- The C compiler identification is GNU 11.4.0
-- The CXX compiler identification is GNU 11.4.0
-- Detecting C compiler ABI info
-- Detecting C compiler ABI info - done
-- Check for working C compiler: /usr/bin/cc - skipped
-- Detecting C compile features
-- Detecting C compile features - done
-- Detecting CXX compiler ABI info
-- Detecting CXX compiler ABI info - done
-- Check for working CXX compiler: /usr/bin/c++ - skipped
-- Detecting CXX compile features
-- Detecting CXX compile features - done
-- Found ament_cmake: 1.3.14 (/opt/ros/humble/share/ament_cmake/cmake)
-- Found Python3: /usr/bin/python3 (found version "3.10.19") found components: Interpreter 
-- Override CMake install command with custom implementation using symlinks instead of copying resources
-- Found rclcpp: 16.0.19 (/opt/ros/humble/share/rclcpp/cmake)
-- Found rosidl_generator_c: 3.1.8 (/opt/ros/humble/share/rosidl_generator_c/cmake)
-- Found rosidl_adapter: 3.1.8 (/opt/ros/humble/share/rosidl_adapter/cmake)
-- Found rosidl_generator_cpp: 3.1.8 (/opt/ros/humble/share/rosidl_generator_cpp/cmake)
-- Using all available rosidl_typesupport_c: rosidl_typesupport_fastrtps_c;rosidl_typesupport_introspection_c
-- Using all available rosidl_typesupport_cpp: rosidl_typesupport_fastrtps_cpp;rosidl_typesupport_introspection_cpp
-- Found rmw_implementation_cmake: 6.1.2 (/opt/ros/humble/share/rmw_implementation_cmake/cmake)
-- Found rmw_fastrtps_cpp: 6.2.10 (/opt/ros/humble/share/rmw_fastrtps_cpp/cmake)
-- Found OpenSSL: /usr/lib/x86_64-linux-gnu/libcrypto.so (found version "3.0.2")  
-- Found FastRTPS: /opt/ros/humble/include  
-- Using RMW implementation 'rmw_fastrtps_cpp' as default
-- Looking for pthread.h
-- Looking for pthread.h - found
-- Performing Test CMAKE_HAVE_LIBC_PTHREAD
-- Performing Test CMAKE_HAVE_LIBC_PTHREAD - Success
-- Found Threads: TRUE  
-- GCC or Clang detected, adding -Wall -Wextra -Werror
-- Found OpenCV: /usr (found version "4.5.4") 
-- Found GLEW: /usr/include (found version "2.2.0") 
[33mCMake Warning (dev) at /usr/share/cmake-3.22/Modules/FindOpenGL.cmake:315 (message):
  Policy CMP0072 is not set: FindOpenGL prefers GLVND by default when
  available.  Run "cmake --help-policy CMP0072" for policy details.  Use the
  cmake_policy command to set the policy and suppress this warning.

  FindOpenGL found both a legacy GL library:

    OPENGL_gl_LIBRARY: /usr/lib/x86_64-linux-gnu/libGL.so

  and GLVND libraries for OpenGL and GLX:

    OPENGL_opengl_LIBRARY: /usr/lib/x86_64-linux-gnu/libOpenGL.so
    OPENGL_glx_LIBRARY: /usr/lib/x86_64-linux-gnu/libGLX.so

  OpenGL_GL_PREFERENCE has not been set to "GLVND" or "LEGACY", so for
  compatibility with CMake 3.10 and below the legacy GL library will be used.
Call Stack (most recent call first):
  CMakeLists.txt:48 (find_package)
This warning is for project developers.  Use -Wno-dev to suppress it.
[0m
-- Found OpenGL: /usr/lib/x86_64-linux-gnu/libOpenGL.so   
-- Checking for module 'eigen3'
--   Found eigen3, version 3.4.0
-- Found Eigen: /usr/include/eigen3 (Required is at least version "3.1") 
-- Eigen found (include: /usr/include/eigen3, version: 3.4.0)
-- Found Boost: /usr/lib/x86_64-linux-gnu/cmake/Boost-1.74.0/BoostConfig.cmake (found suitable version "1.74.0", minimum required is "1.65.0") found components: system filesystem date_time iostreams serialization 
-- Checking for module 'flann'
--   Found flann, version 1.9.1
-- Found FLANN: /usr/lib/x86_64-linux-gnu/libflann_cpp.so  
-- FLANN found (include: /usr/include, lib: /usr/lib/x86_64-linux-gnu/libflann_cpp.so)
-- Found GLEW: /usr/lib/x86_64-linux-gnu/libGLEW.so  
-- Found OpenGL: /usr/lib/x86_64-linux-gnu/libOpenGL.so  found components: OpenGL GLX 
-- Found MPI_C: /usr/lib/x86_64-linux-gnu/libmpi.so (found version "3.1") 
-- Found MPI: TRUE (found version "3.1") found components: C 
-- Found JsonCpp: /usr/lib/x86_64-linux-gnu/libjsoncpp.so (found suitable version "1.9.5", minimum required is "0.7.0") 
-- Found ZLIB: /usr/lib/x86_64-linux-gnu/libz.so (found version "1.3.1") 
-- Found PNG: /usr/lib/x86_64-linux-gnu/libpng.so (found version "1.6.55") 
-- Found Eigen3: /usr/include/eigen3 (found version "3.4.0") 
-- Found X11: /usr/include   
-- Looking for XOpenDisplay in /usr/lib/x86_64-linux-gnu/libX11.so;/usr/lib/x86_64-linux-gnu/libXext.so
-- Looking for XOpenDisplay in /usr/lib/x86_64-linux-gnu/libX11.so;/usr/lib/x86_64-linux-gnu/libXext.so - found
-- Looking for gethostbyname
-- Looking for gethostbyname - found
-- Looking for connect
-- Looking for connect - found
-- Looking for remove
-- Looking for remove - found
-- Looking for shmat
-- Looking for shmat - found
-- Looking for IceConnectionNumber in ICE
-- Looking for IceConnectionNumber in ICE - found
-- Found EXPAT: /usr/lib/x86_64-linux-gnu/libexpat.so (found version "2.6.1") 
-- Found double-conversion: /usr/lib/x86_64-linux-gnu/libdouble-conversion.so  
-- Found LZ4: /usr/lib/x86_64-linux-gnu/liblz4.so (found version "1.9.3") 
-- Found LZMA: /usr/lib/x86_64-linux-gnu/liblzma.so (found version "5.2.5") 
-- Found JPEG: /usr/lib/x86_64-linux-gnu/libjpeg.so (found version "80") 
-- Found TIFF: /usr/lib/x86_64-linux-gnu/libtiff.so (found version "4.7.0")  
-- Found Freetype: /usr/lib/x86_64-linux-gnu/libfreetype.so (found version "2.12.1") 
-- Found utf8cpp: /usr/include/utf8cpp  
-- Checking for module 'libusb-1.0'
--   Found libusb-1.0, version 1.0.25
-- Found libusb: /usr/lib/x86_64-linux-gnu/libusb-1.0.so  
-- Found OpenNI: /usr/lib/libOpenNI.so;libusb::libusb (found version "1.5.4.0") 
-- OpenNI found (version: 1.5.4.0, include: /usr/include/ni, lib: /usr/lib/libOpenNI.so;libusb::libusb)
-- Found OpenNI2: /usr/lib/x86_64-linux-gnu/libOpenNI2.so;libusb::libusb (found version "2.2.0.33") 
-- OpenNI2 found (version: 2.2.0.33, include: /usr/include/openni2, lib: /usr/lib/x86_64-linux-gnu/libOpenNI2.so;libusb::libusb)
[0m** WARNING ** io features related to pcap will be disabled[0m
-- Eigen found (include: /usr/include/eigen3, version: 3.4.0)
-- OpenNI found (version: 1.5.4.0, include: /usr/include/ni, lib: /usr/lib/libOpenNI.so;libusb::libusb)
-- OpenNI2 found (version: 2.2.0.33, include: /usr/include/openni2, lib: /usr/lib/x86_64-linux-gnu/libOpenNI2.so;libusb::libusb)
-- Found Qhull version 8.0.2
-- OpenNI found (version: 1.5.4.0, include: /usr/include/ni, lib: /usr/lib/libOpenNI.so;libusb::libusb)
-- looking for PCL_COMMON
-- Found PCL_COMMON: /usr/lib/x86_64-linux-gnu/libpcl_common.so  
-- looking for PCL_KDTREE
-- Found PCL_KDTREE: /usr/lib/x86_64-linux-gnu/libpcl_kdtree.so  
-- looking for PCL_OCTREE
-- Found PCL_OCTREE: /usr/lib/x86_64-linux-gnu/libpcl_octree.so  
-- looking for PCL_SEARCH
-- Found PCL_SEARCH: /usr/lib/x86_64-linux-gnu/libpcl_search.so  
-- looking for PCL_SAMPLE_CONSENSUS
-- Found PCL_SAMPLE_CONSENSUS: /usr/lib/x86_64-linux-gnu/libpcl_sample_consensus.so  
-- looking for PCL_FILTERS
-- Found PCL_FILTERS: /usr/lib/x86_64-linux-gnu/libpcl_filters.so  
-- looking for PCL_2D
-- Found PCL_2D: /usr/include/pcl-1.12  
-- looking for PCL_GEOMETRY
-- Found PCL_GEOMETRY: /usr/include/pcl-1.12  
-- looking for PCL_IO
-- Found PCL_IO: /usr/lib/x86_64-linux-gnu/libpcl_io.so  
-- looking for PCL_FEATURES
-- Found PCL_FEATURES: /usr/lib/x86_64-linux-gnu/libpcl_features.so  
-- looking for PCL_ML
-- Found PCL_ML: /usr/lib/x86_64-linux-gnu/libpcl_ml.so  
-- looking for PCL_SEGMENTATION
-- Found PCL_SEGMENTATION: /usr/lib/x86_64-linux-gnu/libpcl_segmentation.so  
-- looking for PCL_VISUALIZATION
-- Found PCL_VISUALIZATION: /usr/lib/x86_64-linux-gnu/libpcl_visualization.so  
-- looking for PCL_SURFACE
-- Found PCL_SURFACE: /usr/lib/x86_64-linux-gnu/libpcl_surface.so  
-- looking for PCL_REGISTRATION
-- Found PCL_REGISTRATION: /usr/lib/x86_64-linux-gnu/libpcl_registration.so  
-- looking for PCL_KEYPOINTS
-- Found PCL_KEYPOINTS: /usr/lib/x86_64-linux-gnu/libpcl_keypoints.so  
-- looking for PCL_TRACKING
-- Found PCL_TRACKING: /usr/lib/x86_64-linux-gnu/libpcl_tracking.so  
-- looking for PCL_RECOGNITION
-- Found PCL_RECOGNITION: /usr/lib/x86_64-linux-gnu/libpcl_recognition.so  
-- looking for PCL_STEREO
-- Found PCL_STEREO: /usr/lib/x86_64-linux-gnu/libpcl_stereo.so  
-- looking for PCL_APPS
-- Found PCL_APPS: /usr/lib/x86_64-linux-gnu/libpcl_apps.so  
-- looking for PCL_IN_HAND_SCANNER
-- Found PCL_IN_HAND_SCANNER: /usr/include/pcl-1.12  
-- looking for PCL_MODELER
-- Found PCL_MODELER: /usr/include/pcl-1.12  
-- looking for PCL_POINT_CLOUD_EDITOR
-- Found PCL_POINT_CLOUD_EDITOR: /usr/include/pcl-1.12  
-- looking for PCL_OUTOFCORE
-- Found PCL_OUTOFCORE: /usr/lib/x86_64-linux-gnu/libpcl_outofcore.so  
-- looking for PCL_PEOPLE
-- Found PCL_PEOPLE: /usr/lib/x86_64-linux-gnu/libpcl_people.so  
-- Found PCL: pcl_common;pcl_kdtree;pcl_octree;pcl_search;pcl_sample_consensus;pcl_filters;pcl_io;pcl_features;pcl_ml;pcl_segmentation;pcl_visualization;pcl_surface;pcl_registration;pcl_keypoints;pcl_tracking;pcl_recognition;pcl_stereo;pcl_apps;pcl_outofcore;pcl_people;Boost::system;Boost::filesystem;Boost::date_time;Boost::iostreams;Boost::serialization;/usr/lib/libOpenNI.so;libusb::libusb;/usr/lib/x86_64-linux-gnu/libOpenNI2.so;libusb::libusb;VTK::ChartsCore;VTK::CommonColor;VTK::CommonComputationalGeometry;VTK::CommonCore;VTK::CommonDataModel;VTK::CommonExecutionModel;VTK::CommonMath;VTK::CommonMisc;VTK::CommonTransforms;VTK::FiltersCore;VTK::FiltersExtraction;VTK::FiltersGeneral;VTK::FiltersGeometry;VTK::FiltersModeling;VTK::FiltersSources;VTK::ImagingCore;VTK::ImagingSources;VTK::InteractionImage;VTK::InteractionStyle;VTK::InteractionWidgets;VTK::IOCore;VTK::IOGeometry;VTK::IOImage;VTK::IOLegacy;VTK::IOPLY;VTK::RenderingAnnotation;VTK::RenderingCore;VTK::RenderingContext2D;VTK::RenderingLOD;VTK::RenderingFreeType;VTK::ViewsCore;VTK::ViewsContext2D;VTK::RenderingOpenGL2;VTK::GUISupportQt;FLANN::FLANN;QHULL::QHULL  
-- Found OpenMP_C: -fopenmp (found version "4.5") 
-- Found OpenMP_CXX: -fopenmp (found version "4.5") 
-- Found OpenMP: TRUE (found version "4.5")  
-- Configuring done
-- Generating done
-- Build files have been written to: /home/alux-autopilot22/SUPER-ROS2/build/marsim_render
[ 66%] [32mBuilding CXX object CMakeFiles/marsim_render.dir/src/marsim_render.cpp.o[0m
[ 66%] [32mBuilding C object CMakeFiles/marsim_render.dir/include/glad/glad.c.o[0m
[01m[Kcc1:[m[K [01;35m[Kwarning: [m[Kcommand-line option ‘[01m[K-Wnon-virtual-dtor[m[K’ is valid for C++/ObjC++ but not for C
[01m[Kcc1:[m[K [01;35m[Kwarning: [m[Kcommand-line option ‘[01m[K-Woverloaded-virtual[m[K’ is valid for C++/ObjC++ but not for C
[100%] [32m[1mLinking CXX shared library libmarsim_render.so[0m
[100%] Built target marsim_render
-- Install configuration: "Release"
-- Execute custom install script
-- Symlinking: /home/alux-autopilot22/SUPER-ROS2/install/marsim_render/lib/libmarsim_render.so
-- Symlinking: /home/alux-autopilot22/SUPER-ROS2/install/marsim_render/share/marsim_render/environment/library_path.sh
-- Symlinking: /home/alux-autopilot22/SUPER-ROS2/install/marsim_render/share/marsim_render/environment/library_path.dsv
-- Symlinking: /home/alux-autopilot22/SUPER-ROS2/install/marsim_render/include//GL/glew.h
-- Symlinking: /home/alux-autopilot22/SUPER-ROS2/install/marsim_render/include//GL/glxew.h
-- Symlinking: /home/alux-autopilot22/SUPER-ROS2/install/marsim_render/include//GL/wglew.h
-- Symlinking: /home/alux-autopilot22/SUPER-ROS2/install/marsim_render/include//glad/glad.c
-- Symlinking: /home/alux-autopilot22/SUPER-ROS2/install/marsim_render/include//glad/glad.h
-- Symlinking: /home/alux-autopilot22/SUPER-ROS2/install/marsim_render/include//glm/CMakeLists.txt
-- Symlinking: /home/alux-autopilot22/SUPER-ROS2/install/marsim_render/include//glm/common.hpp
-- Symlinking: /home/alux-autopilot22/SUPER-ROS2/install/marsim_render/include//glm/detail/_features.hpp
-- Symlinking: /home/alux-autopilot22/SUPER-ROS2/install/marsim_render/include//glm/detail/_fixes.hpp
-- Symlinking: /home/alux-autopilot22/SUPER-ROS2/install/marsim_render/include//glm/detail/_noise.hpp
-- Symlinking: /home/alux-autopilot22/SUPER-ROS2/install/marsim_render/include//glm/detail/_swizzle.hpp
-- Symlinking: /home/alux-autopilot22/SUPER-ROS2/install/marsim_render/include//glm/detail/_swizzle_func.hpp
-- Symlinking: /home/alux-autopilot22/SUPER-ROS2/install/marsim_render/include//glm/detail/_vectorize.hpp
-- Symlinking: /home/alux-autopilot22/SUPER-ROS2/install/marsim_render/include//glm/detail/compute_common.hpp
-- Symlinking: /home/alux-autopilot22/SUPER-ROS2/install/marsim_render/include//glm/detail/compute_vector_relational.hpp
-- Symlinking: /home/alux-autopilot22/SUPER-ROS2/install/marsim_render/include//glm/detail/func_common.inl
-- Symlinking: /home/alux-autopilot22/SUPER-ROS2/install/marsim_render/include//glm/detail/func_common_simd.inl
-- Symlinking: /home/alux-autopilot22/SUPER-ROS2/install/marsim_render/include//glm/detail/func_exponential.inl
-- Symlinking: /home/alux-autopilot22/SUPER-ROS2/install/marsim_render/include//glm/detail/func_exponential_simd.inl
-- Symlinking: /home/alux-autopilot22/SUPER-ROS2/install/marsim_render/include//glm/detail/func_geometric.inl
-- Symlinking: /home/alux-autopilot22/SUPER-ROS2/install/marsim_render/include//glm/detail/func_geometric_simd.inl
-- Symlinking: /home/alux-autopilot22/SUPER-ROS2/install/marsim_render/include//glm/detail/func_integer.inl
-- Symlinking: /home/alux-autopilot22/SUPER-ROS2/install/marsim_render/include//glm/detail/func_integer_simd.inl
-- Symlinking: /home/alux-autopilot22/SUPER-ROS2/install/marsim_render/include//glm/detail/func_matrix.inl
-- Symlinking: /home/alux-autopilot22/SUPER-ROS2/install/marsim_render/include//glm/detail/func_matrix_simd.inl
-- Symlinking: /home/alux-autopilot22/SUPER-ROS2/install/marsim_render/include//glm/detail/func_packing.inl
-- Symlinking: /home/alux-autopilot22/SUPER-ROS2/install/marsim_render/include//glm/detail/func_packing_simd.inl
-- Symlinking: /home/alux-autopilot22/SUPER-ROS2/install/marsim_render/include//glm/detail/func_trigonometric.inl
-- Symlinking: /home/alux-autopilot22/SUPER-ROS2/install/marsim_render/include//glm/detail/func_trigonometric_simd.inl
-- Symlinking: /home/alux-autopilot22/SUPER-ROS2/install/marsim_render/include//glm/detail/func_vector_relational.inl
-- Symlinking: /home/alux-autopilot22/SUPER-ROS2/install/marsim_render/include//glm/detail/func_vector_relational_simd.inl
-- Symlinking: /home/alux-autopilot22/SUPER-ROS2/install/marsim_render/include//glm/detail/glm.cpp
-- Symlinking: /home/alux-autopilot22/SUPER-ROS2/install/marsim_render/include//glm/detail/qualifier.hpp
-- Symlinking: /home/alux-autopilot22/SUPER-ROS2/install/marsim_render/include//glm/detail/setup.hpp
-- Symlinking: /home/alux-autopilot22/SUPER-ROS2/install/marsim_render/include//glm/detail/type_float.hpp
-- Symlinking: /home/alux-autopilot22/SUPER-ROS2/install/marsim_render/include//glm/detail/type_half.hpp
-- Symlinking: /home/alux-autopilot22/SUPER-ROS2/install/marsim_render/include//glm/detail/type_half.inl
-- Symlinking: /home/alux-autopilot22/SUPER-ROS2/install/marsim_render/include//glm/detail/type_mat2x2.hpp
-- Symlinking: /home/alux-autopilot22/SUPER-ROS2/install/marsim_render/include//glm/detail/type_mat2x2.inl
-- Symlinking: /home/alux-autopilot22/SUPER-ROS2/install/marsim_render/include//glm/detail/type_mat2x3.hpp
-- Symlinking: /home/alux-autopilot22/SUPER-ROS2/install/marsim_render/include//glm/detail/type_mat2x3.inl
-- Symlinking: /home/alux-autopilot22/SUPER-ROS2/install/marsim_render/include//glm/detail/type_mat2x4.hpp
-- Symlinking: /home/alux-autopilot22/SUPER-ROS2/install/marsim_render/include//glm/detail/type_mat2x4.inl
-- Symlinking: /home/alux-autopilot22/SUPER-ROS2/install/marsim_render/include//glm/detail/type_mat3x2.hpp
-- Symlinking: /home/alux-autopilot22/SUPER-ROS2/install/marsim_render/include//glm/detail/type_mat3x2.inl
-- Symlinking: /home/alux-autopilot22/SUPER-ROS2/install/marsim_render/include//glm/detail/type_mat3x3.hpp
-- Symlinking: /home/alux-autopilot22/SUPER-ROS2/install/marsim_render/include//glm/detail/type_mat3x3.inl
-- Symlinking: /home/alux-autopilot22/SUPER-ROS2/install/marsim_render/include//glm/detail/type_mat3x4.hpp
-- Symlinking: /home/alux-autopilot22/SUPER-ROS2/install/marsim_render/include//glm/detail/type_mat3x4.inl
-- Symlinking: /home/alux-autopilot22/SUPER-ROS2/install/marsim_render/include//glm/detail/type_mat4x2.hpp
-- Symlinking: /home/alux-autopilot22/SUPER-ROS2/install/marsim_render/include//glm/detail/type_mat4x2.inl
-- Symlinking: /home/alux-autopilot22/SUPER-ROS2/install/marsim_render/include//glm/detail/type_mat4x3.hpp
-- Symlinking: /home/alux-autopilot22/SUPER-ROS2/install/marsim_render/include//glm/detail/type_mat4x3.inl
-- Symlinking: /home/alux-autopilot22/SUPER-ROS2/install/marsim_render/include//glm/detail/type_mat4x4.hpp
-- Symlinking: /home/alux-autopilot22/SUPER-ROS2/install/marsim_render/include//glm/detail/type_mat4x4.inl
-- Symlinking: /home/alux-autopilot22/SUPER-ROS2/install/marsim_render/include//glm/detail/type_mat4x4_simd.inl
-- Symlinking: /home/alux-autopilot22/SUPER-ROS2/install/marsim_render/include//glm/detail/type_quat.hpp
-- Symlinking: /home/alux-autopilot22/SUPER-ROS2/install/marsim_render/include//glm/detail/type_quat.inl
-- Symlinking: /home/alux-autopilot22/SUPER-ROS2/install/marsim_render/include//glm/detail/type_quat_simd.inl
-- Symlinking: /home/alux-autopilot22/SUPER-ROS2/install/marsim_render/include//glm/detail/type_vec1.hpp
-- Symlinking: /home/alux-autopilot22/SUPER-ROS2/install/marsim_render/include//glm/detail/type_vec1.inl
-- Symlinking: /home/alux-autopilot22/SUPER-ROS2/install/marsim_render/include//glm/detail/type_vec2.hpp
-- Symlinking: /home/alux-autopilot22/SUPER-ROS2/install/marsim_render/include//glm/detail/type_vec2.inl
-- Symlinking: /home/alux-autopilot22/SUPER-ROS2/install/marsim_render/include//glm/detail/type_vec3.hpp
-- Symlinking: /home/alux-autopilot22/SUPER-ROS2/install/marsim_render/include//glm/detail/type_vec3.inl
-- Symlinking: /home/alux-autopilot22/SUPER-ROS2/install/marsim_render/include//glm/detail/type_vec4.hpp
-- Symlinking: /home/alux-autopilot22/SUPER-ROS2/install/marsim_render/include//glm/detail/type_vec4.inl
-- Symlinking: /home/alux-autopilot22/SUPER-ROS2/install/marsim_render/include//glm/detail/type_vec4_simd.inl
-- Symlinking: /home/alux-autopilot22/SUPER-ROS2/install/marsim_render/include//glm/exponential.hpp
-- Symlinking: /home/alux-autopilot22/SUPER-ROS2/install/marsim_render/include//glm/ext.hpp
-- Symlinking: /home/alux-autopilot22/SUPER-ROS2/install/marsim_render/include//glm/ext/matrix_clip_space.hpp
-- Symlinking: /home/alux-autopilot22/SUPER-ROS2/install/marsim_render/include//glm/ext/matrix_clip_space.inl
-- Symlinking: /home/alux-autopilot22/SUPER-ROS2/install/marsim_render/include//glm/ext/matrix_double2x2.hpp
-- Symlinking: /home/alux-autopilot22/SUPER-ROS2/install/marsim_render/include//glm/ext/matrix_double2x2_precision.hpp
-- Symlinking: /home/alux-autopilot22/SUPER-ROS2/install/marsim_render/include//glm/ext/matrix_double2x3.hpp
-- Symlinking: /home/alux-autopilot22/SUPER-ROS2/install/marsim_render/include//glm/ext/matrix_double2x3_precision.hpp
-- Symlinking: /home/alux-autopilot22/SUPER-ROS2/install/marsim_render/include//glm/ext/matrix_double2x4.hpp
-- Symlinking: /home/alux-autopilot22/SUPER-ROS2/install/marsim_render/include//glm/ext/matrix_double2x4_precision.hpp
-- Symlinking: /home/alux-autopilot22/SUPER-ROS2/install/marsim_render/include//glm/ext/matrix_double3x2.hpp
-- Symlinking: /home/alux-autopilot22/SUPER-ROS2/install/marsim_render/include//glm/ext/matrix_double3x2_precision.hpp
-- Symlinking: /home/alux-autopilot22/SUPER-ROS2/install/marsim_render/include//glm/ext/matrix_double3x3.hpp
-- Symlinking: /home/alux-autopilot22/SUPER-ROS2/install/marsim_render/include//glm/ext/matrix_double3x3_precision.hpp
-- Symlinking: /home/alux-autopilot22/SUPER-ROS2/install/marsim_render/include//glm/ext/matrix_double3x4.hpp
-- Symlinking: /home/alux-autopilot22/SUPER-ROS2/install/marsim_render/include//glm/ext/matrix_double3x4_precision.hpp
-- Symlinking: /home/alux-autopilot22/SUPER-ROS2/install/marsim_render/include//glm/ext/matrix_double4x2.hpp
-- Symlinking: /home/alux-autopilot22/SUPER-ROS2/install/marsim_render/include//glm/ext/matrix_double4x2_precision.hpp
-- Symlinking: /home/alux-autopilot22/SUPER-ROS2/install/marsim_render/include//glm/ext/matrix_double4x3.hpp
-- Symlinking: /home/alux-autopilot22/SUPER-ROS2/install/marsim_render/include//glm/ext/matrix_double4x3_precision.hpp
-- Symlinking: /home/alux-autopilot22/SUPER-ROS2/install/marsim_render/include//glm/ext/matrix_double4x4.hpp
-- Symlinking: /home/alux-autopilot22/SUPER-ROS2/install/marsim_render/include//glm/ext/matrix_double4x4_precision.hpp
-- Symlinking: /home/alux-autopilot22/SUPER-ROS2/install/marsim_render/include//glm/ext/matrix_float2x2.hpp
-- Symlinking: /home/alux-autopilot22/SUPER-ROS2/install/marsim_render/include//glm/ext/matrix_float2x2_precision.hpp
-- Symlinking: /home/alux-autopilot22/SUPER-ROS2/install/marsim_render/include//glm/ext/matrix_float2x3.hpp
-- Symlinking: /home/alux-autopilot22/SUPER-ROS2/install/marsim_render/include//glm/ext/matrix_float2x3_precision.hpp
-- Symlinking: /home/alux-autopilot22/SUPER-ROS2/install/marsim_render/include//glm/ext/matrix_float2x4.hpp
-- Symlinking: /home/alux-autopilot22/SUPER-ROS2/install/marsim_render/include//glm/ext/matrix_float2x4_precision.hpp
-- Symlinking: /home/alux-autopilot22/SUPER-ROS2/install/marsim_render/include//glm/ext/matrix_float3x2.hpp
-- Symlinking: /home/alux-autopilot22/SUPER-ROS2/install/marsim_render/include//glm/ext/matrix_float3x2_precision.hpp
-- Symlinking: /home/alux-autopilot22/SUPER-ROS2/install/marsim_render/include//glm/ext/matrix_float3x3.hpp
-- Symlinking: /home/alux-autopilot22/SUPER-ROS2/install/marsim_render/include//glm/ext/matrix_float3x3_precision.hpp
-- Symlinking: /home/alux-autopilot22/SUPER-ROS2/install/marsim_render/include//glm/ext/matrix_float3x4.hpp
-- Symlinking: /home/alux-autopilot22/SUPER-ROS2/install/marsim_render/include//glm/ext/matrix_float3x4_precision.hpp
-- Symlinking: /home/alux-autopilot22/SUPER-ROS2/install/marsim_render/include//glm/ext/matrix_float4x2.hpp
-- Symlinking: /home/alux-autopilot22/SUPER-ROS2/install/marsim_render/include//glm/ext/matrix_float4x2_precision.hpp
-- Symlinking: /home/alux-autopilot22/SUPER-ROS2/install/marsim_render/include//glm/ext/matrix_float4x3.hpp
-- Symlinking: /home/alux-autopilot22/SUPER-ROS2/install/marsim_render/include//glm/ext/matrix_float4x3_precision.hpp
-- Symlinking: /home/alux-autopilot22/SUPER-ROS2/install/marsim_render/include//glm/ext/matrix_float4x4.hpp
-- Symlinking: /home/alux-autopilot22/SUPER-ROS2/install/marsim_render/include//glm/ext/matrix_float4x4_precision.hpp
-- Symlinking: /home/alux-autopilot22/SUPER-ROS2/install/marsim_render/include//glm/ext/matrix_projection.hpp
-- Symlinking: /home/alux-autopilot22/SUPER-ROS2/install/marsim_render/include//glm/ext/matrix_projection.inl
-- Symlinking: /home/alux-autopilot22/SUPER-ROS2/install/marsim_render/include//glm/ext/matrix_relational.hpp
-- Symlinking: /home/alux-autopilot22/SUPER-ROS2/install/marsim_render/include//glm/ext/matrix_relational.inl
-- Symlinking: /home/alux-autopilot22/SUPER-ROS2/install/marsim_render/include//glm/ext/matrix_transform.hpp
-- Symlinking: /home/alux-autopilot22/SUPER-ROS2/install/marsim_render/include//glm/ext/matrix_transform.inl
-- Symlinking: /home/alux-autopilot22/SUPER-ROS2/install/marsim_render/include//glm/ext/quaternion_common.hpp
-- Symlinking: /home/alux-autopilot22/SUPER-ROS2/install/marsim_render/include//glm/ext/quaternion_common.inl
-- Symlinking: /home/alux-autopilot22/SUPER-ROS2/install/marsim_render/include//glm/ext/quaternion_common_simd.inl
-- Symlinking: /home/alux-autopilot22/SUPER-ROS2/install/marsim_render/include//glm/ext/quaternion_double.hpp
-- Symlinking: /home/alux-autopilot22/SUPER-ROS2/install/marsim_render/include//glm/ext/quaternion_double_precision.hpp
-- Symlinking: /home/alux-autopilot22/SUPER-ROS2/install/marsim_render/include//glm/ext/quaternion_exponential.hpp
-- Symlinking: /home/alux-autopilot22/SUPER-ROS2/install/marsim_render/include//glm/ext/quaternion_exponential.inl
-- Symlinking: /home/alux-autopilot22/SUPER-ROS2/install/marsim_render/include//glm/ext/quaternion_float.hpp
-- Symlinking: /home/alux-autopilot22/SUPER-ROS2/install/marsim_render/include//glm/ext/quaternion_float_precision.hpp
-- Symlinking: /home/alux-autopilot22/SUPER-ROS2/install/marsim_render/include//glm/ext/quaternion_geometric.hpp
-- Symlinking: /home/alux-autopilot22/SUPER-ROS2/install/marsim_render/include//glm/ext/quaternion_geometric.inl
-- Symlinking: /home/alux-autopilot22/SUPER-ROS2/install/marsim_render/include//glm/ext/quaternion_relational.hpp
-- Symlinking: /home/alux-autopilot22/SUPER-ROS2/install/marsim_render/include//glm/ext/quaternion_relational.inl
-- Symlinking: /home/alux-autopilot22/SUPER-ROS2/install/marsim_render/include//glm/ext/quaternion_transform.hpp
-- Symlinking: /home/alux-autopilot22/SUPER-ROS2/install/marsim_render/include//glm/ext/quaternion_transform.inl
-- Symlinking: /home/alux-autopilot22/SUPER-ROS2/install/marsim_render/include//glm/ext/quaternion_trigonometric.hpp
-- Symlinking: /home/alux-autopilot22/SUPER-ROS2/install/marsim_render/include//glm/ext/quaternion_trigonometric.inl
-- Symlinking: /home/alux-autopilot22/SUPER-ROS2/install/marsim_render/include//glm/ext/scalar_common.hpp
-- Symlinking: /home/alux-autopilot22/SUPER-ROS2/install/marsim_render/include//glm/ext/scalar_common.inl
-- Symlinking: /home/alux-autopilot22/SUPER-ROS2/install/marsim_render/include//glm/ext/scalar_constants.hpp
-- Symlinking: /home/alux-autopilot22/SUPER-ROS2/install/marsim_render/include//glm/ext/scalar_constants.inl
-- Symlinking: /home/alux-autopilot22/SUPER-ROS2/install/marsim_render/include//glm/ext/scalar_int_sized.hpp
-- Symlinking: /home/alux-autopilot22/SUPER-ROS2/install/marsim_render/include//glm/ext/scalar_relational.hpp
-- Symlinking: /home/alux-autopilot22/SUPER-ROS2/install/marsim_render/include//glm/ext/scalar_relational.inl
-- Symlinking: /home/alux-autopilot22/SUPER-ROS2/install/marsim_render/include//glm/ext/scalar_uint_sized.hpp
-- Symlinking: /home/alux-autopilot22/SUPER-ROS2/install/marsim_render/include//glm/ext/scalar_ulp.hpp
-- Symlinking: /home/alux-autopilot22/SUPER-ROS2/install/marsim_render/include//glm/ext/scalar_ulp.inl
-- Symlinking: /home/alux-autopilot22/SUPER-ROS2/install/marsim_render/include//glm/ext/vector_bool1.hpp
-- Symlinking: /home/alux-autopilot22/SUPER-ROS2/install/marsim_render/include//glm/ext/vector_bool1_precision.hpp
-- Symlinking: /home/alux-autopilot22/SUPER-ROS2/install/marsim_render/include//glm/ext/vector_bool2.hpp
-- Symlinking: /home/alux-autopilot22/SUPER-ROS2/install/marsim_render/include//glm/ext/vector_bool2_precision.hpp
-- Symlinking: /home/alux-autopilot22/SUPER-ROS2/install/marsim_render/include//glm/ext/vector_bool3.hpp
-- Symlinking: /home/alux-autopilot22/SUPER-ROS2/install/marsim_render/include//glm/ext/vector_bool3_precision.hpp
-- Symlinking: /home/alux-autopilot22/SUPER-ROS2/install/marsim_render/include//glm/ext/vector_bool4.hpp
-- Symlinking: /home/alux-autopilot22/SUPER-ROS2/install/marsim_render/include//glm/ext/vector_bool4_precision.hpp
-- Symlinking: /home/alux-autopilot22/SUPER-ROS2/install/marsim_render/include//glm/ext/vector_common.hpp
-- Symlinking: /home/alux-autopilot22/SUPER-ROS2/install/marsim_render/include//glm/ext/vector_common.inl
-- Symlinking: /home/alux-autopilot22/SUPER-ROS2/install/marsim_render/include//glm/ext/vector_double1.hpp
-- Symlinking: /home/alux-autopilot22/SUPER-ROS2/install/marsim_render/include//glm/ext/vector_double1_precision.hpp
-- Symlinking: /home/alux-autopilot22/SUPER-ROS2/install/marsim_render/include//glm/ext/vector_double2.hpp
-- Symlinking: /home/alux-autopilot22/SUPER-ROS2/install/marsim_render/include//glm/ext/vector_double2_precision.hpp
-- Symlinking: /home/alux-autopilot22/SUPER-ROS2/install/marsim_render/include//glm/ext/vector_double3.hpp
-- Symlinking: /home/alux-autopilot22/SUPER-ROS2/install/marsim_render/include//glm/ext/vector_double3_precision.hpp
-- Symlinking: /home/alux-autopilot22/SUPER-ROS2/install/marsim_render/include//glm/ext/vector_double4.hpp
-- Symlinking: /home/alux-autopilot22/SUPER-ROS2/install/marsim_render/include//glm/ext/vector_double4_precision.hpp
-- Symlinking: /home/alux-autopilot22/SUPER-ROS2/install/marsim_render/include//glm/ext/vector_float1.hpp
-- Symlinking: /home/alux-autopilot22/SUPER-ROS2/install/marsim_render/include//glm/ext/vector_float1_precision.hpp
-- Symlinking: /home/alux-autopilot22/SUPER-ROS2/install/marsim_render/include//glm/ext/vector_float2.hpp
-- Symlinking: /home/alux-autopilot22/SUPER-ROS2/install/marsim_render/include//glm/ext/vector_float2_precision.hpp
-- Symlinking: /home/alux-autopilot22/SUPER-ROS2/install/marsim_render/include//glm/ext/vector_float3.hpp
-- Symlinking: /home/alux-autopilot22/SUPER-ROS2/install/marsim_render/include//glm/ext/vector_float3_precision.hpp
-- Symlinking: /home/alux-autopilot22/SUPER-ROS2/install/marsim_render/include//glm/ext/vector_float4.hpp
-- Symlinking: /home/alux-autopilot22/SUPER-ROS2/install/marsim_render/include//glm/ext/vector_float4_precision.hpp
-- Symlinking: /home/alux-autopilot22/SUPER-ROS2/install/marsim_render/include//glm/ext/vector_int1.hpp
-- Symlinking: /home/alux-autopilot22/SUPER-ROS2/install/marsim_render/include//glm/ext/vector_int1_precision.hpp
-- Symlinking: /home/alux-autopilot22/SUPER-ROS2/install/marsim_render/include//glm/ext/vector_int2.hpp
-- Symlinking: /home/alux-autopilot22/SUPER-ROS2/install/marsim_render/include//glm/ext/vector_int2_precision.hpp
-- Symlinking: /home/alux-autopilot22/SUPER-ROS2/install/marsim_render/include//glm/ext/vector_int3.hpp
-- Symlinking: /home/alux-autopilot22/SUPER-ROS2/install/marsim_render/include//glm/ext/vector_int3_precision.hpp
-- Symlinking: /home/alux-autopilot22/SUPER-ROS2/install/marsim_render/include//glm/ext/vector_int4.hpp
-- Symlinking: /home/alux-autopilot22/SUPER-ROS2/install/marsim_render/include//glm/ext/vector_int4_precision.hpp
-- Symlinking: /home/alux-autopilot22/SUPER-ROS2/install/marsim_render/include//glm/ext/vector_relational.hpp
-- Symlinking: /home/alux-autopilot22/SUPER-ROS2/install/marsim_render/include//glm/ext/vector_relational.inl
-- Symlinking: /home/alux-autopilot22/SUPER-ROS2/install/marsim_render/include//glm/ext/vector_uint1.hpp
-- Symlinking: /home/alux-autopilot22/SUPER-ROS2/install/marsim_render/include//glm/ext/vector_uint1_precision.hpp
-- Symlinking: /home/alux-autopilot22/SUPER-ROS2/install/marsim_render/include//glm/ext/vector_uint2.hpp
-- Symlinking: /home/alux-autopilot22/SUPER-ROS2/install/marsim_render/include//glm/ext/vector_uint2_precision.hpp
-- Symlinking: /home/alux-autopilot22/SUPER-ROS2/install/marsim_render/include//glm/ext/vector_uint3.hpp
-- Symlinking: /home/alux-autopilot22/SUPER-ROS2/install/marsim_render/include//glm/ext/vector_uint3_precision.hpp
-- Symlinking: /home/alux-autopilot22/SUPER-ROS2/install/marsim_render/include//glm/ext/vector_uint4.hpp
-- Symlinking: /home/alux-autopilot22/SUPER-ROS2/install/marsim_render/include//glm/ext/vector_uint4_precision.hpp
-- Symlinking: /home/alux-autopilot22/SUPER-ROS2/install/marsim_render/include//glm/ext/vector_ulp.hpp
-- Symlinking: /home/alux-autopilot22/SUPER-ROS2/install/marsim_render/include//glm/ext/vector_ulp.inl
-- Symlinking: /home/alux-autopilot22/SUPER-ROS2/install/marsim_render/include//glm/fwd.hpp
-- Symlinking: /home/alux-autopilot22/SUPER-ROS2/install/marsim_render/include//glm/geometric.hpp
-- Symlinking: /home/alux-autopilot22/SUPER-ROS2/install/marsim_render/include//glm/glm.hpp
-- Symlinking: /home/alux-autopilot22/SUPER-ROS2/install/marsim_render/include//glm/gtc/bitfield.hpp
-- Symlinking: /home/alux-autopilot22/SUPER-ROS2/install/marsim_render/include//glm/gtc/bitfield.inl
-- Symlinking: /home/alux-autopilot22/SUPER-ROS2/install/marsim_render/include//glm/gtc/color_space.hpp
-- Symlinking: /home/alux-autopilot22/SUPER-ROS2/install/marsim_render/include//glm/gtc/color_space.inl
-- Symlinking: /home/alux-autopilot22/SUPER-ROS2/install/marsim_render/include//glm/gtc/constants.hpp
-- Symlinking: /home/alux-autopilot22/SUPER-ROS2/install/marsim_render/include//glm/gtc/constants.inl
-- Symlinking: /home/alux-autopilot22/SUPER-ROS2/install/marsim_render/include//glm/gtc/epsilon.hpp
-- Symlinking: /home/alux-autopilot22/SUPER-ROS2/install/marsim_render/include//glm/gtc/epsilon.inl
-- Symlinking: /home/alux-autopilot22/SUPER-ROS2/install/marsim_render/include//glm/gtc/integer.hpp
-- Symlinking: /home/alux-autopilot22/SUPER-ROS2/install/marsim_render/include//glm/gtc/integer.inl
-- Symlinking: /home/alux-autopilot22/SUPER-ROS2/install/marsim_render/include//glm/gtc/matrix_access.hpp
-- Symlinking: /home/alux-autopilot22/SUPER-ROS2/install/marsim_render/include//glm/gtc/matrix_access.inl
-- Symlinking: /home/alux-autopilot22/SUPER-ROS2/install/marsim_render/include//glm/gtc/matrix_integer.hpp
-- Symlinking: /home/alux-autopilot22/SUPER-ROS2/install/marsim_render/include//glm/gtc/matrix_inverse.hpp
-- Symlinking: /home/alux-autopilot22/SUPER-ROS2/install/marsim_render/include//glm/gtc/matrix_inverse.inl
-- Symlinking: /home/alux-autopilot22/SUPER-ROS2/install/marsim_render/include//glm/gtc/matrix_transform.hpp
-- Symlinking: /home/alux-autopilot22/SUPER-ROS2/install/marsim_render/include//glm/gtc/matrix_transform.inl
-- Symlinking: /home/alux-autopilot22/SUPER-ROS2/install/marsim_render/include//glm/gtc/noise.hpp
-- Symlinking: /home/alux-autopilot22/SUPER-ROS2/install/marsim_render/include//glm/gtc/noise.inl
-- Symlinking: /home/alux-autopilot22/SUPER-ROS2/install/marsim_render/include//glm/gtc/packing.hpp
-- Symlinking: /home/alux-autopilot22/SUPER-ROS2/install/marsim_render/include//glm/gtc/packing.inl
-- Symlinking: /home/alux-autopilot22/SUPER-ROS2/install/marsim_render/include//glm/gtc/quaternion.hpp
-- Symlinking: /home/alux-autopilot22/SUPER-ROS2/install/marsim_render/include//glm/gtc/quaternion.inl
-- Symlinking: /home/alux-autopilot22/SUPER-ROS2/install/marsim_render/include//glm/gtc/quaternion_simd.inl
-- Symlinking: /home/alux-autopilot22/SUPER-ROS2/install/marsim_render/include//glm/gtc/random.hpp
-- Symlinking: /home/alux-autopilot22/SUPER-ROS2/install/marsim_render/include//glm/gtc/random.inl
-- Symlinking: /home/alux-autopilot22/SUPER-ROS2/install/marsim_render/include//glm/gtc/reciprocal.hpp
-- Symlinking: /home/alux-autopilot22/SUPER-ROS2/install/marsim_render/include//glm/gtc/reciprocal.inl
-- Symlinking: /home/alux-autopilot22/SUPER-ROS2/install/marsim_render/include//glm/gtc/round.hpp
-- Symlinking: /home/alux-autopilot22/SUPER-ROS2/install/marsim_render/include//glm/gtc/round.inl
-- Symlinking: /home/alux-autopilot22/SUPER-ROS2/install/marsim_render/include//glm/gtc/type_aligned.hpp
-- Symlinking: /home/alux-autopilot22/SUPER-ROS2/install/marsim_render/include//glm/gtc/type_precision.hpp
-- Symlinking: /home/alux-autopilot22/SUPER-ROS2/install/marsim_render/include//glm/gtc/type_precision.inl
-- Symlinking: /home/alux-autopilot22/SUPER-ROS2/install/marsim_render/include//glm/gtc/type_ptr.hpp
-- Symlinking: /home/alux-autopilot22/SUPER-ROS2/install/marsim_render/include//glm/gtc/type_ptr.inl
-- Symlinking: /home/alux-autopilot22/SUPER-ROS2/install/marsim_render/include//glm/gtc/ulp.hpp
-- Symlinking: /home/alux-autopilot22/SUPER-ROS2/install/marsim_render/include//glm/gtc/ulp.inl
-- Symlinking: /home/alux-autopilot22/SUPER-ROS2/install/marsim_render/include//glm/gtc/vec1.hpp
-- Symlinking: /home/alux-autopilot22/SUPER-ROS2/install/marsim_render/include//glm/gtx/associated_min_max.hpp
-- Symlinking: /home/alux-autopilot22/SUPER-ROS2/install/marsim_render/include//glm/gtx/associated_min_max.inl
-- Symlinking: /home/alux-autopilot22/SUPER-ROS2/install/marsim_render/include//glm/gtx/bit.hpp
-- Symlinking: /home/alux-autopilot22/SUPER-ROS2/install/marsim_render/include//glm/gtx/bit.inl
-- Symlinking: /home/alux-autopilot22/SUPER-ROS2/install/marsim_render/include//glm/gtx/closest_point.hpp
-- Symlinking: /home/alux-autopilot22/SUPER-ROS2/install/marsim_render/include//glm/gtx/closest_point.inl
-- Symlinking: /home/alux-autopilot22/SUPER-ROS2/install/marsim_render/include//glm/gtx/color_encoding.hpp
-- Symlinking: /home/alux-autopilot22/SUPER-ROS2/install/marsim_render/include//glm/gtx/color_encoding.inl
-- Symlinking: /home/alux-autopilot22/SUPER-ROS2/install/marsim_render/include//glm/gtx/color_space.hpp
-- Symlinking: /home/alux-autopilot22/SUPER-ROS2/install/marsim_render/include//glm/gtx/color_space.inl
-- Symlinking: /home/alux-autopilot22/SUPER-ROS2/install/marsim_render/include//glm/gtx/color_space_YCoCg.hpp
-- Symlinking: /home/alux-autopilot22/SUPER-ROS2/install/marsim_render/include//glm/gtx/color_space_YCoCg.inl
-- Symlinking: /home/alux-autopilot22/SUPER-ROS2/install/marsim_render/include//glm/gtx/common.hpp
-- Symlinking: /home/alux-autopilot22/SUPER-ROS2/install/marsim_render/include//glm/gtx/common.inl
-- Symlinking: /home/alux-autopilot22/SUPER-ROS2/install/marsim_render/include//glm/gtx/compatibility.hpp
-- Symlinking: /home/alux-autopilot22/SUPER-ROS2/install/marsim_render/include//glm/gtx/compatibility.inl
-- Symlinking: /home/alux-autopilot22/SUPER-ROS2/install/marsim_render/include//glm/gtx/component_wise.hpp
-- Symlinking: /home/alux-autopilot22/SUPER-ROS2/install/marsim_render/include//glm/gtx/component_wise.inl
-- Symlinking: /home/alux-autopilot22/SUPER-ROS2/install/marsim_render/include//glm/gtx/dual_quaternion.hpp
-- Symlinking: /home/alux-autopilot22/SUPER-ROS2/install/marsim_render/include//glm/gtx/dual_quaternion.inl
-- Symlinking: /home/alux-autopilot22/SUPER-ROS2/install/marsim_render/include//glm/gtx/easing.hpp
-- Symlinking: /home/alux-autopilot22/SUPER-ROS2/install/marsim_render/include//glm/gtx/easing.inl
-- Symlinking: /home/alux-autopilot22/SUPER-ROS2/install/marsim_render/include//glm/gtx/euler_angles.hpp
-- Symlinking: /home/alux-autopilot22/SUPER-ROS2/install/marsim_render/include//glm/gtx/euler_angles.inl
-- Symlinking: /home/alux-autopilot22/SUPER-ROS2/install/marsim_render/include//glm/gtx/extend.hpp
-- Symlinking: /home/alux-autopilot22/SUPER-ROS2/install/marsim_render/include//glm/gtx/extend.inl
-- Symlinking: /home/alux-autopilot22/SUPER-ROS2/install/marsim_render/include//glm/gtx/extended_min_max.hpp
-- Symlinking: /home/alux-autopilot22/SUPER-ROS2/install/marsim_render/include//glm/gtx/extended_min_max.inl
-- Symlinking: /home/alux-autopilot22/SUPER-ROS2/install/marsim_render/include//glm/gtx/exterior_product.hpp
-- Symlinking: /home/alux-autopilot22/SUPER-ROS2/install/marsim_render/include//glm/gtx/exterior_product.inl
-- Symlinking: /home/alux-autopilot22/SUPER-ROS2/install/marsim_render/include//glm/gtx/fast_exponential.hpp
-- Symlinking: /home/alux-autopilot22/SUPER-ROS2/install/marsim_render/include//glm/gtx/fast_exponential.inl
-- Symlinking: /home/alux-autopilot22/SUPER-ROS2/install/marsim_render/include//glm/gtx/fast_square_root.hpp
-- Symlinking: /home/alux-autopilot22/SUPER-ROS2/install/marsim_render/include//glm/gtx/fast_square_root.inl
-- Symlinking: /home/alux-autopilot22/SUPER-ROS2/install/marsim_render/include//glm/gtx/fast_trigonometry.hpp
-- Symlinking: /home/alux-autopilot22/SUPER-ROS2/install/marsim_render/include//glm/gtx/fast_trigonometry.inl
-- Symlinking: /home/alux-autopilot22/SUPER-ROS2/install/marsim_render/include//glm/gtx/float_notmalize.inl
-- Symlinking: /home/alux-autopilot22/SUPER-ROS2/install/marsim_render/include//glm/gtx/functions.hpp
-- Symlinking: /home/alux-autopilot22/SUPER-ROS2/install/marsim_render/include//glm/gtx/functions.inl
-- Symlinking: /home/alux-autopilot22/SUPER-ROS2/install/marsim_render/include//glm/gtx/gradient_paint.hpp
-- Symlinking: /home/alux-autopilot22/SUPER-ROS2/install/marsim_render/include//glm/gtx/gradient_paint.inl
-- Symlinking: /home/alux-autopilot22/SUPER-ROS2/install/marsim_render/include//glm/gtx/handed_coordinate_space.hpp
-- Symlinking: /home/alux-autopilot22/SUPER-ROS2/install/marsim_render/include//glm/gtx/handed_coordinate_space.inl
-- Symlinking: /home/alux-autopilot22/SUPER-ROS2/install/marsim_render/include//glm/gtx/hash.hpp
-- Symlinking: /home/alux-autopilot22/SUPER-ROS2/install/marsim_render/include//glm/gtx/hash.inl
-- Symlinking: /home/alux-autopilot22/SUPER-ROS2/install/marsim_render/include//glm/gtx/integer.hpp
-- Symlinking: /home/alux-autopilot22/SUPER-ROS2/install/marsim_render/include//glm/gtx/integer.inl
-- Symlinking: /home/alux-autopilot22/SUPER-ROS2/install/marsim_render/include//glm/gtx/intersect.hpp
-- Symlinking: /home/alux-autopilot22/SUPER-ROS2/install/marsim_render/include//glm/gtx/intersect.inl
-- Symlinking: /home/alux-autopilot22/SUPER-ROS2/install/marsim_render/include//glm/gtx/io.hpp
-- Symlinking: /home/alux-autopilot22/SUPER-ROS2/install/marsim_render/include//glm/gtx/io.inl
-- Symlinking: /home/alux-autopilot22/SUPER-ROS2/install/marsim_render/include//glm/gtx/log_base.hpp
-- Symlinking: /home/alux-autopilot22/SUPER-ROS2/install/marsim_render/include//glm/gtx/log_base.inl
-- Symlinking: /home/alux-autopilot22/SUPER-ROS2/install/marsim_render/include//glm/gtx/matrix_cross_product.hpp
-- Symlinking: /home/alux-autopilot22/SUPER-ROS2/install/marsim_render/include//glm/gtx/matrix_cross_product.inl
-- Symlinking: /home/alux-autopilot22/SUPER-ROS2/install/marsim_render/include//glm/gtx/matrix_decompose.hpp
-- Symlinking: /home/alux-autopilot22/SUPER-ROS2/install/marsim_render/include//glm/gtx/matrix_decompose.inl
-- Symlinking: /home/alux-autopilot22/SUPER-ROS2/install/marsim_render/include//glm/gtx/matrix_factorisation.hpp
-- Symlinking: /home/alux-autopilot22/SUPER-ROS2/install/marsim_render/include//glm/gtx/matrix_factorisation.inl
-- Symlinking: /home/alux-autopilot22/SUPER-ROS2/install/marsim_render/include//glm/gtx/matrix_interpolation.hpp
-- Symlinking: /home/alux-autopilot22/SUPER-ROS2/install/marsim_render/include//glm/gtx/matrix_interpolation.inl
-- Symlinking: /home/alux-autopilot22/SUPER-ROS2/install/marsim_render/include//glm/gtx/matrix_major_storage.hpp
-- Symlinking: /home/alux-autopilot22/SUPER-ROS2/install/marsim_render/include//glm/gtx/matrix_major_storage.inl
-- Symlinking: /home/alux-autopilot22/SUPER-ROS2/install/marsim_render/include//glm/gtx/matrix_operation.hpp
-- Symlinking: /home/alux-autopilot22/SUPER-ROS2/install/marsim_render/include//glm/gtx/matrix_operation.inl
-- Symlinking: /home/alux-autopilot22/SUPER-ROS2/install/marsim_render/include//glm/gtx/matrix_query.hpp
-- Symlinking: /home/alux-autopilot22/SUPER-ROS2/install/marsim_render/include//glm/gtx/matrix_query.inl
-- Symlinking: /home/alux-autopilot22/SUPER-ROS2/install/marsim_render/include//glm/gtx/matrix_transform_2d.hpp
-- Symlinking: /home/alux-autopilot22/SUPER-ROS2/install/marsim_render/include//glm/gtx/matrix_transform_2d.inl
-- Symlinking: /home/alux-autopilot22/SUPER-ROS2/install/marsim_render/include//glm/gtx/mixed_product.hpp
-- Symlinking: /home/alux-autopilot22/SUPER-ROS2/install/marsim_render/include//glm/gtx/mixed_product.inl
-- Symlinking: /home/alux-autopilot22/SUPER-ROS2/install/marsim_render/include//glm/gtx/norm.hpp
-- Symlinking: /home/alux-autopilot22/SUPER-ROS2/install/marsim_render/include//glm/gtx/norm.inl
-- Symlinking: /home/alux-autopilot22/SUPER-ROS2/install/marsim_render/include//glm/gtx/normal.hpp
-- Symlinking: /home/alux-autopilot22/SUPER-ROS2/install/marsim_render/include//glm/gtx/normal.inl
-- Symlinking: /home/alux-autopilot22/SUPER-ROS2/install/marsim_render/include//glm/gtx/normalize_dot.hpp
-- Symlinking: /home/alux-autopilot22/SUPER-ROS2/install/marsim_render/include//glm/gtx/normalize_dot.inl
-- Symlinking: /home/alux-autopilot22/SUPER-ROS2/install/marsim_render/include//glm/gtx/number_precision.hpp
-- Symlinking: /home/alux-autopilot22/SUPER-ROS2/install/marsim_render/include//glm/gtx/number_precision.inl
-- Symlinking: /home/alux-autopilot22/SUPER-ROS2/install/marsim_render/include//glm/gtx/optimum_pow.hpp
-- Symlinking: /home/alux-autopilot22/SUPER-ROS2/install/marsim_render/include//glm/gtx/optimum_pow.inl
-- Symlinking: /home/alux-autopilot22/SUPER-ROS2/install/marsim_render/include//glm/gtx/orthonormalize.hpp
-- Symlinking: /home/alux-autopilot22/SUPER-ROS2/install/marsim_render/include//glm/gtx/orthonormalize.inl
-- Symlinking: /home/alux-autopilot22/SUPER-ROS2/install/marsim_render/include//glm/gtx/perpendicular.hpp
-- Symlinking: /home/alux-autopilot22/SUPER-ROS2/install/marsim_render/include//glm/gtx/perpendicular.inl
-- Symlinking: /home/alux-autopilot22/SUPER-ROS2/install/marsim_render/include//glm/gtx/polar_coordinates.hpp
-- Symlinking: /home/alux-autopilot22/SUPER-ROS2/install/marsim_render/include//glm/gtx/polar_coordinates.inl
-- Symlinking: /home/alux-autopilot22/SUPER-ROS2/install/marsim_render/include//glm/gtx/projection.hpp
-- Symlinking: /home/alux-autopilot22/SUPER-ROS2/install/marsim_render/include//glm/gtx/projection.inl
-- Symlinking: /home/alux-autopilot22/SUPER-ROS2/install/marsim_render/include//glm/gtx/quaternion.hpp
-- Symlinking: /home/alux-autopilot22/SUPER-ROS2/install/marsim_render/include//glm/gtx/quaternion.inl
-- Symlinking: /home/alux-autopilot22/SUPER-ROS2/install/marsim_render/include//glm/gtx/range.hpp
-- Symlinking: /home/alux-autopilot22/SUPER-ROS2/install/marsim_render/include//glm/gtx/raw_data.hpp
-- Symlinking: /home/alux-autopilot22/SUPER-ROS2/install/marsim_render/include//glm/gtx/raw_data.inl
-- Symlinking: /home/alux-autopilot22/SUPER-ROS2/install/marsim_render/include//glm/gtx/rotate_normalized_axis.hpp
-- Symlinking: /home/alux-autopilot22/SUPER-ROS2/install/marsim_render/include//glm/gtx/rotate_normalized_axis.inl
-- Symlinking: /home/alux-autopilot22/SUPER-ROS2/install/marsim_render/include//glm/gtx/rotate_vector.hpp
-- Symlinking: /home/alux-autopilot22/SUPER-ROS2/install/marsim_render/include//glm/gtx/rotate_vector.inl
-- Symlinking: /home/alux-autopilot22/SUPER-ROS2/install/marsim_render/include//glm/gtx/scalar_multiplication.hpp
-- Symlinking: /home/alux-autopilot22/SUPER-ROS2/install/marsim_render/include//glm/gtx/scalar_relational.hpp
-- Symlinking: /home/alux-autopilot22/SUPER-ROS2/install/marsim_render/include//glm/gtx/scalar_relational.inl
-- Symlinking: /home/alux-autopilot22/SUPER-ROS2/install/marsim_render/include//glm/gtx/spline.hpp
-- Symlinking: /home/alux-autopilot22/SUPER-ROS2/install/marsim_render/include//glm/gtx/spline.inl
-- Symlinking: /home/alux-autopilot22/SUPER-ROS2/install/marsim_render/include//glm/gtx/std_based_type.hpp
-- Symlinking: /home/alux-autopilot22/SUPER-ROS2/install/marsim_render/include//glm/gtx/std_based_type.inl
-- Symlinking: /home/alux-autopilot22/SUPER-ROS2/install/marsim_render/include//glm/gtx/string_cast.hpp
-- Symlinking: /home/alux-autopilot22/SUPER-ROS2/install/marsim_render/include//glm/gtx/string_cast.inl
-- Symlinking: /home/alux-autopilot22/SUPER-ROS2/install/marsim_render/include//glm/gtx/texture.hpp
-- Symlinking: /home/alux-autopilot22/SUPER-ROS2/install/marsim_render/include//glm/gtx/texture.inl
-- Symlinking: /home/alux-autopilot22/SUPER-ROS2/install/marsim_render/include//glm/gtx/transform.hpp
-- Symlinking: /home/alux-autopilot22/SUPER-ROS2/install/marsim_render/include//glm/gtx/transform.inl
-- Symlinking: /home/alux-autopilot22/SUPER-ROS2/install/marsim_render/include//glm/gtx/transform2.hpp
-- Symlinking: /home/alux-autopilot22/SUPER-ROS2/install/marsim_render/include//glm/gtx/transform2.inl
-- Symlinking: /home/alux-autopilot22/SUPER-ROS2/install/marsim_render/include//glm/gtx/type_aligned.hpp
-- Symlinking: /home/alux-autopilot22/SUPER-ROS2/install/marsim_render/include//glm/gtx/type_aligned.inl
-- Symlinking: /home/alux-autopilot22/SUPER-ROS2/install/marsim_render/include//glm/gtx/type_trait.hpp
-- Symlinking: /home/alux-autopilot22/SUPER-ROS2/install/marsim_render/include//glm/gtx/type_trait.inl
-- Symlinking: /home/alux-autopilot22/SUPER-ROS2/install/marsim_render/include//glm/gtx/vec_swizzle.hpp
-- Symlinking: /home/alux-autopilot22/SUPER-ROS2/install/marsim_render/include//glm/gtx/vector_angle.hpp
-- Symlinking: /home/alux-autopilot22/SUPER-ROS2/install/marsim_render/include//glm/gtx/vector_angle.inl
-- Symlinking: /home/alux-autopilot22/SUPER-ROS2/install/marsim_render/include//glm/gtx/vector_query.hpp
-- Symlinking: /home/alux-autopilot22/SUPER-ROS2/install/marsim_render/include//glm/gtx/vector_query.inl
-- Symlinking: /home/alux-autopilot22/SUPER-ROS2/install/marsim_render/include//glm/gtx/wrap.hpp
-- Symlinking: /home/alux-autopilot22/SUPER-ROS2/install/marsim_render/include//glm/gtx/wrap.inl
-- Symlinking: /home/alux-autopilot22/SUPER-ROS2/install/marsim_render/include//glm/integer.hpp
-- Symlinking: /home/alux-autopilot22/SUPER-ROS2/install/marsim_render/include//glm/mat2x2.hpp
-- Symlinking: /home/alux-autopilot22/SUPER-ROS2/install/marsim_render/include//glm/mat2x3.hpp
-- Symlinking: /home/alux-autopilot22/SUPER-ROS2/install/marsim_render/include//glm/mat2x4.hpp
-- Symlinking: /home/alux-autopilot22/SUPER-ROS2/install/marsim_render/include//glm/mat3x2.hpp
-- Symlinking: /home/alux-autopilot22/SUPER-ROS2/install/marsim_render/include//glm/mat3x3.hpp
-- Symlinking: /home/alux-autopilot22/SUPER-ROS2/install/marsim_render/include//glm/mat3x4.hpp
-- Symlinking: /home/alux-autopilot22/SUPER-ROS2/install/marsim_render/include//glm/mat4x2.hpp
-- Symlinking: /home/alux-autopilot22/SUPER-ROS2/install/marsim_render/include//glm/mat4x3.hpp
-- Symlinking: /home/alux-autopilot22/SUPER-ROS2/install/marsim_render/include//glm/mat4x4.hpp
-- Symlinking: /home/alux-autopilot22/SUPER-ROS2/install/marsim_render/include//glm/matrix.hpp
-- Symlinking: /home/alux-autopilot22/SUPER-ROS2/install/marsim_render/include//glm/packing.hpp
-- Symlinking: /home/alux-autopilot22/SUPER-ROS2/install/marsim_render/include//glm/simd/common.h
-- Symlinking: /home/alux-autopilot22/SUPER-ROS2/install/marsim_render/include//glm/simd/exponential.h
-- Symlinking: /home/alux-autopilot22/SUPER-ROS2/install/marsim_render/include//glm/simd/geometric.h
-- Symlinking: /home/alux-autopilot22/SUPER-ROS2/install/marsim_render/include//glm/simd/integer.h
-- Symlinking: /home/alux-autopilot22/SUPER-ROS2/install/marsim_render/include//glm/simd/matrix.h
-- Symlinking: /home/alux-autopilot22/SUPER-ROS2/install/marsim_render/include//glm/simd/packing.h
-- Symlinking: /home/alux-autopilot22/SUPER-ROS2/install/marsim_render/include//glm/simd/platform.h
-- Symlinking: /home/alux-autopilot22/SUPER-ROS2/install/marsim_render/include//glm/simd/trigonometric.h
-- Symlinking: /home/alux-autopilot22/SUPER-ROS2/install/marsim_render/include//glm/simd/vector_relational.h
-- Symlinking: /home/alux-autopilot22/SUPER-ROS2/install/marsim_render/include//glm/trigonometric.hpp
-- Symlinking: /home/alux-autopilot22/SUPER-ROS2/install/marsim_render/include//glm/vec2.hpp
-- Symlinking: /home/alux-autopilot22/SUPER-ROS2/install/marsim_render/include//glm/vec3.hpp
-- Symlinking: /home/alux-autopilot22/SUPER-ROS2/install/marsim_render/include//glm/vec4.hpp
-- Symlinking: /home/alux-autopilot22/SUPER-ROS2/install/marsim_render/include//glm/vector_relational.hpp
-- Symlinking: /home/alux-autopilot22/SUPER-ROS2/install/marsim_render/include//marsim_render/config.hpp
-- Symlinking: /home/alux-autopilot22/SUPER-ROS2/install/marsim_render/include//marsim_render/marsim_render.hpp
-- Symlinking: /home/alux-autopilot22/SUPER-ROS2/install/marsim_render/include//marsim_render/scope_timer.hpp
-- Symlinking: /home/alux-autopilot22/SUPER-ROS2/install/marsim_render/include//marsim_render/shader_m.h
-- Symlinking: /home/alux-autopilot22/SUPER-ROS2/install/marsim_render/include//marsim_render/yaml_loader.hpp
-- Symlinking: /home/alux-autopilot22/SUPER-ROS2/install/marsim_render/share/ament_index/resource_index/package_run_dependencies/marsim_render
-- Symlinking: /home/alux-autopilot22/SUPER-ROS2/install/marsim_render/share/ament_index/resource_index/parent_prefix_path/marsim_render
-- Symlinking: /home/alux-autopilot22/SUPER-ROS2/install/marsim_render/share/marsim_render/environment/ament_prefix_path.sh
-- Symlinking: /home/alux-autopilot22/SUPER-ROS2/install/marsim_render/share/marsim_render/environment/ament_prefix_path.dsv
-- Symlinking: /home/alux-autopilot22/SUPER-ROS2/install/marsim_render/share/marsim_render/environment/path.sh
-- Symlinking: /home/alux-autopilot22/SUPER-ROS2/install/marsim_render/share/marsim_render/environment/path.dsv
-- Symlinking: /home/alux-autopilot22/SUPER-ROS2/install/marsim_render/share/marsim_render/local_setup.bash
-- Symlinking: /home/alux-autopilot22/SUPER-ROS2/install/marsim_render/share/marsim_render/local_setup.sh
-- Symlinking: /home/alux-autopilot22/SUPER-ROS2/install/marsim_render/share/marsim_render/local_setup.zsh
-- Symlinking: /home/alux-autopilot22/SUPER-ROS2/install/marsim_render/share/marsim_render/local_setup.dsv
-- Symlinking: /home/alux-autopilot22/SUPER-ROS2/install/marsim_render/share/marsim_render/package.dsv
-- Symlinking: /home/alux-autopilot22/SUPER-ROS2/install/marsim_render/share/ament_index/resource_index/packages/marsim_render
-- Symlinking: /home/alux-autopilot22/SUPER-ROS2/install/marsim_render/share/marsim_render/cmake/ament_cmake_export_libraries-extras.cmake
-- Symlinking: /home/alux-autopilot22/SUPER-ROS2/install/marsim_render/share/marsim_render/cmake/ament_cmake_export_include_directories-extras.cmake
-- Symlinking: /home/alux-autopilot22/SUPER-ROS2/install/marsim_render/share/marsim_render/cmake/marsim_renderConfig.cmake
-- Symlinking: /home/alux-autopilot22/SUPER-ROS2/install/marsim_render/share/marsim_render/cmake/marsim_renderConfig-version.cmake
-- Symlinking: /home/alux-autopilot22/SUPER-ROS2/install/marsim_render/share/marsim_render/package.xml
