[0.010s] Invoking command in '/home/alux-autopilot22/SUPER-ROS2/build/marsim_render': CMAKE_PREFIX_PATH=/opt/ros/humble /usr/bin/cmake /home/alux-autopilot22/SUPER-ROS2/mars_uav_sim/marsim_render -DAMENT_CMAKE_SYMLINK_INSTALL=1 -DCMAKE_INSTALL_PREFIX=/home/alux-autopilot22/SUPER-ROS2/install/marsim_render
[0.052s] -- The C compiler identification is GNU 11.4.0
[0.091s] -- The CXX compiler identification is GNU 11.4.0
[0.096s] -- Detecting C compiler ABI info
[0.145s] -- Detecting C compiler ABI info - done
[0.149s] -- Check for working C compiler: /usr/bin/cc - skipped
[0.150s] -- Detecting C compile features
[0.150s] -- Detecting C compile features - done
[0.151s] -- Detecting CXX compiler ABI info
[0.207s] -- Detecting CXX compiler ABI info - done
[0.210s] -- Check for working CXX compiler: /usr/bin/c++ - skipped
[0.211s] -- Detecting CXX compile features
[0.211s] -- Detecting CXX compile features - done
[0.213s] -- Found ament_cmake: 1.3.14 (/opt/ros/humble/share/ament_cmake/cmake)
[0.310s] -- Found Python3: /usr/bin/python3 (found version "3.10.19") found components: Interpreter 
[0.354s] -- Override CMake install command with custom implementation using symlinks instead of copying resources
[0.374s] -- Found rclcpp: 16.0.19 (/opt/ros/humble/share/rclcpp/cmake)
[0.403s] -- Found rosidl_generator_c: 3.1.8 (/opt/ros/humble/share/rosidl_generator_c/cmake)
[0.406s] -- Found rosidl_adapter: 3.1.8 (/opt/ros/humble/share/rosidl_adapter/cmake)
[0.411s] -- Found rosidl_generator_cpp: 3.1.8 (/opt/ros/humble/share/rosidl_generator_cpp/cmake)
[0.419s] -- Using all available rosidl_typesupport_c: rosidl_typesupport_fastrtps_c;rosidl_typesupport_introspection_c
[0.431s] -- Using all available rosidl_typesupport_cpp: rosidl_typesupport_fastrtps_cpp;rosidl_typesupport_introspection_cpp
[0.458s] -- Found rmw_implementation_cmake: 6.1.2 (/opt/ros/humble/share/rmw_implementation_cmake/cmake)
[0.459s] -- Found rmw_fastrtps_cpp: 6.2.10 (/opt/ros/humble/share/rmw_fastrtps_cpp/cmake)
[0.521s] -- Found OpenSSL: /usr/lib/x86_64-linux-gnu/libcrypto.so (found version "3.0.2")  
[0.537s] -- Found FastRTPS: /opt/ros/humble/include  
[0.554s] -- Using RMW implementation 'rmw_fastrtps_cpp' as default
[0.560s] -- Looking for pthread.h
[0.612s] -- Looking for pthread.h - found
[0.612s] -- Performing Test CMAKE_HAVE_LIBC_PTHREAD
[0.667s] -- Performing Test CMAKE_HAVE_LIBC_PTHREAD - Success
[0.669s] -- Found Threads: TRUE  
[0.699s] -- GCC or Clang detected, adding -Wall -Wextra -Werror
[0.710s] -- Found OpenCV: /usr (found version "4.5.4") 
[0.741s] -- Found GLEW: /usr/include (found version "2.2.0") 
[0.744s] [33mCMake Warning (dev) at /usr/share/cmake-3.22/Modules/FindOpenGL.cmake:315 (message):
[0.744s]   Policy CMP0072 is not set: FindOpenGL prefers GLVND by default when
[0.745s]   available.  Run "cmake --help-policy CMP0072" for policy details.  Use the
[0.745s]   cmake_policy command to set the policy and suppress this warning.
[0.745s] 
[0.745s]   FindOpenGL found both a legacy GL library:
[0.745s] 
[0.745s]     OPENGL_gl_LIBRARY: /usr/lib/x86_64-linux-gnu/libGL.so
[0.745s] 
[0.745s]   and GLVND libraries for OpenGL and GLX:
[0.745s] 
[0.745s]     OPENGL_opengl_LIBRARY: /usr/lib/x86_64-linux-gnu/libOpenGL.so
[0.745s]     OPENGL_glx_LIBRARY: /usr/lib/x86_64-linux-gnu/libGLX.so
[0.745s] 
[0.745s]   OpenGL_GL_PREFERENCE has not been set to "GLVND" or "LEGACY", so for
[0.746s]   compatibility with CMake 3.10 and below the legacy GL library will be used.
[0.746s] Call Stack (most recent call first):
[0.746s]   CMakeLists.txt:48 (find_package)
[0.746s] This warning is for project developers.  Use -Wno-dev to suppress it.
[0.746s] [0m
[0.746s] -- Found OpenGL: /usr/lib/x86_64-linux-gnu/libOpenGL.so   
[0.759s] -- Checking for module 'eigen3'
[0.770s] --   Found eigen3, version 3.4.0
[0.800s] -- Found Eigen: /usr/include/eigen3 (Required is at least version "3.1") 
[0.800s] -- Eigen found (include: /usr/include/eigen3, version: 3.4.0)
[0.813s] -- Found Boost: /usr/lib/x86_64-linux-gnu/cmake/Boost-1.74.0/BoostConfig.cmake (found suitable version "1.74.0", minimum required is "1.65.0") found components: system filesystem date_time iostreams serialization 
[0.828s] -- Checking for module 'flann'
[0.838s] --   Found flann, version 1.9.1
[0.873s] -- Found FLANN: /usr/lib/x86_64-linux-gnu/libflann_cpp.so  
[0.873s] -- FLANN found (include: /usr/include, lib: /usr/lib/x86_64-linux-gnu/libflann_cpp.so)
[0.896s] -- Found GLEW: /usr/lib/x86_64-linux-gnu/libGLEW.so  
[0.900s] -- Found OpenGL: /usr/lib/x86_64-linux-gnu/libOpenGL.so  found components: OpenGL GLX 
[1.009s] -- Found MPI_C: /usr/lib/x86_64-linux-gnu/libmpi.so (found version "3.1") 
[1.010s] -- Found MPI: TRUE (found version "3.1") found components: C 
[1.011s] -- Found JsonCpp: /usr/lib/x86_64-linux-gnu/libjsoncpp.so (found suitable version "1.9.5", minimum required is "0.7.0") 
[1.017s] -- Found ZLIB: /usr/lib/x86_64-linux-gnu/libz.so (found version "1.3.1") 
[1.031s] -- Found PNG: /usr/lib/x86_64-linux-gnu/libpng.so (found version "1.6.55") 
[1.039s] -- Found Eigen3: /usr/include/eigen3 (found version "3.4.0") 
[1.108s] -- Found X11: /usr/include   
[1.108s] -- Looking for XOpenDisplay in /usr/lib/x86_64-linux-gnu/libX11.so;/usr/lib/x86_64-linux-gnu/libXext.so
[1.160s] -- Looking for XOpenDisplay in /usr/lib/x86_64-linux-gnu/libX11.so;/usr/lib/x86_64-linux-gnu/libXext.so - found
[1.160s] -- Looking for gethostbyname
[1.210s] -- Looking for gethostbyname - found
[1.210s] -- Looking for connect
[1.263s] -- Looking for connect - found
[1.263s] -- Looking for remove
[1.314s] -- Looking for remove - found
[1.314s] -- Looking for shmat
[1.370s] -- Looking for shmat - found
[1.370s] -- Looking for IceConnectionNumber in ICE
[1.424s] -- Looking for IceConnectionNumber in ICE - found
[1.506s] -- Found EXPAT: /usr/lib/x86_64-linux-gnu/libexpat.so (found version "2.6.1") 
[1.507s] -- Found double-conversion: /usr/lib/x86_64-linux-gnu/libdouble-conversion.so  
[1.509s] -- Found LZ4: /usr/lib/x86_64-linux-gnu/liblz4.so (found version "1.9.3") 
[1.510s] -- Found LZMA: /usr/lib/x86_64-linux-gnu/liblzma.so (found version "5.2.5") 
[1.520s] -- Found JPEG: /usr/lib/x86_64-linux-gnu/libjpeg.so (found version "80") 
[1.528s] -- Found TIFF: /usr/lib/x86_64-linux-gnu/libtiff.so (found version "4.7.0")  
[1.531s] -- Found Freetype: /usr/lib/x86_64-linux-gnu/libfreetype.so (found version "2.12.1") 
[1.534s] -- Found utf8cpp: /usr/include/utf8cpp  
[1.594s] -- Checking for module 'libusb-1.0'
[1.604s] --   Found libusb-1.0, version 1.0.25
[1.635s] -- Found libusb: /usr/lib/x86_64-linux-gnu/libusb-1.0.so  
[1.636s] -- Found OpenNI: /usr/lib/libOpenNI.so;libusb::libusb (found version "1.5.4.0") 
[1.636s] -- OpenNI found (version: 1.5.4.0, include: /usr/include/ni, lib: /usr/lib/libOpenNI.so;libusb::libusb)
[1.681s] -- Found OpenNI2: /usr/lib/x86_64-linux-gnu/libOpenNI2.so;libusb::libusb (found version "2.2.0.33") 
[1.681s] -- OpenNI2 found (version: 2.2.0.33, include: /usr/include/openni2, lib: /usr/lib/x86_64-linux-gnu/libOpenNI2.so;libusb::libusb)
[1.681s] [0m** WARNING ** io features related to pcap will be disabled[0m
[1.818s] -- Eigen found (include: /usr/include/eigen3, version: 3.4.0)
[1.823s] -- OpenNI found (version: 1.5.4.0, include: /usr/include/ni, lib: /usr/lib/libOpenNI.so;libusb::libusb)
[1.831s] -- OpenNI2 found (version: 2.2.0.33, include: /usr/include/openni2, lib: /usr/lib/x86_64-linux-gnu/libOpenNI2.so;libusb::libusb)
[1.943s] -- Found Qhull version 8.0.2
[2.055s] -- OpenNI found (version: 1.5.4.0, include: /usr/include/ni, lib: /usr/lib/libOpenNI.so;libusb::libusb)
[2.169s] -- looking for PCL_COMMON
[2.172s] -- Found PCL_COMMON: /usr/lib/x86_64-linux-gnu/libpcl_common.so  
[2.172s] -- looking for PCL_KDTREE
[2.176s] -- Found PCL_KDTREE: /usr/lib/x86_64-linux-gnu/libpcl_kdtree.so  
[2.176s] -- looking for PCL_OCTREE
[2.176s] -- Found PCL_OCTREE: /usr/lib/x86_64-linux-gnu/libpcl_octree.so  
[2.176s] -- looking for PCL_SEARCH
[2.176s] -- Found PCL_SEARCH: /usr/lib/x86_64-linux-gnu/libpcl_search.so  
[2.176s] -- looking for PCL_SAMPLE_CONSENSUS
[2.177s] -- Found PCL_SAMPLE_CONSENSUS: /usr/lib/x86_64-linux-gnu/libpcl_sample_consensus.so  
[2.177s] -- looking for PCL_FILTERS
[2.177s] -- Found PCL_FILTERS: /usr/lib/x86_64-linux-gnu/libpcl_filters.so  
[2.177s] -- looking for PCL_2D
[2.177s] -- Found PCL_2D: /usr/include/pcl-1.12  
[2.177s] -- looking for PCL_GEOMETRY
[2.177s] -- Found PCL_GEOMETRY: /usr/include/pcl-1.12  
[2.177s] -- looking for PCL_IO
[2.178s] -- Found PCL_IO: /usr/lib/x86_64-linux-gnu/libpcl_io.so  
[2.178s] -- looking for PCL_FEATURES
[2.179s] -- Found PCL_FEATURES: /usr/lib/x86_64-linux-gnu/libpcl_features.so  
[2.179s] -- looking for PCL_ML
[2.180s] -- Found PCL_ML: /usr/lib/x86_64-linux-gnu/libpcl_ml.so  
[2.181s] -- looking for PCL_SEGMENTATION
[2.182s] -- Found PCL_SEGMENTATION: /usr/lib/x86_64-linux-gnu/libpcl_segmentation.so  
[2.182s] -- looking for PCL_VISUALIZATION
[2.183s] -- Found PCL_VISUALIZATION: /usr/lib/x86_64-linux-gnu/libpcl_visualization.so  
[2.184s] -- looking for PCL_SURFACE
[2.184s] -- Found PCL_SURFACE: /usr/lib/x86_64-linux-gnu/libpcl_surface.so  
[2.184s] -- looking for PCL_REGISTRATION
[2.185s] -- Found PCL_REGISTRATION: /usr/lib/x86_64-linux-gnu/libpcl_registration.so  
[2.185s] -- looking for PCL_KEYPOINTS
[2.186s] -- Found PCL_KEYPOINTS: /usr/lib/x86_64-linux-gnu/libpcl_keypoints.so  
[2.187s] -- looking for PCL_TRACKING
[2.187s] -- Found PCL_TRACKING: /usr/lib/x86_64-linux-gnu/libpcl_tracking.so  
[2.187s] -- looking for PCL_RECOGNITION
[2.188s] -- Found PCL_RECOGNITION: /usr/lib/x86_64-linux-gnu/libpcl_recognition.so  
[2.189s] -- looking for PCL_STEREO
[2.189s] -- Found PCL_STEREO: /usr/lib/x86_64-linux-gnu/libpcl_stereo.so  
[2.190s] -- looking for PCL_APPS
[2.190s] -- Found PCL_APPS: /usr/lib/x86_64-linux-gnu/libpcl_apps.so  
[2.191s] -- looking for PCL_IN_HAND_SCANNER
[2.191s] -- Found PCL_IN_HAND_SCANNER: /usr/include/pcl-1.12  
[2.191s] -- looking for PCL_MODELER
[2.191s] -- Found PCL_MODELER: /usr/include/pcl-1.12  
[2.191s] -- looking for PCL_POINT_CLOUD_EDITOR
[2.191s] -- Found PCL_POINT_CLOUD_EDITOR: /usr/include/pcl-1.12  
[2.191s] -- looking for PCL_OUTOFCORE
[2.192s] -- Found PCL_OUTOFCORE: /usr/lib/x86_64-linux-gnu/libpcl_outofcore.so  
[2.192s] -- looking for PCL_PEOPLE
[2.193s] -- Found PCL_PEOPLE: /usr/lib/x86_64-linux-gnu/libpcl_people.so  
[2.196s] -- Found PCL: pcl_common;pcl_kdtree;pcl_octree;pcl_search;pcl_sample_consensus;pcl_filters;pcl_io;pcl_features;pcl_ml;pcl_segmentation;pcl_visualization;pcl_surface;pcl_registration;pcl_keypoints;pcl_tracking;pcl_recognition;pcl_stereo;pcl_apps;pcl_outofcore;pcl_people;Boost::system;Boost::filesystem;Boost::date_time;Boost::iostreams;Boost::serialization;/usr/lib/libOpenNI.so;libusb::libusb;/usr/lib/x86_64-linux-gnu/libOpenNI2.so;libusb::libusb;VTK::ChartsCore;VTK::CommonColor;VTK::CommonComputationalGeometry;VTK::CommonCore;VTK::CommonDataModel;VTK::CommonExecutionModel;VTK::CommonMath;VTK::CommonMisc;VTK::CommonTransforms;VTK::FiltersCore;VTK::FiltersExtraction;VTK::FiltersGeneral;VTK::FiltersGeometry;VTK::FiltersModeling;VTK::FiltersSources;VTK::ImagingCore;VTK::ImagingSources;VTK::InteractionImage;VTK::InteractionStyle;VTK::InteractionWidgets;VTK::IOCore;VTK::IOGeometry;VTK::IOImage;VTK::IOLegacy;VTK::IOPLY;VTK::RenderingAnnotation;VTK::RenderingCore;VTK::RenderingContext2D;VTK::RenderingLOD;VTK::RenderingFreeType;VTK::ViewsCore;VTK::ViewsContext2D;VTK::RenderingOpenGL2;VTK::GUISupportQt;FLANN::FLANN;QHULL::QHULL  
[2.605s] -- Found OpenMP_C: -fopenmp (found version "4.5") 
[2.757s] -- Found OpenMP_CXX: -fopenmp (found version "4.5") 
[2.757s] -- Found OpenMP: TRUE (found version "4.5")  
[2.919s] -- Configuring done
[2.981s] -- Generating done
[3.003s] -- Build files have been written to: /home/alux-autopilot22/SUPER-ROS2/build/marsim_render
[3.038s] Invoked command in '/home/alux-autopilot22/SUPER-ROS2/build/marsim_render' returned '0': CMAKE_PREFIX_PATH=/opt/ros/humble /usr/bin/cmake /home/alux-autopilot22/SUPER-ROS2/mars_uav_sim/marsim_render -DAMENT_CMAKE_SYMLINK_INSTALL=1 -DCMAKE_INSTALL_PREFIX=/home/alux-autopilot22/SUPER-ROS2/install/marsim_render
[3.038s] Invoking command in '/home/alux-autopilot22/SUPER-ROS2/build/marsim_render': CMAKE_PREFIX_PATH=/opt/ros/humble /usr/bin/cmake --build /home/alux-autopilot22/SUPER-ROS2/build/marsim_render -- -j16 -l16
[3.088s] [ 66%] [32mBuilding CXX object CMakeFiles/marsim_render.dir/src/marsim_render.cpp.o[0m
[3.088s] [ 66%] [32mBuilding C object CMakeFiles/marsim_render.dir/include/glad/glad.c.o[0m
[3.092s] [01m[Kcc1:[m[K [01;35m[Kwarning: [m[Kcommand-line option ‘[01m[K-Wnon-virtual-dtor[m[K’ is valid for C++/ObjC++ but not for C
[3.092s] [01m[Kcc1:[m[K [01;35m[Kwarning: [m[Kcommand-line option ‘[01m[K-Woverloaded-virtual[m[K’ is valid for C++/ObjC++ but not for C
[11.507s] [100%] [32m[1mLinking CXX shared library libmarsim_render.so[0m
[11.836s] [100%] Built target marsim_render
[11.847s] Invoked command in '/home/alux-autopilot22/SUPER-ROS2/build/marsim_render' returned '0': CMAKE_PREFIX_PATH=/opt/ros/humble /usr/bin/cmake --build /home/alux-autopilot22/SUPER-ROS2/build/marsim_render -- -j16 -l16
[11.849s] Invoking command in '/home/alux-autopilot22/SUPER-ROS2/build/marsim_render': CMAKE_PREFIX_PATH=/opt/ros/humble /usr/bin/cmake --install /home/alux-autopilot22/SUPER-ROS2/build/marsim_render
[11.856s] -- Install configuration: "Release"
[11.856s] -- Execute custom install script
[11.856s] -- Symlinking: /home/alux-autopilot22/SUPER-ROS2/install/marsim_render/lib/libmarsim_render.so
[11.864s] -- Symlinking: /home/alux-autopilot22/SUPER-ROS2/install/marsim_render/share/marsim_render/environment/library_path.sh
[11.872s] -- Symlinking: /home/alux-autopilot22/SUPER-ROS2/install/marsim_render/share/marsim_render/environment/library_path.dsv
[11.882s] -- Symlinking: /home/alux-autopilot22/SUPER-ROS2/install/marsim_render/include//GL/glew.h
[11.890s] -- Symlinking: /home/alux-autopilot22/SUPER-ROS2/install/marsim_render/include//GL/glxew.h
[11.898s] -- Symlinking: /home/alux-autopilot22/SUPER-ROS2/install/marsim_render/include//GL/wglew.h
[11.906s] -- Symlinking: /home/alux-autopilot22/SUPER-ROS2/install/marsim_render/include//glad/glad.c
[11.914s] -- Symlinking: /home/alux-autopilot22/SUPER-ROS2/install/marsim_render/include//glad/glad.h
[11.922s] -- Symlinking: /home/alux-autopilot22/SUPER-ROS2/install/marsim_render/include//glm/CMakeLists.txt
[11.930s] -- Symlinking: /home/alux-autopilot22/SUPER-ROS2/install/marsim_render/include//glm/common.hpp
[11.939s] -- Symlinking: /home/alux-autopilot22/SUPER-ROS2/install/marsim_render/include//glm/detail/_features.hpp
[11.948s] -- Symlinking: /home/alux-autopilot22/SUPER-ROS2/install/marsim_render/include//glm/detail/_fixes.hpp
[11.957s] -- Symlinking: /home/alux-autopilot22/SUPER-ROS2/install/marsim_render/include//glm/detail/_noise.hpp
[11.965s] -- Symlinking: /home/alux-autopilot22/SUPER-ROS2/install/marsim_render/include//glm/detail/_swizzle.hpp
[11.974s] -- Symlinking: /home/alux-autopilot22/SUPER-ROS2/install/marsim_render/include//glm/detail/_swizzle_func.hpp
[11.982s] -- Symlinking: /home/alux-autopilot22/SUPER-ROS2/install/marsim_render/include//glm/detail/_vectorize.hpp
[11.989s] -- Symlinking: /home/alux-autopilot22/SUPER-ROS2/install/marsim_render/include//glm/detail/compute_common.hpp
[11.997s] -- Symlinking: /home/alux-autopilot22/SUPER-ROS2/install/marsim_render/include//glm/detail/compute_vector_relational.hpp
[12.005s] -- Symlinking: /home/alux-autopilot22/SUPER-ROS2/install/marsim_render/include//glm/detail/func_common.inl
[12.013s] -- Symlinking: /home/alux-autopilot22/SUPER-ROS2/install/marsim_render/include//glm/detail/func_common_simd.inl
[12.021s] -- Symlinking: /home/alux-autopilot22/SUPER-ROS2/install/marsim_render/include//glm/detail/func_exponential.inl
[12.029s] -- Symlinking: /home/alux-autopilot22/SUPER-ROS2/install/marsim_render/include//glm/detail/func_exponential_simd.inl
[12.037s] -- Symlinking: /home/alux-autopilot22/SUPER-ROS2/install/marsim_render/include//glm/detail/func_geometric.inl
[12.045s] -- Symlinking: /home/alux-autopilot22/SUPER-ROS2/install/marsim_render/include//glm/detail/func_geometric_simd.inl
[12.053s] -- Symlinking: /home/alux-autopilot22/SUPER-ROS2/install/marsim_render/include//glm/detail/func_integer.inl
[12.062s] -- Symlinking: /home/alux-autopilot22/SUPER-ROS2/install/marsim_render/include//glm/detail/func_integer_simd.inl
[12.069s] -- Symlinking: /home/alux-autopilot22/SUPER-ROS2/install/marsim_render/include//glm/detail/func_matrix.inl
[12.077s] -- Symlinking: /home/alux-autopilot22/SUPER-ROS2/install/marsim_render/include//glm/detail/func_matrix_simd.inl
[12.085s] -- Symlinking: /home/alux-autopilot22/SUPER-ROS2/install/marsim_render/include//glm/detail/func_packing.inl
[12.092s] -- Symlinking: /home/alux-autopilot22/SUPER-ROS2/install/marsim_render/include//glm/detail/func_packing_simd.inl
[12.100s] -- Symlinking: /home/alux-autopilot22/SUPER-ROS2/install/marsim_render/include//glm/detail/func_trigonometric.inl
[12.109s] -- Symlinking: /home/alux-autopilot22/SUPER-ROS2/install/marsim_render/include//glm/detail/func_trigonometric_simd.inl
[12.118s] -- Symlinking: /home/alux-autopilot22/SUPER-ROS2/install/marsim_render/include//glm/detail/func_vector_relational.inl
[12.128s] -- Symlinking: /home/alux-autopilot22/SUPER-ROS2/install/marsim_render/include//glm/detail/func_vector_relational_simd.inl
[12.137s] -- Symlinking: /home/alux-autopilot22/SUPER-ROS2/install/marsim_render/include//glm/detail/glm.cpp
[12.147s] -- Symlinking: /home/alux-autopilot22/SUPER-ROS2/install/marsim_render/include//glm/detail/qualifier.hpp
[12.155s] -- Symlinking: /home/alux-autopilot22/SUPER-ROS2/install/marsim_render/include//glm/detail/setup.hpp
[12.164s] -- Symlinking: /home/alux-autopilot22/SUPER-ROS2/install/marsim_render/include//glm/detail/type_float.hpp
[12.172s] -- Symlinking: /home/alux-autopilot22/SUPER-ROS2/install/marsim_render/include//glm/detail/type_half.hpp
[12.181s] -- Symlinking: /home/alux-autopilot22/SUPER-ROS2/install/marsim_render/include//glm/detail/type_half.inl
[12.190s] -- Symlinking: /home/alux-autopilot22/SUPER-ROS2/install/marsim_render/include//glm/detail/type_mat2x2.hpp
[12.198s] -- Symlinking: /home/alux-autopilot22/SUPER-ROS2/install/marsim_render/include//glm/detail/type_mat2x2.inl
[12.207s] -- Symlinking: /home/alux-autopilot22/SUPER-ROS2/install/marsim_render/include//glm/detail/type_mat2x3.hpp
[12.215s] -- Symlinking: /home/alux-autopilot22/SUPER-ROS2/install/marsim_render/include//glm/detail/type_mat2x3.inl
[12.224s] -- Symlinking: /home/alux-autopilot22/SUPER-ROS2/install/marsim_render/include//glm/detail/type_mat2x4.hpp
[12.233s] -- Symlinking: /home/alux-autopilot22/SUPER-ROS2/install/marsim_render/include//glm/detail/type_mat2x4.inl
[12.242s] -- Symlinking: /home/alux-autopilot22/SUPER-ROS2/install/marsim_render/include//glm/detail/type_mat3x2.hpp
[12.250s] -- Symlinking: /home/alux-autopilot22/SUPER-ROS2/install/marsim_render/include//glm/detail/type_mat3x2.inl
[12.258s] -- Symlinking: /home/alux-autopilot22/SUPER-ROS2/install/marsim_render/include//glm/detail/type_mat3x3.hpp
[12.266s] -- Symlinking: /home/alux-autopilot22/SUPER-ROS2/install/marsim_render/include//glm/detail/type_mat3x3.inl
[12.276s] -- Symlinking: /home/alux-autopilot22/SUPER-ROS2/install/marsim_render/include//glm/detail/type_mat3x4.hpp
[12.284s] -- Symlinking: /home/alux-autopilot22/SUPER-ROS2/install/marsim_render/include//glm/detail/type_mat3x4.inl
[12.292s] -- Symlinking: /home/alux-autopilot22/SUPER-ROS2/install/marsim_render/include//glm/detail/type_mat4x2.hpp
[12.300s] -- Symlinking: /home/alux-autopilot22/SUPER-ROS2/install/marsim_render/include//glm/detail/type_mat4x2.inl
[12.308s] -- Symlinking: /home/alux-autopilot22/SUPER-ROS2/install/marsim_render/include//glm/detail/type_mat4x3.hpp
[12.316s] -- Symlinking: /home/alux-autopilot22/SUPER-ROS2/install/marsim_render/include//glm/detail/type_mat4x3.inl
[12.324s] -- Symlinking: /home/alux-autopilot22/SUPER-ROS2/install/marsim_render/include//glm/detail/type_mat4x4.hpp
[12.333s] -- Symlinking: /home/alux-autopilot22/SUPER-ROS2/install/marsim_render/include//glm/detail/type_mat4x4.inl
[12.341s] -- Symlinking: /home/alux-autopilot22/SUPER-ROS2/install/marsim_render/include//glm/detail/type_mat4x4_simd.inl
[12.350s] -- Symlinking: /home/alux-autopilot22/SUPER-ROS2/install/marsim_render/include//glm/detail/type_quat.hpp
[12.358s] -- Symlinking: /home/alux-autopilot22/SUPER-ROS2/install/marsim_render/include//glm/detail/type_quat.inl
[12.366s] -- Symlinking: /home/alux-autopilot22/SUPER-ROS2/install/marsim_render/include//glm/detail/type_quat_simd.inl
[12.374s] -- Symlinking: /home/alux-autopilot22/SUPER-ROS2/install/marsim_render/include//glm/detail/type_vec1.hpp
[12.382s] -- Symlinking: /home/alux-autopilot22/SUPER-ROS2/install/marsim_render/include//glm/detail/type_vec1.inl
[12.390s] -- Symlinking: /home/alux-autopilot22/SUPER-ROS2/install/marsim_render/include//glm/detail/type_vec2.hpp
[12.398s] -- Symlinking: /home/alux-autopilot22/SUPER-ROS2/install/marsim_render/include//glm/detail/type_vec2.inl
[12.406s] -- Symlinking: /home/alux-autopilot22/SUPER-ROS2/install/marsim_render/include//glm/detail/type_vec3.hpp
[12.414s] -- Symlinking: /home/alux-autopilot22/SUPER-ROS2/install/marsim_render/include//glm/detail/type_vec3.inl
[12.422s] -- Symlinking: /home/alux-autopilot22/SUPER-ROS2/install/marsim_render/include//glm/detail/type_vec4.hpp
[12.429s] -- Symlinking: /home/alux-autopilot22/SUPER-ROS2/install/marsim_render/include//glm/detail/type_vec4.inl
[12.437s] -- Symlinking: /home/alux-autopilot22/SUPER-ROS2/install/marsim_render/include//glm/detail/type_vec4_simd.inl
[12.445s] -- Symlinking: /home/alux-autopilot22/SUPER-ROS2/install/marsim_render/include//glm/exponential.hpp
[12.453s] -- Symlinking: /home/alux-autopilot22/SUPER-ROS2/install/marsim_render/include//glm/ext.hpp
[12.461s] -- Symlinking: /home/alux-autopilot22/SUPER-ROS2/install/marsim_render/include//glm/ext/matrix_clip_space.hpp
[12.469s] -- Symlinking: /home/alux-autopilot22/SUPER-ROS2/install/marsim_render/include//glm/ext/matrix_clip_space.inl
[12.477s] -- Symlinking: /home/alux-autopilot22/SUPER-ROS2/install/marsim_render/include//glm/ext/matrix_double2x2.hpp
[12.486s] -- Symlinking: /home/alux-autopilot22/SUPER-ROS2/install/marsim_render/include//glm/ext/matrix_double2x2_precision.hpp
[12.494s] -- Symlinking: /home/alux-autopilot22/SUPER-ROS2/install/marsim_render/include//glm/ext/matrix_double2x3.hpp
[12.502s] -- Symlinking: /home/alux-autopilot22/SUPER-ROS2/install/marsim_render/include//glm/ext/matrix_double2x3_precision.hpp
[12.511s] -- Symlinking: /home/alux-autopilot22/SUPER-ROS2/install/marsim_render/include//glm/ext/matrix_double2x4.hpp
[12.519s] -- Symlinking: /home/alux-autopilot22/SUPER-ROS2/install/marsim_render/include//glm/ext/matrix_double2x4_precision.hpp
[12.527s] -- Symlinking: /home/alux-autopilot22/SUPER-ROS2/install/marsim_render/include//glm/ext/matrix_double3x2.hpp
[12.535s] -- Symlinking: /home/alux-autopilot22/SUPER-ROS2/install/marsim_render/include//glm/ext/matrix_double3x2_precision.hpp
[12.543s] -- Symlinking: /home/alux-autopilot22/SUPER-ROS2/install/marsim_render/include//glm/ext/matrix_double3x3.hpp
[12.551s] -- Symlinking: /home/alux-autopilot22/SUPER-ROS2/install/marsim_render/include//glm/ext/matrix_double3x3_precision.hpp
[12.559s] -- Symlinking: /home/alux-autopilot22/SUPER-ROS2/install/marsim_render/include//glm/ext/matrix_double3x4.hpp
[12.566s] -- Symlinking: /home/alux-autopilot22/SUPER-ROS2/install/marsim_render/include//glm/ext/matrix_double3x4_precision.hpp
[12.575s] -- Symlinking: /home/alux-autopilot22/SUPER-ROS2/install/marsim_render/include//glm/ext/matrix_double4x2.hpp
[12.583s] -- Symlinking: /home/alux-autopilot22/SUPER-ROS2/install/marsim_render/include//glm/ext/matrix_double4x2_precision.hpp
[12.592s] -- Symlinking: /home/alux-autopilot22/SUPER-ROS2/install/marsim_render/include//glm/ext/matrix_double4x3.hpp
[12.600s] -- Symlinking: /home/alux-autopilot22/SUPER-ROS2/install/marsim_render/include//glm/ext/matrix_double4x3_precision.hpp
[12.608s] -- Symlinking: /home/alux-autopilot22/SUPER-ROS2/install/marsim_render/include//glm/ext/matrix_double4x4.hpp
[12.617s] -- Symlinking: /home/alux-autopilot22/SUPER-ROS2/install/marsim_render/include//glm/ext/matrix_double4x4_precision.hpp
[12.625s] -- Symlinking: /home/alux-autopilot22/SUPER-ROS2/install/marsim_render/include//glm/ext/matrix_float2x2.hpp
[12.633s] -- Symlinking: /home/alux-autopilot22/SUPER-ROS2/install/marsim_render/include//glm/ext/matrix_float2x2_precision.hpp
[12.640s] -- Symlinking: /home/alux-autopilot22/SUPER-ROS2/install/marsim_render/include//glm/ext/matrix_float2x3.hpp
[12.648s] -- Symlinking: /home/alux-autopilot22/SUPER-ROS2/install/marsim_render/include//glm/ext/matrix_float2x3_precision.hpp
[12.657s] -- Symlinking: /home/alux-autopilot22/SUPER-ROS2/install/marsim_render/include//glm/ext/matrix_float2x4.hpp
[12.664s] -- Symlinking: /home/alux-autopilot22/SUPER-ROS2/install/marsim_render/include//glm/ext/matrix_float2x4_precision.hpp
[12.672s] -- Symlinking: /home/alux-autopilot22/SUPER-ROS2/install/marsim_render/include//glm/ext/matrix_float3x2.hpp
[12.680s] -- Symlinking: /home/alux-autopilot22/SUPER-ROS2/install/marsim_render/include//glm/ext/matrix_float3x2_precision.hpp
[12.688s] -- Symlinking: /home/alux-autopilot22/SUPER-ROS2/install/marsim_render/include//glm/ext/matrix_float3x3.hpp
[12.697s] -- Symlinking: /home/alux-autopilot22/SUPER-ROS2/install/marsim_render/include//glm/ext/matrix_float3x3_precision.hpp
[12.705s] -- Symlinking: /home/alux-autopilot22/SUPER-ROS2/install/marsim_render/include//glm/ext/matrix_float3x4.hpp
[12.713s] -- Symlinking: /home/alux-autopilot22/SUPER-ROS2/install/marsim_render/include//glm/ext/matrix_float3x4_precision.hpp
[12.721s] -- Symlinking: /home/alux-autopilot22/SUPER-ROS2/install/marsim_render/include//glm/ext/matrix_float4x2.hpp
[12.729s] -- Symlinking: /home/alux-autopilot22/SUPER-ROS2/install/marsim_render/include//glm/ext/matrix_float4x2_precision.hpp
[12.738s] -- Symlinking: /home/alux-autopilot22/SUPER-ROS2/install/marsim_render/include//glm/ext/matrix_float4x3.hpp
[12.745s] -- Symlinking: /home/alux-autopilot22/SUPER-ROS2/install/marsim_render/include//glm/ext/matrix_float4x3_precision.hpp
[12.754s] -- Symlinking: /home/alux-autopilot22/SUPER-ROS2/install/marsim_render/include//glm/ext/matrix_float4x4.hpp
[12.764s] -- Symlinking: /home/alux-autopilot22/SUPER-ROS2/install/marsim_render/include//glm/ext/matrix_float4x4_precision.hpp
[12.772s] -- Symlinking: /home/alux-autopilot22/SUPER-ROS2/install/marsim_render/include//glm/ext/matrix_projection.hpp
[12.780s] -- Symlinking: /home/alux-autopilot22/SUPER-ROS2/install/marsim_render/include//glm/ext/matrix_projection.inl
[12.789s] -- Symlinking: /home/alux-autopilot22/SUPER-ROS2/install/marsim_render/include//glm/ext/matrix_relational.hpp
[12.797s] -- Symlinking: /home/alux-autopilot22/SUPER-ROS2/install/marsim_render/include//glm/ext/matrix_relational.inl
[12.806s] -- Symlinking: /home/alux-autopilot22/SUPER-ROS2/install/marsim_render/include//glm/ext/matrix_transform.hpp
[12.814s] -- Symlinking: /home/alux-autopilot22/SUPER-ROS2/install/marsim_render/include//glm/ext/matrix_transform.inl
[12.822s] -- Symlinking: /home/alux-autopilot22/SUPER-ROS2/install/marsim_render/include//glm/ext/quaternion_common.hpp
[12.830s] -- Symlinking: /home/alux-autopilot22/SUPER-ROS2/install/marsim_render/include//glm/ext/quaternion_common.inl
[12.839s] -- Symlinking: /home/alux-autopilot22/SUPER-ROS2/install/marsim_render/include//glm/ext/quaternion_common_simd.inl
[12.847s] -- Symlinking: /home/alux-autopilot22/SUPER-ROS2/install/marsim_render/include//glm/ext/quaternion_double.hpp
[12.855s] -- Symlinking: /home/alux-autopilot22/SUPER-ROS2/install/marsim_render/include//glm/ext/quaternion_double_precision.hpp
[12.864s] -- Symlinking: /home/alux-autopilot22/SUPER-ROS2/install/marsim_render/include//glm/ext/quaternion_exponential.hpp
[12.873s] -- Symlinking: /home/alux-autopilot22/SUPER-ROS2/install/marsim_render/include//glm/ext/quaternion_exponential.inl
[12.880s] -- Symlinking: /home/alux-autopilot22/SUPER-ROS2/install/marsim_render/include//glm/ext/quaternion_float.hpp
[12.889s] -- Symlinking: /home/alux-autopilot22/SUPER-ROS2/install/marsim_render/include//glm/ext/quaternion_float_precision.hpp
[12.897s] -- Symlinking: /home/alux-autopilot22/SUPER-ROS2/install/marsim_render/include//glm/ext/quaternion_geometric.hpp
[12.906s] -- Symlinking: /home/alux-autopilot22/SUPER-ROS2/install/marsim_render/include//glm/ext/quaternion_geometric.inl
[12.915s] -- Symlinking: /home/alux-autopilot22/SUPER-ROS2/install/marsim_render/include//glm/ext/quaternion_relational.hpp
[12.922s] -- Symlinking: /home/alux-autopilot22/SUPER-ROS2/install/marsim_render/include//glm/ext/quaternion_relational.inl
[12.930s] -- Symlinking: /home/alux-autopilot22/SUPER-ROS2/install/marsim_render/include//glm/ext/quaternion_transform.hpp
[12.938s] -- Symlinking: /home/alux-autopilot22/SUPER-ROS2/install/marsim_render/include//glm/ext/quaternion_transform.inl
[12.945s] -- Symlinking: /home/alux-autopilot22/SUPER-ROS2/install/marsim_render/include//glm/ext/quaternion_trigonometric.hpp
[12.953s] -- Symlinking: /home/alux-autopilot22/SUPER-ROS2/install/marsim_render/include//glm/ext/quaternion_trigonometric.inl
[12.961s] -- Symlinking: /home/alux-autopilot22/SUPER-ROS2/install/marsim_render/include//glm/ext/scalar_common.hpp
[12.969s] -- Symlinking: /home/alux-autopilot22/SUPER-ROS2/install/marsim_render/include//glm/ext/scalar_common.inl
[12.978s] -- Symlinking: /home/alux-autopilot22/SUPER-ROS2/install/marsim_render/include//glm/ext/scalar_constants.hpp
[12.987s] -- Symlinking: /home/alux-autopilot22/SUPER-ROS2/install/marsim_render/include//glm/ext/scalar_constants.inl
[12.995s] -- Symlinking: /home/alux-autopilot22/SUPER-ROS2/install/marsim_render/include//glm/ext/scalar_int_sized.hpp
[13.003s] -- Symlinking: /home/alux-autopilot22/SUPER-ROS2/install/marsim_render/include//glm/ext/scalar_relational.hpp
[13.010s] -- Symlinking: /home/alux-autopilot22/SUPER-ROS2/install/marsim_render/include//glm/ext/scalar_relational.inl
[13.019s] -- Symlinking: /home/alux-autopilot22/SUPER-ROS2/install/marsim_render/include//glm/ext/scalar_uint_sized.hpp
[13.027s] -- Symlinking: /home/alux-autopilot22/SUPER-ROS2/install/marsim_render/include//glm/ext/scalar_ulp.hpp
[13.034s] -- Symlinking: /home/alux-autopilot22/SUPER-ROS2/install/marsim_render/include//glm/ext/scalar_ulp.inl
[13.042s] -- Symlinking: /home/alux-autopilot22/SUPER-ROS2/install/marsim_render/include//glm/ext/vector_bool1.hpp
[13.050s] -- Symlinking: /home/alux-autopilot22/SUPER-ROS2/install/marsim_render/include//glm/ext/vector_bool1_precision.hpp
[13.059s] -- Symlinking: /home/alux-autopilot22/SUPER-ROS2/install/marsim_render/include//glm/ext/vector_bool2.hpp
[13.067s] -- Symlinking: /home/alux-autopilot22/SUPER-ROS2/install/marsim_render/include//glm/ext/vector_bool2_precision.hpp
[13.075s] -- Symlinking: /home/alux-autopilot22/SUPER-ROS2/install/marsim_render/include//glm/ext/vector_bool3.hpp
[13.084s] -- Symlinking: /home/alux-autopilot22/SUPER-ROS2/install/marsim_render/include//glm/ext/vector_bool3_precision.hpp
[13.093s] -- Symlinking: /home/alux-autopilot22/SUPER-ROS2/install/marsim_render/include//glm/ext/vector_bool4.hpp
[13.101s] -- Symlinking: /home/alux-autopilot22/SUPER-ROS2/install/marsim_render/include//glm/ext/vector_bool4_precision.hpp
[13.110s] -- Symlinking: /home/alux-autopilot22/SUPER-ROS2/install/marsim_render/include//glm/ext/vector_common.hpp
[13.119s] -- Symlinking: /home/alux-autopilot22/SUPER-ROS2/install/marsim_render/include//glm/ext/vector_common.inl
[13.127s] -- Symlinking: /home/alux-autopilot22/SUPER-ROS2/install/marsim_render/include//glm/ext/vector_double1.hpp
[13.136s] -- Symlinking: /home/alux-autopilot22/SUPER-ROS2/install/marsim_render/include//glm/ext/vector_double1_precision.hpp
[13.144s] -- Symlinking: /home/alux-autopilot22/SUPER-ROS2/install/marsim_render/include//glm/ext/vector_double2.hpp
[13.152s] -- Symlinking: /home/alux-autopilot22/SUPER-ROS2/install/marsim_render/include//glm/ext/vector_double2_precision.hpp
[13.160s] -- Symlinking: /home/alux-autopilot22/SUPER-ROS2/install/marsim_render/include//glm/ext/vector_double3.hpp
[13.168s] -- Symlinking: /home/alux-autopilot22/SUPER-ROS2/install/marsim_render/include//glm/ext/vector_double3_precision.hpp
[13.177s] -- Symlinking: /home/alux-autopilot22/SUPER-ROS2/install/marsim_render/include//glm/ext/vector_double4.hpp
[13.185s] -- Symlinking: /home/alux-autopilot22/SUPER-ROS2/install/marsim_render/include//glm/ext/vector_double4_precision.hpp
[13.193s] -- Symlinking: /home/alux-autopilot22/SUPER-ROS2/install/marsim_render/include//glm/ext/vector_float1.hpp
[13.201s] -- Symlinking: /home/alux-autopilot22/SUPER-ROS2/install/marsim_render/include//glm/ext/vector_float1_precision.hpp
[13.208s] -- Symlinking: /home/alux-autopilot22/SUPER-ROS2/install/marsim_render/include//glm/ext/vector_float2.hpp
[13.216s] -- Symlinking: /home/alux-autopilot22/SUPER-ROS2/install/marsim_render/include//glm/ext/vector_float2_precision.hpp
[13.224s] -- Symlinking: /home/alux-autopilot22/SUPER-ROS2/install/marsim_render/include//glm/ext/vector_float3.hpp
[13.231s] -- Symlinking: /home/alux-autopilot22/SUPER-ROS2/install/marsim_render/include//glm/ext/vector_float3_precision.hpp
[13.239s] -- Symlinking: /home/alux-autopilot22/SUPER-ROS2/install/marsim_render/include//glm/ext/vector_float4.hpp
[13.247s] -- Symlinking: /home/alux-autopilot22/SUPER-ROS2/install/marsim_render/include//glm/ext/vector_float4_precision.hpp
[13.255s] -- Symlinking: /home/alux-autopilot22/SUPER-ROS2/install/marsim_render/include//glm/ext/vector_int1.hpp
[13.263s] -- Symlinking: /home/alux-autopilot22/SUPER-ROS2/install/marsim_render/include//glm/ext/vector_int1_precision.hpp
[13.270s] -- Symlinking: /home/alux-autopilot22/SUPER-ROS2/install/marsim_render/include//glm/ext/vector_int2.hpp
[13.278s] -- Symlinking: /home/alux-autopilot22/SUPER-ROS2/install/marsim_render/include//glm/ext/vector_int2_precision.hpp
[13.286s] -- Symlinking: /home/alux-autopilot22/SUPER-ROS2/install/marsim_render/include//glm/ext/vector_int3.hpp
[13.293s] -- Symlinking: /home/alux-autopilot22/SUPER-ROS2/install/marsim_render/include//glm/ext/vector_int3_precision.hpp
[13.302s] -- Symlinking: /home/alux-autopilot22/SUPER-ROS2/install/marsim_render/include//glm/ext/vector_int4.hpp
[13.310s] -- Symlinking: /home/alux-autopilot22/SUPER-ROS2/install/marsim_render/include//glm/ext/vector_int4_precision.hpp
[13.318s] -- Symlinking: /home/alux-autopilot22/SUPER-ROS2/install/marsim_render/include//glm/ext/vector_relational.hpp
[13.326s] -- Symlinking: /home/alux-autopilot22/SUPER-ROS2/install/marsim_render/include//glm/ext/vector_relational.inl
[13.334s] -- Symlinking: /home/alux-autopilot22/SUPER-ROS2/install/marsim_render/include//glm/ext/vector_uint1.hpp
[13.343s] -- Symlinking: /home/alux-autopilot22/SUPER-ROS2/install/marsim_render/include//glm/ext/vector_uint1_precision.hpp
[13.351s] -- Symlinking: /home/alux-autopilot22/SUPER-ROS2/install/marsim_render/include//glm/ext/vector_uint2.hpp
[13.359s] -- Symlinking: /home/alux-autopilot22/SUPER-ROS2/install/marsim_render/include//glm/ext/vector_uint2_precision.hpp
[13.366s] -- Symlinking: /home/alux-autopilot22/SUPER-ROS2/install/marsim_render/include//glm/ext/vector_uint3.hpp
[13.374s] -- Symlinking: /home/alux-autopilot22/SUPER-ROS2/install/marsim_render/include//glm/ext/vector_uint3_precision.hpp
[13.382s] -- Symlinking: /home/alux-autopilot22/SUPER-ROS2/install/marsim_render/include//glm/ext/vector_uint4.hpp
[13.391s] -- Symlinking: /home/alux-autopilot22/SUPER-ROS2/install/marsim_render/include//glm/ext/vector_uint4_precision.hpp
[13.399s] -- Symlinking: /home/alux-autopilot22/SUPER-ROS2/install/marsim_render/include//glm/ext/vector_ulp.hpp
[13.406s] -- Symlinking: /home/alux-autopilot22/SUPER-ROS2/install/marsim_render/include//glm/ext/vector_ulp.inl
[13.415s] -- Symlinking: /home/alux-autopilot22/SUPER-ROS2/install/marsim_render/include//glm/fwd.hpp
[13.422s] -- Symlinking: /home/alux-autopilot22/SUPER-ROS2/install/marsim_render/include//glm/geometric.hpp
[13.430s] -- Symlinking: /home/alux-autopilot22/SUPER-ROS2/install/marsim_render/include//glm/glm.hpp
[13.438s] -- Symlinking: /home/alux-autopilot22/SUPER-ROS2/install/marsim_render/include//glm/gtc/bitfield.hpp
[13.447s] -- Symlinking: /home/alux-autopilot22/SUPER-ROS2/install/marsim_render/include//glm/gtc/bitfield.inl
[13.455s] -- Symlinking: /home/alux-autopilot22/SUPER-ROS2/install/marsim_render/include//glm/gtc/color_space.hpp
[13.463s] -- Symlinking: /home/alux-autopilot22/SUPER-ROS2/install/marsim_render/include//glm/gtc/color_space.inl
[13.471s] -- Symlinking: /home/alux-autopilot22/SUPER-ROS2/install/marsim_render/include//glm/gtc/constants.hpp
[13.479s] -- Symlinking: /home/alux-autopilot22/SUPER-ROS2/install/marsim_render/include//glm/gtc/constants.inl
[13.487s] -- Symlinking: /home/alux-autopilot22/SUPER-ROS2/install/marsim_render/include//glm/gtc/epsilon.hpp
[13.495s] -- Symlinking: /home/alux-autopilot22/SUPER-ROS2/install/marsim_render/include//glm/gtc/epsilon.inl
[13.502s] -- Symlinking: /home/alux-autopilot22/SUPER-ROS2/install/marsim_render/include//glm/gtc/integer.hpp
[13.511s] -- Symlinking: /home/alux-autopilot22/SUPER-ROS2/install/marsim_render/include//glm/gtc/integer.inl
[13.518s] -- Symlinking: /home/alux-autopilot22/SUPER-ROS2/install/marsim_render/include//glm/gtc/matrix_access.hpp
[13.526s] -- Symlinking: /home/alux-autopilot22/SUPER-ROS2/install/marsim_render/include//glm/gtc/matrix_access.inl
[13.533s] -- Symlinking: /home/alux-autopilot22/SUPER-ROS2/install/marsim_render/include//glm/gtc/matrix_integer.hpp
[13.542s] -- Symlinking: /home/alux-autopilot22/SUPER-ROS2/install/marsim_render/include//glm/gtc/matrix_inverse.hpp
[13.550s] -- Symlinking: /home/alux-autopilot22/SUPER-ROS2/install/marsim_render/include//glm/gtc/matrix_inverse.inl
[13.558s] -- Symlinking: /home/alux-autopilot22/SUPER-ROS2/install/marsim_render/include//glm/gtc/matrix_transform.hpp
[13.567s] -- Symlinking: /home/alux-autopilot22/SUPER-ROS2/install/marsim_render/include//glm/gtc/matrix_transform.inl
[13.575s] -- Symlinking: /home/alux-autopilot22/SUPER-ROS2/install/marsim_render/include//glm/gtc/noise.hpp
[13.583s] -- Symlinking: /home/alux-autopilot22/SUPER-ROS2/install/marsim_render/include//glm/gtc/noise.inl
[13.591s] -- Symlinking: /home/alux-autopilot22/SUPER-ROS2/install/marsim_render/include//glm/gtc/packing.hpp
[13.599s] -- Symlinking: /home/alux-autopilot22/SUPER-ROS2/install/marsim_render/include//glm/gtc/packing.inl
[13.607s] -- Symlinking: /home/alux-autopilot22/SUPER-ROS2/install/marsim_render/include//glm/gtc/quaternion.hpp
[13.615s] -- Symlinking: /home/alux-autopilot22/SUPER-ROS2/install/marsim_render/include//glm/gtc/quaternion.inl
[13.623s] -- Symlinking: /home/alux-autopilot22/SUPER-ROS2/install/marsim_render/include//glm/gtc/quaternion_simd.inl
[13.631s] -- Symlinking: /home/alux-autopilot22/SUPER-ROS2/install/marsim_render/include//glm/gtc/random.hpp
[13.638s] -- Symlinking: /home/alux-autopilot22/SUPER-ROS2/install/marsim_render/include//glm/gtc/random.inl
[13.646s] -- Symlinking: /home/alux-autopilot22/SUPER-ROS2/install/marsim_render/include//glm/gtc/reciprocal.hpp
[13.655s] -- Symlinking: /home/alux-autopilot22/SUPER-ROS2/install/marsim_render/include//glm/gtc/reciprocal.inl
[13.662s] -- Symlinking: /home/alux-autopilot22/SUPER-ROS2/install/marsim_render/include//glm/gtc/round.hpp
[13.670s] -- Symlinking: /home/alux-autopilot22/SUPER-ROS2/install/marsim_render/include//glm/gtc/round.inl
[13.678s] -- Symlinking: /home/alux-autopilot22/SUPER-ROS2/install/marsim_render/include//glm/gtc/type_aligned.hpp
[13.685s] -- Symlinking: /home/alux-autopilot22/SUPER-ROS2/install/marsim_render/include//glm/gtc/type_precision.hpp
[13.693s] -- Symlinking: /home/alux-autopilot22/SUPER-ROS2/install/marsim_render/include//glm/gtc/type_precision.inl
[13.701s] -- Symlinking: /home/alux-autopilot22/SUPER-ROS2/install/marsim_render/include//glm/gtc/type_ptr.hpp
[13.710s] -- Symlinking: /home/alux-autopilot22/SUPER-ROS2/install/marsim_render/include//glm/gtc/type_ptr.inl
[13.718s] -- Symlinking: /home/alux-autopilot22/SUPER-ROS2/install/marsim_render/include//glm/gtc/ulp.hpp
[13.725s] -- Symlinking: /home/alux-autopilot22/SUPER-ROS2/install/marsim_render/include//glm/gtc/ulp.inl
[13.733s] -- Symlinking: /home/alux-autopilot22/SUPER-ROS2/install/marsim_render/include//glm/gtc/vec1.hpp
[13.741s] -- Symlinking: /home/alux-autopilot22/SUPER-ROS2/install/marsim_render/include//glm/gtx/associated_min_max.hpp
[13.749s] -- Symlinking: /home/alux-autopilot22/SUPER-ROS2/install/marsim_render/include//glm/gtx/associated_min_max.inl
[13.756s] -- Symlinking: /home/alux-autopilot22/SUPER-ROS2/install/marsim_render/include//glm/gtx/bit.hpp
[13.765s] -- Symlinking: /home/alux-autopilot22/SUPER-ROS2/install/marsim_render/include//glm/gtx/bit.inl
[13.774s] -- Symlinking: /home/alux-autopilot22/SUPER-ROS2/install/marsim_render/include//glm/gtx/closest_point.hpp
[13.782s] -- Symlinking: /home/alux-autopilot22/SUPER-ROS2/install/marsim_render/include//glm/gtx/closest_point.inl
[13.791s] -- Symlinking: /home/alux-autopilot22/SUPER-ROS2/install/marsim_render/include//glm/gtx/color_encoding.hpp
[13.799s] -- Symlinking: /home/alux-autopilot22/SUPER-ROS2/install/marsim_render/include//glm/gtx/color_encoding.inl
[13.806s] -- Symlinking: /home/alux-autopilot22/SUPER-ROS2/install/marsim_render/include//glm/gtx/color_space.hpp
[13.813s] -- Symlinking: /home/alux-autopilot22/SUPER-ROS2/install/marsim_render/include//glm/gtx/color_space.inl
[13.820s] -- Symlinking: /home/alux-autopilot22/SUPER-ROS2/install/marsim_render/include//glm/gtx/color_space_YCoCg.hpp
[13.828s] -- Symlinking: /home/alux-autopilot22/SUPER-ROS2/install/marsim_render/include//glm/gtx/color_space_YCoCg.inl
[13.834s] -- Symlinking: /home/alux-autopilot22/SUPER-ROS2/install/marsim_render/include//glm/gtx/common.hpp
[13.842s] -- Symlinking: /home/alux-autopilot22/SUPER-ROS2/install/marsim_render/include//glm/gtx/common.inl
[13.849s] -- Symlinking: /home/alux-autopilot22/SUPER-ROS2/install/marsim_render/include//glm/gtx/compatibility.hpp
[13.857s] -- Symlinking: /home/alux-autopilot22/SUPER-ROS2/install/marsim_render/include//glm/gtx/compatibility.inl
[13.865s] -- Symlinking: /home/alux-autopilot22/SUPER-ROS2/install/marsim_render/include//glm/gtx/component_wise.hpp
[13.873s] -- Symlinking: /home/alux-autopilot22/SUPER-ROS2/install/marsim_render/include//glm/gtx/component_wise.inl
[13.882s] -- Symlinking: /home/alux-autopilot22/SUPER-ROS2/install/marsim_render/include//glm/gtx/dual_quaternion.hpp
[13.890s] -- Symlinking: /home/alux-autopilot22/SUPER-ROS2/install/marsim_render/include//glm/gtx/dual_quaternion.inl
[13.899s] -- Symlinking: /home/alux-autopilot22/SUPER-ROS2/install/marsim_render/include//glm/gtx/easing.hpp
[13.906s] -- Symlinking: /home/alux-autopilot22/SUPER-ROS2/install/marsim_render/include//glm/gtx/easing.inl
[13.914s] -- Symlinking: /home/alux-autopilot22/SUPER-ROS2/install/marsim_render/include//glm/gtx/euler_angles.hpp
[13.921s] -- Symlinking: /home/alux-autopilot22/SUPER-ROS2/install/marsim_render/include//glm/gtx/euler_angles.inl
[13.928s] -- Symlinking: /home/alux-autopilot22/SUPER-ROS2/install/marsim_render/include//glm/gtx/extend.hpp
[13.936s] -- Symlinking: /home/alux-autopilot22/SUPER-ROS2/install/marsim_render/include//glm/gtx/extend.inl
[13.944s] -- Symlinking: /home/alux-autopilot22/SUPER-ROS2/install/marsim_render/include//glm/gtx/extended_min_max.hpp
[13.955s] -- Symlinking: /home/alux-autopilot22/SUPER-ROS2/install/marsim_render/include//glm/gtx/extended_min_max.inl
[13.962s] -- Symlinking: /home/alux-autopilot22/SUPER-ROS2/install/marsim_render/include//glm/gtx/exterior_product.hpp
[13.970s] -- Symlinking: /home/alux-autopilot22/SUPER-ROS2/install/marsim_render/include//glm/gtx/exterior_product.inl
[13.978s] -- Symlinking: /home/alux-autopilot22/SUPER-ROS2/install/marsim_render/include//glm/gtx/fast_exponential.hpp
[13.986s] -- Symlinking: /home/alux-autopilot22/SUPER-ROS2/install/marsim_render/include//glm/gtx/fast_exponential.inl
[13.993s] -- Symlinking: /home/alux-autopilot22/SUPER-ROS2/install/marsim_render/include//glm/gtx/fast_square_root.hpp
[14.000s] -- Symlinking: /home/alux-autopilot22/SUPER-ROS2/install/marsim_render/include//glm/gtx/fast_square_root.inl
[14.009s] -- Symlinking: /home/alux-autopilot22/SUPER-ROS2/install/marsim_render/include//glm/gtx/fast_trigonometry.hpp
[14.016s] -- Symlinking: /home/alux-autopilot22/SUPER-ROS2/install/marsim_render/include//glm/gtx/fast_trigonometry.inl
[14.024s] -- Symlinking: /home/alux-autopilot22/SUPER-ROS2/install/marsim_render/include//glm/gtx/float_notmalize.inl
[14.032s] -- Symlinking: /home/alux-autopilot22/SUPER-ROS2/install/marsim_render/include//glm/gtx/functions.hpp
[14.042s] -- Symlinking: /home/alux-autopilot22/SUPER-ROS2/install/marsim_render/include//glm/gtx/functions.inl
[14.050s] -- Symlinking: /home/alux-autopilot22/SUPER-ROS2/install/marsim_render/include//glm/gtx/gradient_paint.hpp
[14.059s] -- Symlinking: /home/alux-autopilot22/SUPER-ROS2/install/marsim_render/include//glm/gtx/gradient_paint.inl
[14.067s] -- Symlinking: /home/alux-autopilot22/SUPER-ROS2/install/marsim_render/include//glm/gtx/handed_coordinate_space.hpp
[14.075s] -- Symlinking: /home/alux-autopilot22/SUPER-ROS2/install/marsim_render/include//glm/gtx/handed_coordinate_space.inl
[14.083s] -- Symlinking: /home/alux-autopilot22/SUPER-ROS2/install/marsim_render/include//glm/gtx/hash.hpp
[14.091s] -- Symlinking: /home/alux-autopilot22/SUPER-ROS2/install/marsim_render/include//glm/gtx/hash.inl
[14.099s] -- Symlinking: /home/alux-autopilot22/SUPER-ROS2/install/marsim_render/include//glm/gtx/integer.hpp
[14.106s] -- Symlinking: /home/alux-autopilot22/SUPER-ROS2/install/marsim_render/include//glm/gtx/integer.inl
[14.114s] -- Symlinking: /home/alux-autopilot22/SUPER-ROS2/install/marsim_render/include//glm/gtx/intersect.hpp
[14.121s] -- Symlinking: /home/alux-autopilot22/SUPER-ROS2/install/marsim_render/include//glm/gtx/intersect.inl
[14.129s] -- Symlinking: /home/alux-autopilot22/SUPER-ROS2/install/marsim_render/include//glm/gtx/io.hpp
[14.136s] -- Symlinking: /home/alux-autopilot22/SUPER-ROS2/install/marsim_render/include//glm/gtx/io.inl
[14.145s] -- Symlinking: /home/alux-autopilot22/SUPER-ROS2/install/marsim_render/include//glm/gtx/log_base.hpp
[14.154s] -- Symlinking: /home/alux-autopilot22/SUPER-ROS2/install/marsim_render/include//glm/gtx/log_base.inl
[14.162s] -- Symlinking: /home/alux-autopilot22/SUPER-ROS2/install/marsim_render/include//glm/gtx/matrix_cross_product.hpp
[14.170s] -- Symlinking: /home/alux-autopilot22/SUPER-ROS2/install/marsim_render/include//glm/gtx/matrix_cross_product.inl
[14.177s] -- Symlinking: /home/alux-autopilot22/SUPER-ROS2/install/marsim_render/include//glm/gtx/matrix_decompose.hpp
[14.184s] -- Symlinking: /home/alux-autopilot22/SUPER-ROS2/install/marsim_render/include//glm/gtx/matrix_decompose.inl
[14.192s] -- Symlinking: /home/alux-autopilot22/SUPER-ROS2/install/marsim_render/include//glm/gtx/matrix_factorisation.hpp
[14.200s] -- Symlinking: /home/alux-autopilot22/SUPER-ROS2/install/marsim_render/include//glm/gtx/matrix_factorisation.inl
[14.209s] -- Symlinking: /home/alux-autopilot22/SUPER-ROS2/install/marsim_render/include//glm/gtx/matrix_interpolation.hpp
[14.216s] -- Symlinking: /home/alux-autopilot22/SUPER-ROS2/install/marsim_render/include//glm/gtx/matrix_interpolation.inl
[14.225s] -- Symlinking: /home/alux-autopilot22/SUPER-ROS2/install/marsim_render/include//glm/gtx/matrix_major_storage.hpp
[14.233s] -- Symlinking: /home/alux-autopilot22/SUPER-ROS2/install/marsim_render/include//glm/gtx/matrix_major_storage.inl
[14.241s] -- Symlinking: /home/alux-autopilot22/SUPER-ROS2/install/marsim_render/include//glm/gtx/matrix_operation.hpp
[14.250s] -- Symlinking: /home/alux-autopilot22/SUPER-ROS2/install/marsim_render/include//glm/gtx/matrix_operation.inl
[14.258s] -- Symlinking: /home/alux-autopilot22/SUPER-ROS2/install/marsim_render/include//glm/gtx/matrix_query.hpp
[14.267s] -- Symlinking: /home/alux-autopilot22/SUPER-ROS2/install/marsim_render/include//glm/gtx/matrix_query.inl
[14.276s] -- Symlinking: /home/alux-autopilot22/SUPER-ROS2/install/marsim_render/include//glm/gtx/matrix_transform_2d.hpp
[14.284s] -- Symlinking: /home/alux-autopilot22/SUPER-ROS2/install/marsim_render/include//glm/gtx/matrix_transform_2d.inl
[14.292s] -- Symlinking: /home/alux-autopilot22/SUPER-ROS2/install/marsim_render/include//glm/gtx/mixed_product.hpp
[14.301s] -- Symlinking: /home/alux-autopilot22/SUPER-ROS2/install/marsim_render/include//glm/gtx/mixed_product.inl
[14.308s] -- Symlinking: /home/alux-autopilot22/SUPER-ROS2/install/marsim_render/include//glm/gtx/norm.hpp
[14.315s] -- Symlinking: /home/alux-autopilot22/SUPER-ROS2/install/marsim_render/include//glm/gtx/norm.inl
[14.322s] -- Symlinking: /home/alux-autopilot22/SUPER-ROS2/install/marsim_render/include//glm/gtx/normal.hpp
[14.331s] -- Symlinking: /home/alux-autopilot22/SUPER-ROS2/install/marsim_render/include//glm/gtx/normal.inl
[14.339s] -- Symlinking: /home/alux-autopilot22/SUPER-ROS2/install/marsim_render/include//glm/gtx/normalize_dot.hpp
[14.348s] -- Symlinking: /home/alux-autopilot22/SUPER-ROS2/install/marsim_render/include//glm/gtx/normalize_dot.inl
[14.355s] -- Symlinking: /home/alux-autopilot22/SUPER-ROS2/install/marsim_render/include//glm/gtx/number_precision.hpp
[14.362s] -- Symlinking: /home/alux-autopilot22/SUPER-ROS2/install/marsim_render/include//glm/gtx/number_precision.inl
[14.370s] -- Symlinking: /home/alux-autopilot22/SUPER-ROS2/install/marsim_render/include//glm/gtx/optimum_pow.hpp
[14.378s] -- Symlinking: /home/alux-autopilot22/SUPER-ROS2/install/marsim_render/include//glm/gtx/optimum_pow.inl
[14.386s] -- Symlinking: /home/alux-autopilot22/SUPER-ROS2/install/marsim_render/include//glm/gtx/orthonormalize.hpp
[14.395s] -- Symlinking: /home/alux-autopilot22/SUPER-ROS2/install/marsim_render/include//glm/gtx/orthonormalize.inl
[14.402s] -- Symlinking: /home/alux-autopilot22/SUPER-ROS2/install/marsim_render/include//glm/gtx/perpendicular.hpp
[14.410s] -- Symlinking: /home/alux-autopilot22/SUPER-ROS2/install/marsim_render/include//glm/gtx/perpendicular.inl
[14.418s] -- Symlinking: /home/alux-autopilot22/SUPER-ROS2/install/marsim_render/include//glm/gtx/polar_coordinates.hpp
[14.426s] -- Symlinking: /home/alux-autopilot22/SUPER-ROS2/install/marsim_render/include//glm/gtx/polar_coordinates.inl
[14.434s] -- Symlinking: /home/alux-autopilot22/SUPER-ROS2/install/marsim_render/include//glm/gtx/projection.hpp
[14.442s] -- Symlinking: /home/alux-autopilot22/SUPER-ROS2/install/marsim_render/include//glm/gtx/projection.inl
[14.450s] -- Symlinking: /home/alux-autopilot22/SUPER-ROS2/install/marsim_render/include//glm/gtx/quaternion.hpp
[14.458s] -- Symlinking: /home/alux-autopilot22/SUPER-ROS2/install/marsim_render/include//glm/gtx/quaternion.inl
[14.466s] -- Symlinking: /home/alux-autopilot22/SUPER-ROS2/install/marsim_render/include//glm/gtx/range.hpp
[14.474s] -- Symlinking: /home/alux-autopilot22/SUPER-ROS2/install/marsim_render/include//glm/gtx/raw_data.hpp
[14.481s] -- Symlinking: /home/alux-autopilot22/SUPER-ROS2/install/marsim_render/include//glm/gtx/raw_data.inl
[14.489s] -- Symlinking: /home/alux-autopilot22/SUPER-ROS2/install/marsim_render/include//glm/gtx/rotate_normalized_axis.hpp
[14.497s] -- Symlinking: /home/alux-autopilot22/SUPER-ROS2/install/marsim_render/include//glm/gtx/rotate_normalized_axis.inl
[14.504s] -- Symlinking: /home/alux-autopilot22/SUPER-ROS2/install/marsim_render/include//glm/gtx/rotate_vector.hpp
[14.511s] -- Symlinking: /home/alux-autopilot22/SUPER-ROS2/install/marsim_render/include//glm/gtx/rotate_vector.inl
[14.519s] -- Symlinking: /home/alux-autopilot22/SUPER-ROS2/install/marsim_render/include//glm/gtx/scalar_multiplication.hpp
[14.526s] -- Symlinking: /home/alux-autopilot22/SUPER-ROS2/install/marsim_render/include//glm/gtx/scalar_relational.hpp
[14.533s] -- Symlinking: /home/alux-autopilot22/SUPER-ROS2/install/marsim_render/include//glm/gtx/scalar_relational.inl
[14.541s] -- Symlinking: /home/alux-autopilot22/SUPER-ROS2/install/marsim_render/include//glm/gtx/spline.hpp
[14.549s] -- Symlinking: /home/alux-autopilot22/SUPER-ROS2/install/marsim_render/include//glm/gtx/spline.inl
[14.556s] -- Symlinking: /home/alux-autopilot22/SUPER-ROS2/install/marsim_render/include//glm/gtx/std_based_type.hpp
[14.566s] -- Symlinking: /home/alux-autopilot22/SUPER-ROS2/install/marsim_render/include//glm/gtx/std_based_type.inl
[14.573s] -- Symlinking: /home/alux-autopilot22/SUPER-ROS2/install/marsim_render/include//glm/gtx/string_cast.hpp
[14.581s] -- Symlinking: /home/alux-autopilot22/SUPER-ROS2/install/marsim_render/include//glm/gtx/string_cast.inl
[14.589s] -- Symlinking: /home/alux-autopilot22/SUPER-ROS2/install/marsim_render/include//glm/gtx/texture.hpp
[14.597s] -- Symlinking: /home/alux-autopilot22/SUPER-ROS2/install/marsim_render/include//glm/gtx/texture.inl
[14.605s] -- Symlinking: /home/alux-autopilot22/SUPER-ROS2/install/marsim_render/include//glm/gtx/transform.hpp
[14.613s] -- Symlinking: /home/alux-autopilot22/SUPER-ROS2/install/marsim_render/include//glm/gtx/transform.inl
[14.620s] -- Symlinking: /home/alux-autopilot22/SUPER-ROS2/install/marsim_render/include//glm/gtx/transform2.hpp
[14.628s] -- Symlinking: /home/alux-autopilot22/SUPER-ROS2/install/marsim_render/include//glm/gtx/transform2.inl
[14.637s] -- Symlinking: /home/alux-autopilot22/SUPER-ROS2/install/marsim_render/include//glm/gtx/type_aligned.hpp
[14.645s] -- Symlinking: /home/alux-autopilot22/SUPER-ROS2/install/marsim_render/include//glm/gtx/type_aligned.inl
[14.652s] -- Symlinking: /home/alux-autopilot22/SUPER-ROS2/install/marsim_render/include//glm/gtx/type_trait.hpp
[14.660s] -- Symlinking: /home/alux-autopilot22/SUPER-ROS2/install/marsim_render/include//glm/gtx/type_trait.inl
[14.669s] -- Symlinking: /home/alux-autopilot22/SUPER-ROS2/install/marsim_render/include//glm/gtx/vec_swizzle.hpp
[14.676s] -- Symlinking: /home/alux-autopilot22/SUPER-ROS2/install/marsim_render/include//glm/gtx/vector_angle.hpp
[14.683s] -- Symlinking: /home/alux-autopilot22/SUPER-ROS2/install/marsim_render/include//glm/gtx/vector_angle.inl
[14.691s] -- Symlinking: /home/alux-autopilot22/SUPER-ROS2/install/marsim_render/include//glm/gtx/vector_query.hpp
[14.699s] -- Symlinking: /home/alux-autopilot22/SUPER-ROS2/install/marsim_render/include//glm/gtx/vector_query.inl
[14.708s] -- Symlinking: /home/alux-autopilot22/SUPER-ROS2/install/marsim_render/include//glm/gtx/wrap.hpp
[14.715s] -- Symlinking: /home/alux-autopilot22/SUPER-ROS2/install/marsim_render/include//glm/gtx/wrap.inl
[14.725s] -- Symlinking: /home/alux-autopilot22/SUPER-ROS2/install/marsim_render/include//glm/integer.hpp
[14.733s] -- Symlinking: /home/alux-autopilot22/SUPER-ROS2/install/marsim_render/include//glm/mat2x2.hpp
[14.740s] -- Symlinking: /home/alux-autopilot22/SUPER-ROS2/install/marsim_render/include//glm/mat2x3.hpp
[14.748s] -- Symlinking: /home/alux-autopilot22/SUPER-ROS2/install/marsim_render/include//glm/mat2x4.hpp
[14.755s] -- Symlinking: /home/alux-autopilot22/SUPER-ROS2/install/marsim_render/include//glm/mat3x2.hpp
[14.763s] -- Symlinking: /home/alux-autopilot22/SUPER-ROS2/install/marsim_render/include//glm/mat3x3.hpp
[14.770s] -- Symlinking: /home/alux-autopilot22/SUPER-ROS2/install/marsim_render/include//glm/mat3x4.hpp
[14.778s] -- Symlinking: /home/alux-autopilot22/SUPER-ROS2/install/marsim_render/include//glm/mat4x2.hpp
[14.785s] -- Symlinking: /home/alux-autopilot22/SUPER-ROS2/install/marsim_render/include//glm/mat4x3.hpp
[14.793s] -- Symlinking: /home/alux-autopilot22/SUPER-ROS2/install/marsim_render/include//glm/mat4x4.hpp
[14.802s] -- Symlinking: /home/alux-autopilot22/SUPER-ROS2/install/marsim_render/include//glm/matrix.hpp
[14.809s] -- Symlinking: /home/alux-autopilot22/SUPER-ROS2/install/marsim_render/include//glm/packing.hpp
[14.817s] -- Symlinking: /home/alux-autopilot22/SUPER-ROS2/install/marsim_render/include//glm/simd/common.h
[14.824s] -- Symlinking: /home/alux-autopilot22/SUPER-ROS2/install/marsim_render/include//glm/simd/exponential.h
[14.832s] -- Symlinking: /home/alux-autopilot22/SUPER-ROS2/install/marsim_render/include//glm/simd/geometric.h
[14.842s] -- Symlinking: /home/alux-autopilot22/SUPER-ROS2/install/marsim_render/include//glm/simd/integer.h
[14.850s] -- Symlinking: /home/alux-autopilot22/SUPER-ROS2/install/marsim_render/include//glm/simd/matrix.h
[14.860s] -- Symlinking: /home/alux-autopilot22/SUPER-ROS2/install/marsim_render/include//glm/simd/packing.h
[14.868s] -- Symlinking: /home/alux-autopilot22/SUPER-ROS2/install/marsim_render/include//glm/simd/platform.h
[14.875s] -- Symlinking: /home/alux-autopilot22/SUPER-ROS2/install/marsim_render/include//glm/simd/trigonometric.h
[14.883s] -- Symlinking: /home/alux-autopilot22/SUPER-ROS2/install/marsim_render/include//glm/simd/vector_relational.h
[14.890s] -- Symlinking: /home/alux-autopilot22/SUPER-ROS2/install/marsim_render/include//glm/trigonometric.hpp
[14.900s] -- Symlinking: /home/alux-autopilot22/SUPER-ROS2/install/marsim_render/include//glm/vec2.hpp
[14.908s] -- Symlinking: /home/alux-autopilot22/SUPER-ROS2/install/marsim_render/include//glm/vec3.hpp
[14.917s] -- Symlinking: /home/alux-autopilot22/SUPER-ROS2/install/marsim_render/include//glm/vec4.hpp
[14.925s] -- Symlinking: /home/alux-autopilot22/SUPER-ROS2/install/marsim_render/include//glm/vector_relational.hpp
[14.933s] -- Symlinking: /home/alux-autopilot22/SUPER-ROS2/install/marsim_render/include//marsim_render/config.hpp
[14.941s] -- Symlinking: /home/alux-autopilot22/SUPER-ROS2/install/marsim_render/include//marsim_render/marsim_render.hpp
[14.948s] -- Symlinking: /home/alux-autopilot22/SUPER-ROS2/install/marsim_render/include//marsim_render/scope_timer.hpp
[14.956s] -- Symlinking: /home/alux-autopilot22/SUPER-ROS2/install/marsim_render/include//marsim_render/shader_m.h
[14.962s] -- Symlinking: /home/alux-autopilot22/SUPER-ROS2/install/marsim_render/include//marsim_render/yaml_loader.hpp
[14.970s] -- Symlinking: /home/alux-autopilot22/SUPER-ROS2/install/marsim_render/share/ament_index/resource_index/package_run_dependencies/marsim_render
[14.977s] -- Symlinking: /home/alux-autopilot22/SUPER-ROS2/install/marsim_render/share/ament_index/resource_index/parent_prefix_path/marsim_render
[14.985s] -- Symlinking: /home/alux-autopilot22/SUPER-ROS2/install/marsim_render/share/marsim_render/environment/ament_prefix_path.sh
[14.994s] -- Symlinking: /home/alux-autopilot22/SUPER-ROS2/install/marsim_render/share/marsim_render/environment/ament_prefix_path.dsv
[15.003s] -- Symlinking: /home/alux-autopilot22/SUPER-ROS2/install/marsim_render/share/marsim_render/environment/path.sh
[15.012s] -- Symlinking: /home/alux-autopilot22/SUPER-ROS2/install/marsim_render/share/marsim_render/environment/path.dsv
[15.020s] -- Symlinking: /home/alux-autopilot22/SUPER-ROS2/install/marsim_render/share/marsim_render/local_setup.bash
[15.028s] -- Symlinking: /home/alux-autopilot22/SUPER-ROS2/install/marsim_render/share/marsim_render/local_setup.sh
[15.036s] -- Symlinking: /home/alux-autopilot22/SUPER-ROS2/install/marsim_render/share/marsim_render/local_setup.zsh
[15.042s] -- Symlinking: /home/alux-autopilot22/SUPER-ROS2/install/marsim_render/share/marsim_render/local_setup.dsv
[15.050s] -- Symlinking: /home/alux-autopilot22/SUPER-ROS2/install/marsim_render/share/marsim_render/package.dsv
[15.056s] -- Symlinking: /home/alux-autopilot22/SUPER-ROS2/install/marsim_render/share/ament_index/resource_index/packages/marsim_render
[15.065s] -- Symlinking: /home/alux-autopilot22/SUPER-ROS2/install/marsim_render/share/marsim_render/cmake/ament_cmake_export_libraries-extras.cmake
[15.072s] -- Symlinking: /home/alux-autopilot22/SUPER-ROS2/install/marsim_render/share/marsim_render/cmake/ament_cmake_export_include_directories-extras.cmake
[15.080s] -- Symlinking: /home/alux-autopilot22/SUPER-ROS2/install/marsim_render/share/marsim_render/cmake/marsim_renderConfig.cmake
[15.087s] -- Symlinking: /home/alux-autopilot22/SUPER-ROS2/install/marsim_render/share/marsim_render/cmake/marsim_renderConfig-version.cmake
[15.094s] -- Symlinking: /home/alux-autopilot22/SUPER-ROS2/install/marsim_render/share/marsim_render/package.xml
[15.104s] Invoked command in '/home/alux-autopilot22/SUPER-ROS2/build/marsim_render' returned '0': CMAKE_PREFIX_PATH=/opt/ros/humble /usr/bin/cmake --install /home/alux-autopilot22/SUPER-ROS2/build/marsim_render
