[  1%] Built target mars_quadrotor_msgs__rs
[  4%] Built target mars_quadrotor_msgs__cpp
[ 14%] Built target mars_quadrotor_msgs__rosidl_generator_c
[ 14%] Built target ament_cmake_python_symlink_mars_quadrotor_msgs
[ 46%] Built target mars_quadrotor_msgs__rosidl_typesupport_introspection_cpp
[ 46%] Built target mars_quadrotor_msgs__rosidl_typesupport_fastrtps_cpp
[ 46%] Built target mars_quadrotor_msgs__rosidl_typesupport_cpp
[ 68%] Built target mars_quadrotor_msgs__rosidl_typesupport_c
[ 68%] Built target mars_quadrotor_msgs__rosidl_typesupport_introspection_c
[ 79%] Built target mars_quadrotor_msgs__rosidl_typesupport_fastrtps_c
[ 79%] Built target mars_quadrotor_msgs
[ 81%] Built target mars_quadrotor_msgs__py
[ 90%] Built target mars_quadrotor_msgs__rosidl_generator_py
[ 96%] Built target mars_quadrotor_msgs__rosidl_typesupport_c__pyext
[ 96%] Built target mars_quadrotor_msgs__rosidl_typesupport_fastrtps_c__pyext
[100%] Built target mars_quadrotor_msgs__rosidl_typesupport_introspection_c__pyext
running egg_info
writing mars_quadrotor_msgs.egg-info/PKG-INFO
writing dependency_links to mars_quadrotor_msgs.egg-info/dependency_links.txt
writing top-level names to mars_quadrotor_msgs.egg-info/top_level.txt
reading manifest file 'mars_quadrotor_msgs.egg-info/SOURCES.txt'
writing manifest file 'mars_quadrotor_msgs.egg-info/SOURCES.txt'
[100%] Built target ament_cmake_python_build_mars_quadrotor_msgs_egg
-- Install configuration: ""
-- Execute custom install script
-- Up-to-date symlink: /home/alux-autopilot22/SUPER-ROS2/install/mars_quadrotor_msgs/share/ament_index/resource_index/rosidl_interfaces/mars_quadrotor_msgs
-- Up-to-date symlink: /home/alux-autopilot22/SUPER-ROS2/install/mars_quadrotor_msgs/include/mars_quadrotor_msgs/mars_quadrotor_msgs/msg/detail/mpc_position_command__functions.h
-- Up-to-date symlink: /home/alux-autopilot22/SUPER-ROS2/install/mars_quadrotor_msgs/include/mars_quadrotor_msgs/mars_quadrotor_msgs/msg/detail/mpc_position_command__struct.h
-- Up-to-date symlink: /home/alux-autopilot22/SUPER-ROS2/install/mars_quadrotor_msgs/include/mars_quadrotor_msgs/mars_quadrotor_msgs/msg/detail/mpc_position_command__type_support.h
-- Up-to-date symlink: /home/alux-autopilot22/SUPER-ROS2/install/mars_quadrotor_msgs/include/mars_quadrotor_msgs/mars_quadrotor_msgs/msg/detail/polynomial_trajectory__functions.h
-- Up-to-date symlink: /home/alux-autopilot22/SUPER-ROS2/install/mars_quadrotor_msgs/include/mars_quadrotor_msgs/mars_quadrotor_msgs/msg/detail/polynomial_trajectory__struct.h
-- Up-to-date symlink: /home/alux-autopilot22/SUPER-ROS2/install/mars_quadrotor_msgs/include/mars_quadrotor_msgs/mars_quadrotor_msgs/msg/detail/polynomial_trajectory__type_support.h
-- Up-to-date symlink: /home/alux-autopilot22/SUPER-ROS2/install/mars_quadrotor_msgs/include/mars_quadrotor_msgs/mars_quadrotor_msgs/msg/detail/position_command__functions.h
-- Up-to-date symlink: /home/alux-autopilot22/SUPER-ROS2/install/mars_quadrotor_msgs/include/mars_quadrotor_msgs/mars_quadrotor_msgs/msg/detail/position_command__struct.h
-- Up-to-date symlink: /home/alux-autopilot22/SUPER-ROS2/install/mars_quadrotor_msgs/include/mars_quadrotor_msgs/mars_quadrotor_msgs/msg/detail/position_command__type_support.h
-- Up-to-date symlink: /home/alux-autopilot22/SUPER-ROS2/install/mars_quadrotor_msgs/include/mars_quadrotor_msgs/mars_quadrotor_msgs/msg/detail/quadrotor_state__functions.h
-- Up-to-date symlink: /home/alux-autopilot22/SUPER-ROS2/install/mars_quadrotor_msgs/include/mars_quadrotor_msgs/mars_quadrotor_msgs/msg/detail/quadrotor_state__struct.h
-- Up-to-date symlink: /home/alux-autopilot22/SUPER-ROS2/install/mars_quadrotor_msgs/include/mars_quadrotor_msgs/mars_quadrotor_msgs/msg/detail/quadrotor_state__type_support.h
-- Up-to-date symlink: /home/alux-autopilot22/SUPER-ROS2/install/mars_quadrotor_msgs/include/mars_quadrotor_msgs/mars_quadrotor_msgs/msg/detail/traking_performance__functions.h
-- Up-to-date symlink: /home/alux-autopilot22/SUPER-ROS2/install/mars_quadrotor_msgs/include/mars_quadrotor_msgs/mars_quadrotor_msgs/msg/detail/traking_performance__struct.h
-- Up-to-date symlink: /home/alux-autopilot22/SUPER-ROS2/install/mars_quadrotor_msgs/include/mars_quadrotor_msgs/mars_quadrotor_msgs/msg/detail/traking_performance__type_support.h
-- Up-to-date symlink: /home/alux-autopilot22/SUPER-ROS2/install/mars_quadrotor_msgs/include/mars_quadrotor_msgs/mars_quadrotor_msgs/msg/mpc_position_command.h
-- Up-to-date symlink: /home/alux-autopilot22/SUPER-ROS2/install/mars_quadrotor_msgs/include/mars_quadrotor_msgs/mars_quadrotor_msgs/msg/polynomial_trajectory.h
-- Up-to-date symlink: /home/alux-autopilot22/SUPER-ROS2/install/mars_quadrotor_msgs/include/mars_quadrotor_msgs/mars_quadrotor_msgs/msg/position_command.h
-- Up-to-date symlink: /home/alux-autopilot22/SUPER-ROS2/install/mars_quadrotor_msgs/include/mars_quadrotor_msgs/mars_quadrotor_msgs/msg/quadrotor_state.h
-- Up-to-date symlink: /home/alux-autopilot22/SUPER-ROS2/install/mars_quadrotor_msgs/include/mars_quadrotor_msgs/mars_quadrotor_msgs/msg/rosidl_generator_c__visibility_control.h
-- Up-to-date symlink: /home/alux-autopilot22/SUPER-ROS2/install/mars_quadrotor_msgs/include/mars_quadrotor_msgs/mars_quadrotor_msgs/msg/traking_performance.h
-- Up-to-date symlink: /home/alux-autopilot22/SUPER-ROS2/install/mars_quadrotor_msgs/share/mars_quadrotor_msgs/environment/library_path.sh
-- Up-to-date symlink: /home/alux-autopilot22/SUPER-ROS2/install/mars_quadrotor_msgs/share/mars_quadrotor_msgs/environment/library_path.dsv
-- Up-to-date symlink: /home/alux-autopilot22/SUPER-ROS2/install/mars_quadrotor_msgs/include/mars_quadrotor_msgs/mars_quadrotor_msgs/msg/detail/mpc_position_command__rosidl_typesupport_fastrtps_c.h
-- Up-to-date symlink: /home/alux-autopilot22/SUPER-ROS2/install/mars_quadrotor_msgs/include/mars_quadrotor_msgs/mars_quadrotor_msgs/msg/detail/polynomial_trajectory__rosidl_typesupport_fastrtps_c.h
-- Up-to-date symlink: /home/alux-autopilot22/SUPER-ROS2/install/mars_quadrotor_msgs/include/mars_quadrotor_msgs/mars_quadrotor_msgs/msg/detail/position_command__rosidl_typesupport_fastrtps_c.h
-- Up-to-date symlink: /home/alux-autopilot22/SUPER-ROS2/install/mars_quadrotor_msgs/include/mars_quadrotor_msgs/mars_quadrotor_msgs/msg/detail/quadrotor_state__rosidl_typesupport_fastrtps_c.h
-- Up-to-date symlink: /home/alux-autopilot22/SUPER-ROS2/install/mars_quadrotor_msgs/include/mars_quadrotor_msgs/mars_quadrotor_msgs/msg/detail/traking_performance__rosidl_typesupport_fastrtps_c.h
-- Up-to-date symlink: /home/alux-autopilot22/SUPER-ROS2/install/mars_quadrotor_msgs/include/mars_quadrotor_msgs/mars_quadrotor_msgs/msg/rosidl_typesupport_fastrtps_c__visibility_control.h
-- Up-to-date symlink: /home/alux-autopilot22/SUPER-ROS2/install/mars_quadrotor_msgs/include/mars_quadrotor_msgs/mars_quadrotor_msgs/msg/detail/mpc_position_command__rosidl_typesupport_introspection_c.h
-- Up-to-date symlink: /home/alux-autopilot22/SUPER-ROS2/install/mars_quadrotor_msgs/include/mars_quadrotor_msgs/mars_quadrotor_msgs/msg/detail/polynomial_trajectory__rosidl_typesupport_introspection_c.h
-- Up-to-date symlink: /home/alux-autopilot22/SUPER-ROS2/install/mars_quadrotor_msgs/include/mars_quadrotor_msgs/mars_quadrotor_msgs/msg/detail/position_command__rosidl_typesupport_introspection_c.h
-- Up-to-date symlink: /home/alux-autopilot22/SUPER-ROS2/install/mars_quadrotor_msgs/include/mars_quadrotor_msgs/mars_quadrotor_msgs/msg/detail/quadrotor_state__rosidl_typesupport_introspection_c.h
-- Up-to-date symlink: /home/alux-autopilot22/SUPER-ROS2/install/mars_quadrotor_msgs/include/mars_quadrotor_msgs/mars_quadrotor_msgs/msg/detail/traking_performance__rosidl_typesupport_introspection_c.h
-- Up-to-date symlink: /home/alux-autopilot22/SUPER-ROS2/install/mars_quadrotor_msgs/include/mars_quadrotor_msgs/mars_quadrotor_msgs/msg/rosidl_typesupport_introspection_c__visibility_control.h
-- Up-to-date symlink: /home/alux-autopilot22/SUPER-ROS2/install/mars_quadrotor_msgs/include/mars_quadrotor_msgs/mars_quadrotor_msgs/msg/detail/mpc_position_command__builder.hpp
-- Up-to-date symlink: /home/alux-autopilot22/SUPER-ROS2/install/mars_quadrotor_msgs/include/mars_quadrotor_msgs/mars_quadrotor_msgs/msg/detail/mpc_position_command__struct.hpp
-- Up-to-date symlink: /home/alux-autopilot22/SUPER-ROS2/install/mars_quadrotor_msgs/include/mars_quadrotor_msgs/mars_quadrotor_msgs/msg/detail/mpc_position_command__traits.hpp
-- Up-to-date symlink: /home/alux-autopilot22/SUPER-ROS2/install/mars_quadrotor_msgs/include/mars_quadrotor_msgs/mars_quadrotor_msgs/msg/detail/mpc_position_command__type_support.hpp
-- Up-to-date symlink: /home/alux-autopilot22/SUPER-ROS2/install/mars_quadrotor_msgs/include/mars_quadrotor_msgs/mars_quadrotor_msgs/msg/detail/polynomial_trajectory__builder.hpp
-- Up-to-date symlink: /home/alux-autopilot22/SUPER-ROS2/install/mars_quadrotor_msgs/include/mars_quadrotor_msgs/mars_quadrotor_msgs/msg/detail/polynomial_trajectory__struct.hpp
-- Up-to-date symlink: /home/alux-autopilot22/SUPER-ROS2/install/mars_quadrotor_msgs/include/mars_quadrotor_msgs/mars_quadrotor_msgs/msg/detail/polynomial_trajectory__traits.hpp
-- Up-to-date symlink: /home/alux-autopilot22/SUPER-ROS2/install/mars_quadrotor_msgs/include/mars_quadrotor_msgs/mars_quadrotor_msgs/msg/detail/polynomial_trajectory__type_support.hpp
-- Up-to-date symlink: /home/alux-autopilot22/SUPER-ROS2/install/mars_quadrotor_msgs/include/mars_quadrotor_msgs/mars_quadrotor_msgs/msg/detail/position_command__builder.hpp
-- Up-to-date symlink: /home/alux-autopilot22/SUPER-ROS2/install/mars_quadrotor_msgs/include/mars_quadrotor_msgs/mars_quadrotor_msgs/msg/detail/position_command__struct.hpp
-- Up-to-date symlink: /home/alux-autopilot22/SUPER-ROS2/install/mars_quadrotor_msgs/include/mars_quadrotor_msgs/mars_quadrotor_msgs/msg/detail/position_command__traits.hpp
-- Up-to-date symlink: /home/alux-autopilot22/SUPER-ROS2/install/mars_quadrotor_msgs/include/mars_quadrotor_msgs/mars_quadrotor_msgs/msg/detail/position_command__type_support.hpp
-- Up-to-date symlink: /home/alux-autopilot22/SUPER-ROS2/install/mars_quadrotor_msgs/include/mars_quadrotor_msgs/mars_quadrotor_msgs/msg/detail/quadrotor_state__builder.hpp
-- Up-to-date symlink: /home/alux-autopilot22/SUPER-ROS2/install/mars_quadrotor_msgs/include/mars_quadrotor_msgs/mars_quadrotor_msgs/msg/detail/quadrotor_state__struct.hpp
-- Up-to-date symlink: /home/alux-autopilot22/SUPER-ROS2/install/mars_quadrotor_msgs/include/mars_quadrotor_msgs/mars_quadrotor_msgs/msg/detail/quadrotor_state__traits.hpp
-- Up-to-date symlink: /home/alux-autopilot22/SUPER-ROS2/install/mars_quadrotor_msgs/include/mars_quadrotor_msgs/mars_quadrotor_msgs/msg/detail/quadrotor_state__type_support.hpp
-- Up-to-date symlink: /home/alux-autopilot22/SUPER-ROS2/install/mars_quadrotor_msgs/include/mars_quadrotor_msgs/mars_quadrotor_msgs/msg/detail/traking_performance__builder.hpp
-- Up-to-date symlink: /home/alux-autopilot22/SUPER-ROS2/install/mars_quadrotor_msgs/include/mars_quadrotor_msgs/mars_quadrotor_msgs/msg/detail/traking_performance__struct.hpp
-- Up-to-date symlink: /home/alux-autopilot22/SUPER-ROS2/install/mars_quadrotor_msgs/include/mars_quadrotor_msgs/mars_quadrotor_msgs/msg/detail/traking_performance__traits.hpp
-- Up-to-date symlink: /home/alux-autopilot22/SUPER-ROS2/install/mars_quadrotor_msgs/include/mars_quadrotor_msgs/mars_quadrotor_msgs/msg/detail/traking_performance__type_support.hpp
-- Up-to-date symlink: /home/alux-autopilot22/SUPER-ROS2/install/mars_quadrotor_msgs/include/mars_quadrotor_msgs/mars_quadrotor_msgs/msg/mpc_position_command.hpp
-- Up-to-date symlink: /home/alux-autopilot22/SUPER-ROS2/install/mars_quadrotor_msgs/include/mars_quadrotor_msgs/mars_quadrotor_msgs/msg/polynomial_trajectory.hpp
-- Up-to-date symlink: /home/alux-autopilot22/SUPER-ROS2/install/mars_quadrotor_msgs/include/mars_quadrotor_msgs/mars_quadrotor_msgs/msg/position_command.hpp
-- Up-to-date symlink: /home/alux-autopilot22/SUPER-ROS2/install/mars_quadrotor_msgs/include/mars_quadrotor_msgs/mars_quadrotor_msgs/msg/quadrotor_state.hpp
-- Up-to-date symlink: /home/alux-autopilot22/SUPER-ROS2/install/mars_quadrotor_msgs/include/mars_quadrotor_msgs/mars_quadrotor_msgs/msg/rosidl_generator_cpp__visibility_control.hpp
-- Up-to-date symlink: /home/alux-autopilot22/SUPER-ROS2/install/mars_quadrotor_msgs/include/mars_quadrotor_msgs/mars_quadrotor_msgs/msg/traking_performance.hpp
-- Up-to-date symlink: /home/alux-autopilot22/SUPER-ROS2/install/mars_quadrotor_msgs/include/mars_quadrotor_msgs/mars_quadrotor_msgs/msg/detail/mpc_position_command__rosidl_typesupport_fastrtps_cpp.hpp
-- Up-to-date symlink: /home/alux-autopilot22/SUPER-ROS2/install/mars_quadrotor_msgs/include/mars_quadrotor_msgs/mars_quadrotor_msgs/msg/detail/polynomial_trajectory__rosidl_typesupport_fastrtps_cpp.hpp
-- Up-to-date symlink: /home/alux-autopilot22/SUPER-ROS2/install/mars_quadrotor_msgs/include/mars_quadrotor_msgs/mars_quadrotor_msgs/msg/detail/position_command__rosidl_typesupport_fastrtps_cpp.hpp
-- Up-to-date symlink: /home/alux-autopilot22/SUPER-ROS2/install/mars_quadrotor_msgs/include/mars_quadrotor_msgs/mars_quadrotor_msgs/msg/detail/quadrotor_state__rosidl_typesupport_fastrtps_cpp.hpp
-- Up-to-date symlink: /home/alux-autopilot22/SUPER-ROS2/install/mars_quadrotor_msgs/include/mars_quadrotor_msgs/mars_quadrotor_msgs/msg/detail/traking_performance__rosidl_typesupport_fastrtps_cpp.hpp
-- Up-to-date symlink: /home/alux-autopilot22/SUPER-ROS2/install/mars_quadrotor_msgs/include/mars_quadrotor_msgs/mars_quadrotor_msgs/msg/rosidl_typesupport_fastrtps_cpp__visibility_control.h
-- Up-to-date symlink: /home/alux-autopilot22/SUPER-ROS2/install/mars_quadrotor_msgs/include/mars_quadrotor_msgs/mars_quadrotor_msgs/msg/detail/mpc_position_command__rosidl_typesupport_introspection_cpp.hpp
-- Up-to-date symlink: /home/alux-autopilot22/SUPER-ROS2/install/mars_quadrotor_msgs/include/mars_quadrotor_msgs/mars_quadrotor_msgs/msg/detail/polynomial_trajectory__rosidl_typesupport_introspection_cpp.hpp
-- Up-to-date symlink: /home/alux-autopilot22/SUPER-ROS2/install/mars_quadrotor_msgs/include/mars_quadrotor_msgs/mars_quadrotor_msgs/msg/detail/position_command__rosidl_typesupport_introspection_cpp.hpp
-- Up-to-date symlink: /home/alux-autopilot22/SUPER-ROS2/install/mars_quadrotor_msgs/include/mars_quadrotor_msgs/mars_quadrotor_msgs/msg/detail/quadrotor_state__rosidl_typesupport_introspection_cpp.hpp
-- Up-to-date symlink: /home/alux-autopilot22/SUPER-ROS2/install/mars_quadrotor_msgs/include/mars_quadrotor_msgs/mars_quadrotor_msgs/msg/detail/traking_performance__rosidl_typesupport_introspection_cpp.hpp
-- Up-to-date symlink: /home/alux-autopilot22/SUPER-ROS2/install/mars_quadrotor_msgs/share/mars_quadrotor_msgs/environment/pythonpath.sh
-- Up-to-date symlink: /home/alux-autopilot22/SUPER-ROS2/install/mars_quadrotor_msgs/share/mars_quadrotor_msgs/environment/pythonpath.dsv
-- Up-to-date symlink: /home/alux-autopilot22/SUPER-ROS2/install/mars_quadrotor_msgs/local/lib/python3.10/dist-packages/mars_quadrotor_msgs-2.0.8-py3.10.egg-info/PKG-INFO
-- Up-to-date symlink: /home/alux-autopilot22/SUPER-ROS2/install/mars_quadrotor_msgs/local/lib/python3.10/dist-packages/mars_quadrotor_msgs-2.0.8-py3.10.egg-info/SOURCES.txt
-- Up-to-date symlink: /home/alux-autopilot22/SUPER-ROS2/install/mars_quadrotor_msgs/local/lib/python3.10/dist-packages/mars_quadrotor_msgs-2.0.8-py3.10.egg-info/dependency_links.txt
-- Up-to-date symlink: /home/alux-autopilot22/SUPER-ROS2/install/mars_quadrotor_msgs/local/lib/python3.10/dist-packages/mars_quadrotor_msgs-2.0.8-py3.10.egg-info/top_level.txt
-- Up-to-date symlink: /home/alux-autopilot22/SUPER-ROS2/install/mars_quadrotor_msgs/local/lib/python3.10/dist-packages/mars_quadrotor_msgs/__init__.py
-- Up-to-date symlink: /home/alux-autopilot22/SUPER-ROS2/install/mars_quadrotor_msgs/local/lib/python3.10/dist-packages/mars_quadrotor_msgs/_mars_quadrotor_msgs_s.ep.rosidl_typesupport_c.c
-- Up-to-date symlink: /home/alux-autopilot22/SUPER-ROS2/install/mars_quadrotor_msgs/local/lib/python3.10/dist-packages/mars_quadrotor_msgs/_mars_quadrotor_msgs_s.ep.rosidl_typesupport_fastrtps_c.c
-- Up-to-date symlink: /home/alux-autopilot22/SUPER-ROS2/install/mars_quadrotor_msgs/local/lib/python3.10/dist-packages/mars_quadrotor_msgs/_mars_quadrotor_msgs_s.ep.rosidl_typesupport_introspection_c.c
-- Up-to-date symlink: /home/alux-autopilot22/SUPER-ROS2/install/mars_quadrotor_msgs/local/lib/python3.10/dist-packages/mars_quadrotor_msgs/libmars_quadrotor_msgs__rosidl_generator_py.so
-- Up-to-date symlink: /home/alux-autopilot22/SUPER-ROS2/install/mars_quadrotor_msgs/local/lib/python3.10/dist-packages/mars_quadrotor_msgs/mars_quadrotor_msgs_s__rosidl_typesupport_c.cpython-310-x86_64-linux-gnu.so
-- Up-to-date symlink: /home/alux-autopilot22/SUPER-ROS2/install/mars_quadrotor_msgs/local/lib/python3.10/dist-packages/mars_quadrotor_msgs/mars_quadrotor_msgs_s__rosidl_typesupport_fastrtps_c.cpython-310-x86_64-linux-gnu.so
-- Up-to-date symlink: /home/alux-autopilot22/SUPER-ROS2/install/mars_quadrotor_msgs/local/lib/python3.10/dist-packages/mars_quadrotor_msgs/mars_quadrotor_msgs_s__rosidl_typesupport_introspection_c.cpython-310-x86_64-linux-gnu.so
-- Up-to-date symlink: /home/alux-autopilot22/SUPER-ROS2/install/mars_quadrotor_msgs/local/lib/python3.10/dist-packages/mars_quadrotor_msgs/msg/__init__.py
-- Up-to-date symlink: /home/alux-autopilot22/SUPER-ROS2/install/mars_quadrotor_msgs/local/lib/python3.10/dist-packages/mars_quadrotor_msgs/msg/_mpc_position_command.py
-- Up-to-date symlink: /home/alux-autopilot22/SUPER-ROS2/install/mars_quadrotor_msgs/local/lib/python3.10/dist-packages/mars_quadrotor_msgs/msg/_mpc_position_command_s.c
-- Up-to-date symlink: /home/alux-autopilot22/SUPER-ROS2/install/mars_quadrotor_msgs/local/lib/python3.10/dist-packages/mars_quadrotor_msgs/msg/_polynomial_trajectory.py
-- Up-to-date symlink: /home/alux-autopilot22/SUPER-ROS2/install/mars_quadrotor_msgs/local/lib/python3.10/dist-packages/mars_quadrotor_msgs/msg/_polynomial_trajectory_s.c
-- Up-to-date symlink: /home/alux-autopilot22/SUPER-ROS2/install/mars_quadrotor_msgs/local/lib/python3.10/dist-packages/mars_quadrotor_msgs/msg/_position_command.py
-- Up-to-date symlink: /home/alux-autopilot22/SUPER-ROS2/install/mars_quadrotor_msgs/local/lib/python3.10/dist-packages/mars_quadrotor_msgs/msg/_position_command_s.c
-- Up-to-date symlink: /home/alux-autopilot22/SUPER-ROS2/install/mars_quadrotor_msgs/local/lib/python3.10/dist-packages/mars_quadrotor_msgs/msg/_quadrotor_state.py
-- Up-to-date symlink: /home/alux-autopilot22/SUPER-ROS2/install/mars_quadrotor_msgs/local/lib/python3.10/dist-packages/mars_quadrotor_msgs/msg/_quadrotor_state_s.c
-- Up-to-date symlink: /home/alux-autopilot22/SUPER-ROS2/install/mars_quadrotor_msgs/local/lib/python3.10/dist-packages/mars_quadrotor_msgs/msg/_traking_performance.py
-- Up-to-date symlink: /home/alux-autopilot22/SUPER-ROS2/install/mars_quadrotor_msgs/local/lib/python3.10/dist-packages/mars_quadrotor_msgs/msg/_traking_performance_s.c
-- Up-to-date symlink: /home/alux-autopilot22/SUPER-ROS2/install/mars_quadrotor_msgs/local/lib/python3.10/dist-packages/mars_quadrotor_msgs/mars_quadrotor_msgs_s__rosidl_typesupport_fastrtps_c.cpython-310-x86_64-linux-gnu.so
-- Up-to-date symlink: /home/alux-autopilot22/SUPER-ROS2/install/mars_quadrotor_msgs/local/lib/python3.10/dist-packages/mars_quadrotor_msgs/mars_quadrotor_msgs_s__rosidl_typesupport_introspection_c.cpython-310-x86_64-linux-gnu.so
-- Up-to-date symlink: /home/alux-autopilot22/SUPER-ROS2/install/mars_quadrotor_msgs/local/lib/python3.10/dist-packages/mars_quadrotor_msgs/mars_quadrotor_msgs_s__rosidl_typesupport_c.cpython-310-x86_64-linux-gnu.so
-- Up-to-date symlink: /home/alux-autopilot22/SUPER-ROS2/install/mars_quadrotor_msgs/share/ament_index/resource_index/rust_packages/mars_quadrotor_msgs
-- Up-to-date symlink: /home/alux-autopilot22/SUPER-ROS2/install/mars_quadrotor_msgs/share/mars_quadrotor_msgs/rust/Cargo.toml
-- Up-to-date symlink: /home/alux-autopilot22/SUPER-ROS2/install/mars_quadrotor_msgs/share/mars_quadrotor_msgs/rust/build.rs
-- Up-to-date symlink: /home/alux-autopilot22/SUPER-ROS2/install/mars_quadrotor_msgs/share/mars_quadrotor_msgs/rust/src/lib.rs
-- Up-to-date symlink: /home/alux-autopilot22/SUPER-ROS2/install/mars_quadrotor_msgs/share/mars_quadrotor_msgs/rust/src/msg.rs
-- Up-to-date symlink: /home/alux-autopilot22/SUPER-ROS2/install/mars_quadrotor_msgs/share/mars_quadrotor_msgs/rust/src/msg/rmw.rs
-- Up-to-date symlink: /home/alux-autopilot22/SUPER-ROS2/install/mars_quadrotor_msgs/share/mars_quadrotor_msgs/msg/QuadrotorState.idl
-- Up-to-date symlink: /home/alux-autopilot22/SUPER-ROS2/install/mars_quadrotor_msgs/share/mars_quadrotor_msgs/msg/TrakingPerformance.idl
-- Up-to-date symlink: /home/alux-autopilot22/SUPER-ROS2/install/mars_quadrotor_msgs/share/mars_quadrotor_msgs/msg/PositionCommand.idl
-- Up-to-date symlink: /home/alux-autopilot22/SUPER-ROS2/install/mars_quadrotor_msgs/share/mars_quadrotor_msgs/msg/PolynomialTrajectory.idl
-- Up-to-date symlink: /home/alux-autopilot22/SUPER-ROS2/install/mars_quadrotor_msgs/share/mars_quadrotor_msgs/msg/MpcPositionCommand.idl
-- Up-to-date symlink: /home/alux-autopilot22/SUPER-ROS2/install/mars_quadrotor_msgs/share/mars_quadrotor_msgs/ros2_msg/QuadrotorState.msg
-- Up-to-date symlink: /home/alux-autopilot22/SUPER-ROS2/install/mars_quadrotor_msgs/share/mars_quadrotor_msgs/ros2_msg/TrakingPerformance.msg
-- Up-to-date symlink: /home/alux-autopilot22/SUPER-ROS2/install/mars_quadrotor_msgs/share/mars_quadrotor_msgs/ros2_msg/PositionCommand.msg
-- Up-to-date symlink: /home/alux-autopilot22/SUPER-ROS2/install/mars_quadrotor_msgs/share/mars_quadrotor_msgs/ros2_msg/PolynomialTrajectory.msg
-- Up-to-date symlink: /home/alux-autopilot22/SUPER-ROS2/install/mars_quadrotor_msgs/share/mars_quadrotor_msgs/ros2_msg/MpcPositionCommand.msg
-- Up-to-date symlink: /home/alux-autopilot22/SUPER-ROS2/install/mars_quadrotor_msgs/share/ament_index/resource_index/package_run_dependencies/mars_quadrotor_msgs
-- Up-to-date symlink: /home/alux-autopilot22/SUPER-ROS2/install/mars_quadrotor_msgs/share/ament_index/resource_index/parent_prefix_path/mars_quadrotor_msgs
-- Up-to-date symlink: /home/alux-autopilot22/SUPER-ROS2/install/mars_quadrotor_msgs/share/mars_quadrotor_msgs/environment/ament_prefix_path.sh
-- Up-to-date symlink: /home/alux-autopilot22/SUPER-ROS2/install/mars_quadrotor_msgs/share/mars_quadrotor_msgs/environment/ament_prefix_path.dsv
-- Up-to-date symlink: /home/alux-autopilot22/SUPER-ROS2/install/mars_quadrotor_msgs/share/mars_quadrotor_msgs/environment/path.sh
-- Up-to-date symlink: /home/alux-autopilot22/SUPER-ROS2/install/mars_quadrotor_msgs/share/mars_quadrotor_msgs/environment/path.dsv
-- Up-to-date symlink: /home/alux-autopilot22/SUPER-ROS2/install/mars_quadrotor_msgs/share/mars_quadrotor_msgs/local_setup.bash
-- Up-to-date symlink: /home/alux-autopilot22/SUPER-ROS2/install/mars_quadrotor_msgs/share/mars_quadrotor_msgs/local_setup.sh
-- Up-to-date symlink: /home/alux-autopilot22/SUPER-ROS2/install/mars_quadrotor_msgs/share/mars_quadrotor_msgs/local_setup.zsh
-- Up-to-date symlink: /home/alux-autopilot22/SUPER-ROS2/install/mars_quadrotor_msgs/share/mars_quadrotor_msgs/local_setup.dsv
-- Symlinking: /home/alux-autopilot22/SUPER-ROS2/install/mars_quadrotor_msgs/share/mars_quadrotor_msgs/package.dsv
-- Up-to-date symlink: /home/alux-autopilot22/SUPER-ROS2/install/mars_quadrotor_msgs/share/ament_index/resource_index/packages/mars_quadrotor_msgs
-- Up-to-date symlink: /home/alux-autopilot22/SUPER-ROS2/install/mars_quadrotor_msgs/share/mars_quadrotor_msgs/cmake/rosidl_cmake-extras.cmake
-- Up-to-date symlink: /home/alux-autopilot22/SUPER-ROS2/install/mars_quadrotor_msgs/share/mars_quadrotor_msgs/cmake/ament_cmake_export_dependencies-extras.cmake
-- Up-to-date symlink: /home/alux-autopilot22/SUPER-ROS2/install/mars_quadrotor_msgs/share/mars_quadrotor_msgs/cmake/ament_cmake_export_include_directories-extras.cmake
-- Up-to-date symlink: /home/alux-autopilot22/SUPER-ROS2/install/mars_quadrotor_msgs/share/mars_quadrotor_msgs/cmake/ament_cmake_export_libraries-extras.cmake
-- Up-to-date symlink: /home/alux-autopilot22/SUPER-ROS2/install/mars_quadrotor_msgs/share/mars_quadrotor_msgs/cmake/ament_cmake_export_targets-extras.cmake
-- Up-to-date symlink: /home/alux-autopilot22/SUPER-ROS2/install/mars_quadrotor_msgs/share/mars_quadrotor_msgs/cmake/rosidl_cmake_export_typesupport_targets-extras.cmake
-- Up-to-date symlink: /home/alux-autopilot22/SUPER-ROS2/install/mars_quadrotor_msgs/share/mars_quadrotor_msgs/cmake/rosidl_cmake_export_typesupport_libraries-extras.cmake
-- Up-to-date symlink: /home/alux-autopilot22/SUPER-ROS2/install/mars_quadrotor_msgs/share/mars_quadrotor_msgs/cmake/mars_quadrotor_msgsConfig.cmake
-- Up-to-date symlink: /home/alux-autopilot22/SUPER-ROS2/install/mars_quadrotor_msgs/share/mars_quadrotor_msgs/cmake/mars_quadrotor_msgsConfig-version.cmake
-- Up-to-date symlink: /home/alux-autopilot22/SUPER-ROS2/install/mars_quadrotor_msgs/share/mars_quadrotor_msgs/package.xml
-- Up-to-date: /home/alux-autopilot22/SUPER-ROS2/install/mars_quadrotor_msgs/lib/libmars_quadrotor_msgs__rosidl_generator_c.so
-- Up-to-date: /home/alux-autopilot22/SUPER-ROS2/install/mars_quadrotor_msgs/lib/libmars_quadrotor_msgs__rosidl_typesupport_fastrtps_c.so
-- Up-to-date: /home/alux-autopilot22/SUPER-ROS2/install/mars_quadrotor_msgs/lib/libmars_quadrotor_msgs__rosidl_typesupport_introspection_c.so
-- Up-to-date: /home/alux-autopilot22/SUPER-ROS2/install/mars_quadrotor_msgs/lib/libmars_quadrotor_msgs__rosidl_typesupport_c.so
-- Up-to-date: /home/alux-autopilot22/SUPER-ROS2/install/mars_quadrotor_msgs/lib/libmars_quadrotor_msgs__rosidl_typesupport_fastrtps_cpp.so
-- Up-to-date: /home/alux-autopilot22/SUPER-ROS2/install/mars_quadrotor_msgs/lib/libmars_quadrotor_msgs__rosidl_typesupport_introspection_cpp.so
-- Up-to-date: /home/alux-autopilot22/SUPER-ROS2/install/mars_quadrotor_msgs/lib/libmars_quadrotor_msgs__rosidl_typesupport_cpp.so
Listing '/home/alux-autopilot22/SUPER-ROS2/install/mars_quadrotor_msgs/local/lib/python3.10/dist-packages/mars_quadrotor_msgs'...
Listing '/home/alux-autopilot22/SUPER-ROS2/install/mars_quadrotor_msgs/local/lib/python3.10/dist-packages/mars_quadrotor_msgs/msg'...
-- Up-to-date: /home/alux-autopilot22/SUPER-ROS2/install/mars_quadrotor_msgs/lib/libmars_quadrotor_msgs__rosidl_generator_py.so
-- Up-to-date: /home/alux-autopilot22/SUPER-ROS2/install/mars_quadrotor_msgs/share/mars_quadrotor_msgs/cmake/export_mars_quadrotor_msgs__rosidl_generator_cExport.cmake
-- Up-to-date: /home/alux-autopilot22/SUPER-ROS2/install/mars_quadrotor_msgs/share/mars_quadrotor_msgs/cmake/export_mars_quadrotor_msgs__rosidl_generator_cExport-noconfig.cmake
-- Up-to-date: /home/alux-autopilot22/SUPER-ROS2/install/mars_quadrotor_msgs/share/mars_quadrotor_msgs/cmake/export_mars_quadrotor_msgs__rosidl_typesupport_fastrtps_cExport.cmake
-- Up-to-date: /home/alux-autopilot22/SUPER-ROS2/install/mars_quadrotor_msgs/share/mars_quadrotor_msgs/cmake/export_mars_quadrotor_msgs__rosidl_typesupport_fastrtps_cExport-noconfig.cmake
-- Up-to-date: /home/alux-autopilot22/SUPER-ROS2/install/mars_quadrotor_msgs/share/mars_quadrotor_msgs/cmake/mars_quadrotor_msgs__rosidl_typesupport_introspection_cExport.cmake
-- Up-to-date: /home/alux-autopilot22/SUPER-ROS2/install/mars_quadrotor_msgs/share/mars_quadrotor_msgs/cmake/mars_quadrotor_msgs__rosidl_typesupport_introspection_cExport-noconfig.cmake
-- Up-to-date: /home/alux-autopilot22/SUPER-ROS2/install/mars_quadrotor_msgs/share/mars_quadrotor_msgs/cmake/mars_quadrotor_msgs__rosidl_typesupport_cExport.cmake
-- Up-to-date: /home/alux-autopilot22/SUPER-ROS2/install/mars_quadrotor_msgs/share/mars_quadrotor_msgs/cmake/mars_quadrotor_msgs__rosidl_typesupport_cExport-noconfig.cmake
-- Up-to-date: /home/alux-autopilot22/SUPER-ROS2/install/mars_quadrotor_msgs/share/mars_quadrotor_msgs/cmake/export_mars_quadrotor_msgs__rosidl_generator_cppExport.cmake
-- Up-to-date: /home/alux-autopilot22/SUPER-ROS2/install/mars_quadrotor_msgs/share/mars_quadrotor_msgs/cmake/export_mars_quadrotor_msgs__rosidl_typesupport_fastrtps_cppExport.cmake
-- Up-to-date: /home/alux-autopilot22/SUPER-ROS2/install/mars_quadrotor_msgs/share/mars_quadrotor_msgs/cmake/export_mars_quadrotor_msgs__rosidl_typesupport_fastrtps_cppExport-noconfig.cmake
-- Up-to-date: /home/alux-autopilot22/SUPER-ROS2/install/mars_quadrotor_msgs/share/mars_quadrotor_msgs/cmake/mars_quadrotor_msgs__rosidl_typesupport_introspection_cppExport.cmake
-- Up-to-date: /home/alux-autopilot22/SUPER-ROS2/install/mars_quadrotor_msgs/share/mars_quadrotor_msgs/cmake/mars_quadrotor_msgs__rosidl_typesupport_introspection_cppExport-noconfig.cmake
-- Up-to-date: /home/alux-autopilot22/SUPER-ROS2/install/mars_quadrotor_msgs/share/mars_quadrotor_msgs/cmake/mars_quadrotor_msgs__rosidl_typesupport_cppExport.cmake
-- Up-to-date: /home/alux-autopilot22/SUPER-ROS2/install/mars_quadrotor_msgs/share/mars_quadrotor_msgs/cmake/mars_quadrotor_msgs__rosidl_typesupport_cppExport-noconfig.cmake
-- Up-to-date: /home/alux-autopilot22/SUPER-ROS2/install/mars_quadrotor_msgs/share/mars_quadrotor_msgs/cmake/export_mars_quadrotor_msgs__rosidl_generator_pyExport.cmake
-- Up-to-date: /home/alux-autopilot22/SUPER-ROS2/install/mars_quadrotor_msgs/share/mars_quadrotor_msgs/cmake/export_mars_quadrotor_msgs__rosidl_generator_pyExport-noconfig.cmake
