[0.010s] Invoking command in '/home/alux-autopilot22/SUPER-ROS2/build/perfect_drone_sim': AMENT_PREFIX_PATH=/home/alux-autopilot22/SUPER-ROS2/install/marsim_render:/home/alux-autopilot22/SUPER-ROS2/install/mars_quadrotor_msgs:${AMENT_PREFIX_PATH} CMAKE_PREFIX_PATH=/home/alux-autopilot22/SUPER-ROS2/install/marsim_render:/home/alux-autopilot22/SUPER-ROS2/install/mars_quadrotor_msgs:/opt/ros/humble LD_LIBRARY_PATH=/home/alux-autopilot22/SUPER-ROS2/install/marsim_render/lib:/home/alux-autopilot22/SUPER-ROS2/install/mars_quadrotor_msgs/lib:${LD_LIBRARY_PATH} PYTHONPATH=/home/alux-autopilot22/SUPER-ROS2/install/mars_quadrotor_msgs/local/lib/python3.10/dist-packages:${PYTHONPATH} /usr/bin/cmake /home/alux-autopilot22/SUPER-ROS2/mars_uav_sim/perfect_drone_sim -DAMENT_CMAKE_SYMLINK_INSTALL=1 -DCMAKE_INSTALL_PREFIX=/home/alux-autopilot22/SUPER-ROS2/install/perfect_drone_sim
[0.057s] -- The C compiler identification is GNU 11.4.0
[0.099s] -- The CXX compiler identification is GNU 11.4.0
[0.106s] -- Detecting C compiler ABI info
[0.165s] -- Detecting C compiler ABI info - done
[0.169s] -- Check for working C compiler: /usr/bin/cc - skipped
[0.169s] -- Detecting C compile features
[0.169s] -- Detecting C compile features - done
[0.171s] -- Detecting CXX compiler ABI info
[0.235s] -- Detecting CXX compiler ABI info - done
[0.239s] -- Check for working CXX compiler: /usr/bin/c++ - skipped
[0.239s] -- Detecting CXX compile features
[0.239s] -- Detecting CXX compile features - done
[0.242s] -- Found ament_cmake: 1.3.14 (/opt/ros/humble/share/ament_cmake/cmake)
[0.368s] -- Found Python3: /usr/bin/python3 (found version "3.10.19") found components: Interpreter 
[0.415s] -- Override CMake install command with custom implementation using symlinks instead of copying resources
[0.440s] -- Found rclcpp: 16.0.19 (/opt/ros/humble/share/rclcpp/cmake)
[0.474s] -- Found rosidl_generator_c: 3.1.8 (/opt/ros/humble/share/rosidl_generator_c/cmake)
[0.478s] -- Found rosidl_adapter: 3.1.8 (/opt/ros/humble/share/rosidl_adapter/cmake)
[0.485s] -- Found rosidl_generator_cpp: 3.1.8 (/opt/ros/humble/share/rosidl_generator_cpp/cmake)
[0.494s] -- Using all available rosidl_typesupport_c: rosidl_typesupport_fastrtps_c;rosidl_typesupport_introspection_c
[0.506s] -- Using all available rosidl_typesupport_cpp: rosidl_typesupport_fastrtps_cpp;rosidl_typesupport_introspection_cpp
[0.536s] -- Found rmw_implementation_cmake: 6.1.2 (/opt/ros/humble/share/rmw_implementation_cmake/cmake)
[0.538s] -- Found rmw_fastrtps_cpp: 6.2.10 (/opt/ros/humble/share/rmw_fastrtps_cpp/cmake)
[0.620s] -- Found OpenSSL: /usr/lib/x86_64-linux-gnu/libcrypto.so (found version "3.0.2")  
[0.636s] -- Found FastRTPS: /opt/ros/humble/include  
[0.656s] -- Using RMW implementation 'rmw_fastrtps_cpp' as default
[0.665s] -- Looking for pthread.h
[0.738s] -- Looking for pthread.h - found
[0.738s] -- Performing Test CMAKE_HAVE_LIBC_PTHREAD
[0.806s] -- Performing Test CMAKE_HAVE_LIBC_PTHREAD - Success
[0.807s] -- Found Threads: TRUE  
[0.841s] -- Found geometry_msgs: 4.9.1 (/opt/ros/humble/share/geometry_msgs/cmake)
[0.849s] -- Found sensor_msgs: 4.9.1 (/opt/ros/humble/share/sensor_msgs/cmake)
[0.864s] -- Found nav_msgs: 4.9.1 (/opt/ros/humble/share/nav_msgs/cmake)
[0.875s] -- Found visualization_msgs: 4.9.1 (/opt/ros/humble/share/visualization_msgs/cmake)
[0.886s] -- Found marsim_render: 0.0.0 (/home/alux-autopilot22/SUPER-ROS2/install/marsim_render/share/marsim_render/cmake)
[0.893s] -- Found mars_quadrotor_msgs: 2.0.8 (/home/alux-autopilot22/SUPER-ROS2/install/mars_quadrotor_msgs/share/mars_quadrotor_msgs/cmake)
[0.903s] -- Found tf2_ros: 0.25.20 (/opt/ros/humble/share/tf2_ros/cmake)
[0.987s] -- Checking for module 'eigen3'
[1.000s] --   Found eigen3, version 3.4.0
[1.035s] -- Found Eigen: /usr/include/eigen3 (Required is at least version "3.1") 
[1.035s] -- Eigen found (include: /usr/include/eigen3, version: 3.4.0)
[1.052s] -- Found Boost: /usr/lib/x86_64-linux-gnu/cmake/Boost-1.74.0/BoostConfig.cmake (found suitable version "1.74.0", minimum required is "1.65.0") found components: system filesystem date_time iostreams serialization 
[1.065s] -- Checking for module 'flann'
[1.079s] --   Found flann, version 1.9.1
[1.117s] -- Found FLANN: /usr/lib/x86_64-linux-gnu/libflann_cpp.so  
[1.117s] -- FLANN found (include: /usr/include, lib: /usr/lib/x86_64-linux-gnu/libflann_cpp.so)
[1.139s] -- Found GLEW: /usr/lib/x86_64-linux-gnu/libGLEW.so  
[1.143s] -- Found OpenGL: /usr/lib/x86_64-linux-gnu/libOpenGL.so  found components: OpenGL GLX 
[1.257s] -- Found MPI_C: /usr/lib/x86_64-linux-gnu/libmpi.so (found version "3.1") 
[1.257s] -- Found MPI: TRUE (found version "3.1") found components: C 
[1.259s] -- Found JsonCpp: /usr/lib/x86_64-linux-gnu/libjsoncpp.so (found suitable version "1.9.5", minimum required is "0.7.0") 
[1.265s] -- Found ZLIB: /usr/lib/x86_64-linux-gnu/libz.so (found version "1.3.1") 
[1.278s] -- Found PNG: /usr/lib/x86_64-linux-gnu/libpng.so (found version "1.6.55") 
[1.285s] -- Found Eigen3: /usr/include/eigen3 (found version "3.4.0") 
[1.369s] -- Found X11: /usr/include   
[1.370s] -- Looking for XOpenDisplay in /usr/lib/x86_64-linux-gnu/libX11.so;/usr/lib/x86_64-linux-gnu/libXext.so
[1.428s] -- Looking for XOpenDisplay in /usr/lib/x86_64-linux-gnu/libX11.so;/usr/lib/x86_64-linux-gnu/libXext.so - found
[1.428s] -- Looking for gethostbyname
[1.485s] -- Looking for gethostbyname - found
[1.485s] -- Looking for connect
[1.539s] -- Looking for connect - found
[1.539s] -- Looking for remove
[1.599s] -- Looking for remove - found
[1.599s] -- Looking for shmat
[1.658s] -- Looking for shmat - found
[1.658s] -- Looking for IceConnectionNumber in ICE
[1.716s] -- Looking for IceConnectionNumber in ICE - found
[1.800s] -- Found EXPAT: /usr/lib/x86_64-linux-gnu/libexpat.so (found version "2.6.1") 
[1.801s] -- Found double-conversion: /usr/lib/x86_64-linux-gnu/libdouble-conversion.so  
[1.802s] -- Found LZ4: /usr/lib/x86_64-linux-gnu/liblz4.so (found version "1.9.3") 
[1.803s] -- Found LZMA: /usr/lib/x86_64-linux-gnu/liblzma.so (found version "5.2.5") 
[1.815s] -- Found JPEG: /usr/lib/x86_64-linux-gnu/libjpeg.so (found version "80") 
[1.819s] -- Found TIFF: /usr/lib/x86_64-linux-gnu/libtiff.so (found version "4.7.0")  
[1.821s] -- Found Freetype: /usr/lib/x86_64-linux-gnu/libfreetype.so (found version "2.12.1") 
[1.824s] -- Found utf8cpp: /usr/include/utf8cpp  
[1.897s] -- Checking for module 'libusb-1.0'
[1.913s] --   Found libusb-1.0, version 1.0.25
[1.948s] -- Found libusb: /usr/lib/x86_64-linux-gnu/libusb-1.0.so  
[1.949s] -- Found OpenNI: /usr/lib/libOpenNI.so;libusb::libusb (found version "1.5.4.0") 
[1.949s] -- OpenNI found (version: 1.5.4.0, include: /usr/include/ni, lib: /usr/lib/libOpenNI.so;libusb::libusb)
[2.010s] -- Found OpenNI2: /usr/lib/x86_64-linux-gnu/libOpenNI2.so;libusb::libusb (found version "2.2.0.33") 
[2.010s] -- OpenNI2 found (version: 2.2.0.33, include: /usr/include/openni2, lib: /usr/lib/x86_64-linux-gnu/libOpenNI2.so;libusb::libusb)
[2.011s] [0m** WARNING ** io features related to pcap will be disabled[0m
[2.125s] -- Eigen found (include: /usr/include/eigen3, version: 3.4.0)
[2.132s] -- OpenNI found (version: 1.5.4.0, include: /usr/include/ni, lib: /usr/lib/libOpenNI.so;libusb::libusb)
[2.139s] -- OpenNI2 found (version: 2.2.0.33, include: /usr/include/openni2, lib: /usr/lib/x86_64-linux-gnu/libOpenNI2.so;libusb::libusb)
[2.247s] -- Found Qhull version 8.0.2
[2.363s] -- OpenNI found (version: 1.5.4.0, include: /usr/include/ni, lib: /usr/lib/libOpenNI.so;libusb::libusb)
[2.466s] -- looking for PCL_COMMON
[2.467s] -- Found PCL_COMMON: /usr/lib/x86_64-linux-gnu/libpcl_common.so  
[2.468s] -- looking for PCL_KDTREE
[2.468s] -- Found PCL_KDTREE: /usr/lib/x86_64-linux-gnu/libpcl_kdtree.so  
[2.468s] -- looking for PCL_OCTREE
[2.468s] -- Found PCL_OCTREE: /usr/lib/x86_64-linux-gnu/libpcl_octree.so  
[2.469s] -- looking for PCL_SEARCH
[2.469s] -- Found PCL_SEARCH: /usr/lib/x86_64-linux-gnu/libpcl_search.so  
[2.469s] -- looking for PCL_SAMPLE_CONSENSUS
[2.470s] -- Found PCL_SAMPLE_CONSENSUS: /usr/lib/x86_64-linux-gnu/libpcl_sample_consensus.so  
[2.470s] -- looking for PCL_FILTERS
[2.470s] -- Found PCL_FILTERS: /usr/lib/x86_64-linux-gnu/libpcl_filters.so  
[2.470s] -- looking for PCL_2D
[2.470s] -- Found PCL_2D: /usr/include/pcl-1.12  
[2.470s] -- looking for PCL_GEOMETRY
[2.471s] -- Found PCL_GEOMETRY: /usr/include/pcl-1.12  
[2.471s] -- looking for PCL_IO
[2.471s] -- Found PCL_IO: /usr/lib/x86_64-linux-gnu/libpcl_io.so  
[2.471s] -- looking for PCL_FEATURES
[2.472s] -- Found PCL_FEATURES: /usr/lib/x86_64-linux-gnu/libpcl_features.so  
[2.472s] -- looking for PCL_ML
[2.472s] -- Found PCL_ML: /usr/lib/x86_64-linux-gnu/libpcl_ml.so  
[2.472s] -- looking for PCL_SEGMENTATION
[2.473s] -- Found PCL_SEGMENTATION: /usr/lib/x86_64-linux-gnu/libpcl_segmentation.so  
[2.473s] -- looking for PCL_VISUALIZATION
[2.474s] -- Found PCL_VISUALIZATION: /usr/lib/x86_64-linux-gnu/libpcl_visualization.so  
[2.474s] -- looking for PCL_SURFACE
[2.474s] -- Found PCL_SURFACE: /usr/lib/x86_64-linux-gnu/libpcl_surface.so  
[2.474s] -- looking for PCL_REGISTRATION
[2.475s] -- Found PCL_REGISTRATION: /usr/lib/x86_64-linux-gnu/libpcl_registration.so  
[2.475s] -- looking for PCL_KEYPOINTS
[2.475s] -- Found PCL_KEYPOINTS: /usr/lib/x86_64-linux-gnu/libpcl_keypoints.so  
[2.476s] -- looking for PCL_TRACKING
[2.476s] -- Found PCL_TRACKING: /usr/lib/x86_64-linux-gnu/libpcl_tracking.so  
[2.476s] -- looking for PCL_RECOGNITION
[2.477s] -- Found PCL_RECOGNITION: /usr/lib/x86_64-linux-gnu/libpcl_recognition.so  
[2.477s] -- looking for PCL_STEREO
[2.477s] -- Found PCL_STEREO: /usr/lib/x86_64-linux-gnu/libpcl_stereo.so  
[2.477s] -- looking for PCL_APPS
[2.478s] -- Found PCL_APPS: /usr/lib/x86_64-linux-gnu/libpcl_apps.so  
[2.478s] -- looking for PCL_IN_HAND_SCANNER
[2.478s] -- Found PCL_IN_HAND_SCANNER: /usr/include/pcl-1.12  
[2.478s] -- looking for PCL_MODELER
[2.478s] -- Found PCL_MODELER: /usr/include/pcl-1.12  
[2.478s] -- looking for PCL_POINT_CLOUD_EDITOR
[2.479s] -- Found PCL_POINT_CLOUD_EDITOR: /usr/include/pcl-1.12  
[2.479s] -- looking for PCL_OUTOFCORE
[2.479s] -- Found PCL_OUTOFCORE: /usr/lib/x86_64-linux-gnu/libpcl_outofcore.so  
[2.479s] -- looking for PCL_PEOPLE
[2.480s] -- Found PCL_PEOPLE: /usr/lib/x86_64-linux-gnu/libpcl_people.so  
[2.480s] -- Found PCL: pcl_common;pcl_kdtree;pcl_octree;pcl_search;pcl_sample_consensus;pcl_filters;pcl_io;pcl_features;pcl_ml;pcl_segmentation;pcl_visualization;pcl_surface;pcl_registration;pcl_keypoints;pcl_tracking;pcl_recognition;pcl_stereo;pcl_apps;pcl_outofcore;pcl_people;Boost::system;Boost::filesystem;Boost::date_time;Boost::iostreams;Boost::serialization;/usr/lib/libOpenNI.so;libusb::libusb;/usr/lib/x86_64-linux-gnu/libOpenNI2.so;libusb::libusb;VTK::ChartsCore;VTK::CommonColor;VTK::CommonComputationalGeometry;VTK::CommonCore;VTK::CommonDataModel;VTK::CommonExecutionModel;VTK::CommonMath;VTK::CommonMisc;VTK::CommonTransforms;VTK::FiltersCore;VTK::FiltersExtraction;VTK::FiltersGeneral;VTK::FiltersGeometry;VTK::FiltersModeling;VTK::FiltersSources;VTK::ImagingCore;VTK::ImagingSources;VTK::InteractionImage;VTK::InteractionStyle;VTK::InteractionWidgets;VTK::IOCore;VTK::IOGeometry;VTK::IOImage;VTK::IOLegacy;VTK::IOPLY;VTK::RenderingAnnotation;VTK::RenderingCore;VTK::RenderingContext2D;VTK::RenderingLOD;VTK::RenderingFreeType;VTK::ViewsCore;VTK::ViewsContext2D;VTK::RenderingOpenGL2;VTK::GUISupportQt;FLANN::FLANN;QHULL::QHULL  
[2.486s] -- Found OpenCV: /usr (found version "4.5.4") 
[2.548s] -- Configuring done
[2.596s] -- Generating done
[2.604s] -- Build files have been written to: /home/alux-autopilot22/SUPER-ROS2/build/perfect_drone_sim
