[0.013s] Invoking command in '/home/alux-autopilot22/SUPER-ROS2/build/marsim_render': CMAKE_PREFIX_PATH=/opt/ros/humble /usr/bin/cmake --build /home/alux-autopilot22/SUPER-ROS2/build/marsim_render -- -j16 -l16
[0.051s] [ 66%] [32mBuilding C object CMakeFiles/marsim_render.dir/include/glad/glad.c.o[0m
[0.051s] [ 66%] [32mBuilding CXX object CMakeFiles/marsim_render.dir/src/marsim_render.cpp.o[0m
[0.059s] [01m[Kcc1:[m[K [01;35m[Kwarning: [m[Kcommand-line option ‘[01m[K-Wnon-virtual-dtor[m[K’ is valid for C++/ObjC++ but not for C
[0.059s] [01m[Kcc1:[m[K [01;35m[Kwarning: [m[Kcommand-line option ‘[01m[K-Woverloaded-virtual[m[K’ is valid for C++/ObjC++ but not for C
[11.459s] [100%] [32m[1mLinking CXX shared library libmarsim_render.so[0m
[11.800s] [100%] Built target marsim_render
[11.812s] Invoked command in '/home/alux-autopilot22/SUPER-ROS2/build/marsim_render' returned '0': CMAKE_PREFIX_PATH=/opt/ros/humble /usr/bin/cmake --build /home/alux-autopilot22/SUPER-ROS2/build/marsim_render -- -j16 -l16
[11.814s] Invoking command in '/home/alux-autopilot22/SUPER-ROS2/build/marsim_render': CMAKE_PREFIX_PATH=/opt/ros/humble /usr/bin/cmake --install /home/alux-autopilot22/SUPER-ROS2/build/marsim_render
[11.820s] -- Install configuration: "Release"
[11.820s] -- Execute custom install script
[11.821s] -- Symlinking: /home/alux-autopilot22/SUPER-ROS2/install/marsim_render/lib/libmarsim_render.so
[11.830s] -- Symlinking: /home/alux-autopilot22/SUPER-ROS2/install/marsim_render/share/marsim_render/environment/library_path.sh
[11.838s] -- Symlinking: /home/alux-autopilot22/SUPER-ROS2/install/marsim_render/share/marsim_render/environment/library_path.dsv
[11.850s] -- Symlinking: /home/alux-autopilot22/SUPER-ROS2/install/marsim_render/include//GL/glew.h
[11.858s] -- Symlinking: /home/alux-autopilot22/SUPER-ROS2/install/marsim_render/include//GL/glxew.h
[11.869s] -- Symlinking: /home/alux-autopilot22/SUPER-ROS2/install/marsim_render/include//GL/wglew.h
[11.877s] -- Symlinking: /home/alux-autopilot22/SUPER-ROS2/install/marsim_render/include//glad/glad.c
[11.885s] -- Symlinking: /home/alux-autopilot22/SUPER-ROS2/install/marsim_render/include//glad/glad.h
[11.893s] -- Symlinking: /home/alux-autopilot22/SUPER-ROS2/install/marsim_render/include//glm/CMakeLists.txt
[11.901s] -- Symlinking: /home/alux-autopilot22/SUPER-ROS2/install/marsim_render/include//glm/common.hpp
[11.908s] -- Symlinking: /home/alux-autopilot22/SUPER-ROS2/install/marsim_render/include//glm/detail/_features.hpp
[11.916s] -- Symlinking: /home/alux-autopilot22/SUPER-ROS2/install/marsim_render/include//glm/detail/_fixes.hpp
[11.924s] -- Symlinking: /home/alux-autopilot22/SUPER-ROS2/install/marsim_render/include//glm/detail/_noise.hpp
[11.932s] -- Symlinking: /home/alux-autopilot22/SUPER-ROS2/install/marsim_render/include//glm/detail/_swizzle.hpp
[11.940s] -- Symlinking: /home/alux-autopilot22/SUPER-ROS2/install/marsim_render/include//glm/detail/_swizzle_func.hpp
[11.949s] -- Symlinking: /home/alux-autopilot22/SUPER-ROS2/install/marsim_render/include//glm/detail/_vectorize.hpp
[11.957s] -- Symlinking: /home/alux-autopilot22/SUPER-ROS2/install/marsim_render/include//glm/detail/compute_common.hpp
[11.967s] -- Symlinking: /home/alux-autopilot22/SUPER-ROS2/install/marsim_render/include//glm/detail/compute_vector_relational.hpp
[11.975s] -- Symlinking: /home/alux-autopilot22/SUPER-ROS2/install/marsim_render/include//glm/detail/func_common.inl
[11.982s] -- Symlinking: /home/alux-autopilot22/SUPER-ROS2/install/marsim_render/include//glm/detail/func_common_simd.inl
[11.990s] -- Symlinking: /home/alux-autopilot22/SUPER-ROS2/install/marsim_render/include//glm/detail/func_exponential.inl
[11.998s] -- Symlinking: /home/alux-autopilot22/SUPER-ROS2/install/marsim_render/include//glm/detail/func_exponential_simd.inl
[12.006s] -- Symlinking: /home/alux-autopilot22/SUPER-ROS2/install/marsim_render/include//glm/detail/func_geometric.inl
[12.014s] -- Symlinking: /home/alux-autopilot22/SUPER-ROS2/install/marsim_render/include//glm/detail/func_geometric_simd.inl
[12.022s] -- Symlinking: /home/alux-autopilot22/SUPER-ROS2/install/marsim_render/include//glm/detail/func_integer.inl
[12.030s] -- Symlinking: /home/alux-autopilot22/SUPER-ROS2/install/marsim_render/include//glm/detail/func_integer_simd.inl
[12.038s] -- Symlinking: /home/alux-autopilot22/SUPER-ROS2/install/marsim_render/include//glm/detail/func_matrix.inl
[12.046s] -- Symlinking: /home/alux-autopilot22/SUPER-ROS2/install/marsim_render/include//glm/detail/func_matrix_simd.inl
[12.054s] -- Symlinking: /home/alux-autopilot22/SUPER-ROS2/install/marsim_render/include//glm/detail/func_packing.inl
[12.062s] -- Symlinking: /home/alux-autopilot22/SUPER-ROS2/install/marsim_render/include//glm/detail/func_packing_simd.inl
[12.071s] -- Symlinking: /home/alux-autopilot22/SUPER-ROS2/install/marsim_render/include//glm/detail/func_trigonometric.inl
[12.079s] -- Symlinking: /home/alux-autopilot22/SUPER-ROS2/install/marsim_render/include//glm/detail/func_trigonometric_simd.inl
[12.087s] -- Symlinking: /home/alux-autopilot22/SUPER-ROS2/install/marsim_render/include//glm/detail/func_vector_relational.inl
[12.094s] -- Symlinking: /home/alux-autopilot22/SUPER-ROS2/install/marsim_render/include//glm/detail/func_vector_relational_simd.inl
[12.102s] -- Symlinking: /home/alux-autopilot22/SUPER-ROS2/install/marsim_render/include//glm/detail/glm.cpp
[12.110s] -- Symlinking: /home/alux-autopilot22/SUPER-ROS2/install/marsim_render/include//glm/detail/qualifier.hpp
[12.119s] -- Symlinking: /home/alux-autopilot22/SUPER-ROS2/install/marsim_render/include//glm/detail/setup.hpp
[12.126s] -- Symlinking: /home/alux-autopilot22/SUPER-ROS2/install/marsim_render/include//glm/detail/type_float.hpp
[12.134s] -- Symlinking: /home/alux-autopilot22/SUPER-ROS2/install/marsim_render/include//glm/detail/type_half.hpp
[12.142s] -- Symlinking: /home/alux-autopilot22/SUPER-ROS2/install/marsim_render/include//glm/detail/type_half.inl
[12.149s] -- Symlinking: /home/alux-autopilot22/SUPER-ROS2/install/marsim_render/include//glm/detail/type_mat2x2.hpp
[12.158s] -- Symlinking: /home/alux-autopilot22/SUPER-ROS2/install/marsim_render/include//glm/detail/type_mat2x2.inl
[12.169s] -- Symlinking: /home/alux-autopilot22/SUPER-ROS2/install/marsim_render/include//glm/detail/type_mat2x3.hpp
[12.177s] -- Symlinking: /home/alux-autopilot22/SUPER-ROS2/install/marsim_render/include//glm/detail/type_mat2x3.inl
[12.184s] -- Symlinking: /home/alux-autopilot22/SUPER-ROS2/install/marsim_render/include//glm/detail/type_mat2x4.hpp
[12.193s] -- Symlinking: /home/alux-autopilot22/SUPER-ROS2/install/marsim_render/include//glm/detail/type_mat2x4.inl
[12.200s] -- Symlinking: /home/alux-autopilot22/SUPER-ROS2/install/marsim_render/include//glm/detail/type_mat3x2.hpp
[12.208s] -- Symlinking: /home/alux-autopilot22/SUPER-ROS2/install/marsim_render/include//glm/detail/type_mat3x2.inl
[12.216s] -- Symlinking: /home/alux-autopilot22/SUPER-ROS2/install/marsim_render/include//glm/detail/type_mat3x3.hpp
[12.224s] -- Symlinking: /home/alux-autopilot22/SUPER-ROS2/install/marsim_render/include//glm/detail/type_mat3x3.inl
[12.232s] -- Symlinking: /home/alux-autopilot22/SUPER-ROS2/install/marsim_render/include//glm/detail/type_mat3x4.hpp
[12.241s] -- Symlinking: /home/alux-autopilot22/SUPER-ROS2/install/marsim_render/include//glm/detail/type_mat3x4.inl
[12.249s] -- Symlinking: /home/alux-autopilot22/SUPER-ROS2/install/marsim_render/include//glm/detail/type_mat4x2.hpp
[12.257s] -- Symlinking: /home/alux-autopilot22/SUPER-ROS2/install/marsim_render/include//glm/detail/type_mat4x2.inl
[12.267s] -- Symlinking: /home/alux-autopilot22/SUPER-ROS2/install/marsim_render/include//glm/detail/type_mat4x3.hpp
[12.275s] -- Symlinking: /home/alux-autopilot22/SUPER-ROS2/install/marsim_render/include//glm/detail/type_mat4x3.inl
[12.284s] -- Symlinking: /home/alux-autopilot22/SUPER-ROS2/install/marsim_render/include//glm/detail/type_mat4x4.hpp
[12.293s] -- Symlinking: /home/alux-autopilot22/SUPER-ROS2/install/marsim_render/include//glm/detail/type_mat4x4.inl
[12.302s] -- Symlinking: /home/alux-autopilot22/SUPER-ROS2/install/marsim_render/include//glm/detail/type_mat4x4_simd.inl
[12.309s] -- Symlinking: /home/alux-autopilot22/SUPER-ROS2/install/marsim_render/include//glm/detail/type_quat.hpp
[12.317s] -- Symlinking: /home/alux-autopilot22/SUPER-ROS2/install/marsim_render/include//glm/detail/type_quat.inl
[12.326s] -- Symlinking: /home/alux-autopilot22/SUPER-ROS2/install/marsim_render/include//glm/detail/type_quat_simd.inl
[12.335s] -- Symlinking: /home/alux-autopilot22/SUPER-ROS2/install/marsim_render/include//glm/detail/type_vec1.hpp
[12.343s] -- Symlinking: /home/alux-autopilot22/SUPER-ROS2/install/marsim_render/include//glm/detail/type_vec1.inl
[12.351s] -- Symlinking: /home/alux-autopilot22/SUPER-ROS2/install/marsim_render/include//glm/detail/type_vec2.hpp
[12.361s] -- Symlinking: /home/alux-autopilot22/SUPER-ROS2/install/marsim_render/include//glm/detail/type_vec2.inl
[12.372s] -- Symlinking: /home/alux-autopilot22/SUPER-ROS2/install/marsim_render/include//glm/detail/type_vec3.hpp
[12.380s] -- Symlinking: /home/alux-autopilot22/SUPER-ROS2/install/marsim_render/include//glm/detail/type_vec3.inl
[12.389s] -- Symlinking: /home/alux-autopilot22/SUPER-ROS2/install/marsim_render/include//glm/detail/type_vec4.hpp
[12.397s] -- Symlinking: /home/alux-autopilot22/SUPER-ROS2/install/marsim_render/include//glm/detail/type_vec4.inl
[12.405s] -- Symlinking: /home/alux-autopilot22/SUPER-ROS2/install/marsim_render/include//glm/detail/type_vec4_simd.inl
[12.414s] -- Symlinking: /home/alux-autopilot22/SUPER-ROS2/install/marsim_render/include//glm/exponential.hpp
[12.422s] -- Symlinking: /home/alux-autopilot22/SUPER-ROS2/install/marsim_render/include//glm/ext.hpp
[12.429s] -- Symlinking: /home/alux-autopilot22/SUPER-ROS2/install/marsim_render/include//glm/ext/matrix_clip_space.hpp
[12.437s] -- Symlinking: /home/alux-autopilot22/SUPER-ROS2/install/marsim_render/include//glm/ext/matrix_clip_space.inl
[12.444s] -- Symlinking: /home/alux-autopilot22/SUPER-ROS2/install/marsim_render/include//glm/ext/matrix_double2x2.hpp
[12.452s] -- Symlinking: /home/alux-autopilot22/SUPER-ROS2/install/marsim_render/include//glm/ext/matrix_double2x2_precision.hpp
[12.460s] -- Symlinking: /home/alux-autopilot22/SUPER-ROS2/install/marsim_render/include//glm/ext/matrix_double2x3.hpp
[12.470s] -- Symlinking: /home/alux-autopilot22/SUPER-ROS2/install/marsim_render/include//glm/ext/matrix_double2x3_precision.hpp
[12.479s] -- Symlinking: /home/alux-autopilot22/SUPER-ROS2/install/marsim_render/include//glm/ext/matrix_double2x4.hpp
[12.486s] -- Symlinking: /home/alux-autopilot22/SUPER-ROS2/install/marsim_render/include//glm/ext/matrix_double2x4_precision.hpp
[12.493s] -- Symlinking: /home/alux-autopilot22/SUPER-ROS2/install/marsim_render/include//glm/ext/matrix_double3x2.hpp
[12.500s] -- Symlinking: /home/alux-autopilot22/SUPER-ROS2/install/marsim_render/include//glm/ext/matrix_double3x2_precision.hpp
[12.507s] -- Symlinking: /home/alux-autopilot22/SUPER-ROS2/install/marsim_render/include//glm/ext/matrix_double3x3.hpp
[12.514s] -- Symlinking: /home/alux-autopilot22/SUPER-ROS2/install/marsim_render/include//glm/ext/matrix_double3x3_precision.hpp
[12.524s] -- Symlinking: /home/alux-autopilot22/SUPER-ROS2/install/marsim_render/include//glm/ext/matrix_double3x4.hpp
[12.532s] -- Symlinking: /home/alux-autopilot22/SUPER-ROS2/install/marsim_render/include//glm/ext/matrix_double3x4_precision.hpp
[12.540s] -- Symlinking: /home/alux-autopilot22/SUPER-ROS2/install/marsim_render/include//glm/ext/matrix_double4x2.hpp
[12.548s] -- Symlinking: /home/alux-autopilot22/SUPER-ROS2/install/marsim_render/include//glm/ext/matrix_double4x2_precision.hpp
[12.556s] -- Symlinking: /home/alux-autopilot22/SUPER-ROS2/install/marsim_render/include//glm/ext/matrix_double4x3.hpp
[12.565s] -- Symlinking: /home/alux-autopilot22/SUPER-ROS2/install/marsim_render/include//glm/ext/matrix_double4x3_precision.hpp
[12.573s] -- Symlinking: /home/alux-autopilot22/SUPER-ROS2/install/marsim_render/include//glm/ext/matrix_double4x4.hpp
[12.581s] -- Symlinking: /home/alux-autopilot22/SUPER-ROS2/install/marsim_render/include//glm/ext/matrix_double4x4_precision.hpp
[12.588s] -- Symlinking: /home/alux-autopilot22/SUPER-ROS2/install/marsim_render/include//glm/ext/matrix_float2x2.hpp
[12.595s] -- Symlinking: /home/alux-autopilot22/SUPER-ROS2/install/marsim_render/include//glm/ext/matrix_float2x2_precision.hpp
[12.603s] -- Symlinking: /home/alux-autopilot22/SUPER-ROS2/install/marsim_render/include//glm/ext/matrix_float2x3.hpp
[12.611s] -- Symlinking: /home/alux-autopilot22/SUPER-ROS2/install/marsim_render/include//glm/ext/matrix_float2x3_precision.hpp
[12.620s] -- Symlinking: /home/alux-autopilot22/SUPER-ROS2/install/marsim_render/include//glm/ext/matrix_float2x4.hpp
[12.629s] -- Symlinking: /home/alux-autopilot22/SUPER-ROS2/install/marsim_render/include//glm/ext/matrix_float2x4_precision.hpp
[12.637s] -- Symlinking: /home/alux-autopilot22/SUPER-ROS2/install/marsim_render/include//glm/ext/matrix_float3x2.hpp
[12.644s] -- Symlinking: /home/alux-autopilot22/SUPER-ROS2/install/marsim_render/include//glm/ext/matrix_float3x2_precision.hpp
[12.652s] -- Symlinking: /home/alux-autopilot22/SUPER-ROS2/install/marsim_render/include//glm/ext/matrix_float3x3.hpp
[12.659s] -- Symlinking: /home/alux-autopilot22/SUPER-ROS2/install/marsim_render/include//glm/ext/matrix_float3x3_precision.hpp
[12.670s] -- Symlinking: /home/alux-autopilot22/SUPER-ROS2/install/marsim_render/include//glm/ext/matrix_float3x4.hpp
[12.678s] -- Symlinking: /home/alux-autopilot22/SUPER-ROS2/install/marsim_render/include//glm/ext/matrix_float3x4_precision.hpp
[12.685s] -- Symlinking: /home/alux-autopilot22/SUPER-ROS2/install/marsim_render/include//glm/ext/matrix_float4x2.hpp
[12.692s] -- Symlinking: /home/alux-autopilot22/SUPER-ROS2/install/marsim_render/include//glm/ext/matrix_float4x2_precision.hpp
[12.700s] -- Symlinking: /home/alux-autopilot22/SUPER-ROS2/install/marsim_render/include//glm/ext/matrix_float4x3.hpp
[12.708s] -- Symlinking: /home/alux-autopilot22/SUPER-ROS2/install/marsim_render/include//glm/ext/matrix_float4x3_precision.hpp
[12.716s] -- Symlinking: /home/alux-autopilot22/SUPER-ROS2/install/marsim_render/include//glm/ext/matrix_float4x4.hpp
[12.726s] -- Symlinking: /home/alux-autopilot22/SUPER-ROS2/install/marsim_render/include//glm/ext/matrix_float4x4_precision.hpp
[12.735s] -- Symlinking: /home/alux-autopilot22/SUPER-ROS2/install/marsim_render/include//glm/ext/matrix_projection.hpp
[12.743s] -- Symlinking: /home/alux-autopilot22/SUPER-ROS2/install/marsim_render/include//glm/ext/matrix_projection.inl
[12.751s] -- Symlinking: /home/alux-autopilot22/SUPER-ROS2/install/marsim_render/include//glm/ext/matrix_relational.hpp
[12.760s] -- Symlinking: /home/alux-autopilot22/SUPER-ROS2/install/marsim_render/include//glm/ext/matrix_relational.inl
[12.771s] -- Symlinking: /home/alux-autopilot22/SUPER-ROS2/install/marsim_render/include//glm/ext/matrix_transform.hpp
[12.780s] -- Symlinking: /home/alux-autopilot22/SUPER-ROS2/install/marsim_render/include//glm/ext/matrix_transform.inl
[12.788s] -- Symlinking: /home/alux-autopilot22/SUPER-ROS2/install/marsim_render/include//glm/ext/quaternion_common.hpp
[12.795s] -- Symlinking: /home/alux-autopilot22/SUPER-ROS2/install/marsim_render/include//glm/ext/quaternion_common.inl
[12.804s] -- Symlinking: /home/alux-autopilot22/SUPER-ROS2/install/marsim_render/include//glm/ext/quaternion_common_simd.inl
[12.813s] -- Symlinking: /home/alux-autopilot22/SUPER-ROS2/install/marsim_render/include//glm/ext/quaternion_double.hpp
[12.820s] -- Symlinking: /home/alux-autopilot22/SUPER-ROS2/install/marsim_render/include//glm/ext/quaternion_double_precision.hpp
[12.829s] -- Symlinking: /home/alux-autopilot22/SUPER-ROS2/install/marsim_render/include//glm/ext/quaternion_exponential.hpp
[12.837s] -- Symlinking: /home/alux-autopilot22/SUPER-ROS2/install/marsim_render/include//glm/ext/quaternion_exponential.inl
[12.846s] -- Symlinking: /home/alux-autopilot22/SUPER-ROS2/install/marsim_render/include//glm/ext/quaternion_float.hpp
[12.855s] -- Symlinking: /home/alux-autopilot22/SUPER-ROS2/install/marsim_render/include//glm/ext/quaternion_float_precision.hpp
[12.866s] -- Symlinking: /home/alux-autopilot22/SUPER-ROS2/install/marsim_render/include//glm/ext/quaternion_geometric.hpp
[12.874s] -- Symlinking: /home/alux-autopilot22/SUPER-ROS2/install/marsim_render/include//glm/ext/quaternion_geometric.inl
[12.884s] -- Symlinking: /home/alux-autopilot22/SUPER-ROS2/install/marsim_render/include//glm/ext/quaternion_relational.hpp
[12.893s] -- Symlinking: /home/alux-autopilot22/SUPER-ROS2/install/marsim_render/include//glm/ext/quaternion_relational.inl
[12.901s] -- Symlinking: /home/alux-autopilot22/SUPER-ROS2/install/marsim_render/include//glm/ext/quaternion_transform.hpp
[12.909s] -- Symlinking: /home/alux-autopilot22/SUPER-ROS2/install/marsim_render/include//glm/ext/quaternion_transform.inl
[12.917s] -- Symlinking: /home/alux-autopilot22/SUPER-ROS2/install/marsim_render/include//glm/ext/quaternion_trigonometric.hpp
[12.925s] -- Symlinking: /home/alux-autopilot22/SUPER-ROS2/install/marsim_render/include//glm/ext/quaternion_trigonometric.inl
[12.933s] -- Symlinking: /home/alux-autopilot22/SUPER-ROS2/install/marsim_render/include//glm/ext/scalar_common.hpp
[12.943s] -- Symlinking: /home/alux-autopilot22/SUPER-ROS2/install/marsim_render/include//glm/ext/scalar_common.inl
[12.951s] -- Symlinking: /home/alux-autopilot22/SUPER-ROS2/install/marsim_render/include//glm/ext/scalar_constants.hpp
[12.960s] -- Symlinking: /home/alux-autopilot22/SUPER-ROS2/install/marsim_render/include//glm/ext/scalar_constants.inl
[12.969s] -- Symlinking: /home/alux-autopilot22/SUPER-ROS2/install/marsim_render/include//glm/ext/scalar_int_sized.hpp
[12.977s] -- Symlinking: /home/alux-autopilot22/SUPER-ROS2/install/marsim_render/include//glm/ext/scalar_relational.hpp
[12.985s] -- Symlinking: /home/alux-autopilot22/SUPER-ROS2/install/marsim_render/include//glm/ext/scalar_relational.inl
[12.992s] -- Symlinking: /home/alux-autopilot22/SUPER-ROS2/install/marsim_render/include//glm/ext/scalar_uint_sized.hpp
[13.000s] -- Symlinking: /home/alux-autopilot22/SUPER-ROS2/install/marsim_render/include//glm/ext/scalar_ulp.hpp
[13.009s] -- Symlinking: /home/alux-autopilot22/SUPER-ROS2/install/marsim_render/include//glm/ext/scalar_ulp.inl
[13.016s] -- Symlinking: /home/alux-autopilot22/SUPER-ROS2/install/marsim_render/include//glm/ext/vector_bool1.hpp
[13.023s] -- Symlinking: /home/alux-autopilot22/SUPER-ROS2/install/marsim_render/include//glm/ext/vector_bool1_precision.hpp
[13.030s] -- Symlinking: /home/alux-autopilot22/SUPER-ROS2/install/marsim_render/include//glm/ext/vector_bool2.hpp
[13.036s] -- Symlinking: /home/alux-autopilot22/SUPER-ROS2/install/marsim_render/include//glm/ext/vector_bool2_precision.hpp
[13.046s] -- Symlinking: /home/alux-autopilot22/SUPER-ROS2/install/marsim_render/include//glm/ext/vector_bool3.hpp
[13.053s] -- Symlinking: /home/alux-autopilot22/SUPER-ROS2/install/marsim_render/include//glm/ext/vector_bool3_precision.hpp
[13.063s] -- Symlinking: /home/alux-autopilot22/SUPER-ROS2/install/marsim_render/include//glm/ext/vector_bool4.hpp
[13.072s] -- Symlinking: /home/alux-autopilot22/SUPER-ROS2/install/marsim_render/include//glm/ext/vector_bool4_precision.hpp
[13.080s] -- Symlinking: /home/alux-autopilot22/SUPER-ROS2/install/marsim_render/include//glm/ext/vector_common.hpp
[13.088s] -- Symlinking: /home/alux-autopilot22/SUPER-ROS2/install/marsim_render/include//glm/ext/vector_common.inl
[13.095s] -- Symlinking: /home/alux-autopilot22/SUPER-ROS2/install/marsim_render/include//glm/ext/vector_double1.hpp
[13.103s] -- Symlinking: /home/alux-autopilot22/SUPER-ROS2/install/marsim_render/include//glm/ext/vector_double1_precision.hpp
[13.110s] -- Symlinking: /home/alux-autopilot22/SUPER-ROS2/install/marsim_render/include//glm/ext/vector_double2.hpp
[13.118s] -- Symlinking: /home/alux-autopilot22/SUPER-ROS2/install/marsim_render/include//glm/ext/vector_double2_precision.hpp
[13.126s] -- Symlinking: /home/alux-autopilot22/SUPER-ROS2/install/marsim_render/include//glm/ext/vector_double3.hpp
[13.133s] -- Symlinking: /home/alux-autopilot22/SUPER-ROS2/install/marsim_render/include//glm/ext/vector_double3_precision.hpp
[13.142s] -- Symlinking: /home/alux-autopilot22/SUPER-ROS2/install/marsim_render/include//glm/ext/vector_double4.hpp
[13.151s] -- Symlinking: /home/alux-autopilot22/SUPER-ROS2/install/marsim_render/include//glm/ext/vector_double4_precision.hpp
[13.159s] -- Symlinking: /home/alux-autopilot22/SUPER-ROS2/install/marsim_render/include//glm/ext/vector_float1.hpp
[13.169s] -- Symlinking: /home/alux-autopilot22/SUPER-ROS2/install/marsim_render/include//glm/ext/vector_float1_precision.hpp
[13.176s] -- Symlinking: /home/alux-autopilot22/SUPER-ROS2/install/marsim_render/include//glm/ext/vector_float2.hpp
[13.184s] -- Symlinking: /home/alux-autopilot22/SUPER-ROS2/install/marsim_render/include//glm/ext/vector_float2_precision.hpp
[13.191s] -- Symlinking: /home/alux-autopilot22/SUPER-ROS2/install/marsim_render/include//glm/ext/vector_float3.hpp
[13.198s] -- Symlinking: /home/alux-autopilot22/SUPER-ROS2/install/marsim_render/include//glm/ext/vector_float3_precision.hpp
[13.206s] -- Symlinking: /home/alux-autopilot22/SUPER-ROS2/install/marsim_render/include//glm/ext/vector_float4.hpp
[13.214s] -- Symlinking: /home/alux-autopilot22/SUPER-ROS2/install/marsim_render/include//glm/ext/vector_float4_precision.hpp
[13.223s] -- Symlinking: /home/alux-autopilot22/SUPER-ROS2/install/marsim_render/include//glm/ext/vector_int1.hpp
[13.230s] -- Symlinking: /home/alux-autopilot22/SUPER-ROS2/install/marsim_render/include//glm/ext/vector_int1_precision.hpp
[13.238s] -- Symlinking: /home/alux-autopilot22/SUPER-ROS2/install/marsim_render/include//glm/ext/vector_int2.hpp
[13.246s] -- Symlinking: /home/alux-autopilot22/SUPER-ROS2/install/marsim_render/include//glm/ext/vector_int2_precision.hpp
[13.254s] -- Symlinking: /home/alux-autopilot22/SUPER-ROS2/install/marsim_render/include//glm/ext/vector_int3.hpp
[13.262s] -- Symlinking: /home/alux-autopilot22/SUPER-ROS2/install/marsim_render/include//glm/ext/vector_int3_precision.hpp
[13.274s] -- Symlinking: /home/alux-autopilot22/SUPER-ROS2/install/marsim_render/include//glm/ext/vector_int4.hpp
[13.285s] -- Symlinking: /home/alux-autopilot22/SUPER-ROS2/install/marsim_render/include//glm/ext/vector_int4_precision.hpp
[13.293s] -- Symlinking: /home/alux-autopilot22/SUPER-ROS2/install/marsim_render/include//glm/ext/vector_relational.hpp
[13.301s] -- Symlinking: /home/alux-autopilot22/SUPER-ROS2/install/marsim_render/include//glm/ext/vector_relational.inl
[13.309s] -- Symlinking: /home/alux-autopilot22/SUPER-ROS2/install/marsim_render/include//glm/ext/vector_uint1.hpp
[13.317s] -- Symlinking: /home/alux-autopilot22/SUPER-ROS2/install/marsim_render/include//glm/ext/vector_uint1_precision.hpp
[13.324s] -- Symlinking: /home/alux-autopilot22/SUPER-ROS2/install/marsim_render/include//glm/ext/vector_uint2.hpp
[13.333s] -- Symlinking: /home/alux-autopilot22/SUPER-ROS2/install/marsim_render/include//glm/ext/vector_uint2_precision.hpp
[13.340s] -- Symlinking: /home/alux-autopilot22/SUPER-ROS2/install/marsim_render/include//glm/ext/vector_uint3.hpp
[13.347s] -- Symlinking: /home/alux-autopilot22/SUPER-ROS2/install/marsim_render/include//glm/ext/vector_uint3_precision.hpp
[13.355s] -- Symlinking: /home/alux-autopilot22/SUPER-ROS2/install/marsim_render/include//glm/ext/vector_uint4.hpp
[13.363s] -- Symlinking: /home/alux-autopilot22/SUPER-ROS2/install/marsim_render/include//glm/ext/vector_uint4_precision.hpp
[13.375s] -- Symlinking: /home/alux-autopilot22/SUPER-ROS2/install/marsim_render/include//glm/ext/vector_ulp.hpp
[13.383s] -- Symlinking: /home/alux-autopilot22/SUPER-ROS2/install/marsim_render/include//glm/ext/vector_ulp.inl
[13.392s] -- Symlinking: /home/alux-autopilot22/SUPER-ROS2/install/marsim_render/include//glm/fwd.hpp
[13.400s] -- Symlinking: /home/alux-autopilot22/SUPER-ROS2/install/marsim_render/include//glm/geometric.hpp
[13.411s] -- Symlinking: /home/alux-autopilot22/SUPER-ROS2/install/marsim_render/include//glm/glm.hpp
[13.419s] -- Symlinking: /home/alux-autopilot22/SUPER-ROS2/install/marsim_render/include//glm/gtc/bitfield.hpp
[13.429s] -- Symlinking: /home/alux-autopilot22/SUPER-ROS2/install/marsim_render/include//glm/gtc/bitfield.inl
[13.437s] -- Symlinking: /home/alux-autopilot22/SUPER-ROS2/install/marsim_render/include//glm/gtc/color_space.hpp
[13.446s] -- Symlinking: /home/alux-autopilot22/SUPER-ROS2/install/marsim_render/include//glm/gtc/color_space.inl
[13.455s] -- Symlinking: /home/alux-autopilot22/SUPER-ROS2/install/marsim_render/include//glm/gtc/constants.hpp
[13.466s] -- Symlinking: /home/alux-autopilot22/SUPER-ROS2/install/marsim_render/include//glm/gtc/constants.inl
[13.476s] -- Symlinking: /home/alux-autopilot22/SUPER-ROS2/install/marsim_render/include//glm/gtc/epsilon.hpp
[13.486s] -- Symlinking: /home/alux-autopilot22/SUPER-ROS2/install/marsim_render/include//glm/gtc/epsilon.inl
[13.493s] -- Symlinking: /home/alux-autopilot22/SUPER-ROS2/install/marsim_render/include//glm/gtc/integer.hpp
[13.502s] -- Symlinking: /home/alux-autopilot22/SUPER-ROS2/install/marsim_render/include//glm/gtc/integer.inl
[13.512s] -- Symlinking: /home/alux-autopilot22/SUPER-ROS2/install/marsim_render/include//glm/gtc/matrix_access.hpp
[13.521s] -- Symlinking: /home/alux-autopilot22/SUPER-ROS2/install/marsim_render/include//glm/gtc/matrix_access.inl
[13.530s] -- Symlinking: /home/alux-autopilot22/SUPER-ROS2/install/marsim_render/include//glm/gtc/matrix_integer.hpp
[13.539s] -- Symlinking: /home/alux-autopilot22/SUPER-ROS2/install/marsim_render/include//glm/gtc/matrix_inverse.hpp
[13.546s] -- Symlinking: /home/alux-autopilot22/SUPER-ROS2/install/marsim_render/include//glm/gtc/matrix_inverse.inl
[13.556s] -- Symlinking: /home/alux-autopilot22/SUPER-ROS2/install/marsim_render/include//glm/gtc/matrix_transform.hpp
[13.566s] -- Symlinking: /home/alux-autopilot22/SUPER-ROS2/install/marsim_render/include//glm/gtc/matrix_transform.inl
[13.576s] -- Symlinking: /home/alux-autopilot22/SUPER-ROS2/install/marsim_render/include//glm/gtc/noise.hpp
[13.584s] -- Symlinking: /home/alux-autopilot22/SUPER-ROS2/install/marsim_render/include//glm/gtc/noise.inl
[13.593s] -- Symlinking: /home/alux-autopilot22/SUPER-ROS2/install/marsim_render/include//glm/gtc/packing.hpp
[13.600s] -- Symlinking: /home/alux-autopilot22/SUPER-ROS2/install/marsim_render/include//glm/gtc/packing.inl
[13.607s] -- Symlinking: /home/alux-autopilot22/SUPER-ROS2/install/marsim_render/include//glm/gtc/quaternion.hpp
[13.616s] -- Symlinking: /home/alux-autopilot22/SUPER-ROS2/install/marsim_render/include//glm/gtc/quaternion.inl
[13.624s] -- Symlinking: /home/alux-autopilot22/SUPER-ROS2/install/marsim_render/include//glm/gtc/quaternion_simd.inl
[13.633s] -- Symlinking: /home/alux-autopilot22/SUPER-ROS2/install/marsim_render/include//glm/gtc/random.hpp
[13.640s] -- Symlinking: /home/alux-autopilot22/SUPER-ROS2/install/marsim_render/include//glm/gtc/random.inl
[13.649s] -- Symlinking: /home/alux-autopilot22/SUPER-ROS2/install/marsim_render/include//glm/gtc/reciprocal.hpp
[13.657s] -- Symlinking: /home/alux-autopilot22/SUPER-ROS2/install/marsim_render/include//glm/gtc/reciprocal.inl
[13.668s] -- Symlinking: /home/alux-autopilot22/SUPER-ROS2/install/marsim_render/include//glm/gtc/round.hpp
[13.676s] -- Symlinking: /home/alux-autopilot22/SUPER-ROS2/install/marsim_render/include//glm/gtc/round.inl
[13.686s] -- Symlinking: /home/alux-autopilot22/SUPER-ROS2/install/marsim_render/include//glm/gtc/type_aligned.hpp
[13.694s] -- Symlinking: /home/alux-autopilot22/SUPER-ROS2/install/marsim_render/include//glm/gtc/type_precision.hpp
[13.702s] -- Symlinking: /home/alux-autopilot22/SUPER-ROS2/install/marsim_render/include//glm/gtc/type_precision.inl
[13.710s] -- Symlinking: /home/alux-autopilot22/SUPER-ROS2/install/marsim_render/include//glm/gtc/type_ptr.hpp
[13.718s] -- Symlinking: /home/alux-autopilot22/SUPER-ROS2/install/marsim_render/include//glm/gtc/type_ptr.inl
[13.727s] -- Symlinking: /home/alux-autopilot22/SUPER-ROS2/install/marsim_render/include//glm/gtc/ulp.hpp
[13.735s] -- Symlinking: /home/alux-autopilot22/SUPER-ROS2/install/marsim_render/include//glm/gtc/ulp.inl
[13.744s] -- Symlinking: /home/alux-autopilot22/SUPER-ROS2/install/marsim_render/include//glm/gtc/vec1.hpp
[13.752s] -- Symlinking: /home/alux-autopilot22/SUPER-ROS2/install/marsim_render/include//glm/gtx/associated_min_max.hpp
[13.760s] -- Symlinking: /home/alux-autopilot22/SUPER-ROS2/install/marsim_render/include//glm/gtx/associated_min_max.inl
[13.770s] -- Symlinking: /home/alux-autopilot22/SUPER-ROS2/install/marsim_render/include//glm/gtx/bit.hpp
[13.779s] -- Symlinking: /home/alux-autopilot22/SUPER-ROS2/install/marsim_render/include//glm/gtx/bit.inl
[13.786s] -- Symlinking: /home/alux-autopilot22/SUPER-ROS2/install/marsim_render/include//glm/gtx/closest_point.hpp
[13.794s] -- Symlinking: /home/alux-autopilot22/SUPER-ROS2/install/marsim_render/include//glm/gtx/closest_point.inl
[13.802s] -- Symlinking: /home/alux-autopilot22/SUPER-ROS2/install/marsim_render/include//glm/gtx/color_encoding.hpp
[13.810s] -- Symlinking: /home/alux-autopilot22/SUPER-ROS2/install/marsim_render/include//glm/gtx/color_encoding.inl
[13.818s] -- Symlinking: /home/alux-autopilot22/SUPER-ROS2/install/marsim_render/include//glm/gtx/color_space.hpp
[13.826s] -- Symlinking: /home/alux-autopilot22/SUPER-ROS2/install/marsim_render/include//glm/gtx/color_space.inl
[13.835s] -- Symlinking: /home/alux-autopilot22/SUPER-ROS2/install/marsim_render/include//glm/gtx/color_space_YCoCg.hpp
[13.844s] -- Symlinking: /home/alux-autopilot22/SUPER-ROS2/install/marsim_render/include//glm/gtx/color_space_YCoCg.inl
[13.852s] -- Symlinking: /home/alux-autopilot22/SUPER-ROS2/install/marsim_render/include//glm/gtx/common.hpp
[13.860s] -- Symlinking: /home/alux-autopilot22/SUPER-ROS2/install/marsim_render/include//glm/gtx/common.inl
[13.868s] -- Symlinking: /home/alux-autopilot22/SUPER-ROS2/install/marsim_render/include//glm/gtx/compatibility.hpp
[13.877s] -- Symlinking: /home/alux-autopilot22/SUPER-ROS2/install/marsim_render/include//glm/gtx/compatibility.inl
[13.885s] -- Symlinking: /home/alux-autopilot22/SUPER-ROS2/install/marsim_render/include//glm/gtx/component_wise.hpp
[13.892s] -- Symlinking: /home/alux-autopilot22/SUPER-ROS2/install/marsim_render/include//glm/gtx/component_wise.inl
[13.900s] -- Symlinking: /home/alux-autopilot22/SUPER-ROS2/install/marsim_render/include//glm/gtx/dual_quaternion.hpp
[13.908s] -- Symlinking: /home/alux-autopilot22/SUPER-ROS2/install/marsim_render/include//glm/gtx/dual_quaternion.inl
[13.916s] -- Symlinking: /home/alux-autopilot22/SUPER-ROS2/install/marsim_render/include//glm/gtx/easing.hpp
[13.924s] -- Symlinking: /home/alux-autopilot22/SUPER-ROS2/install/marsim_render/include//glm/gtx/easing.inl
[13.931s] -- Symlinking: /home/alux-autopilot22/SUPER-ROS2/install/marsim_render/include//glm/gtx/euler_angles.hpp
[13.939s] -- Symlinking: /home/alux-autopilot22/SUPER-ROS2/install/marsim_render/include//glm/gtx/euler_angles.inl
[13.947s] -- Symlinking: /home/alux-autopilot22/SUPER-ROS2/install/marsim_render/include//glm/gtx/extend.hpp
[13.955s] -- Symlinking: /home/alux-autopilot22/SUPER-ROS2/install/marsim_render/include//glm/gtx/extend.inl
[13.962s] -- Symlinking: /home/alux-autopilot22/SUPER-ROS2/install/marsim_render/include//glm/gtx/extended_min_max.hpp
[13.971s] -- Symlinking: /home/alux-autopilot22/SUPER-ROS2/install/marsim_render/include//glm/gtx/extended_min_max.inl
[13.979s] -- Symlinking: /home/alux-autopilot22/SUPER-ROS2/install/marsim_render/include//glm/gtx/exterior_product.hpp
[13.988s] -- Symlinking: /home/alux-autopilot22/SUPER-ROS2/install/marsim_render/include//glm/gtx/exterior_product.inl
[13.995s] -- Symlinking: /home/alux-autopilot22/SUPER-ROS2/install/marsim_render/include//glm/gtx/fast_exponential.hpp
[14.004s] -- Symlinking: /home/alux-autopilot22/SUPER-ROS2/install/marsim_render/include//glm/gtx/fast_exponential.inl
[14.011s] -- Symlinking: /home/alux-autopilot22/SUPER-ROS2/install/marsim_render/include//glm/gtx/fast_square_root.hpp
[14.019s] -- Symlinking: /home/alux-autopilot22/SUPER-ROS2/install/marsim_render/include//glm/gtx/fast_square_root.inl
[14.027s] -- Symlinking: /home/alux-autopilot22/SUPER-ROS2/install/marsim_render/include//glm/gtx/fast_trigonometry.hpp
[14.035s] -- Symlinking: /home/alux-autopilot22/SUPER-ROS2/install/marsim_render/include//glm/gtx/fast_trigonometry.inl
[14.042s] -- Symlinking: /home/alux-autopilot22/SUPER-ROS2/install/marsim_render/include//glm/gtx/float_notmalize.inl
[14.051s] -- Symlinking: /home/alux-autopilot22/SUPER-ROS2/install/marsim_render/include//glm/gtx/functions.hpp
[14.058s] -- Symlinking: /home/alux-autopilot22/SUPER-ROS2/install/marsim_render/include//glm/gtx/functions.inl
[14.067s] -- Symlinking: /home/alux-autopilot22/SUPER-ROS2/install/marsim_render/include//glm/gtx/gradient_paint.hpp
[14.076s] -- Symlinking: /home/alux-autopilot22/SUPER-ROS2/install/marsim_render/include//glm/gtx/gradient_paint.inl
[14.084s] -- Symlinking: /home/alux-autopilot22/SUPER-ROS2/install/marsim_render/include//glm/gtx/handed_coordinate_space.hpp
[14.092s] -- Symlinking: /home/alux-autopilot22/SUPER-ROS2/install/marsim_render/include//glm/gtx/handed_coordinate_space.inl
[14.100s] -- Symlinking: /home/alux-autopilot22/SUPER-ROS2/install/marsim_render/include//glm/gtx/hash.hpp
[14.107s] -- Symlinking: /home/alux-autopilot22/SUPER-ROS2/install/marsim_render/include//glm/gtx/hash.inl
[14.117s] -- Symlinking: /home/alux-autopilot22/SUPER-ROS2/install/marsim_render/include//glm/gtx/integer.hpp
[14.125s] -- Symlinking: /home/alux-autopilot22/SUPER-ROS2/install/marsim_render/include//glm/gtx/integer.inl
[14.134s] -- Symlinking: /home/alux-autopilot22/SUPER-ROS2/install/marsim_render/include//glm/gtx/intersect.hpp
[14.142s] -- Symlinking: /home/alux-autopilot22/SUPER-ROS2/install/marsim_render/include//glm/gtx/intersect.inl
[14.149s] -- Symlinking: /home/alux-autopilot22/SUPER-ROS2/install/marsim_render/include//glm/gtx/io.hpp
[14.157s] -- Symlinking: /home/alux-autopilot22/SUPER-ROS2/install/marsim_render/include//glm/gtx/io.inl
[14.167s] -- Symlinking: /home/alux-autopilot22/SUPER-ROS2/install/marsim_render/include//glm/gtx/log_base.hpp
[14.174s] -- Symlinking: /home/alux-autopilot22/SUPER-ROS2/install/marsim_render/include//glm/gtx/log_base.inl
[14.183s] -- Symlinking: /home/alux-autopilot22/SUPER-ROS2/install/marsim_render/include//glm/gtx/matrix_cross_product.hpp
[14.191s] -- Symlinking: /home/alux-autopilot22/SUPER-ROS2/install/marsim_render/include//glm/gtx/matrix_cross_product.inl
[14.199s] -- Symlinking: /home/alux-autopilot22/SUPER-ROS2/install/marsim_render/include//glm/gtx/matrix_decompose.hpp
[14.208s] -- Symlinking: /home/alux-autopilot22/SUPER-ROS2/install/marsim_render/include//glm/gtx/matrix_decompose.inl
[14.216s] -- Symlinking: /home/alux-autopilot22/SUPER-ROS2/install/marsim_render/include//glm/gtx/matrix_factorisation.hpp
[14.225s] -- Symlinking: /home/alux-autopilot22/SUPER-ROS2/install/marsim_render/include//glm/gtx/matrix_factorisation.inl
[14.233s] -- Symlinking: /home/alux-autopilot22/SUPER-ROS2/install/marsim_render/include//glm/gtx/matrix_interpolation.hpp
[14.242s] -- Symlinking: /home/alux-autopilot22/SUPER-ROS2/install/marsim_render/include//glm/gtx/matrix_interpolation.inl
[14.250s] -- Symlinking: /home/alux-autopilot22/SUPER-ROS2/install/marsim_render/include//glm/gtx/matrix_major_storage.hpp
[14.258s] -- Symlinking: /home/alux-autopilot22/SUPER-ROS2/install/marsim_render/include//glm/gtx/matrix_major_storage.inl
[14.268s] -- Symlinking: /home/alux-autopilot22/SUPER-ROS2/install/marsim_render/include//glm/gtx/matrix_operation.hpp
[14.276s] -- Symlinking: /home/alux-autopilot22/SUPER-ROS2/install/marsim_render/include//glm/gtx/matrix_operation.inl
[14.284s] -- Symlinking: /home/alux-autopilot22/SUPER-ROS2/install/marsim_render/include//glm/gtx/matrix_query.hpp
[14.292s] -- Symlinking: /home/alux-autopilot22/SUPER-ROS2/install/marsim_render/include//glm/gtx/matrix_query.inl
[14.300s] -- Symlinking: /home/alux-autopilot22/SUPER-ROS2/install/marsim_render/include//glm/gtx/matrix_transform_2d.hpp
[14.309s] -- Symlinking: /home/alux-autopilot22/SUPER-ROS2/install/marsim_render/include//glm/gtx/matrix_transform_2d.inl
[14.317s] -- Symlinking: /home/alux-autopilot22/SUPER-ROS2/install/marsim_render/include//glm/gtx/mixed_product.hpp
[14.324s] -- Symlinking: /home/alux-autopilot22/SUPER-ROS2/install/marsim_render/include//glm/gtx/mixed_product.inl
[14.331s] -- Symlinking: /home/alux-autopilot22/SUPER-ROS2/install/marsim_render/include//glm/gtx/norm.hpp
[14.339s] -- Symlinking: /home/alux-autopilot22/SUPER-ROS2/install/marsim_render/include//glm/gtx/norm.inl
[14.347s] -- Symlinking: /home/alux-autopilot22/SUPER-ROS2/install/marsim_render/include//glm/gtx/normal.hpp
[14.356s] -- Symlinking: /home/alux-autopilot22/SUPER-ROS2/install/marsim_render/include//glm/gtx/normal.inl
[14.364s] -- Symlinking: /home/alux-autopilot22/SUPER-ROS2/install/marsim_render/include//glm/gtx/normalize_dot.hpp
[14.374s] -- Symlinking: /home/alux-autopilot22/SUPER-ROS2/install/marsim_render/include//glm/gtx/normalize_dot.inl
[14.382s] -- Symlinking: /home/alux-autopilot22/SUPER-ROS2/install/marsim_render/include//glm/gtx/number_precision.hpp
[14.390s] -- Symlinking: /home/alux-autopilot22/SUPER-ROS2/install/marsim_render/include//glm/gtx/number_precision.inl
[14.399s] -- Symlinking: /home/alux-autopilot22/SUPER-ROS2/install/marsim_render/include//glm/gtx/optimum_pow.hpp
[14.407s] -- Symlinking: /home/alux-autopilot22/SUPER-ROS2/install/marsim_render/include//glm/gtx/optimum_pow.inl
[14.417s] -- Symlinking: /home/alux-autopilot22/SUPER-ROS2/install/marsim_render/include//glm/gtx/orthonormalize.hpp
[14.424s] -- Symlinking: /home/alux-autopilot22/SUPER-ROS2/install/marsim_render/include//glm/gtx/orthonormalize.inl
[14.433s] -- Symlinking: /home/alux-autopilot22/SUPER-ROS2/install/marsim_render/include//glm/gtx/perpendicular.hpp
[14.440s] -- Symlinking: /home/alux-autopilot22/SUPER-ROS2/install/marsim_render/include//glm/gtx/perpendicular.inl
[14.449s] -- Symlinking: /home/alux-autopilot22/SUPER-ROS2/install/marsim_render/include//glm/gtx/polar_coordinates.hpp
[14.457s] -- Symlinking: /home/alux-autopilot22/SUPER-ROS2/install/marsim_render/include//glm/gtx/polar_coordinates.inl
[14.468s] -- Symlinking: /home/alux-autopilot22/SUPER-ROS2/install/marsim_render/include//glm/gtx/projection.hpp
[14.477s] -- Symlinking: /home/alux-autopilot22/SUPER-ROS2/install/marsim_render/include//glm/gtx/projection.inl
[14.484s] -- Symlinking: /home/alux-autopilot22/SUPER-ROS2/install/marsim_render/include//glm/gtx/quaternion.hpp
[14.492s] -- Symlinking: /home/alux-autopilot22/SUPER-ROS2/install/marsim_render/include//glm/gtx/quaternion.inl
[14.500s] -- Symlinking: /home/alux-autopilot22/SUPER-ROS2/install/marsim_render/include//glm/gtx/range.hpp
[14.508s] -- Symlinking: /home/alux-autopilot22/SUPER-ROS2/install/marsim_render/include//glm/gtx/raw_data.hpp
[14.517s] -- Symlinking: /home/alux-autopilot22/SUPER-ROS2/install/marsim_render/include//glm/gtx/raw_data.inl
[14.525s] -- Symlinking: /home/alux-autopilot22/SUPER-ROS2/install/marsim_render/include//glm/gtx/rotate_normalized_axis.hpp
[14.534s] -- Symlinking: /home/alux-autopilot22/SUPER-ROS2/install/marsim_render/include//glm/gtx/rotate_normalized_axis.inl
[14.542s] -- Symlinking: /home/alux-autopilot22/SUPER-ROS2/install/marsim_render/include//glm/gtx/rotate_vector.hpp
[14.550s] -- Symlinking: /home/alux-autopilot22/SUPER-ROS2/install/marsim_render/include//glm/gtx/rotate_vector.inl
[14.560s] -- Symlinking: /home/alux-autopilot22/SUPER-ROS2/install/marsim_render/include//glm/gtx/scalar_multiplication.hpp
[14.570s] -- Symlinking: /home/alux-autopilot22/SUPER-ROS2/install/marsim_render/include//glm/gtx/scalar_relational.hpp
[14.580s] -- Symlinking: /home/alux-autopilot22/SUPER-ROS2/install/marsim_render/include//glm/gtx/scalar_relational.inl
[14.588s] -- Symlinking: /home/alux-autopilot22/SUPER-ROS2/install/marsim_render/include//glm/gtx/spline.hpp
[14.596s] -- Symlinking: /home/alux-autopilot22/SUPER-ROS2/install/marsim_render/include//glm/gtx/spline.inl
[14.603s] -- Symlinking: /home/alux-autopilot22/SUPER-ROS2/install/marsim_render/include//glm/gtx/std_based_type.hpp
[14.612s] -- Symlinking: /home/alux-autopilot22/SUPER-ROS2/install/marsim_render/include//glm/gtx/std_based_type.inl
[14.620s] -- Symlinking: /home/alux-autopilot22/SUPER-ROS2/install/marsim_render/include//glm/gtx/string_cast.hpp
[14.627s] -- Symlinking: /home/alux-autopilot22/SUPER-ROS2/install/marsim_render/include//glm/gtx/string_cast.inl
[14.635s] -- Symlinking: /home/alux-autopilot22/SUPER-ROS2/install/marsim_render/include//glm/gtx/texture.hpp
[14.645s] -- Symlinking: /home/alux-autopilot22/SUPER-ROS2/install/marsim_render/include//glm/gtx/texture.inl
[14.653s] -- Symlinking: /home/alux-autopilot22/SUPER-ROS2/install/marsim_render/include//glm/gtx/transform.hpp
[14.662s] -- Symlinking: /home/alux-autopilot22/SUPER-ROS2/install/marsim_render/include//glm/gtx/transform.inl
[14.673s] -- Symlinking: /home/alux-autopilot22/SUPER-ROS2/install/marsim_render/include//glm/gtx/transform2.hpp
[14.682s] -- Symlinking: /home/alux-autopilot22/SUPER-ROS2/install/marsim_render/include//glm/gtx/transform2.inl
[14.691s] -- Symlinking: /home/alux-autopilot22/SUPER-ROS2/install/marsim_render/include//glm/gtx/type_aligned.hpp
[14.698s] -- Symlinking: /home/alux-autopilot22/SUPER-ROS2/install/marsim_render/include//glm/gtx/type_aligned.inl
[14.707s] -- Symlinking: /home/alux-autopilot22/SUPER-ROS2/install/marsim_render/include//glm/gtx/type_trait.hpp
[14.715s] -- Symlinking: /home/alux-autopilot22/SUPER-ROS2/install/marsim_render/include//glm/gtx/type_trait.inl
[14.724s] -- Symlinking: /home/alux-autopilot22/SUPER-ROS2/install/marsim_render/include//glm/gtx/vec_swizzle.hpp
[14.732s] -- Symlinking: /home/alux-autopilot22/SUPER-ROS2/install/marsim_render/include//glm/gtx/vector_angle.hpp
[14.741s] -- Symlinking: /home/alux-autopilot22/SUPER-ROS2/install/marsim_render/include//glm/gtx/vector_angle.inl
[14.749s] -- Symlinking: /home/alux-autopilot22/SUPER-ROS2/install/marsim_render/include//glm/gtx/vector_query.hpp
[14.757s] -- Symlinking: /home/alux-autopilot22/SUPER-ROS2/install/marsim_render/include//glm/gtx/vector_query.inl
[14.764s] -- Symlinking: /home/alux-autopilot22/SUPER-ROS2/install/marsim_render/include//glm/gtx/wrap.hpp
[14.774s] -- Symlinking: /home/alux-autopilot22/SUPER-ROS2/install/marsim_render/include//glm/gtx/wrap.inl
[14.784s] -- Symlinking: /home/alux-autopilot22/SUPER-ROS2/install/marsim_render/include//glm/integer.hpp
[14.792s] -- Symlinking: /home/alux-autopilot22/SUPER-ROS2/install/marsim_render/include//glm/mat2x2.hpp
[14.801s] -- Symlinking: /home/alux-autopilot22/SUPER-ROS2/install/marsim_render/include//glm/mat2x3.hpp
[14.809s] -- Symlinking: /home/alux-autopilot22/SUPER-ROS2/install/marsim_render/include//glm/mat2x4.hpp
[14.817s] -- Symlinking: /home/alux-autopilot22/SUPER-ROS2/install/marsim_render/include//glm/mat3x2.hpp
[14.824s] -- Symlinking: /home/alux-autopilot22/SUPER-ROS2/install/marsim_render/include//glm/mat3x3.hpp
[14.832s] -- Symlinking: /home/alux-autopilot22/SUPER-ROS2/install/marsim_render/include//glm/mat3x4.hpp
[14.840s] -- Symlinking: /home/alux-autopilot22/SUPER-ROS2/install/marsim_render/include//glm/mat4x2.hpp
[14.849s] -- Symlinking: /home/alux-autopilot22/SUPER-ROS2/install/marsim_render/include//glm/mat4x3.hpp
[14.856s] -- Symlinking: /home/alux-autopilot22/SUPER-ROS2/install/marsim_render/include//glm/mat4x4.hpp
[14.864s] -- Symlinking: /home/alux-autopilot22/SUPER-ROS2/install/marsim_render/include//glm/matrix.hpp
[14.874s] -- Symlinking: /home/alux-autopilot22/SUPER-ROS2/install/marsim_render/include//glm/packing.hpp
[14.885s] -- Symlinking: /home/alux-autopilot22/SUPER-ROS2/install/marsim_render/include//glm/simd/common.h
[14.893s] -- Symlinking: /home/alux-autopilot22/SUPER-ROS2/install/marsim_render/include//glm/simd/exponential.h
[14.900s] -- Symlinking: /home/alux-autopilot22/SUPER-ROS2/install/marsim_render/include//glm/simd/geometric.h
[14.908s] -- Symlinking: /home/alux-autopilot22/SUPER-ROS2/install/marsim_render/include//glm/simd/integer.h
[14.916s] -- Symlinking: /home/alux-autopilot22/SUPER-ROS2/install/marsim_render/include//glm/simd/matrix.h
[14.925s] -- Symlinking: /home/alux-autopilot22/SUPER-ROS2/install/marsim_render/include//glm/simd/packing.h
[14.934s] -- Symlinking: /home/alux-autopilot22/SUPER-ROS2/install/marsim_render/include//glm/simd/platform.h
[14.942s] -- Symlinking: /home/alux-autopilot22/SUPER-ROS2/install/marsim_render/include//glm/simd/trigonometric.h
[14.952s] -- Symlinking: /home/alux-autopilot22/SUPER-ROS2/install/marsim_render/include//glm/simd/vector_relational.h
[14.960s] -- Symlinking: /home/alux-autopilot22/SUPER-ROS2/install/marsim_render/include//glm/trigonometric.hpp
[14.971s] -- Symlinking: /home/alux-autopilot22/SUPER-ROS2/install/marsim_render/include//glm/vec2.hpp
[14.982s] -- Symlinking: /home/alux-autopilot22/SUPER-ROS2/install/marsim_render/include//glm/vec3.hpp
[14.992s] -- Symlinking: /home/alux-autopilot22/SUPER-ROS2/install/marsim_render/include//glm/vec4.hpp
[15.000s] -- Symlinking: /home/alux-autopilot22/SUPER-ROS2/install/marsim_render/include//glm/vector_relational.hpp
[15.009s] -- Symlinking: /home/alux-autopilot22/SUPER-ROS2/install/marsim_render/include//marsim_render/config.hpp
[15.017s] -- Symlinking: /home/alux-autopilot22/SUPER-ROS2/install/marsim_render/include//marsim_render/marsim_render.hpp
[15.025s] -- Symlinking: /home/alux-autopilot22/SUPER-ROS2/install/marsim_render/include//marsim_render/scope_timer.hpp
[15.033s] -- Symlinking: /home/alux-autopilot22/SUPER-ROS2/install/marsim_render/include//marsim_render/shader_m.h
[15.041s] -- Symlinking: /home/alux-autopilot22/SUPER-ROS2/install/marsim_render/include//marsim_render/yaml_loader.hpp
[15.051s] -- Symlinking: /home/alux-autopilot22/SUPER-ROS2/install/marsim_render/share/ament_index/resource_index/package_run_dependencies/marsim_render
[15.060s] -- Symlinking: /home/alux-autopilot22/SUPER-ROS2/install/marsim_render/share/ament_index/resource_index/parent_prefix_path/marsim_render
[15.072s] -- Symlinking: /home/alux-autopilot22/SUPER-ROS2/install/marsim_render/share/marsim_render/environment/ament_prefix_path.sh
[15.082s] -- Symlinking: /home/alux-autopilot22/SUPER-ROS2/install/marsim_render/share/marsim_render/environment/ament_prefix_path.dsv
[15.089s] -- Symlinking: /home/alux-autopilot22/SUPER-ROS2/install/marsim_render/share/marsim_render/environment/path.sh
[15.096s] -- Symlinking: /home/alux-autopilot22/SUPER-ROS2/install/marsim_render/share/marsim_render/environment/path.dsv
[15.106s] -- Symlinking: /home/alux-autopilot22/SUPER-ROS2/install/marsim_render/share/marsim_render/local_setup.bash
[15.117s] -- Symlinking: /home/alux-autopilot22/SUPER-ROS2/install/marsim_render/share/marsim_render/local_setup.sh
[15.127s] -- Symlinking: /home/alux-autopilot22/SUPER-ROS2/install/marsim_render/share/marsim_render/local_setup.zsh
[15.134s] -- Symlinking: /home/alux-autopilot22/SUPER-ROS2/install/marsim_render/share/marsim_render/local_setup.dsv
[15.142s] -- Symlinking: /home/alux-autopilot22/SUPER-ROS2/install/marsim_render/share/marsim_render/package.dsv
[15.149s] -- Symlinking: /home/alux-autopilot22/SUPER-ROS2/install/marsim_render/share/ament_index/resource_index/packages/marsim_render
[15.157s] -- Symlinking: /home/alux-autopilot22/SUPER-ROS2/install/marsim_render/share/marsim_render/cmake/ament_cmake_export_libraries-extras.cmake
[15.169s] -- Symlinking: /home/alux-autopilot22/SUPER-ROS2/install/marsim_render/share/marsim_render/cmake/ament_cmake_export_include_directories-extras.cmake
[15.176s] -- Symlinking: /home/alux-autopilot22/SUPER-ROS2/install/marsim_render/share/marsim_render/cmake/marsim_renderConfig.cmake
[15.184s] -- Symlinking: /home/alux-autopilot22/SUPER-ROS2/install/marsim_render/share/marsim_render/cmake/marsim_renderConfig-version.cmake
[15.192s] -- Symlinking: /home/alux-autopilot22/SUPER-ROS2/install/marsim_render/share/marsim_render/package.xml
[15.204s] Invoked command in '/home/alux-autopilot22/SUPER-ROS2/build/marsim_render' returned '0': CMAKE_PREFIX_PATH=/opt/ros/humble /usr/bin/cmake --install /home/alux-autopilot22/SUPER-ROS2/build/marsim_render
