[0.006s] Invoking command in '/home/alux-autopilot22/SUPER-ROS2/build/super_planner': AMENT_PREFIX_PATH=/home/alux-autopilot22/SUPER-ROS2/install/rog_map:${AMENT_PREFIX_PATH} CMAKE_PREFIX_PATH=/home/alux-autopilot22/SUPER-ROS2/install/rog_map:/opt/ros/humble LD_LIBRARY_PATH=/home/alux-autopilot22/SUPER-ROS2/install/rog_map/lib:${LD_LIBRARY_PATH} /usr/bin/cmake /home/alux-autopilot22/SUPER-ROS2/super_planner -DAMENT_CMAKE_SYMLINK_INSTALL=1 -DCMAKE_INSTALL_PREFIX=/home/alux-autopilot22/SUPER-ROS2/install/super_planner
[0.047s] -- The C compiler identification is GNU 11.4.0
[0.091s] -- The CXX compiler identification is GNU 11.4.0
[0.096s] -- Detecting C compiler ABI info
[0.151s] -- Detecting C compiler ABI info - done
[0.154s] -- Check for working C compiler: /usr/bin/cc - skipped
[0.154s] -- Detecting C compile features
[0.155s] -- Detecting C compile features - done
[0.156s] -- Detecting CXX compiler ABI info
[0.218s] -- Detecting CXX compiler ABI info - done
[0.222s] -- Check for working CXX compiler: /usr/bin/c++ - skipped
[0.223s] -- Detecting CXX compile features
[0.223s] -- Detecting CXX compile features - done
[0.223s] -- ROS version: HUMBLE
[0.225s] -- Found ament_cmake: 1.3.14 (/opt/ros/humble/share/ament_cmake/cmake)
[0.325s] -- Found Python3: /usr/bin/python3 (found version "3.10.19") found components: Interpreter 
[0.365s] -- Override CMake install command with custom implementation using symlinks instead of copying resources
[0.387s] -- Found rclcpp: 16.0.19 (/opt/ros/humble/share/rclcpp/cmake)
[0.416s] -- Found rosidl_generator_c: 3.1.8 (/opt/ros/humble/share/rosidl_generator_c/cmake)
[0.419s] -- Found rosidl_adapter: 3.1.8 (/opt/ros/humble/share/rosidl_adapter/cmake)
[0.425s] -- Found rosidl_generator_cpp: 3.1.8 (/opt/ros/humble/share/rosidl_generator_cpp/cmake)
[0.432s] -- Using all available rosidl_typesupport_c: rosidl_typesupport_fastrtps_c;rosidl_typesupport_introspection_c
[0.442s] -- Using all available rosidl_typesupport_cpp: rosidl_typesupport_fastrtps_cpp;rosidl_typesupport_introspection_cpp
[0.472s] -- Found rmw_implementation_cmake: 6.1.2 (/opt/ros/humble/share/rmw_implementation_cmake/cmake)
[0.473s] -- Found rmw_fastrtps_cpp: 6.2.10 (/opt/ros/humble/share/rmw_fastrtps_cpp/cmake)
[0.554s] -- Found OpenSSL: /usr/lib/x86_64-linux-gnu/libcrypto.so (found version "3.0.2")  
[0.572s] -- Found FastRTPS: /opt/ros/humble/include  
[0.593s] -- Using RMW implementation 'rmw_fastrtps_cpp' as default
[0.599s] -- Looking for pthread.h
[0.666s] -- Looking for pthread.h - found
[0.667s] -- Performing Test CMAKE_HAVE_LIBC_PTHREAD
[0.733s] -- Performing Test CMAKE_HAVE_LIBC_PTHREAD - Success
[0.734s] -- Found Threads: TRUE  
[0.763s] -- Found rog_map: 0.0.0 (/home/alux-autopilot22/SUPER-ROS2/install/rog_map/share/rog_map/cmake)
[0.779s] [31mCMake Error at CMakeLists.txt:41 (find_package):
[0.779s]   By not providing "Findmars_quadrotor_msgs.cmake" in CMAKE_MODULE_PATH this
[0.779s]   project has asked CMake to find a package configuration file provided by
[0.779s]   "mars_quadrotor_msgs", but CMake did not find one.
[0.779s] 
[0.779s]   Could not find a package configuration file provided by
[0.779s]   "mars_quadrotor_msgs" with any of the following names:
[0.780s] 
[0.780s]     mars_quadrotor_msgsConfig.cmake
[0.780s]     mars_quadrotor_msgs-config.cmake
[0.780s] 
[0.780s]   Add the installation prefix of "mars_quadrotor_msgs" to CMAKE_PREFIX_PATH
[0.780s]   or set "mars_quadrotor_msgs_DIR" to a directory containing one of the above
[0.780s]   files.  If "mars_quadrotor_msgs" provides a separate development package or
[0.780s]   SDK, be sure it has been installed.
[0.780s] 
[0.780s] [0m
[0.780s] -- Configuring incomplete, errors occurred!
[0.780s] See also "/home/alux-autopilot22/SUPER-ROS2/build/super_planner/CMakeFiles/CMakeOutput.log".
[0.787s] Invoked command in '/home/alux-autopilot22/SUPER-ROS2/build/super_planner' returned '1': AMENT_PREFIX_PATH=/home/alux-autopilot22/SUPER-ROS2/install/rog_map:${AMENT_PREFIX_PATH} CMAKE_PREFIX_PATH=/home/alux-autopilot22/SUPER-ROS2/install/rog_map:/opt/ros/humble LD_LIBRARY_PATH=/home/alux-autopilot22/SUPER-ROS2/install/rog_map/lib:${LD_LIBRARY_PATH} /usr/bin/cmake /home/alux-autopilot22/SUPER-ROS2/super_planner -DAMENT_CMAKE_SYMLINK_INSTALL=1 -DCMAKE_INSTALL_PREFIX=/home/alux-autopilot22/SUPER-ROS2/install/super_planner
