-- The C compiler identification is GNU 11.4.0
-- The CXX compiler identification is GNU 11.4.0
-- Detecting C compiler ABI info
-- Detecting C compiler ABI info - done
-- Check for working C compiler: /usr/bin/cc - skipped
-- Detecting C compile features
-- Detecting C compile features - done
-- Detecting CXX compiler ABI info
-- Detecting CXX compiler ABI info - done
-- Check for working CXX compiler: /usr/bin/c++ - skipped
-- Detecting CXX compile features
-- Detecting CXX compile features - done
-- Found ament_cmake: 1.3.14 (/opt/ros/humble/share/ament_cmake/cmake)
-- Found Python3: /usr/bin/python3 (found version "3.10.19") found components: Interpreter 
-- Override CMake install command with custom implementation using symlinks instead of copying resources
-- Found rclcpp: 16.0.19 (/opt/ros/humble/share/rclcpp/cmake)
-- Found rosidl_generator_c: 3.1.8 (/opt/ros/humble/share/rosidl_generator_c/cmake)
-- Found rosidl_adapter: 3.1.8 (/opt/ros/humble/share/rosidl_adapter/cmake)
-- Found rosidl_generator_cpp: 3.1.8 (/opt/ros/humble/share/rosidl_generator_cpp/cmake)
-- Using all available rosidl_typesupport_c: rosidl_typesupport_fastrtps_c;rosidl_typesupport_introspection_c
-- Using all available rosidl_typesupport_cpp: rosidl_typesupport_fastrtps_cpp;rosidl_typesupport_introspection_cpp
-- Found rmw_implementation_cmake: 6.1.2 (/opt/ros/humble/share/rmw_implementation_cmake/cmake)
-- Found rmw_fastrtps_cpp: 6.2.10 (/opt/ros/humble/share/rmw_fastrtps_cpp/cmake)
-- Found OpenSSL: /usr/lib/x86_64-linux-gnu/libcrypto.so (found version "3.0.2")  
-- Found FastRTPS: /opt/ros/humble/include  
-- Using RMW implementation 'rmw_fastrtps_cpp' as default
-- Looking for pthread.h
-- Looking for pthread.h - found
-- Performing Test CMAKE_HAVE_LIBC_PTHREAD
-- Performing Test CMAKE_HAVE_LIBC_PTHREAD - Success
-- Found Threads: TRUE  
-- Found geometry_msgs: 4.9.1 (/opt/ros/humble/share/geometry_msgs/cmake)
-- Found sensor_msgs: 4.9.1 (/opt/ros/humble/share/sensor_msgs/cmake)
-- Found nav_msgs: 4.9.1 (/opt/ros/humble/share/nav_msgs/cmake)
-- Found visualization_msgs: 4.9.1 (/opt/ros/humble/share/visualization_msgs/cmake)
-- Found marsim_render: 0.0.0 (/home/alux-autopilot22/SUPER-ROS2/install/marsim_render/share/marsim_render/cmake)
-- Found mars_quadrotor_msgs: 2.0.8 (/home/alux-autopilot22/SUPER-ROS2/install/mars_quadrotor_msgs/share/mars_quadrotor_msgs/cmake)
-- Found tf2_ros: 0.25.20 (/opt/ros/humble/share/tf2_ros/cmake)
-- Found pcl_conversions: 2.4.5 (/opt/ros/humble/share/pcl_conversions/cmake)
-- Checking for module 'eigen3'
--   Found eigen3, version 3.4.0
-- Found Eigen: /usr/include/eigen3 (Required is at least version "3.1") 
-- Eigen found (include: /usr/include/eigen3, version: 3.4.0)
-- Checking for module 'flann'
--   Found flann, version 1.9.1
-- Found FLANN: /usr/lib/x86_64-linux-gnu/libflann_cpp.so  
-- FLANN found (include: /usr/include, lib: /usr/lib/x86_64-linux-gnu/libflann_cpp.so)
-- Checking for module 'libusb-1.0'
--   Found libusb-1.0, version 1.0.25
-- Found libusb: /usr/lib/x86_64-linux-gnu/libusb-1.0.so  
-- OpenNI found (version: 1.5.4.0, include: /usr/include/ni, lib: /usr/lib/libOpenNI.so;libusb::libusb)
-- OpenNI2 found (version: 2.2.0.33, include: /usr/include/openni2, lib: /usr/lib/x86_64-linux-gnu/libOpenNI2.so;libusb::libusb)
-- Eigen found (include: /usr/include/eigen3, version: 3.4.0)
-- OpenNI found (version: 1.5.4.0, include: /usr/include/ni, lib: /usr/lib/libOpenNI.so;libusb::libusb)
-- OpenNI2 found (version: 2.2.0.33, include: /usr/include/openni2, lib: /usr/lib/x86_64-linux-gnu/libOpenNI2.so;libusb::libusb)
-- Found Qhull version 8.0.2
-- OpenNI found (version: 1.5.4.0, include: /usr/include/ni, lib: /usr/lib/libOpenNI.so;libusb::libusb)
-- Found PCL_COMMON: /usr/lib/x86_64-linux-gnu/libpcl_common.so  
-- Found PCL_KDTREE: /usr/lib/x86_64-linux-gnu/libpcl_kdtree.so  
-- Found PCL_OCTREE: /usr/lib/x86_64-linux-gnu/libpcl_octree.so  
-- Found PCL_SEARCH: /usr/lib/x86_64-linux-gnu/libpcl_search.so  
-- Found PCL_SAMPLE_CONSENSUS: /usr/lib/x86_64-linux-gnu/libpcl_sample_consensus.so  
-- Found PCL_FILTERS: /usr/lib/x86_64-linux-gnu/libpcl_filters.so  
-- Found PCL_2D: /usr/include/pcl-1.12  
-- Found PCL_GEOMETRY: /usr/include/pcl-1.12  
-- Found PCL_IO: /usr/lib/x86_64-linux-gnu/libpcl_io.so  
-- Found PCL_FEATURES: /usr/lib/x86_64-linux-gnu/libpcl_features.so  
-- Found PCL_ML: /usr/lib/x86_64-linux-gnu/libpcl_ml.so  
-- Found PCL_SEGMENTATION: /usr/lib/x86_64-linux-gnu/libpcl_segmentation.so  
-- Found PCL_VISUALIZATION: /usr/lib/x86_64-linux-gnu/libpcl_visualization.so  
-- Found PCL_SURFACE: /usr/lib/x86_64-linux-gnu/libpcl_surface.so  
-- Found PCL_REGISTRATION: /usr/lib/x86_64-linux-gnu/libpcl_registration.so  
-- Found PCL_KEYPOINTS: /usr/lib/x86_64-linux-gnu/libpcl_keypoints.so  
-- Found PCL_TRACKING: /usr/lib/x86_64-linux-gnu/libpcl_tracking.so  
-- Found PCL_RECOGNITION: /usr/lib/x86_64-linux-gnu/libpcl_recognition.so  
-- Found PCL_STEREO: /usr/lib/x86_64-linux-gnu/libpcl_stereo.so  
-- Found PCL_APPS: /usr/lib/x86_64-linux-gnu/libpcl_apps.so  
-- Found PCL_IN_HAND_SCANNER: /usr/include/pcl-1.12  
-- Found PCL_MODELER: /usr/include/pcl-1.12  
-- Found PCL_POINT_CLOUD_EDITOR: /usr/include/pcl-1.12  
-- Found PCL_OUTOFCORE: /usr/lib/x86_64-linux-gnu/libpcl_outofcore.so  
-- Found PCL_PEOPLE: /usr/lib/x86_64-linux-gnu/libpcl_people.so  
-- Found OpenCV: /usr (found version "4.5.4") 
-- Configuring done
-- Generating done
-- Build files have been written to: /home/alux-autopilot22/SUPER-ROS2/build/perfect_drone_sim
[ 50%] [32mBuilding CXX object CMakeFiles/perfect_drone_node.dir/src/ros2_perfect_drone_node.cpp.o[0m
[100%] [32m[1mLinking CXX executable perfect_drone_node[0m
[100%] Built target perfect_drone_node
-- Install configuration: "Release"
-- Execute custom install script
-- Symlinking: /home/alux-autopilot22/SUPER-ROS2/install/perfect_drone_sim/include/perfect_drone_sim/config.hpp
-- Symlinking: /home/alux-autopilot22/SUPER-ROS2/install/perfect_drone_sim/include/perfect_drone_sim/ros1_perfect_drone_model.hpp
-- Symlinking: /home/alux-autopilot22/SUPER-ROS2/install/perfect_drone_sim/include/perfect_drone_sim/ros2_perfect_drone_model.hpp
-- Symlinking: /home/alux-autopilot22/SUPER-ROS2/install/perfect_drone_sim/include/utils/eigen_alias.h
-- Symlinking: /home/alux-autopilot22/SUPER-ROS2/install/perfect_drone_sim/include/utils/eigen_fmt.h
-- Symlinking: /home/alux-autopilot22/SUPER-ROS2/install/perfect_drone_sim/include/utils/types.hpp
-- Symlinking: /home/alux-autopilot22/SUPER-ROS2/install/perfect_drone_sim/include/utils/yaml_loader.hpp
-- Symlinking: /home/alux-autopilot22/SUPER-ROS2/install/perfect_drone_sim/share/perfect_drone_sim//launch/benchmark.launch
-- Symlinking: /home/alux-autopilot22/SUPER-ROS2/install/perfect_drone_sim/share/perfect_drone_sim//launch/dense.launch
-- Symlinking: /home/alux-autopilot22/SUPER-ROS2/install/perfect_drone_sim/share/perfect_drone_sim//launch/high_speed.launch
-- Symlinking: /home/alux-autopilot22/SUPER-ROS2/install/perfect_drone_sim/share/perfect_drone_sim//launch/smooth.launch
-- Symlinking: /home/alux-autopilot22/SUPER-ROS2/install/perfect_drone_sim/share/perfect_drone_sim//rviz/benchmark.rviz
-- Symlinking: /home/alux-autopilot22/SUPER-ROS2/install/perfect_drone_sim/share/perfect_drone_sim//rviz/fpv.rviz
-- Symlinking: /home/alux-autopilot22/SUPER-ROS2/install/perfect_drone_sim/share/perfect_drone_sim//rviz/top_down.rviz
-- Symlinking: /home/alux-autopilot22/SUPER-ROS2/install/perfect_drone_sim/share/perfect_drone_sim//rviz2/benchmark.rviz
-- Symlinking: /home/alux-autopilot22/SUPER-ROS2/install/perfect_drone_sim/share/perfect_drone_sim//rviz2/fpv.rviz
-- Symlinking: /home/alux-autopilot22/SUPER-ROS2/install/perfect_drone_sim/share/perfect_drone_sim//rviz2/top_down.rviz
-- Symlinking: /home/alux-autopilot22/SUPER-ROS2/install/perfect_drone_sim/share/perfect_drone_sim//meshes/MaRS LOGO (2).png
-- Symlinking: /home/alux-autopilot22/SUPER-ROS2/install/perfect_drone_sim/share/perfect_drone_sim//meshes/R.jpeg
-- Symlinking: /home/alux-autopilot22/SUPER-ROS2/install/perfect_drone_sim/share/perfect_drone_sim//meshes/yunque-M.dae
-- Symlinking: /home/alux-autopilot22/SUPER-ROS2/install/perfect_drone_sim/share/perfect_drone_sim//config/click.yaml
-- Symlinking: /home/alux-autopilot22/SUPER-ROS2/install/perfect_drone_sim/share/perfect_drone_sim//config/dense.yaml
-- Symlinking: /home/alux-autopilot22/SUPER-ROS2/install/perfect_drone_sim/share/perfect_drone_sim//config/high_speed.yaml
-- Symlinking: /home/alux-autopilot22/SUPER-ROS2/install/perfect_drone_sim/share/ament_index/resource_index/package_run_dependencies/perfect_drone_sim
-- Symlinking: /home/alux-autopilot22/SUPER-ROS2/install/perfect_drone_sim/share/ament_index/resource_index/parent_prefix_path/perfect_drone_sim
-- Symlinking: /home/alux-autopilot22/SUPER-ROS2/install/perfect_drone_sim/share/perfect_drone_sim/environment/ament_prefix_path.sh
-- Symlinking: /home/alux-autopilot22/SUPER-ROS2/install/perfect_drone_sim/share/perfect_drone_sim/environment/ament_prefix_path.dsv
-- Symlinking: /home/alux-autopilot22/SUPER-ROS2/install/perfect_drone_sim/share/perfect_drone_sim/environment/path.sh
-- Symlinking: /home/alux-autopilot22/SUPER-ROS2/install/perfect_drone_sim/share/perfect_drone_sim/environment/path.dsv
-- Symlinking: /home/alux-autopilot22/SUPER-ROS2/install/perfect_drone_sim/share/perfect_drone_sim/local_setup.bash
-- Symlinking: /home/alux-autopilot22/SUPER-ROS2/install/perfect_drone_sim/share/perfect_drone_sim/local_setup.sh
-- Symlinking: /home/alux-autopilot22/SUPER-ROS2/install/perfect_drone_sim/share/perfect_drone_sim/local_setup.zsh
-- Symlinking: /home/alux-autopilot22/SUPER-ROS2/install/perfect_drone_sim/share/perfect_drone_sim/local_setup.dsv
-- Symlinking: /home/alux-autopilot22/SUPER-ROS2/install/perfect_drone_sim/share/perfect_drone_sim/package.dsv
-- Symlinking: /home/alux-autopilot22/SUPER-ROS2/install/perfect_drone_sim/share/ament_index/resource_index/packages/perfect_drone_sim
-- Symlinking: /home/alux-autopilot22/SUPER-ROS2/install/perfect_drone_sim/share/perfect_drone_sim/cmake/perfect_drone_simConfig.cmake
-- Symlinking: /home/alux-autopilot22/SUPER-ROS2/install/perfect_drone_sim/share/perfect_drone_sim/cmake/perfect_drone_simConfig-version.cmake
-- Symlinking: /home/alux-autopilot22/SUPER-ROS2/install/perfect_drone_sim/share/perfect_drone_sim/package.xml
-- Installing: /home/alux-autopilot22/SUPER-ROS2/install/perfect_drone_sim/lib/perfect_drone_sim/perfect_drone_node
-- Set runtime path of "/home/alux-autopilot22/SUPER-ROS2/install/perfect_drone_sim/lib/perfect_drone_sim/perfect_drone_node" to ""
