[0.010s] Invoking command in '/home/alux-autopilot22/SUPER-ROS2/build/perfect_drone_sim': AMENT_PREFIX_PATH=/home/alux-autopilot22/SUPER-ROS2/install/marsim_render:/home/alux-autopilot22/SUPER-ROS2/install/mars_quadrotor_msgs:${AMENT_PREFIX_PATH} CMAKE_PREFIX_PATH=/home/alux-autopilot22/SUPER-ROS2/install/marsim_render:/home/alux-autopilot22/SUPER-ROS2/install/mars_quadrotor_msgs:/opt/ros/humble LD_LIBRARY_PATH=/home/alux-autopilot22/SUPER-ROS2/install/marsim_render/lib:/home/alux-autopilot22/SUPER-ROS2/install/mars_quadrotor_msgs/lib:${LD_LIBRARY_PATH} PYTHONPATH=/home/alux-autopilot22/SUPER-ROS2/install/mars_quadrotor_msgs/local/lib/python3.10/dist-packages:${PYTHONPATH} /usr/bin/cmake /home/alux-autopilot22/SUPER-ROS2/mars_uav_sim/perfect_drone_sim -DAMENT_CMAKE_SYMLINK_INSTALL=1 -DCMAKE_INSTALL_PREFIX=/home/alux-autopilot22/SUPER-ROS2/install/perfect_drone_sim
[0.059s] -- The C compiler identification is GNU 11.4.0
[0.101s] -- The CXX compiler identification is GNU 11.4.0
[0.109s] -- Detecting C compiler ABI info
[0.167s] -- Detecting C compiler ABI info - done
[0.171s] -- Check for working C compiler: /usr/bin/cc - skipped
[0.171s] -- Detecting C compile features
[0.172s] -- Detecting C compile features - done
[0.173s] -- Detecting CXX compiler ABI info
[0.237s] -- Detecting CXX compiler ABI info - done
[0.241s] -- Check for working CXX compiler: /usr/bin/c++ - skipped
[0.242s] -- Detecting CXX compile features
[0.242s] -- Detecting CXX compile features - done
[0.244s] -- Found ament_cmake: 1.3.14 (/opt/ros/humble/share/ament_cmake/cmake)
[0.352s] -- Found Python3: /usr/bin/python3 (found version "3.10.19") found components: Interpreter 
[0.395s] -- Override CMake install command with custom implementation using symlinks instead of copying resources
[0.417s] -- Found rclcpp: 16.0.19 (/opt/ros/humble/share/rclcpp/cmake)
[0.447s] -- Found rosidl_generator_c: 3.1.8 (/opt/ros/humble/share/rosidl_generator_c/cmake)
[0.450s] -- Found rosidl_adapter: 3.1.8 (/opt/ros/humble/share/rosidl_adapter/cmake)
[0.456s] -- Found rosidl_generator_cpp: 3.1.8 (/opt/ros/humble/share/rosidl_generator_cpp/cmake)
[0.463s] -- Using all available rosidl_typesupport_c: rosidl_typesupport_fastrtps_c;rosidl_typesupport_introspection_c
[0.473s] -- Using all available rosidl_typesupport_cpp: rosidl_typesupport_fastrtps_cpp;rosidl_typesupport_introspection_cpp
[0.501s] -- Found rmw_implementation_cmake: 6.1.2 (/opt/ros/humble/share/rmw_implementation_cmake/cmake)
[0.503s] -- Found rmw_fastrtps_cpp: 6.2.10 (/opt/ros/humble/share/rmw_fastrtps_cpp/cmake)
[0.575s] -- Found OpenSSL: /usr/lib/x86_64-linux-gnu/libcrypto.so (found version "3.0.2")  
[0.589s] -- Found FastRTPS: /opt/ros/humble/include  
[0.609s] -- Using RMW implementation 'rmw_fastrtps_cpp' as default
[0.615s] -- Looking for pthread.h
[0.677s] -- Looking for pthread.h - found
[0.677s] -- Performing Test CMAKE_HAVE_LIBC_PTHREAD
[0.739s] -- Performing Test CMAKE_HAVE_LIBC_PTHREAD - Success
[0.740s] -- Found Threads: TRUE  
[0.775s] -- Found geometry_msgs: 4.9.1 (/opt/ros/humble/share/geometry_msgs/cmake)
[0.783s] -- Found sensor_msgs: 4.9.1 (/opt/ros/humble/share/sensor_msgs/cmake)
[0.795s] -- Found nav_msgs: 4.9.1 (/opt/ros/humble/share/nav_msgs/cmake)
[0.805s] -- Found visualization_msgs: 4.9.1 (/opt/ros/humble/share/visualization_msgs/cmake)
[0.817s] -- Found marsim_render: 0.0.0 (/home/alux-autopilot22/SUPER-ROS2/install/marsim_render/share/marsim_render/cmake)
[0.824s] -- Found mars_quadrotor_msgs: 2.0.8 (/home/alux-autopilot22/SUPER-ROS2/install/mars_quadrotor_msgs/share/mars_quadrotor_msgs/cmake)
[0.834s] -- Found tf2_ros: 0.25.20 (/opt/ros/humble/share/tf2_ros/cmake)
[0.902s] -- Found pcl_conversions: 2.4.5 (/opt/ros/humble/share/pcl_conversions/cmake)
[0.927s] -- Checking for module 'eigen3'
[0.941s] --   Found eigen3, version 3.4.0
[0.978s] -- Found Eigen: /usr/include/eigen3 (Required is at least version "3.1") 
[0.978s] -- Eigen found (include: /usr/include/eigen3, version: 3.4.0)
[1.008s] -- Checking for module 'flann'
[1.024s] --   Found flann, version 1.9.1
[1.068s] -- Found FLANN: /usr/lib/x86_64-linux-gnu/libflann_cpp.so  
[1.068s] -- FLANN found (include: /usr/include, lib: /usr/lib/x86_64-linux-gnu/libflann_cpp.so)
[1.948s] -- Checking for module 'libusb-1.0'
[1.963s] --   Found libusb-1.0, version 1.0.25
[2.006s] -- Found libusb: /usr/lib/x86_64-linux-gnu/libusb-1.0.so  
[2.007s] -- OpenNI found (version: 1.5.4.0, include: /usr/include/ni, lib: /usr/lib/libOpenNI.so;libusb::libusb)
[2.068s] -- OpenNI2 found (version: 2.2.0.33, include: /usr/include/openni2, lib: /usr/lib/x86_64-linux-gnu/libOpenNI2.so;libusb::libusb)
[2.183s] -- Eigen found (include: /usr/include/eigen3, version: 3.4.0)
[2.189s] -- OpenNI found (version: 1.5.4.0, include: /usr/include/ni, lib: /usr/lib/libOpenNI.so;libusb::libusb)
[2.196s] -- OpenNI2 found (version: 2.2.0.33, include: /usr/include/openni2, lib: /usr/lib/x86_64-linux-gnu/libOpenNI2.so;libusb::libusb)
[2.304s] -- Found Qhull version 8.0.2
[2.415s] -- OpenNI found (version: 1.5.4.0, include: /usr/include/ni, lib: /usr/lib/libOpenNI.so;libusb::libusb)
[2.525s] -- Found PCL_COMMON: /usr/lib/x86_64-linux-gnu/libpcl_common.so  
[2.525s] -- Found PCL_KDTREE: /usr/lib/x86_64-linux-gnu/libpcl_kdtree.so  
[2.526s] -- Found PCL_OCTREE: /usr/lib/x86_64-linux-gnu/libpcl_octree.so  
[2.526s] -- Found PCL_SEARCH: /usr/lib/x86_64-linux-gnu/libpcl_search.so  
[2.527s] -- Found PCL_SAMPLE_CONSENSUS: /usr/lib/x86_64-linux-gnu/libpcl_sample_consensus.so  
[2.528s] -- Found PCL_FILTERS: /usr/lib/x86_64-linux-gnu/libpcl_filters.so  
[2.528s] -- Found PCL_2D: /usr/include/pcl-1.12  
[2.528s] -- Found PCL_GEOMETRY: /usr/include/pcl-1.12  
[2.529s] -- Found PCL_IO: /usr/lib/x86_64-linux-gnu/libpcl_io.so  
[2.529s] -- Found PCL_FEATURES: /usr/lib/x86_64-linux-gnu/libpcl_features.so  
[2.530s] -- Found PCL_ML: /usr/lib/x86_64-linux-gnu/libpcl_ml.so  
[2.531s] -- Found PCL_SEGMENTATION: /usr/lib/x86_64-linux-gnu/libpcl_segmentation.so  
[2.531s] -- Found PCL_VISUALIZATION: /usr/lib/x86_64-linux-gnu/libpcl_visualization.so  
[2.532s] -- Found PCL_SURFACE: /usr/lib/x86_64-linux-gnu/libpcl_surface.so  
[2.533s] -- Found PCL_REGISTRATION: /usr/lib/x86_64-linux-gnu/libpcl_registration.so  
[2.534s] -- Found PCL_KEYPOINTS: /usr/lib/x86_64-linux-gnu/libpcl_keypoints.so  
[2.534s] -- Found PCL_TRACKING: /usr/lib/x86_64-linux-gnu/libpcl_tracking.so  
[2.535s] -- Found PCL_RECOGNITION: /usr/lib/x86_64-linux-gnu/libpcl_recognition.so  
[2.536s] -- Found PCL_STEREO: /usr/lib/x86_64-linux-gnu/libpcl_stereo.so  
[2.537s] -- Found PCL_APPS: /usr/lib/x86_64-linux-gnu/libpcl_apps.so  
[2.537s] -- Found PCL_IN_HAND_SCANNER: /usr/include/pcl-1.12  
[2.537s] -- Found PCL_MODELER: /usr/include/pcl-1.12  
[2.538s] -- Found PCL_POINT_CLOUD_EDITOR: /usr/include/pcl-1.12  
[2.539s] -- Found PCL_OUTOFCORE: /usr/lib/x86_64-linux-gnu/libpcl_outofcore.so  
[2.539s] -- Found PCL_PEOPLE: /usr/lib/x86_64-linux-gnu/libpcl_people.so  
[2.546s] [33mCMake Warning (dev) at CMakeLists.txt:38 (find_package):
[2.546s]   Policy CMP0074 is not set: find_package uses <PackageName>_ROOT variables.
[2.546s]   Run "cmake --help-policy CMP0074" for policy details.  Use the cmake_policy
[2.546s]   command to set the policy and suppress this warning.
[2.546s] 
[2.546s]   CMake variable PCL_ROOT is set to:
[2.546s] 
[2.547s]     /usr
[2.547s] 
[2.547s]   For compatibility, CMake is ignoring the variable.
[2.547s] This warning is for project developers.  Use -Wno-dev to suppress it.
[2.547s] [0m
[2.560s] -- Found OpenCV: /usr (found version "4.5.4") 
[2.634s] -- Configuring done
[2.683s] -- Generating done
[2.694s] -- Build files have been written to: /home/alux-autopilot22/SUPER-ROS2/build/perfect_drone_sim
[2.712s] Invoked command in '/home/alux-autopilot22/SUPER-ROS2/build/perfect_drone_sim' returned '0': AMENT_PREFIX_PATH=/home/alux-autopilot22/SUPER-ROS2/install/marsim_render:/home/alux-autopilot22/SUPER-ROS2/install/mars_quadrotor_msgs:${AMENT_PREFIX_PATH} CMAKE_PREFIX_PATH=/home/alux-autopilot22/SUPER-ROS2/install/marsim_render:/home/alux-autopilot22/SUPER-ROS2/install/mars_quadrotor_msgs:/opt/ros/humble LD_LIBRARY_PATH=/home/alux-autopilot22/SUPER-ROS2/install/marsim_render/lib:/home/alux-autopilot22/SUPER-ROS2/install/mars_quadrotor_msgs/lib:${LD_LIBRARY_PATH} PYTHONPATH=/home/alux-autopilot22/SUPER-ROS2/install/mars_quadrotor_msgs/local/lib/python3.10/dist-packages:${PYTHONPATH} /usr/bin/cmake /home/alux-autopilot22/SUPER-ROS2/mars_uav_sim/perfect_drone_sim -DAMENT_CMAKE_SYMLINK_INSTALL=1 -DCMAKE_INSTALL_PREFIX=/home/alux-autopilot22/SUPER-ROS2/install/perfect_drone_sim
[2.713s] Invoking command in '/home/alux-autopilot22/SUPER-ROS2/build/perfect_drone_sim': AMENT_PREFIX_PATH=/home/alux-autopilot22/SUPER-ROS2/install/marsim_render:/home/alux-autopilot22/SUPER-ROS2/install/mars_quadrotor_msgs:${AMENT_PREFIX_PATH} CMAKE_PREFIX_PATH=/home/alux-autopilot22/SUPER-ROS2/install/marsim_render:/home/alux-autopilot22/SUPER-ROS2/install/mars_quadrotor_msgs:/opt/ros/humble LD_LIBRARY_PATH=/home/alux-autopilot22/SUPER-ROS2/install/marsim_render/lib:/home/alux-autopilot22/SUPER-ROS2/install/mars_quadrotor_msgs/lib:${LD_LIBRARY_PATH} PYTHONPATH=/home/alux-autopilot22/SUPER-ROS2/install/mars_quadrotor_msgs/local/lib/python3.10/dist-packages:${PYTHONPATH} /usr/bin/cmake --build /home/alux-autopilot22/SUPER-ROS2/build/perfect_drone_sim -- -j16 -l16
[2.763s] [ 50%] [32mBuilding CXX object CMakeFiles/perfect_drone_node.dir/src/ros2_perfect_drone_node.cpp.o[0m
[36.206s] [100%] [32m[1mLinking CXX executable perfect_drone_node[0m
[37.176s] [100%] Built target perfect_drone_node
[37.187s] Invoked command in '/home/alux-autopilot22/SUPER-ROS2/build/perfect_drone_sim' returned '0': AMENT_PREFIX_PATH=/home/alux-autopilot22/SUPER-ROS2/install/marsim_render:/home/alux-autopilot22/SUPER-ROS2/install/mars_quadrotor_msgs:${AMENT_PREFIX_PATH} CMAKE_PREFIX_PATH=/home/alux-autopilot22/SUPER-ROS2/install/marsim_render:/home/alux-autopilot22/SUPER-ROS2/install/mars_quadrotor_msgs:/opt/ros/humble LD_LIBRARY_PATH=/home/alux-autopilot22/SUPER-ROS2/install/marsim_render/lib:/home/alux-autopilot22/SUPER-ROS2/install/mars_quadrotor_msgs/lib:${LD_LIBRARY_PATH} PYTHONPATH=/home/alux-autopilot22/SUPER-ROS2/install/mars_quadrotor_msgs/local/lib/python3.10/dist-packages:${PYTHONPATH} /usr/bin/cmake --build /home/alux-autopilot22/SUPER-ROS2/build/perfect_drone_sim -- -j16 -l16
[37.188s] Invoking command in '/home/alux-autopilot22/SUPER-ROS2/build/perfect_drone_sim': AMENT_PREFIX_PATH=/home/alux-autopilot22/SUPER-ROS2/install/marsim_render:/home/alux-autopilot22/SUPER-ROS2/install/mars_quadrotor_msgs:${AMENT_PREFIX_PATH} CMAKE_PREFIX_PATH=/home/alux-autopilot22/SUPER-ROS2/install/marsim_render:/home/alux-autopilot22/SUPER-ROS2/install/mars_quadrotor_msgs:/opt/ros/humble LD_LIBRARY_PATH=/home/alux-autopilot22/SUPER-ROS2/install/marsim_render/lib:/home/alux-autopilot22/SUPER-ROS2/install/mars_quadrotor_msgs/lib:${LD_LIBRARY_PATH} PYTHONPATH=/home/alux-autopilot22/SUPER-ROS2/install/mars_quadrotor_msgs/local/lib/python3.10/dist-packages:${PYTHONPATH} /usr/bin/cmake --install /home/alux-autopilot22/SUPER-ROS2/build/perfect_drone_sim
[37.196s] -- Install configuration: "Release"
[37.196s] -- Execute custom install script
[37.197s] -- Symlinking: /home/alux-autopilot22/SUPER-ROS2/install/perfect_drone_sim/include/perfect_drone_sim/config.hpp
[37.205s] -- Symlinking: /home/alux-autopilot22/SUPER-ROS2/install/perfect_drone_sim/include/perfect_drone_sim/ros1_perfect_drone_model.hpp
[37.212s] -- Symlinking: /home/alux-autopilot22/SUPER-ROS2/install/perfect_drone_sim/include/perfect_drone_sim/ros2_perfect_drone_model.hpp
[37.221s] -- Symlinking: /home/alux-autopilot22/SUPER-ROS2/install/perfect_drone_sim/include/utils/eigen_alias.h
[37.229s] -- Symlinking: /home/alux-autopilot22/SUPER-ROS2/install/perfect_drone_sim/include/utils/eigen_fmt.h
[37.237s] -- Symlinking: /home/alux-autopilot22/SUPER-ROS2/install/perfect_drone_sim/include/utils/types.hpp
[37.246s] -- Symlinking: /home/alux-autopilot22/SUPER-ROS2/install/perfect_drone_sim/include/utils/yaml_loader.hpp
[37.254s] -- Symlinking: /home/alux-autopilot22/SUPER-ROS2/install/perfect_drone_sim/share/perfect_drone_sim//launch/benchmark.launch
[37.262s] -- Symlinking: /home/alux-autopilot22/SUPER-ROS2/install/perfect_drone_sim/share/perfect_drone_sim//launch/dense.launch
[37.269s] -- Symlinking: /home/alux-autopilot22/SUPER-ROS2/install/perfect_drone_sim/share/perfect_drone_sim//launch/high_speed.launch
[37.277s] -- Symlinking: /home/alux-autopilot22/SUPER-ROS2/install/perfect_drone_sim/share/perfect_drone_sim//launch/smooth.launch
[37.285s] -- Symlinking: /home/alux-autopilot22/SUPER-ROS2/install/perfect_drone_sim/share/perfect_drone_sim//rviz/benchmark.rviz
[37.293s] -- Symlinking: /home/alux-autopilot22/SUPER-ROS2/install/perfect_drone_sim/share/perfect_drone_sim//rviz/fpv.rviz
[37.300s] -- Symlinking: /home/alux-autopilot22/SUPER-ROS2/install/perfect_drone_sim/share/perfect_drone_sim//rviz/top_down.rviz
[37.308s] -- Symlinking: /home/alux-autopilot22/SUPER-ROS2/install/perfect_drone_sim/share/perfect_drone_sim//rviz2/benchmark.rviz
[37.317s] -- Symlinking: /home/alux-autopilot22/SUPER-ROS2/install/perfect_drone_sim/share/perfect_drone_sim//rviz2/fpv.rviz
[37.324s] -- Symlinking: /home/alux-autopilot22/SUPER-ROS2/install/perfect_drone_sim/share/perfect_drone_sim//rviz2/top_down.rviz
[37.333s] -- Symlinking: /home/alux-autopilot22/SUPER-ROS2/install/perfect_drone_sim/share/perfect_drone_sim//meshes/MaRS LOGO (2).png
[37.340s] -- Symlinking: /home/alux-autopilot22/SUPER-ROS2/install/perfect_drone_sim/share/perfect_drone_sim//meshes/R.jpeg
[37.348s] -- Symlinking: /home/alux-autopilot22/SUPER-ROS2/install/perfect_drone_sim/share/perfect_drone_sim//meshes/yunque-M.dae
[37.356s] -- Symlinking: /home/alux-autopilot22/SUPER-ROS2/install/perfect_drone_sim/share/perfect_drone_sim//config/click.yaml
[37.366s] -- Symlinking: /home/alux-autopilot22/SUPER-ROS2/install/perfect_drone_sim/share/perfect_drone_sim//config/dense.yaml
[37.374s] -- Symlinking: /home/alux-autopilot22/SUPER-ROS2/install/perfect_drone_sim/share/perfect_drone_sim//config/high_speed.yaml
[37.381s] -- Symlinking: /home/alux-autopilot22/SUPER-ROS2/install/perfect_drone_sim/share/ament_index/resource_index/package_run_dependencies/perfect_drone_sim
[37.390s] -- Symlinking: /home/alux-autopilot22/SUPER-ROS2/install/perfect_drone_sim/share/ament_index/resource_index/parent_prefix_path/perfect_drone_sim
[37.398s] -- Symlinking: /home/alux-autopilot22/SUPER-ROS2/install/perfect_drone_sim/share/perfect_drone_sim/environment/ament_prefix_path.sh
[37.409s] -- Symlinking: /home/alux-autopilot22/SUPER-ROS2/install/perfect_drone_sim/share/perfect_drone_sim/environment/ament_prefix_path.dsv
[37.419s] -- Symlinking: /home/alux-autopilot22/SUPER-ROS2/install/perfect_drone_sim/share/perfect_drone_sim/environment/path.sh
[37.428s] -- Symlinking: /home/alux-autopilot22/SUPER-ROS2/install/perfect_drone_sim/share/perfect_drone_sim/environment/path.dsv
[37.436s] -- Symlinking: /home/alux-autopilot22/SUPER-ROS2/install/perfect_drone_sim/share/perfect_drone_sim/local_setup.bash
[37.444s] -- Symlinking: /home/alux-autopilot22/SUPER-ROS2/install/perfect_drone_sim/share/perfect_drone_sim/local_setup.sh
[37.451s] -- Symlinking: /home/alux-autopilot22/SUPER-ROS2/install/perfect_drone_sim/share/perfect_drone_sim/local_setup.zsh
[37.458s] -- Symlinking: /home/alux-autopilot22/SUPER-ROS2/install/perfect_drone_sim/share/perfect_drone_sim/local_setup.dsv
[37.465s] -- Symlinking: /home/alux-autopilot22/SUPER-ROS2/install/perfect_drone_sim/share/perfect_drone_sim/package.dsv
[37.474s] -- Symlinking: /home/alux-autopilot22/SUPER-ROS2/install/perfect_drone_sim/share/ament_index/resource_index/packages/perfect_drone_sim
[37.483s] -- Symlinking: /home/alux-autopilot22/SUPER-ROS2/install/perfect_drone_sim/share/perfect_drone_sim/cmake/perfect_drone_simConfig.cmake
[37.492s] -- Symlinking: /home/alux-autopilot22/SUPER-ROS2/install/perfect_drone_sim/share/perfect_drone_sim/cmake/perfect_drone_simConfig-version.cmake
[37.500s] -- Symlinking: /home/alux-autopilot22/SUPER-ROS2/install/perfect_drone_sim/share/perfect_drone_sim/package.xml
[37.509s] -- Installing: /home/alux-autopilot22/SUPER-ROS2/install/perfect_drone_sim/lib/perfect_drone_sim/perfect_drone_node
[37.528s] -- Set runtime path of "/home/alux-autopilot22/SUPER-ROS2/install/perfect_drone_sim/lib/perfect_drone_sim/perfect_drone_node" to ""
[37.531s] Invoked command in '/home/alux-autopilot22/SUPER-ROS2/build/perfect_drone_sim' returned '0': AMENT_PREFIX_PATH=/home/alux-autopilot22/SUPER-ROS2/install/marsim_render:/home/alux-autopilot22/SUPER-ROS2/install/mars_quadrotor_msgs:${AMENT_PREFIX_PATH} CMAKE_PREFIX_PATH=/home/alux-autopilot22/SUPER-ROS2/install/marsim_render:/home/alux-autopilot22/SUPER-ROS2/install/mars_quadrotor_msgs:/opt/ros/humble LD_LIBRARY_PATH=/home/alux-autopilot22/SUPER-ROS2/install/marsim_render/lib:/home/alux-autopilot22/SUPER-ROS2/install/mars_quadrotor_msgs/lib:${LD_LIBRARY_PATH} PYTHONPATH=/home/alux-autopilot22/SUPER-ROS2/install/mars_quadrotor_msgs/local/lib/python3.10/dist-packages:${PYTHONPATH} /usr/bin/cmake --install /home/alux-autopilot22/SUPER-ROS2/build/perfect_drone_sim
