[0.012s] Invoking command in '/home/alux-autopilot22/SUPER-ROS2/build/mission_planner': CMAKE_PREFIX_PATH=/opt/ros/humble /usr/bin/cmake /home/alux-autopilot22/SUPER-ROS2/mission_planner -DAMENT_CMAKE_SYMLINK_INSTALL=1 -DCMAKE_INSTALL_PREFIX=/home/alux-autopilot22/SUPER-ROS2/install/mission_planner
[0.047s] -- The C compiler identification is GNU 11.4.0
[0.087s] -- The CXX compiler identification is GNU 11.4.0
[0.092s] -- Detecting C compiler ABI info
[0.141s] -- Detecting C compiler ABI info - done
[0.145s] -- Check for working C compiler: /usr/bin/cc - skipped
[0.146s] -- Detecting C compile features
[0.146s] -- Detecting C compile features - done
[0.147s] -- Detecting CXX compiler ABI info
[0.203s] -- Detecting CXX compiler ABI info - done
[0.207s] -- Check for working CXX compiler: /usr/bin/c++ - skipped
[0.207s] -- Detecting CXX compile features
[0.207s] -- Detecting CXX compile features - done
[0.209s] -- Found ament_cmake: 1.3.14 (/opt/ros/humble/share/ament_cmake/cmake)
[0.306s] -- Found Python3: /usr/bin/python3 (found version "3.10.19") found components: Interpreter 
[0.351s] -- Override CMake install command with custom implementation using symlinks instead of copying resources
[0.372s] -- Found rclcpp: 16.0.19 (/opt/ros/humble/share/rclcpp/cmake)
[0.400s] -- Found rosidl_generator_c: 3.1.8 (/opt/ros/humble/share/rosidl_generator_c/cmake)
[0.403s] -- Found rosidl_adapter: 3.1.8 (/opt/ros/humble/share/rosidl_adapter/cmake)
[0.408s] -- Found rosidl_generator_cpp: 3.1.8 (/opt/ros/humble/share/rosidl_generator_cpp/cmake)
[0.415s] -- Using all available rosidl_typesupport_c: rosidl_typesupport_fastrtps_c;rosidl_typesupport_introspection_c
[0.427s] -- Using all available rosidl_typesupport_cpp: rosidl_typesupport_fastrtps_cpp;rosidl_typesupport_introspection_cpp
[0.454s] -- Found rmw_implementation_cmake: 6.1.2 (/opt/ros/humble/share/rmw_implementation_cmake/cmake)
[0.456s] -- Found rmw_fastrtps_cpp: 6.2.10 (/opt/ros/humble/share/rmw_fastrtps_cpp/cmake)
[0.513s] -- Found OpenSSL: /usr/lib/x86_64-linux-gnu/libcrypto.so (found version "3.0.2")  
[0.527s] -- Found FastRTPS: /opt/ros/humble/include  
[0.546s] -- Using RMW implementation 'rmw_fastrtps_cpp' as default
[0.552s] -- Looking for pthread.h
[0.607s] -- Looking for pthread.h - found
[0.608s] -- Performing Test CMAKE_HAVE_LIBC_PTHREAD
[0.664s] -- Performing Test CMAKE_HAVE_LIBC_PTHREAD - Success
[0.665s] -- Found Threads: TRUE  
[0.695s] -- Found geometry_msgs: 4.9.1 (/opt/ros/humble/share/geometry_msgs/cmake)
[0.703s] -- Found sensor_msgs: 4.9.1 (/opt/ros/humble/share/sensor_msgs/cmake)
[0.713s] -- Found nav_msgs: 4.9.1 (/opt/ros/humble/share/nav_msgs/cmake)
[0.725s] -- Found visualization_msgs: 4.9.1 (/opt/ros/humble/share/visualization_msgs/cmake)
[0.737s] -- Found mavros_msgs: 2.14.0 (/opt/ros/humble/share/mavros_msgs/cmake)
[0.787s] -- Checking for module 'eigen3'
[0.797s] --   Found eigen3, version 3.4.0
[0.827s] -- Found Eigen: /usr/include/eigen3 (Required is at least version "3.1") 
[0.828s] -- Eigen found (include: /usr/include/eigen3, version: 3.4.0)
[0.842s] -- Found Boost: /usr/lib/x86_64-linux-gnu/cmake/Boost-1.74.0/BoostConfig.cmake (found suitable version "1.74.0", minimum required is "1.65.0") found components: system filesystem date_time iostreams serialization 
[0.856s] -- Checking for module 'flann'
[0.866s] --   Found flann, version 1.9.1
[0.901s] -- Found FLANN: /usr/lib/x86_64-linux-gnu/libflann_cpp.so  
[0.901s] -- FLANN found (include: /usr/include, lib: /usr/lib/x86_64-linux-gnu/libflann_cpp.so)
[0.925s] -- Found GLEW: /usr/lib/x86_64-linux-gnu/libGLEW.so  
[0.930s] -- Found OpenGL: /usr/lib/x86_64-linux-gnu/libOpenGL.so  found components: OpenGL GLX 
[1.034s] -- Found MPI_C: /usr/lib/x86_64-linux-gnu/libmpi.so (found version "3.1") 
[1.034s] -- Found MPI: TRUE (found version "3.1") found components: C 
[1.036s] -- Found JsonCpp: /usr/lib/x86_64-linux-gnu/libjsoncpp.so (found suitable version "1.9.5", minimum required is "0.7.0") 
[1.043s] -- Found ZLIB: /usr/lib/x86_64-linux-gnu/libz.so (found version "1.3.1") 
[1.056s] -- Found PNG: /usr/lib/x86_64-linux-gnu/libpng.so (found version "1.6.55") 
[1.064s] -- Found Eigen3: /usr/include/eigen3 (found version "3.4.0") 
[1.134s] -- Found X11: /usr/include   
[1.134s] -- Looking for XOpenDisplay in /usr/lib/x86_64-linux-gnu/libX11.so;/usr/lib/x86_64-linux-gnu/libXext.so
[1.190s] -- Looking for XOpenDisplay in /usr/lib/x86_64-linux-gnu/libX11.so;/usr/lib/x86_64-linux-gnu/libXext.so - found
[1.190s] -- Looking for gethostbyname
[1.243s] -- Looking for gethostbyname - found
[1.244s] -- Looking for connect
[1.301s] -- Looking for connect - found
[1.301s] -- Looking for remove
[1.360s] -- Looking for remove - found
[1.360s] -- Looking for shmat
[1.413s] -- Looking for shmat - found
[1.413s] -- Looking for IceConnectionNumber in ICE
[1.469s] -- Looking for IceConnectionNumber in ICE - found
[1.538s] -- Found EXPAT: /usr/lib/x86_64-linux-gnu/libexpat.so (found version "2.6.1") 
[1.539s] -- Found double-conversion: /usr/lib/x86_64-linux-gnu/libdouble-conversion.so  
[1.541s] -- Found LZ4: /usr/lib/x86_64-linux-gnu/liblz4.so (found version "1.9.3") 
[1.542s] -- Found LZMA: /usr/lib/x86_64-linux-gnu/liblzma.so (found version "5.2.5") 
[1.554s] -- Found JPEG: /usr/lib/x86_64-linux-gnu/libjpeg.so (found version "80") 
[1.559s] -- Found TIFF: /usr/lib/x86_64-linux-gnu/libtiff.so (found version "4.7.0")  
[1.562s] -- Found Freetype: /usr/lib/x86_64-linux-gnu/libfreetype.so (found version "2.12.1") 
[1.566s] -- Found utf8cpp: /usr/include/utf8cpp  
[1.626s] -- Checking for module 'libusb-1.0'
[1.637s] --   Found libusb-1.0, version 1.0.25
[1.666s] -- Found libusb: /usr/lib/x86_64-linux-gnu/libusb-1.0.so  
[1.667s] -- Found OpenNI: /usr/lib/libOpenNI.so;libusb::libusb (found version "1.5.4.0") 
[1.667s] -- OpenNI found (version: 1.5.4.0, include: /usr/include/ni, lib: /usr/lib/libOpenNI.so;libusb::libusb)
[1.726s] -- Found OpenNI2: /usr/lib/x86_64-linux-gnu/libOpenNI2.so;libusb::libusb (found version "2.2.0.33") 
[1.726s] -- OpenNI2 found (version: 2.2.0.33, include: /usr/include/openni2, lib: /usr/lib/x86_64-linux-gnu/libOpenNI2.so;libusb::libusb)
[1.726s] [0m** WARNING ** io features related to pcap will be disabled[0m
[1.855s] -- Eigen found (include: /usr/include/eigen3, version: 3.4.0)
[1.860s] -- OpenNI found (version: 1.5.4.0, include: /usr/include/ni, lib: /usr/lib/libOpenNI.so;libusb::libusb)
[1.865s] -- OpenNI2 found (version: 2.2.0.33, include: /usr/include/openni2, lib: /usr/lib/x86_64-linux-gnu/libOpenNI2.so;libusb::libusb)
[1.977s] -- Found Qhull version 8.0.2
[2.089s] -- OpenNI found (version: 1.5.4.0, include: /usr/include/ni, lib: /usr/lib/libOpenNI.so;libusb::libusb)
[2.226s] -- looking for PCL_COMMON
[2.226s] -- Found PCL_COMMON: /usr/lib/x86_64-linux-gnu/libpcl_common.so  
[2.227s] -- looking for PCL_KDTREE
[2.229s] -- Found PCL_KDTREE: /usr/lib/x86_64-linux-gnu/libpcl_kdtree.so  
[2.229s] -- looking for PCL_OCTREE
[2.230s] -- Found PCL_OCTREE: /usr/lib/x86_64-linux-gnu/libpcl_octree.so  
[2.231s] -- looking for PCL_SEARCH
[2.237s] -- Found PCL_SEARCH: /usr/lib/x86_64-linux-gnu/libpcl_search.so  
[2.237s] -- looking for PCL_SAMPLE_CONSENSUS
[2.237s] -- Found PCL_SAMPLE_CONSENSUS: /usr/lib/x86_64-linux-gnu/libpcl_sample_consensus.so  
[2.237s] -- looking for PCL_FILTERS
[2.237s] -- Found PCL_FILTERS: /usr/lib/x86_64-linux-gnu/libpcl_filters.so  
[2.237s] -- looking for PCL_2D
[2.237s] -- Found PCL_2D: /usr/include/pcl-1.12  
[2.237s] -- looking for PCL_GEOMETRY
[2.237s] -- Found PCL_GEOMETRY: /usr/include/pcl-1.12  
[2.237s] -- looking for PCL_IO
[2.239s] -- Found PCL_IO: /usr/lib/x86_64-linux-gnu/libpcl_io.so  
[2.239s] -- looking for PCL_FEATURES
[2.240s] -- Found PCL_FEATURES: /usr/lib/x86_64-linux-gnu/libpcl_features.so  
[2.241s] -- looking for PCL_ML
[2.241s] -- Found PCL_ML: /usr/lib/x86_64-linux-gnu/libpcl_ml.so  
[2.242s] -- looking for PCL_SEGMENTATION
[2.243s] -- Found PCL_SEGMENTATION: /usr/lib/x86_64-linux-gnu/libpcl_segmentation.so  
[2.243s] -- looking for PCL_VISUALIZATION
[2.246s] -- Found PCL_VISUALIZATION: /usr/lib/x86_64-linux-gnu/libpcl_visualization.so  
[2.246s] -- looking for PCL_SURFACE
[2.248s] -- Found PCL_SURFACE: /usr/lib/x86_64-linux-gnu/libpcl_surface.so  
[2.248s] -- looking for PCL_REGISTRATION
[2.251s] -- Found PCL_REGISTRATION: /usr/lib/x86_64-linux-gnu/libpcl_registration.so  
[2.254s] -- looking for PCL_KEYPOINTS
[2.254s] -- Found PCL_KEYPOINTS: /usr/lib/x86_64-linux-gnu/libpcl_keypoints.so  
[2.254s] -- looking for PCL_TRACKING
[2.255s] -- Found PCL_TRACKING: /usr/lib/x86_64-linux-gnu/libpcl_tracking.so  
[2.255s] -- looking for PCL_RECOGNITION
[2.257s] -- Found PCL_RECOGNITION: /usr/lib/x86_64-linux-gnu/libpcl_recognition.so  
[2.258s] -- looking for PCL_STEREO
[2.260s] -- Found PCL_STEREO: /usr/lib/x86_64-linux-gnu/libpcl_stereo.so  
[2.261s] -- looking for PCL_APPS
[2.263s] -- Found PCL_APPS: /usr/lib/x86_64-linux-gnu/libpcl_apps.so  
[2.264s] -- looking for PCL_IN_HAND_SCANNER
[2.264s] -- Found PCL_IN_HAND_SCANNER: /usr/include/pcl-1.12  
[2.265s] -- looking for PCL_MODELER
[2.265s] -- Found PCL_MODELER: /usr/include/pcl-1.12  
[2.265s] -- looking for PCL_POINT_CLOUD_EDITOR
[2.266s] -- Found PCL_POINT_CLOUD_EDITOR: /usr/include/pcl-1.12  
[2.269s] -- looking for PCL_OUTOFCORE
[2.269s] -- Found PCL_OUTOFCORE: /usr/lib/x86_64-linux-gnu/libpcl_outofcore.so  
[2.269s] -- looking for PCL_PEOPLE
[2.273s] -- Found PCL_PEOPLE: /usr/lib/x86_64-linux-gnu/libpcl_people.so  
[2.273s] -- Found PCL: pcl_common;pcl_kdtree;pcl_octree;pcl_search;pcl_sample_consensus;pcl_filters;pcl_io;pcl_features;pcl_ml;pcl_segmentation;pcl_visualization;pcl_surface;pcl_registration;pcl_keypoints;pcl_tracking;pcl_recognition;pcl_stereo;pcl_apps;pcl_outofcore;pcl_people;Boost::system;Boost::filesystem;Boost::date_time;Boost::iostreams;Boost::serialization;/usr/lib/libOpenNI.so;libusb::libusb;/usr/lib/x86_64-linux-gnu/libOpenNI2.so;libusb::libusb;VTK::ChartsCore;VTK::CommonColor;VTK::CommonComputationalGeometry;VTK::CommonCore;VTK::CommonDataModel;VTK::CommonExecutionModel;VTK::CommonMath;VTK::CommonMisc;VTK::CommonTransforms;VTK::FiltersCore;VTK::FiltersExtraction;VTK::FiltersGeneral;VTK::FiltersGeometry;VTK::FiltersModeling;VTK::FiltersSources;VTK::ImagingCore;VTK::ImagingSources;VTK::InteractionImage;VTK::InteractionStyle;VTK::InteractionWidgets;VTK::IOCore;VTK::IOGeometry;VTK::IOImage;VTK::IOLegacy;VTK::IOPLY;VTK::RenderingAnnotation;VTK::RenderingCore;VTK::RenderingContext2D;VTK::RenderingLOD;VTK::RenderingFreeType;VTK::ViewsCore;VTK::ViewsContext2D;VTK::RenderingOpenGL2;VTK::GUISupportQt;FLANN::FLANN;QHULL::QHULL  
[2.449s] -- Configuring done
[2.492s] -- Generating done
[2.507s] -- Build files have been written to: /home/alux-autopilot22/SUPER-ROS2/build/mission_planner
[2.558s] Invoked command in '/home/alux-autopilot22/SUPER-ROS2/build/mission_planner' returned '0': CMAKE_PREFIX_PATH=/opt/ros/humble /usr/bin/cmake /home/alux-autopilot22/SUPER-ROS2/mission_planner -DAMENT_CMAKE_SYMLINK_INSTALL=1 -DCMAKE_INSTALL_PREFIX=/home/alux-autopilot22/SUPER-ROS2/install/mission_planner
[2.558s] Invoking command in '/home/alux-autopilot22/SUPER-ROS2/build/mission_planner': CMAKE_PREFIX_PATH=/opt/ros/humble /usr/bin/cmake --build /home/alux-autopilot22/SUPER-ROS2/build/mission_planner -- -j16 -l16
[2.654s] [ 50%] [32mBuilding CXX object CMakeFiles/waypoint_mission.dir/Apps/ros2_waypoint_mission.cpp.o[0m
[34.634s] [100%] [32m[1mLinking CXX executable waypoint_mission[0m
[35.340s] [100%] Built target waypoint_mission
[35.353s] Invoked command in '/home/alux-autopilot22/SUPER-ROS2/build/mission_planner' returned '0': CMAKE_PREFIX_PATH=/opt/ros/humble /usr/bin/cmake --build /home/alux-autopilot22/SUPER-ROS2/build/mission_planner -- -j16 -l16
[35.355s] Invoking command in '/home/alux-autopilot22/SUPER-ROS2/build/mission_planner': CMAKE_PREFIX_PATH=/opt/ros/humble /usr/bin/cmake --install /home/alux-autopilot22/SUPER-ROS2/build/mission_planner
[35.362s] -- Install configuration: "Release"
[35.363s] -- Execute custom install script
[35.363s] -- Symlinking: /home/alux-autopilot22/SUPER-ROS2/install/mission_planner/include/utils/backward.hpp
[35.372s] -- Symlinking: /home/alux-autopilot22/SUPER-ROS2/install/mission_planner/include/utils/color_msg_utils.hpp
[35.380s] -- Symlinking: /home/alux-autopilot22/SUPER-ROS2/install/mission_planner/include/utils/color_text.hpp
[35.389s] -- Symlinking: /home/alux-autopilot22/SUPER-ROS2/install/mission_planner/include/utils/eigen_alias.hpp
[35.397s] -- Symlinking: /home/alux-autopilot22/SUPER-ROS2/install/mission_planner/include/utils/fmt_eigen.hpp
[35.406s] -- Symlinking: /home/alux-autopilot22/SUPER-ROS2/install/mission_planner/include/utils/matplotlibcpp.hpp
[35.415s] -- Symlinking: /home/alux-autopilot22/SUPER-ROS2/install/mission_planner/include/utils/scope_timer.hpp
[35.424s] -- Symlinking: /home/alux-autopilot22/SUPER-ROS2/install/mission_planner/include/utils/tinycolormap.hpp
[35.432s] -- Symlinking: /home/alux-autopilot22/SUPER-ROS2/install/mission_planner/include/utils/type_utils.hpp
[35.441s] -- Symlinking: /home/alux-autopilot22/SUPER-ROS2/install/mission_planner/include/utils/yaml_loader.hpp
[35.450s] -- Symlinking: /home/alux-autopilot22/SUPER-ROS2/install/mission_planner/include/waypoint_mission/config.hpp
[35.458s] -- Symlinking: /home/alux-autopilot22/SUPER-ROS2/install/mission_planner/include/waypoint_mission/ros1_waypoint_planner.hpp
[35.467s] -- Symlinking: /home/alux-autopilot22/SUPER-ROS2/install/mission_planner/include/waypoint_mission/ros2_waypoint_planner.hpp
[35.477s] -- Symlinking: /home/alux-autopilot22/SUPER-ROS2/install/mission_planner/share/mission_planner//launch/banchmark_high_speed.launch.py
[35.485s] -- Symlinking: /home/alux-autopilot22/SUPER-ROS2/install/mission_planner/share/mission_planner//launch/benchmark_dense.launch
[35.494s] -- Symlinking: /home/alux-autopilot22/SUPER-ROS2/install/mission_planner/share/mission_planner//launch/benchmark_dense.launch.py
[35.503s] -- Symlinking: /home/alux-autopilot22/SUPER-ROS2/install/mission_planner/share/mission_planner//launch/benchmark_high_speed.launch
[35.512s] -- Symlinking: /home/alux-autopilot22/SUPER-ROS2/install/mission_planner/share/mission_planner//launch/click_demo.launch
[35.521s] -- Symlinking: /home/alux-autopilot22/SUPER-ROS2/install/mission_planner/share/mission_planner//launch/click_demo.launch.py
[35.530s] -- Symlinking: /home/alux-autopilot22/SUPER-ROS2/install/mission_planner/share/mission_planner//config/waypoint.yaml
[35.539s] -- Symlinking: /home/alux-autopilot22/SUPER-ROS2/install/mission_planner/share/mission_planner//data/benchmark.txt
[35.548s] -- Symlinking: /home/alux-autopilot22/SUPER-ROS2/install/mission_planner/share/mission_planner//data/benchmark_dense.txt
[35.557s] -- Symlinking: /home/alux-autopilot22/SUPER-ROS2/install/mission_planner/share/ament_index/resource_index/package_run_dependencies/mission_planner
[35.566s] -- Symlinking: /home/alux-autopilot22/SUPER-ROS2/install/mission_planner/share/ament_index/resource_index/parent_prefix_path/mission_planner
[35.575s] -- Symlinking: /home/alux-autopilot22/SUPER-ROS2/install/mission_planner/share/mission_planner/environment/ament_prefix_path.sh
[35.584s] -- Symlinking: /home/alux-autopilot22/SUPER-ROS2/install/mission_planner/share/mission_planner/environment/ament_prefix_path.dsv
[35.593s] -- Symlinking: /home/alux-autopilot22/SUPER-ROS2/install/mission_planner/share/mission_planner/environment/path.sh
[35.602s] -- Symlinking: /home/alux-autopilot22/SUPER-ROS2/install/mission_planner/share/mission_planner/environment/path.dsv
[35.611s] -- Symlinking: /home/alux-autopilot22/SUPER-ROS2/install/mission_planner/share/mission_planner/local_setup.bash
[35.620s] -- Symlinking: /home/alux-autopilot22/SUPER-ROS2/install/mission_planner/share/mission_planner/local_setup.sh
[35.629s] -- Symlinking: /home/alux-autopilot22/SUPER-ROS2/install/mission_planner/share/mission_planner/local_setup.zsh
[35.637s] -- Symlinking: /home/alux-autopilot22/SUPER-ROS2/install/mission_planner/share/mission_planner/local_setup.dsv
[35.646s] -- Symlinking: /home/alux-autopilot22/SUPER-ROS2/install/mission_planner/share/mission_planner/package.dsv
[35.655s] -- Symlinking: /home/alux-autopilot22/SUPER-ROS2/install/mission_planner/share/ament_index/resource_index/packages/mission_planner
[35.664s] -- Symlinking: /home/alux-autopilot22/SUPER-ROS2/install/mission_planner/share/mission_planner/cmake/mission_plannerConfig.cmake
[35.673s] -- Symlinking: /home/alux-autopilot22/SUPER-ROS2/install/mission_planner/share/mission_planner/cmake/mission_plannerConfig-version.cmake
[35.682s] -- Symlinking: /home/alux-autopilot22/SUPER-ROS2/install/mission_planner/share/mission_planner/package.xml
[35.691s] -- Installing: /home/alux-autopilot22/SUPER-ROS2/install/mission_planner/lib/mission_planner/waypoint_mission
[35.720s] -- Set runtime path of "/home/alux-autopilot22/SUPER-ROS2/install/mission_planner/lib/mission_planner/waypoint_mission" to ""
[35.724s] Invoked command in '/home/alux-autopilot22/SUPER-ROS2/build/mission_planner' returned '0': CMAKE_PREFIX_PATH=/opt/ros/humble /usr/bin/cmake --install /home/alux-autopilot22/SUPER-ROS2/build/mission_planner
