[ 19%] [32mBuilding CXX object CMakeFiles/super.dir/src/traj_opt/backup_traj_optimizer_s4.cpp.o[0m
[ 19%] [32mBuilding CXX object CMakeFiles/super.dir/src/super_core/fsm.cpp.o[0m
[ 19%] [32mBuilding CXX object CMakeFiles/super.dir/src/super_core/astar.cpp.o[0m
[ 19%] [32mBuilding CXX object CMakeFiles/super.dir/src/super_core/super_planner.cpp.o[0m
[ 19%] [32mBuilding CXX object CMakeFiles/super.dir/src/super_core/corridor_generator.cpp.o[0m
[ 26%] [32mBuilding CXX object CMakeFiles/super.dir/src/traj_opt/yaw_traj_opt.cpp.o[0m
[ 26%] [32mBuilding CXX object CMakeFiles/super.dir/src/traj_opt/exp_traj_optimizer_s4.cpp.o[0m
[ 30%] [32mBuilding CXX object CMakeFiles/super.dir/src/super_core/ciri.cpp.o[0m
[ 38%] [32mBuilding CXX object CMakeFiles/super.dir/src/utils/ellipsoid.cpp.o[0m
[ 38%] [32mBuilding CXX object CMakeFiles/super.dir/src/utils/banded_system.cpp.o[0m
[ 46%] [32mBuilding CXX object CMakeFiles/super.dir/src/utils/geometry_utils.cpp.o[0m
[ 46%] [32mBuilding CXX object CMakeFiles/super.dir/src/utils/lbfgs.cpp.o[0m
[ 50%] [32mBuilding CXX object CMakeFiles/super.dir/src/utils/minco.cpp.o[0m
[ 57%] [32mBuilding CXX object CMakeFiles/super.dir/src/utils/optimization_utils.cpp.o[0m
[ 57%] [32mBuilding CXX object CMakeFiles/super.dir/src/utils/mvie.cpp.o[0m
[ 61%] [32mBuilding CXX object CMakeFiles/super.dir/src/utils/piece.cpp.o[0m
[ 65%] [32mBuilding CXX object CMakeFiles/super.dir/src/utils/polynomial_interpolation.cpp.o[0m
[ 69%] [32mBuilding CXX object CMakeFiles/super.dir/src/utils/polytope.cpp.o[0m
[ 73%] [32mBuilding CXX object CMakeFiles/super.dir/src/utils/quickhull.cpp.o[0m
[ 76%] [32mBuilding CXX object CMakeFiles/super.dir/src/utils/root_finder.cpp.o[0m
[ 80%] [32mBuilding CXX object CMakeFiles/super.dir/src/utils/sdlp.cpp.o[0m
[ 84%] [32mBuilding CXX object CMakeFiles/super.dir/src/utils/trajectory.cpp.o[0m
[ 88%] [32mBuilding CXX object CMakeFiles/super.dir/src/utils/waypoint_trajectory_optimizer.cpp.o[0m
