[01m[K/home/alux-autopilot22/SUPER-ROS2/super_planner/src/super_core/super_planner.cpp:[m[K In constructor ‘[01m[Ksuper_planner::SuperPlanner::SuperPlanner(const string&, const Ptr&, const Ptr&)[m[K’:
[01m[K/home/alux-autopilot22/SUPER-ROS2/super_planner/src/super_core/super_planner.cpp:32:5:[m[K [01;35m[Kwarning: [m[K  when initialized here [[01;35m[K]8;;https://gcc.gnu.org/onlinedocs/gcc/Warning-Options.html#index-Wreorder-Wreorder]8;;[m[K]
   32 |     [01;35m[KSuperPlanner[m[K::SuperPlanner
      |     [01;35m[K^~~~~~~~~~~~[m[K
In file included from [01m[K/home/alux-autopilot22/SUPER-ROS2/super_planner/include/ros_interface/ros2/ros2_interface.hpp:29[m[K,
                 from [01m[K/home/alux-autopilot22/SUPER-ROS2/super_planner/include/ros_interface/ros2/fsm_ros2.hpp:34[m[K,
                 from [01m[K/home/alux-autopilot22/SUPER-ROS2/super_planner/Apps/fsm_node_ros2.cpp:26[m[K:
[01m[K/home/alux-autopilot22/SUPER-ROS2/super_planner/include/ros_interface/ros2/ros2_adapter.hpp:[m[K In static member function ‘[01m[Kstatic void ros_interface::Ros1Adapter::addTrajectoryToMarkerArray(visualization_msgs::msg::MarkerArray&, const geometry_utils::Trajectory&, const string&, const Color&, const double&, const bool&, const bool&, const tinycolormap::ColormapType&)[m[K’:
[01m[K/home/alux-autopilot22/SUPER-ROS2/super_planner/include/ros_interface/ros2/ros2_adapter.hpp:179:33:[m[K [01;31m[Kerror: [m[K‘[01m[Kisnan[m[K’ was not declared in this scope
  179 |             if (t_sum < 1e-2 || [01;31m[Kisnan[m[K(t_sum) || traj.empty()) {
      |                                 [01;31m[K^~~~~[m[K
[01m[K/home/alux-autopilot22/SUPER-ROS2/super_planner/include/ros_interface/ros2/ros2_adapter.hpp:179:33:[m[K [01;36m[Knote: [m[Ksuggested alternatives:
In file included from [01m[K/home/alux-autopilot22/SUPER-ROS2/rog_map/include/fmt/format.h:36[m[K,
                 from [01m[K/home/alux-autopilot22/SUPER-ROS2/install/rog_map/include/fmt/color.h:11[m[K,
                 from [01m[K/home/alux-autopilot22/SUPER-ROS2/super_planner/include/fsm/fsm.h:30[m[K,
                 from [01m[K/home/alux-autopilot22/SUPER-ROS2/super_planner/include/ros_interface/ros2/fsm_ros2.hpp:31[m[K,
                 from [01m[K/home/alux-autopilot22/SUPER-ROS2/super_planner/Apps/fsm_node_ros2.cpp:26[m[K:
[01m[K/usr/include/c++/11/cmath:632:5:[m[K [01;36m[Knote: [m[K  ‘[01m[Kstd::isnan[m[K’
  632 |     [01;36m[Kisnan[m[K(_Tp __x)
      |     [01;36m[K^~~~~[m[K
In file included from [01m[K/usr/include/eigen3/Eigen/Core:380[m[K,
                 from [01m[K/usr/include/eigen3/Eigen/Dense:1[m[K,
                 from [01m[K/home/alux-autopilot22/SUPER-ROS2/super_planner/include/cereal/types/eigen.hpp:6[m[K,
                 from [01m[K/home/alux-autopilot22/SUPER-ROS2/super_planner/include/cereal/archives/binary_file_handler.hpp:6[m[K,
                 from [01m[K/home/alux-autopilot22/SUPER-ROS2/super_planner/include/fsm/fsm.h:31[m[K,
                 from [01m[K/home/alux-autopilot22/SUPER-ROS2/super_planner/include/ros_interface/ros2/fsm_ros2.hpp:31[m[K,
                 from [01m[K/home/alux-autopilot22/SUPER-ROS2/super_planner/Apps/fsm_node_ros2.cpp:26[m[K:
[01m[K/usr/include/eigen3/Eigen/src/Core/GlobalFunctions.h:97:3:[m[K [01;36m[Knote: [m[K  ‘[01m[KEigen::isnan[m[K’
   97 |   [01;36m[KEIGEN_ARRAY_DECLARE_GLOBAL_UNARY[m[K(isnan,scalar_isnan_op,not-a-number test,\sa Eigen::isinf DOXCOMMA Eigen::isfinite DOXCOMMA ArrayBase::isnan)
      |   [01;36m[K^~~~~~~~~~~~~~~~~~~~~~~~~~~~~~~~[m[K
In file included from [01m[K/usr/include/eigen3/Eigen/Core:171[m[K,
                 from [01m[K/usr/include/eigen3/Eigen/Dense:1[m[K,
                 from [01m[K/home/alux-autopilot22/SUPER-ROS2/super_planner/include/cereal/types/eigen.hpp:6[m[K,
                 from [01m[K/home/alux-autopilot22/SUPER-ROS2/super_planner/include/cereal/archives/binary_file_handler.hpp:6[m[K,
                 from [01m[K/home/alux-autopilot22/SUPER-ROS2/super_planner/include/fsm/fsm.h:31[m[K,
                 from [01m[K/home/alux-autopilot22/SUPER-ROS2/super_planner/include/ros_interface/ros2/fsm_ros2.hpp:31[m[K,
                 from [01m[K/home/alux-autopilot22/SUPER-ROS2/super_planner/Apps/fsm_node_ros2.cpp:26[m[K:
[01m[K/usr/include/eigen3/Eigen/src/Core/MathFunctions.h:1370:46:[m[K [01;36m[Knote: [m[K  ‘[01m[KEigen::numext::isnan[m[K’
 1370 | template<typename T> EIGEN_DEVICE_FUNC bool ([01;36m[Kisnan[m[K)   (const T &x) { return internal::isnan_impl(x); }
      |                                              [01;36m[K^~~~~[m[K
In file included from [01m[K/usr/include/eigen3/Eigen/Core:176[m[K,
                 from [01m[K/usr/include/eigen3/Eigen/Dense:1[m[K,
                 from [01m[K/home/alux-autopilot22/SUPER-ROS2/super_planner/include/cereal/types/eigen.hpp:6[m[K,
                 from [01m[K/home/alux-autopilot22/SUPER-ROS2/super_planner/include/cereal/archives/binary_file_handler.hpp:6[m[K,
                 from [01m[K/home/alux-autopilot22/SUPER-ROS2/super_planner/include/fsm/fsm.h:31[m[K,
                 from [01m[K/home/alux-autopilot22/SUPER-ROS2/super_planner/include/ros_interface/ros2/fsm_ros2.hpp:31[m[K,
                 from [01m[K/home/alux-autopilot22/SUPER-ROS2/super_planner/Apps/fsm_node_ros2.cpp:26[m[K:
[01m[K/usr/include/eigen3/Eigen/src/Core/arch/Default/Half.h:632:45:[m[K [01;36m[Knote: [m[K  ‘[01m[KEigen::half_impl::isnan[m[K’
  632 | EIGEN_STRONG_INLINE EIGEN_DEVICE_FUNC bool ([01;36m[Kisnan[m[K)(const half& a) {
      |                                             [01;36m[K^~~~~[m[K
In file included from [01m[K/usr/include/eigen3/Eigen/Core:177[m[K,
                 from [01m[K/usr/include/eigen3/Eigen/Dense:1[m[K,
                 from [01m[K/home/alux-autopilot22/SUPER-ROS2/super_planner/include/cereal/types/eigen.hpp:6[m[K,
                 from [01m[K/home/alux-autopilot22/SUPER-ROS2/super_planner/include/cereal/archives/binary_file_handler.hpp:6[m[K,
                 from [01m[K/home/alux-autopilot22/SUPER-ROS2/super_planner/include/fsm/fsm.h:31[m[K,
                 from [01m[K/home/alux-autopilot22/SUPER-ROS2/super_planner/include/ros_interface/ros2/fsm_ros2.hpp:31[m[K,
                 from [01m[K/home/alux-autopilot22/SUPER-ROS2/super_planner/Apps/fsm_node_ros2.cpp:26[m[K:
[01m[K/usr/include/eigen3/Eigen/src/Core/arch/Default/BFloat16.h:480:45:[m[K [01;36m[Knote: [m[K  ‘[01m[KEigen::bfloat16_impl::isnan[m[K’
  480 | EIGEN_STRONG_INLINE EIGEN_DEVICE_FUNC bool ([01;36m[Kisnan[m[K)(const bfloat16& a) {
      |                                             [01;36m[K^~~~~[m[K
In file included from [01m[K/home/alux-autopilot22/SUPER-ROS2/super_planner/include/ros_interface/ros2/ros2_interface.hpp:29[m[K,
                 from [01m[K/home/alux-autopilot22/SUPER-ROS2/super_planner/include/ros_interface/ros2/fsm_ros2.hpp:34[m[K,
                 from [01m[K/home/alux-autopilot22/SUPER-ROS2/super_planner/Apps/fsm_node_ros2.cpp:26[m[K:
[01m[K/home/alux-autopilot22/SUPER-ROS2/super_planner/include/ros_interface/ros2/ros2_adapter.hpp:[m[K In static member function ‘[01m[Kstatic void ros_interface::Ros1Adapter::addPolytopeToMarkerArray(visualization_msgs::msg::MarkerArray&, const geometry_utils::Polytope&, const string&, const bool&, const Color&, const Color&, const Color&, const double&, const double&)[m[K’:
[01m[K/home/alux-autopilot22/SUPER-ROS2/super_planner/include/ros_interface/ros2/ros2_adapter.hpp:316:17:[m[K [01;31m[Kerror: [m[K‘[01m[Kisnan[m[K’ was not declared in this scope
  316 |             if ([01;31m[Kisnan[m[K(planes.sum())) {
      |                 [01;31m[K^~~~~[m[K
[01m[K/home/alux-autopilot22/SUPER-ROS2/super_planner/include/ros_interface/ros2/ros2_adapter.hpp:316:17:[m[K [01;36m[Knote: [m[Ksuggested alternatives:
In file included from [01m[K/home/alux-autopilot22/SUPER-ROS2/rog_map/include/fmt/format.h:36[m[K,
                 from [01m[K/home/alux-autopilot22/SUPER-ROS2/install/rog_map/include/fmt/color.h:11[m[K,
                 from [01m[K/home/alux-autopilot22/SUPER-ROS2/super_planner/include/fsm/fsm.h:30[m[K,
                 from [01m[K/home/alux-autopilot22/SUPER-ROS2/super_planner/include/ros_interface/ros2/fsm_ros2.hpp:31[m[K,
                 from [01m[K/home/alux-autopilot22/SUPER-ROS2/super_planner/Apps/fsm_node_ros2.cpp:26[m[K:
[01m[K/usr/include/c++/11/cmath:632:5:[m[K [01;36m[Knote: [m[K  ‘[01m[Kstd::isnan[m[K’
  632 |     [01;36m[Kisnan[m[K(_Tp __x)
      |     [01;36m[K^~~~~[m[K
In file included from [01m[K/usr/include/eigen3/Eigen/Core:380[m[K,
                 from [01m[K/usr/include/eigen3/Eigen/Dense:1[m[K,
                 from [01m[K/home/alux-autopilot22/SUPER-ROS2/super_planner/include/cereal/types/eigen.hpp:6[m[K,
                 from [01m[K/home/alux-autopilot22/SUPER-ROS2/super_planner/include/cereal/archives/binary_file_handler.hpp:6[m[K,
                 from [01m[K/home/alux-autopilot22/SUPER-ROS2/super_planner/include/fsm/fsm.h:31[m[K,
                 from [01m[K/home/alux-autopilot22/SUPER-ROS2/super_planner/include/ros_interface/ros2/fsm_ros2.hpp:31[m[K,
                 from [01m[K/home/alux-autopilot22/SUPER-ROS2/super_planner/Apps/fsm_node_ros2.cpp:26[m[K:
[01m[K/usr/include/eigen3/Eigen/src/Core/GlobalFunctions.h:97:3:[m[K [01;36m[Knote: [m[K  ‘[01m[KEigen::isnan[m[K’
   97 |   [01;36m[KEIGEN_ARRAY_DECLARE_GLOBAL_UNARY[m[K(isnan,scalar_isnan_op,not-a-number test,\sa Eigen::isinf DOXCOMMA Eigen::isfinite DOXCOMMA ArrayBase::isnan)
      |   [01;36m[K^~~~~~~~~~~~~~~~~~~~~~~~~~~~~~~~[m[K
In file included from [01m[K/usr/include/eigen3/Eigen/Core:171[m[K,
                 from [01m[K/usr/include/eigen3/Eigen/Dense:1[m[K,
                 from [01m[K/home/alux-autopilot22/SUPER-ROS2/super_planner/include/cereal/types/eigen.hpp:6[m[K,
                 from [01m[K/home/alux-autopilot22/SUPER-ROS2/super_planner/include/cereal/archives/binary_file_handler.hpp:6[m[K,
                 from [01m[K/home/alux-autopilot22/SUPER-ROS2/super_planner/include/fsm/fsm.h:31[m[K,
                 from [01m[K/home/alux-autopilot22/SUPER-ROS2/super_planner/include/ros_interface/ros2/fsm_ros2.hpp:31[m[K,
                 from [01m[K/home/alux-autopilot22/SUPER-ROS2/super_planner/Apps/fsm_node_ros2.cpp:26[m[K:
[01m[K/usr/include/eigen3/Eigen/src/Core/MathFunctions.h:1370:46:[m[K [01;36m[Knote: [m[K  ‘[01m[KEigen::numext::isnan[m[K’
 1370 | template<typename T> EIGEN_DEVICE_FUNC bool ([01;36m[Kisnan[m[K)   (const T &x) { return internal::isnan_impl(x); }
      |                                              [01;36m[K^~~~~[m[K
In file included from [01m[K/usr/include/eigen3/Eigen/Core:176[m[K,
                 from [01m[K/usr/include/eigen3/Eigen/Dense:1[m[K,
                 from [01m[K/home/alux-autopilot22/SUPER-ROS2/super_planner/include/cereal/types/eigen.hpp:6[m[K,
                 from [01m[K/home/alux-autopilot22/SUPER-ROS2/super_planner/include/cereal/archives/binary_file_handler.hpp:6[m[K,
                 from [01m[K/home/alux-autopilot22/SUPER-ROS2/super_planner/include/fsm/fsm.h:31[m[K,
                 from [01m[K/home/alux-autopilot22/SUPER-ROS2/super_planner/include/ros_interface/ros2/fsm_ros2.hpp:31[m[K,
                 from [01m[K/home/alux-autopilot22/SUPER-ROS2/super_planner/Apps/fsm_node_ros2.cpp:26[m[K:
[01m[K/usr/include/eigen3/Eigen/src/Core/arch/Default/Half.h:632:45:[m[K [01;36m[Knote: [m[K  ‘[01m[KEigen::half_impl::isnan[m[K’
  632 | EIGEN_STRONG_INLINE EIGEN_DEVICE_FUNC bool ([01;36m[Kisnan[m[K)(const half& a) {
      |                                             [01;36m[K^~~~~[m[K
In file included from [01m[K/usr/include/eigen3/Eigen/Core:177[m[K,
                 from [01m[K/usr/include/eigen3/Eigen/Dense:1[m[K,
                 from [01m[K/home/alux-autopilot22/SUPER-ROS2/super_planner/include/cereal/types/eigen.hpp:6[m[K,
                 from [01m[K/home/alux-autopilot22/SUPER-ROS2/super_planner/include/cereal/archives/binary_file_handler.hpp:6[m[K,
                 from [01m[K/home/alux-autopilot22/SUPER-ROS2/super_planner/include/fsm/fsm.h:31[m[K,
                 from [01m[K/home/alux-autopilot22/SUPER-ROS2/super_planner/include/ros_interface/ros2/fsm_ros2.hpp:31[m[K,
                 from [01m[K/home/alux-autopilot22/SUPER-ROS2/super_planner/Apps/fsm_node_ros2.cpp:26[m[K:
[01m[K/usr/include/eigen3/Eigen/src/Core/arch/Default/BFloat16.h:480:45:[m[K [01;36m[Knote: [m[K  ‘[01m[KEigen::bfloat16_impl::isnan[m[K’
  480 | EIGEN_STRONG_INLINE EIGEN_DEVICE_FUNC bool ([01;36m[Kisnan[m[K)(const bfloat16& a) {
      |                                             [01;36m[K^~~~~[m[K
In file included from [01m[K/home/alux-autopilot22/SUPER-ROS2/super_planner/include/ros_interface/ros2/ros2_interface.hpp:29[m[K,
                 from [01m[K/home/alux-autopilot22/SUPER-ROS2/super_planner/include/ros_interface/ros2/fsm_ros2.hpp:34[m[K,
                 from [01m[K/home/alux-autopilot22/SUPER-ROS2/super_planner/Apps/fsm_node_ros2.cpp:26[m[K:
[01m[K/home/alux-autopilot22/SUPER-ROS2/super_planner/include/ros_interface/ros2/ros2_adapter.hpp:345:17:[m[K [01;31m[Kerror: [m[K‘[01m[Kisnan[m[K’ was not declared in this scope
  345 |             if ([01;31m[Kisnan[m[K(mesh.sum())) {
      |                 [01;31m[K^~~~~[m[K
[01m[K/home/alux-autopilot22/SUPER-ROS2/super_planner/include/ros_interface/ros2/ros2_adapter.hpp:345:17:[m[K [01;36m[Knote: [m[Ksuggested alternatives:
In file included from [01m[K/home/alux-autopilot22/SUPER-ROS2/rog_map/include/fmt/format.h:36[m[K,
                 from [01m[K/home/alux-autopilot22/SUPER-ROS2/install/rog_map/include/fmt/color.h:11[m[K,
                 from [01m[K/home/alux-autopilot22/SUPER-ROS2/super_planner/include/fsm/fsm.h:30[m[K,
                 from [01m[K/home/alux-autopilot22/SUPER-ROS2/super_planner/include/ros_interface/ros2/fsm_ros2.hpp:31[m[K,
                 from [01m[K/home/alux-autopilot22/SUPER-ROS2/super_planner/Apps/fsm_node_ros2.cpp:26[m[K:
[01m[K/usr/include/c++/11/cmath:632:5:[m[K [01;36m[Knote: [m[K  ‘[01m[Kstd::isnan[m[K’
  632 |     [01;36m[Kisnan[m[K(_Tp __x)
      |     [01;36m[K^~~~~[m[K
In file included from [01m[K/usr/include/eigen3/Eigen/Core:380[m[K,
                 from [01m[K/usr/include/eigen3/Eigen/Dense:1[m[K,
                 from [01m[K/home/alux-autopilot22/SUPER-ROS2/super_planner/include/cereal/types/eigen.hpp:6[m[K,
                 from [01m[K/home/alux-autopilot22/SUPER-ROS2/super_planner/include/cereal/archives/binary_file_handler.hpp:6[m[K,
                 from [01m[K/home/alux-autopilot22/SUPER-ROS2/super_planner/include/fsm/fsm.h:31[m[K,
                 from [01m[K/home/alux-autopilot22/SUPER-ROS2/super_planner/include/ros_interface/ros2/fsm_ros2.hpp:31[m[K,
                 from [01m[K/home/alux-autopilot22/SUPER-ROS2/super_planner/Apps/fsm_node_ros2.cpp:26[m[K:
[01m[K/usr/include/eigen3/Eigen/src/Core/GlobalFunctions.h:97:3:[m[K [01;36m[Knote: [m[K  ‘[01m[KEigen::isnan[m[K’
   97 |   [01;36m[KEIGEN_ARRAY_DECLARE_GLOBAL_UNARY[m[K(isnan,scalar_isnan_op,not-a-number test,\sa Eigen::isinf DOXCOMMA Eigen::isfinite DOXCOMMA ArrayBase::isnan)
      |   [01;36m[K^~~~~~~~~~~~~~~~~~~~~~~~~~~~~~~~[m[K
In file included from [01m[K/usr/include/eigen3/Eigen/Core:171[m[K,
                 from [01m[K/usr/include/eigen3/Eigen/Dense:1[m[K,
                 from [01m[K/home/alux-autopilot22/SUPER-ROS2/super_planner/include/cereal/types/eigen.hpp:6[m[K,
                 from [01m[K/home/alux-autopilot22/SUPER-ROS2/super_planner/include/cereal/archives/binary_file_handler.hpp:6[m[K,
                 from [01m[K/home/alux-autopilot22/SUPER-ROS2/super_planner/include/fsm/fsm.h:31[m[K,
                 from [01m[K/home/alux-autopilot22/SUPER-ROS2/super_planner/include/ros_interface/ros2/fsm_ros2.hpp:31[m[K,
                 from [01m[K/home/alux-autopilot22/SUPER-ROS2/super_planner/Apps/fsm_node_ros2.cpp:26[m[K:
[01m[K/usr/include/eigen3/Eigen/src/Core/MathFunctions.h:1370:46:[m[K [01;36m[Knote: [m[K  ‘[01m[KEigen::numext::isnan[m[K’
 1370 | template<typename T> EIGEN_DEVICE_FUNC bool ([01;36m[Kisnan[m[K)   (const T &x) { return internal::isnan_impl(x); }
      |                                              [01;36m[K^~~~~[m[K
In file included from [01m[K/usr/include/eigen3/Eigen/Core:176[m[K,
                 from [01m[K/usr/include/eigen3/Eigen/Dense:1[m[K,
                 from [01m[K/home/alux-autopilot22/SUPER-ROS2/super_planner/include/cereal/types/eigen.hpp:6[m[K,
                 from [01m[K/home/alux-autopilot22/SUPER-ROS2/super_planner/include/cereal/archives/binary_file_handler.hpp:6[m[K,
                 from [01m[K/home/alux-autopilot22/SUPER-ROS2/super_planner/include/fsm/fsm.h:31[m[K,
                 from [01m[K/home/alux-autopilot22/SUPER-ROS2/super_planner/include/ros_interface/ros2/fsm_ros2.hpp:31[m[K,
                 from [01m[K/home/alux-autopilot22/SUPER-ROS2/super_planner/Apps/fsm_node_ros2.cpp:26[m[K:
[01m[K/usr/include/eigen3/Eigen/src/Core/arch/Default/Half.h:632:45:[m[K [01;36m[Knote: [m[K  ‘[01m[KEigen::half_impl::isnan[m[K’
  632 | EIGEN_STRONG_INLINE EIGEN_DEVICE_FUNC bool ([01;36m[Kisnan[m[K)(const half& a) {
      |                                             [01;36m[K^~~~~[m[K
In file included from [01m[K/usr/include/eigen3/Eigen/Core:177[m[K,
                 from [01m[K/usr/include/eigen3/Eigen/Dense:1[m[K,
                 from [01m[K/home/alux-autopilot22/SUPER-ROS2/super_planner/include/cereal/types/eigen.hpp:6[m[K,
                 from [01m[K/home/alux-autopilot22/SUPER-ROS2/super_planner/include/cereal/archives/binary_file_handler.hpp:6[m[K,
                 from [01m[K/home/alux-autopilot22/SUPER-ROS2/super_planner/include/fsm/fsm.h:31[m[K,
                 from [01m[K/home/alux-autopilot22/SUPER-ROS2/super_planner/include/ros_interface/ros2/fsm_ros2.hpp:31[m[K,
                 from [01m[K/home/alux-autopilot22/SUPER-ROS2/super_planner/Apps/fsm_node_ros2.cpp:26[m[K:
[01m[K/usr/include/eigen3/Eigen/src/Core/arch/Default/BFloat16.h:480:45:[m[K [01;36m[Knote: [m[K  ‘[01m[KEigen::bfloat16_impl::isnan[m[K’
  480 | EIGEN_STRONG_INLINE EIGEN_DEVICE_FUNC bool ([01;36m[Kisnan[m[K)(const bfloat16& a) {
      |                                             [01;36m[K^~~~~[m[K
In file included from [01m[K/home/alux-autopilot22/SUPER-ROS2/super_planner/include/ros_interface/ros2/ros2_interface.hpp:29[m[K,
                 from [01m[K/home/alux-autopilot22/SUPER-ROS2/super_planner/include/ros_interface/ros2/fsm_ros2.hpp:34[m[K,
                 from [01m[K/home/alux-autopilot22/SUPER-ROS2/super_planner/Apps/fsm_node_ros2.cpp:26[m[K:
[01m[K/home/alux-autopilot22/SUPER-ROS2/super_planner/include/ros_interface/ros2/ros2_adapter.hpp:[m[K In static member function ‘[01m[Kstatic void ros_interface::Ros1Adapter::addPointToMarkerArray(visualization_msgs::msg::MarkerArray&, const Vec3f&, Color, std::string, double, int)[m[K’:
[01m[K/home/alux-autopilot22/SUPER-ROS2/super_planner/include/ros_interface/ros2/ros2_adapter.hpp:655:17:[m[K [01;31m[Kerror: [m[K‘[01m[Kisnan[m[K’ was not declared in this scope
  655 |             if ([01;31m[Kisnan[m[K(pt.x()) || isnan(pt.y()) || isnan(pt.z())) {
      |                 [01;31m[K^~~~~[m[K
[01m[K/home/alux-autopilot22/SUPER-ROS2/super_planner/include/ros_interface/ros2/ros2_adapter.hpp:655:17:[m[K [01;36m[Knote: [m[Ksuggested alternatives:
In file included from [01m[K/home/alux-autopilot22/SUPER-ROS2/rog_map/include/fmt/format.h:36[m[K,
                 from [01m[K/home/alux-autopilot22/SUPER-ROS2/install/rog_map/include/fmt/color.h:11[m[K,
                 from [01m[K/home/alux-autopilot22/SUPER-ROS2/super_planner/include/fsm/fsm.h:30[m[K,
                 from [01m[K/home/alux-autopilot22/SUPER-ROS2/super_planner/include/ros_interface/ros2/fsm_ros2.hpp:31[m[K,
                 from [01m[K/home/alux-autopilot22/SUPER-ROS2/super_planner/Apps/fsm_node_ros2.cpp:26[m[K:
[01m[K/usr/include/c++/11/cmath:632:5:[m[K [01;36m[Knote: [m[K  ‘[01m[Kstd::isnan[m[K’
  632 |     [01;36m[Kisnan[m[K(_Tp __x)
      |     [01;36m[K^~~~~[m[K
In file included from [01m[K/usr/include/eigen3/Eigen/Core:380[m[K,
                 from [01m[K/usr/include/eigen3/Eigen/Dense:1[m[K,
                 from [01m[K/home/alux-autopilot22/SUPER-ROS2/super_planner/include/cereal/types/eigen.hpp:6[m[K,
                 from [01m[K/home/alux-autopilot22/SUPER-ROS2/super_planner/include/cereal/archives/binary_file_handler.hpp:6[m[K,
                 from [01m[K/home/alux-autopilot22/SUPER-ROS2/super_planner/include/fsm/fsm.h:31[m[K,
                 from [01m[K/home/alux-autopilot22/SUPER-ROS2/super_planner/include/ros_interface/ros2/fsm_ros2.hpp:31[m[K,
                 from [01m[K/home/alux-autopilot22/SUPER-ROS2/super_planner/Apps/fsm_node_ros2.cpp:26[m[K:
[01m[K/usr/include/eigen3/Eigen/src/Core/GlobalFunctions.h:97:3:[m[K [01;36m[Knote: [m[K  ‘[01m[KEigen::isnan[m[K’
   97 |   [01;36m[KEIGEN_ARRAY_DECLARE_GLOBAL_UNARY[m[K(isnan,scalar_isnan_op,not-a-number test,\sa Eigen::isinf DOXCOMMA Eigen::isfinite DOXCOMMA ArrayBase::isnan)
      |   [01;36m[K^~~~~~~~~~~~~~~~~~~~~~~~~~~~~~~~[m[K
In file included from [01m[K/usr/include/eigen3/Eigen/Core:171[m[K,
                 from [01m[K/usr/include/eigen3/Eigen/Dense:1[m[K,
                 from [01m[K/home/alux-autopilot22/SUPER-ROS2/super_planner/include/cereal/types/eigen.hpp:6[m[K,
                 from [01m[K/home/alux-autopilot22/SUPER-ROS2/super_planner/include/cereal/archives/binary_file_handler.hpp:6[m[K,
                 from [01m[K/home/alux-autopilot22/SUPER-ROS2/super_planner/include/fsm/fsm.h:31[m[K,
                 from [01m[K/home/alux-autopilot22/SUPER-ROS2/super_planner/include/ros_interface/ros2/fsm_ros2.hpp:31[m[K,
                 from [01m[K/home/alux-autopilot22/SUPER-ROS2/super_planner/Apps/fsm_node_ros2.cpp:26[m[K:
[01m[K/usr/include/eigen3/Eigen/src/Core/MathFunctions.h:1370:46:[m[K [01;36m[Knote: [m[K  ‘[01m[KEigen::numext::isnan[m[K’
 1370 | template<typename T> EIGEN_DEVICE_FUNC bool ([01;36m[Kisnan[m[K)   (const T &x) { return internal::isnan_impl(x); }
      |                                              [01;36m[K^~~~~[m[K
In file included from [01m[K/usr/include/eigen3/Eigen/Core:176[m[K,
                 from [01m[K/usr/include/eigen3/Eigen/Dense:1[m[K,
                 from [01m[K/home/alux-autopilot22/SUPER-ROS2/super_planner/include/cereal/types/eigen.hpp:6[m[K,
                 from [01m[K/home/alux-autopilot22/SUPER-ROS2/super_planner/include/cereal/archives/binary_file_handler.hpp:6[m[K,
                 from [01m[K/home/alux-autopilot22/SUPER-ROS2/super_planner/include/fsm/fsm.h:31[m[K,
                 from [01m[K/home/alux-autopilot22/SUPER-ROS2/super_planner/include/ros_interface/ros2/fsm_ros2.hpp:31[m[K,
                 from [01m[K/home/alux-autopilot22/SUPER-ROS2/super_planner/Apps/fsm_node_ros2.cpp:26[m[K:
[01m[K/usr/include/eigen3/Eigen/src/Core/arch/Default/Half.h:632:45:[m[K [01;36m[Knote: [m[K  ‘[01m[KEigen::half_impl::isnan[m[K’
  632 | EIGEN_STRONG_INLINE EIGEN_DEVICE_FUNC bool ([01;36m[Kisnan[m[K)(const half& a) {
      |                                             [01;36m[K^~~~~[m[K
In file included from [01m[K/usr/include/eigen3/Eigen/Core:177[m[K,
                 from [01m[K/usr/include/eigen3/Eigen/Dense:1[m[K,
                 from [01m[K/home/alux-autopilot22/SUPER-ROS2/super_planner/include/cereal/types/eigen.hpp:6[m[K,
                 from [01m[K/home/alux-autopilot22/SUPER-ROS2/super_planner/include/cereal/archives/binary_file_handler.hpp:6[m[K,
                 from [01m[K/home/alux-autopilot22/SUPER-ROS2/super_planner/include/fsm/fsm.h:31[m[K,
                 from [01m[K/home/alux-autopilot22/SUPER-ROS2/super_planner/include/ros_interface/ros2/fsm_ros2.hpp:31[m[K,
                 from [01m[K/home/alux-autopilot22/SUPER-ROS2/super_planner/Apps/fsm_node_ros2.cpp:26[m[K:
[01m[K/usr/include/eigen3/Eigen/src/Core/arch/Default/BFloat16.h:480:45:[m[K [01;36m[Knote: [m[K  ‘[01m[KEigen::bfloat16_impl::isnan[m[K’
  480 | EIGEN_STRONG_INLINE EIGEN_DEVICE_FUNC bool ([01;36m[Kisnan[m[K)(const bfloat16& a) {
      |                                             [01;36m[K^~~~~[m[K
gmake[2]: *** [CMakeFiles/fsm_node.dir/build.make:76: CMakeFiles/fsm_node.dir/Apps/fsm_node_ros2.cpp.o] Error 1
gmake[1]: *** [CMakeFiles/Makefile2:165: CMakeFiles/fsm_node.dir/all] Error 2
gmake: *** [Makefile:146: all] Error 2
