[0.057s] DEBUG:colcon:Command line arguments: ['/usr/bin/colcon', 'build', '--symlink-install']
[0.057s] DEBUG:colcon:Parsed command line arguments: Namespace(log_base=None, log_level=None, verb_name='build', build_base='build', install_base='install', merge_install=False, symlink_install=True, test_result_base=None, continue_on_error=False, executor='parallel', parallel_workers=16, event_handlers=None, ignore_user_meta=False, metas=['./colcon.meta'], base_paths=['.'], packages_ignore=None, packages_ignore_regex=None, paths=None, packages_up_to=None, packages_up_to_regex=None, packages_above=None, packages_above_and_dependencies=None, packages_above_depth=None, packages_select_by_dep=None, packages_skip_by_dep=None, packages_skip_up_to=None, packages_select_build_failed=False, packages_skip_build_finished=False, packages_select_test_failures=False, packages_skip_test_passed=False, packages_select=None, packages_skip=None, packages_select_regex=None, packages_skip_regex=None, packages_start=None, packages_end=None, allow_overriding=[], cmake_args=None, cmake_target=None, cmake_target_skip_unavailable=False, cmake_clean_cache=False, cmake_clean_first=False, cmake_force_configure=False, ament_cmake_args=None, catkin_cmake_args=None, catkin_skip_building_tests=False, verb_parser=<colcon_defaults.argument_parser.defaults.DefaultArgumentsDecorator object at 0x765d2aa31390>, verb_extension=<colcon_core.verb.build.BuildVerb object at 0x765d2aa30e80>, main=<bound method BuildVerb.main of <colcon_core.verb.build.BuildVerb object at 0x765d2aa30e80>>)
[0.140s] Level 1:colcon.colcon_core.package_discovery:discover_packages(colcon_meta) check parameters
[0.140s] Level 1:colcon.colcon_core.package_discovery:discover_packages(recursive) check parameters
[0.140s] Level 1:colcon.colcon_core.package_discovery:discover_packages(ignore) check parameters
[0.140s] Level 1:colcon.colcon_core.package_discovery:discover_packages(path) check parameters
[0.140s] Level 1:colcon.colcon_core.package_discovery:discover_packages(colcon_meta) discover
[0.140s] Level 1:colcon.colcon_core.package_discovery:discover_packages(recursive) discover
[0.140s] INFO:colcon.colcon_core.package_discovery:Crawling recursively for packages in '/home/alux-autopilot22/SUPER-ROS2'
[0.140s] Level 1:colcon.colcon_core.package_identification:_identify(.) by extensions ['ignore', 'ignore_ament_install']
[0.140s] Level 1:colcon.colcon_core.package_identification:_identify(.) by extension 'ignore'
[0.140s] Level 1:colcon.colcon_core.package_identification:_identify(.) by extension 'ignore_ament_install'
[0.140s] Level 1:colcon.colcon_core.package_identification:_identify(.) by extensions ['colcon_pkg']
[0.140s] Level 1:colcon.colcon_core.package_identification:_identify(.) by extension 'colcon_pkg'
[0.140s] Level 1:colcon.colcon_core.package_identification:_identify(.) by extensions ['colcon_meta']
[0.140s] Level 1:colcon.colcon_core.package_identification:_identify(.) by extension 'colcon_meta'
[0.140s] Level 1:colcon.colcon_core.package_identification:_identify(.) by extensions ['ros']
[0.140s] Level 1:colcon.colcon_core.package_identification:_identify(.) by extension 'ros'
[0.161s] Level 1:colcon.colcon_core.package_identification:_identify(.) by extensions ['cmake', 'python']
[0.161s] Level 1:colcon.colcon_core.package_identification:_identify(.) by extension 'cmake'
[0.161s] Level 1:colcon.colcon_core.package_identification:_identify(.) by extension 'python'
[0.161s] Level 1:colcon.colcon_core.package_identification:_identify(.) by extensions ['python_setup_py']
[0.161s] Level 1:colcon.colcon_core.package_identification:_identify(.) by extension 'python_setup_py'
[0.161s] Level 1:colcon.colcon_core.package_identification:_identify(build) by extensions ['ignore', 'ignore_ament_install']
[0.161s] Level 1:colcon.colcon_core.package_identification:_identify(build) by extension 'ignore'
[0.161s] Level 1:colcon.colcon_core.package_identification:_identify(build) ignored
[0.161s] Level 1:colcon.colcon_core.package_identification:_identify(install) by extensions ['ignore', 'ignore_ament_install']
[0.161s] Level 1:colcon.colcon_core.package_identification:_identify(install) by extension 'ignore'
[0.161s] Level 1:colcon.colcon_core.package_identification:_identify(install) ignored
[0.162s] Level 1:colcon.colcon_core.package_identification:_identify(log) by extensions ['ignore', 'ignore_ament_install']
[0.162s] Level 1:colcon.colcon_core.package_identification:_identify(log) by extension 'ignore'
[0.162s] Level 1:colcon.colcon_core.package_identification:_identify(log) ignored
[0.162s] Level 1:colcon.colcon_core.package_identification:_identify(mars_uav_sim) by extensions ['ignore', 'ignore_ament_install']
[0.162s] Level 1:colcon.colcon_core.package_identification:_identify(mars_uav_sim) by extension 'ignore'
[0.162s] Level 1:colcon.colcon_core.package_identification:_identify(mars_uav_sim) by extension 'ignore_ament_install'
[0.162s] Level 1:colcon.colcon_core.package_identification:_identify(mars_uav_sim) by extensions ['colcon_pkg']
[0.162s] Level 1:colcon.colcon_core.package_identification:_identify(mars_uav_sim) by extension 'colcon_pkg'
[0.162s] Level 1:colcon.colcon_core.package_identification:_identify(mars_uav_sim) by extensions ['colcon_meta']
[0.162s] Level 1:colcon.colcon_core.package_identification:_identify(mars_uav_sim) by extension 'colcon_meta'
[0.162s] Level 1:colcon.colcon_core.package_identification:_identify(mars_uav_sim) by extensions ['ros']
[0.162s] Level 1:colcon.colcon_core.package_identification:_identify(mars_uav_sim) by extension 'ros'
[0.162s] Level 1:colcon.colcon_core.package_identification:_identify(mars_uav_sim) by extensions ['cmake', 'python']
[0.162s] Level 1:colcon.colcon_core.package_identification:_identify(mars_uav_sim) by extension 'cmake'
[0.162s] Level 1:colcon.colcon_core.package_identification:_identify(mars_uav_sim) by extension 'python'
[0.162s] Level 1:colcon.colcon_core.package_identification:_identify(mars_uav_sim) by extensions ['python_setup_py']
[0.162s] Level 1:colcon.colcon_core.package_identification:_identify(mars_uav_sim) by extension 'python_setup_py'
[0.162s] Level 1:colcon.colcon_core.package_identification:_identify(mars_uav_sim/mars_quadrotor_msgs) by extensions ['ignore', 'ignore_ament_install']
[0.162s] Level 1:colcon.colcon_core.package_identification:_identify(mars_uav_sim/mars_quadrotor_msgs) by extension 'ignore'
[0.162s] Level 1:colcon.colcon_core.package_identification:_identify(mars_uav_sim/mars_quadrotor_msgs) by extension 'ignore_ament_install'
[0.162s] Level 1:colcon.colcon_core.package_identification:_identify(mars_uav_sim/mars_quadrotor_msgs) by extensions ['colcon_pkg']
[0.162s] Level 1:colcon.colcon_core.package_identification:_identify(mars_uav_sim/mars_quadrotor_msgs) by extension 'colcon_pkg'
[0.162s] Level 1:colcon.colcon_core.package_identification:_identify(mars_uav_sim/mars_quadrotor_msgs) by extensions ['colcon_meta']
[0.162s] Level 1:colcon.colcon_core.package_identification:_identify(mars_uav_sim/mars_quadrotor_msgs) by extension 'colcon_meta'
[0.162s] Level 1:colcon.colcon_core.package_identification:_identify(mars_uav_sim/mars_quadrotor_msgs) by extensions ['ros']
[0.162s] Level 1:colcon.colcon_core.package_identification:_identify(mars_uav_sim/mars_quadrotor_msgs) by extension 'ros'
[0.163s] DEBUG:colcon.colcon_core.package_identification:Package 'mars_uav_sim/mars_quadrotor_msgs' with type 'ros.ament_cmake' and name 'mars_quadrotor_msgs'
[0.163s] Level 1:colcon.colcon_core.package_identification:_identify(mars_uav_sim/marsim_render) by extensions ['ignore', 'ignore_ament_install']
[0.163s] Level 1:colcon.colcon_core.package_identification:_identify(mars_uav_sim/marsim_render) by extension 'ignore'
[0.163s] Level 1:colcon.colcon_core.package_identification:_identify(mars_uav_sim/marsim_render) by extension 'ignore_ament_install'
[0.163s] Level 1:colcon.colcon_core.package_identification:_identify(mars_uav_sim/marsim_render) by extensions ['colcon_pkg']
[0.163s] Level 1:colcon.colcon_core.package_identification:_identify(mars_uav_sim/marsim_render) by extension 'colcon_pkg'
[0.163s] Level 1:colcon.colcon_core.package_identification:_identify(mars_uav_sim/marsim_render) by extensions ['colcon_meta']
[0.163s] Level 1:colcon.colcon_core.package_identification:_identify(mars_uav_sim/marsim_render) by extension 'colcon_meta'
[0.163s] Level 1:colcon.colcon_core.package_identification:_identify(mars_uav_sim/marsim_render) by extensions ['ros']
[0.163s] Level 1:colcon.colcon_core.package_identification:_identify(mars_uav_sim/marsim_render) by extension 'ros'
[0.164s] DEBUG:colcon.colcon_core.package_identification:Package 'mars_uav_sim/marsim_render' with type 'ros.ament_cmake' and name 'marsim_render'
[0.164s] Level 1:colcon.colcon_core.package_identification:_identify(mars_uav_sim/perfect_drone_sim) by extensions ['ignore', 'ignore_ament_install']
[0.164s] Level 1:colcon.colcon_core.package_identification:_identify(mars_uav_sim/perfect_drone_sim) by extension 'ignore'
[0.164s] Level 1:colcon.colcon_core.package_identification:_identify(mars_uav_sim/perfect_drone_sim) by extension 'ignore_ament_install'
[0.164s] Level 1:colcon.colcon_core.package_identification:_identify(mars_uav_sim/perfect_drone_sim) by extensions ['colcon_pkg']
[0.164s] Level 1:colcon.colcon_core.package_identification:_identify(mars_uav_sim/perfect_drone_sim) by extension 'colcon_pkg'
[0.164s] Level 1:colcon.colcon_core.package_identification:_identify(mars_uav_sim/perfect_drone_sim) by extensions ['colcon_meta']
[0.164s] Level 1:colcon.colcon_core.package_identification:_identify(mars_uav_sim/perfect_drone_sim) by extension 'colcon_meta'
[0.164s] Level 1:colcon.colcon_core.package_identification:_identify(mars_uav_sim/perfect_drone_sim) by extensions ['ros']
[0.164s] Level 1:colcon.colcon_core.package_identification:_identify(mars_uav_sim/perfect_drone_sim) by extension 'ros'
[0.164s] DEBUG:colcon.colcon_core.package_identification:Package 'mars_uav_sim/perfect_drone_sim' with type 'ros.ament_cmake' and name 'perfect_drone_sim'
[0.164s] Level 1:colcon.colcon_core.package_identification:_identify(misc) by extensions ['ignore', 'ignore_ament_install']
[0.164s] Level 1:colcon.colcon_core.package_identification:_identify(misc) by extension 'ignore'
[0.164s] Level 1:colcon.colcon_core.package_identification:_identify(misc) by extension 'ignore_ament_install'
[0.164s] Level 1:colcon.colcon_core.package_identification:_identify(misc) by extensions ['colcon_pkg']
[0.164s] Level 1:colcon.colcon_core.package_identification:_identify(misc) by extension 'colcon_pkg'
[0.164s] Level 1:colcon.colcon_core.package_identification:_identify(misc) by extensions ['colcon_meta']
[0.164s] Level 1:colcon.colcon_core.package_identification:_identify(misc) by extension 'colcon_meta'
[0.165s] Level 1:colcon.colcon_core.package_identification:_identify(misc) by extensions ['ros']
[0.165s] Level 1:colcon.colcon_core.package_identification:_identify(misc) by extension 'ros'
[0.165s] Level 1:colcon.colcon_core.package_identification:_identify(misc) by extensions ['cmake', 'python']
[0.165s] Level 1:colcon.colcon_core.package_identification:_identify(misc) by extension 'cmake'
[0.165s] Level 1:colcon.colcon_core.package_identification:_identify(misc) by extension 'python'
[0.165s] Level 1:colcon.colcon_core.package_identification:_identify(misc) by extensions ['python_setup_py']
[0.165s] Level 1:colcon.colcon_core.package_identification:_identify(misc) by extension 'python_setup_py'
[0.165s] Level 1:colcon.colcon_core.package_identification:_identify(mission_planner) by extensions ['ignore', 'ignore_ament_install']
[0.165s] Level 1:colcon.colcon_core.package_identification:_identify(mission_planner) by extension 'ignore'
[0.165s] Level 1:colcon.colcon_core.package_identification:_identify(mission_planner) by extension 'ignore_ament_install'
[0.165s] Level 1:colcon.colcon_core.package_identification:_identify(mission_planner) by extensions ['colcon_pkg']
[0.165s] Level 1:colcon.colcon_core.package_identification:_identify(mission_planner) by extension 'colcon_pkg'
[0.165s] Level 1:colcon.colcon_core.package_identification:_identify(mission_planner) by extensions ['colcon_meta']
[0.165s] Level 1:colcon.colcon_core.package_identification:_identify(mission_planner) by extension 'colcon_meta'
[0.165s] Level 1:colcon.colcon_core.package_identification:_identify(mission_planner) by extensions ['ros']
[0.165s] Level 1:colcon.colcon_core.package_identification:_identify(mission_planner) by extension 'ros'
[0.165s] DEBUG:colcon.colcon_core.package_identification:Package 'mission_planner' with type 'ros.ament_cmake' and name 'mission_planner'
[0.165s] Level 1:colcon.colcon_core.package_identification:_identify(rog_map) by extensions ['ignore', 'ignore_ament_install']
[0.165s] Level 1:colcon.colcon_core.package_identification:_identify(rog_map) by extension 'ignore'
[0.165s] Level 1:colcon.colcon_core.package_identification:_identify(rog_map) by extension 'ignore_ament_install'
[0.165s] Level 1:colcon.colcon_core.package_identification:_identify(rog_map) by extensions ['colcon_pkg']
[0.165s] Level 1:colcon.colcon_core.package_identification:_identify(rog_map) by extension 'colcon_pkg'
[0.165s] Level 1:colcon.colcon_core.package_identification:_identify(rog_map) by extensions ['colcon_meta']
[0.165s] Level 1:colcon.colcon_core.package_identification:_identify(rog_map) by extension 'colcon_meta'
[0.165s] Level 1:colcon.colcon_core.package_identification:_identify(rog_map) by extensions ['ros']
[0.165s] Level 1:colcon.colcon_core.package_identification:_identify(rog_map) by extension 'ros'
[0.166s] DEBUG:colcon.colcon_core.package_identification:Package 'rog_map' with type 'ros.ament_cmake' and name 'rog_map'
[0.166s] Level 1:colcon.colcon_core.package_identification:_identify(scripts) by extensions ['ignore', 'ignore_ament_install']
[0.166s] Level 1:colcon.colcon_core.package_identification:_identify(scripts) by extension 'ignore'
[0.166s] Level 1:colcon.colcon_core.package_identification:_identify(scripts) by extension 'ignore_ament_install'
[0.166s] Level 1:colcon.colcon_core.package_identification:_identify(scripts) by extensions ['colcon_pkg']
[0.166s] Level 1:colcon.colcon_core.package_identification:_identify(scripts) by extension 'colcon_pkg'
[0.166s] Level 1:colcon.colcon_core.package_identification:_identify(scripts) by extensions ['colcon_meta']
[0.166s] Level 1:colcon.colcon_core.package_identification:_identify(scripts) by extension 'colcon_meta'
[0.166s] Level 1:colcon.colcon_core.package_identification:_identify(scripts) by extensions ['ros']
[0.166s] Level 1:colcon.colcon_core.package_identification:_identify(scripts) by extension 'ros'
[0.166s] Level 1:colcon.colcon_core.package_identification:_identify(scripts) by extensions ['cmake', 'python']
[0.166s] Level 1:colcon.colcon_core.package_identification:_identify(scripts) by extension 'cmake'
[0.166s] Level 1:colcon.colcon_core.package_identification:_identify(scripts) by extension 'python'
[0.166s] Level 1:colcon.colcon_core.package_identification:_identify(scripts) by extensions ['python_setup_py']
[0.166s] Level 1:colcon.colcon_core.package_identification:_identify(scripts) by extension 'python_setup_py'
[0.166s] Level 1:colcon.colcon_core.package_identification:_identify(super_planner) by extensions ['ignore', 'ignore_ament_install']
[0.166s] Level 1:colcon.colcon_core.package_identification:_identify(super_planner) by extension 'ignore'
[0.166s] Level 1:colcon.colcon_core.package_identification:_identify(super_planner) by extension 'ignore_ament_install'
[0.166s] Level 1:colcon.colcon_core.package_identification:_identify(super_planner) by extensions ['colcon_pkg']
[0.166s] Level 1:colcon.colcon_core.package_identification:_identify(super_planner) by extension 'colcon_pkg'
[0.166s] Level 1:colcon.colcon_core.package_identification:_identify(super_planner) by extensions ['colcon_meta']
[0.166s] Level 1:colcon.colcon_core.package_identification:_identify(super_planner) by extension 'colcon_meta'
[0.166s] Level 1:colcon.colcon_core.package_identification:_identify(super_planner) by extensions ['ros']
[0.166s] Level 1:colcon.colcon_core.package_identification:_identify(super_planner) by extension 'ros'
[0.167s] DEBUG:colcon.colcon_core.package_identification:Package 'super_planner' with type 'ros.ament_cmake' and name 'super_planner'
[0.167s] Level 1:colcon.colcon_core.package_discovery:discover_packages(recursive) using defaults
[0.167s] Level 1:colcon.colcon_core.package_discovery:discover_packages(ignore) discover
[0.167s] Level 1:colcon.colcon_core.package_discovery:discover_packages(ignore) using defaults
[0.167s] Level 1:colcon.colcon_core.package_discovery:discover_packages(path) discover
[0.167s] Level 1:colcon.colcon_core.package_discovery:discover_packages(path) using defaults
[0.177s] Level 1:colcon.colcon_core.package_discovery:discover_packages(prefix_path) check parameters
[0.177s] Level 1:colcon.colcon_core.package_discovery:discover_packages(prefix_path) discover
[0.179s] DEBUG:colcon.colcon_installed_package_information.package_discovery:Found 387 installed packages in /opt/ros/humble
[0.180s] Level 1:colcon.colcon_core.package_discovery:discover_packages(prefix_path) using defaults
[0.203s] Level 5:colcon.colcon_core.verb:set package 'mars_quadrotor_msgs' build argument 'cmake_args' from command line to 'None'
[0.203s] Level 5:colcon.colcon_core.verb:set package 'mars_quadrotor_msgs' build argument 'cmake_target' from command line to 'None'
[0.203s] Level 5:colcon.colcon_core.verb:set package 'mars_quadrotor_msgs' build argument 'cmake_target_skip_unavailable' from command line to 'False'
[0.203s] Level 5:colcon.colcon_core.verb:set package 'mars_quadrotor_msgs' build argument 'cmake_clean_cache' from command line to 'False'
[0.203s] Level 5:colcon.colcon_core.verb:set package 'mars_quadrotor_msgs' build argument 'cmake_clean_first' from command line to 'False'
[0.203s] Level 5:colcon.colcon_core.verb:set package 'mars_quadrotor_msgs' build argument 'cmake_force_configure' from command line to 'False'
[0.203s] Level 5:colcon.colcon_core.verb:set package 'mars_quadrotor_msgs' build argument 'ament_cmake_args' from command line to 'None'
[0.203s] Level 5:colcon.colcon_core.verb:set package 'mars_quadrotor_msgs' build argument 'catkin_cmake_args' from command line to 'None'
[0.203s] Level 5:colcon.colcon_core.verb:set package 'mars_quadrotor_msgs' build argument 'catkin_skip_building_tests' from command line to 'False'
[0.203s] DEBUG:colcon.colcon_core.verb:Building package 'mars_quadrotor_msgs' with the following arguments: {'ament_cmake_args': None, 'build_base': '/home/alux-autopilot22/SUPER-ROS2/build/mars_quadrotor_msgs', 'catkin_cmake_args': None, 'catkin_skip_building_tests': False, 'cmake_args': None, 'cmake_clean_cache': False, 'cmake_clean_first': False, 'cmake_force_configure': False, 'cmake_target': None, 'cmake_target_skip_unavailable': False, 'install_base': '/home/alux-autopilot22/SUPER-ROS2/install/mars_quadrotor_msgs', 'merge_install': False, 'path': '/home/alux-autopilot22/SUPER-ROS2/mars_uav_sim/mars_quadrotor_msgs', 'symlink_install': True, 'test_result_base': None}
[0.203s] Level 5:colcon.colcon_core.verb:set package 'marsim_render' build argument 'cmake_args' from command line to 'None'
[0.203s] Level 5:colcon.colcon_core.verb:set package 'marsim_render' build argument 'cmake_target' from command line to 'None'
[0.203s] Level 5:colcon.colcon_core.verb:set package 'marsim_render' build argument 'cmake_target_skip_unavailable' from command line to 'False'
[0.203s] Level 5:colcon.colcon_core.verb:set package 'marsim_render' build argument 'cmake_clean_cache' from command line to 'False'
[0.203s] Level 5:colcon.colcon_core.verb:set package 'marsim_render' build argument 'cmake_clean_first' from command line to 'False'
[0.203s] Level 5:colcon.colcon_core.verb:set package 'marsim_render' build argument 'cmake_force_configure' from command line to 'False'
[0.203s] Level 5:colcon.colcon_core.verb:set package 'marsim_render' build argument 'ament_cmake_args' from command line to 'None'
[0.203s] Level 5:colcon.colcon_core.verb:set package 'marsim_render' build argument 'catkin_cmake_args' from command line to 'None'
[0.203s] Level 5:colcon.colcon_core.verb:set package 'marsim_render' build argument 'catkin_skip_building_tests' from command line to 'False'
[0.203s] DEBUG:colcon.colcon_core.verb:Building package 'marsim_render' with the following arguments: {'ament_cmake_args': None, 'build_base': '/home/alux-autopilot22/SUPER-ROS2/build/marsim_render', 'catkin_cmake_args': None, 'catkin_skip_building_tests': False, 'cmake_args': None, 'cmake_clean_cache': False, 'cmake_clean_first': False, 'cmake_force_configure': False, 'cmake_target': None, 'cmake_target_skip_unavailable': False, 'install_base': '/home/alux-autopilot22/SUPER-ROS2/install/marsim_render', 'merge_install': False, 'path': '/home/alux-autopilot22/SUPER-ROS2/mars_uav_sim/marsim_render', 'symlink_install': True, 'test_result_base': None}
[0.204s] Level 5:colcon.colcon_core.verb:set package 'mission_planner' build argument 'cmake_args' from command line to 'None'
[0.204s] Level 5:colcon.colcon_core.verb:set package 'mission_planner' build argument 'cmake_target' from command line to 'None'
[0.204s] Level 5:colcon.colcon_core.verb:set package 'mission_planner' build argument 'cmake_target_skip_unavailable' from command line to 'False'
[0.204s] Level 5:colcon.colcon_core.verb:set package 'mission_planner' build argument 'cmake_clean_cache' from command line to 'False'
[0.204s] Level 5:colcon.colcon_core.verb:set package 'mission_planner' build argument 'cmake_clean_first' from command line to 'False'
[0.204s] Level 5:colcon.colcon_core.verb:set package 'mission_planner' build argument 'cmake_force_configure' from command line to 'False'
[0.204s] Level 5:colcon.colcon_core.verb:set package 'mission_planner' build argument 'ament_cmake_args' from command line to 'None'
[0.204s] Level 5:colcon.colcon_core.verb:set package 'mission_planner' build argument 'catkin_cmake_args' from command line to 'None'
[0.204s] Level 5:colcon.colcon_core.verb:set package 'mission_planner' build argument 'catkin_skip_building_tests' from command line to 'False'
[0.204s] DEBUG:colcon.colcon_core.verb:Building package 'mission_planner' with the following arguments: {'ament_cmake_args': None, 'build_base': '/home/alux-autopilot22/SUPER-ROS2/build/mission_planner', 'catkin_cmake_args': None, 'catkin_skip_building_tests': False, 'cmake_args': None, 'cmake_clean_cache': False, 'cmake_clean_first': False, 'cmake_force_configure': False, 'cmake_target': None, 'cmake_target_skip_unavailable': False, 'install_base': '/home/alux-autopilot22/SUPER-ROS2/install/mission_planner', 'merge_install': False, 'path': '/home/alux-autopilot22/SUPER-ROS2/mission_planner', 'symlink_install': True, 'test_result_base': None}
[0.204s] Level 5:colcon.colcon_core.verb:set package 'rog_map' build argument 'cmake_args' from command line to 'None'
[0.204s] Level 5:colcon.colcon_core.verb:set package 'rog_map' build argument 'cmake_target' from command line to 'None'
[0.204s] Level 5:colcon.colcon_core.verb:set package 'rog_map' build argument 'cmake_target_skip_unavailable' from command line to 'False'
[0.204s] Level 5:colcon.colcon_core.verb:set package 'rog_map' build argument 'cmake_clean_cache' from command line to 'False'
[0.204s] Level 5:colcon.colcon_core.verb:set package 'rog_map' build argument 'cmake_clean_first' from command line to 'False'
[0.204s] Level 5:colcon.colcon_core.verb:set package 'rog_map' build argument 'cmake_force_configure' from command line to 'False'
[0.204s] Level 5:colcon.colcon_core.verb:set package 'rog_map' build argument 'ament_cmake_args' from command line to 'None'
[0.204s] Level 5:colcon.colcon_core.verb:set package 'rog_map' build argument 'catkin_cmake_args' from command line to 'None'
[0.204s] Level 5:colcon.colcon_core.verb:set package 'rog_map' build argument 'catkin_skip_building_tests' from command line to 'False'
[0.204s] DEBUG:colcon.colcon_core.verb:Building package 'rog_map' with the following arguments: {'ament_cmake_args': None, 'build_base': '/home/alux-autopilot22/SUPER-ROS2/build/rog_map', 'catkin_cmake_args': None, 'catkin_skip_building_tests': False, 'cmake_args': None, 'cmake_clean_cache': False, 'cmake_clean_first': False, 'cmake_force_configure': False, 'cmake_target': None, 'cmake_target_skip_unavailable': False, 'install_base': '/home/alux-autopilot22/SUPER-ROS2/install/rog_map', 'merge_install': False, 'path': '/home/alux-autopilot22/SUPER-ROS2/rog_map', 'symlink_install': True, 'test_result_base': None}
[0.204s] Level 5:colcon.colcon_core.verb:set package 'perfect_drone_sim' build argument 'cmake_args' from command line to 'None'
[0.204s] Level 5:colcon.colcon_core.verb:set package 'perfect_drone_sim' build argument 'cmake_target' from command line to 'None'
[0.204s] Level 5:colcon.colcon_core.verb:set package 'perfect_drone_sim' build argument 'cmake_target_skip_unavailable' from command line to 'False'
[0.204s] Level 5:colcon.colcon_core.verb:set package 'perfect_drone_sim' build argument 'cmake_clean_cache' from command line to 'False'
[0.204s] Level 5:colcon.colcon_core.verb:set package 'perfect_drone_sim' build argument 'cmake_clean_first' from command line to 'False'
[0.204s] Level 5:colcon.colcon_core.verb:set package 'perfect_drone_sim' build argument 'cmake_force_configure' from command line to 'False'
[0.204s] Level 5:colcon.colcon_core.verb:set package 'perfect_drone_sim' build argument 'ament_cmake_args' from command line to 'None'
[0.204s] Level 5:colcon.colcon_core.verb:set package 'perfect_drone_sim' build argument 'catkin_cmake_args' from command line to 'None'
[0.204s] Level 5:colcon.colcon_core.verb:set package 'perfect_drone_sim' build argument 'catkin_skip_building_tests' from command line to 'False'
[0.204s] DEBUG:colcon.colcon_core.verb:Building package 'perfect_drone_sim' with the following arguments: {'ament_cmake_args': None, 'build_base': '/home/alux-autopilot22/SUPER-ROS2/build/perfect_drone_sim', 'catkin_cmake_args': None, 'catkin_skip_building_tests': False, 'cmake_args': None, 'cmake_clean_cache': False, 'cmake_clean_first': False, 'cmake_force_configure': False, 'cmake_target': None, 'cmake_target_skip_unavailable': False, 'install_base': '/home/alux-autopilot22/SUPER-ROS2/install/perfect_drone_sim', 'merge_install': False, 'path': '/home/alux-autopilot22/SUPER-ROS2/mars_uav_sim/perfect_drone_sim', 'symlink_install': True, 'test_result_base': None}
[0.204s] Level 5:colcon.colcon_core.verb:set package 'super_planner' build argument 'cmake_args' from command line to 'None'
[0.204s] Level 5:colcon.colcon_core.verb:set package 'super_planner' build argument 'cmake_target' from command line to 'None'
[0.204s] Level 5:colcon.colcon_core.verb:set package 'super_planner' build argument 'cmake_target_skip_unavailable' from command line to 'False'
[0.204s] Level 5:colcon.colcon_core.verb:set package 'super_planner' build argument 'cmake_clean_cache' from command line to 'False'
[0.204s] Level 5:colcon.colcon_core.verb:set package 'super_planner' build argument 'cmake_clean_first' from command line to 'False'
[0.204s] Level 5:colcon.colcon_core.verb:set package 'super_planner' build argument 'cmake_force_configure' from command line to 'False'
[0.204s] Level 5:colcon.colcon_core.verb:set package 'super_planner' build argument 'ament_cmake_args' from command line to 'None'
[0.204s] Level 5:colcon.colcon_core.verb:set package 'super_planner' build argument 'catkin_cmake_args' from command line to 'None'
[0.204s] Level 5:colcon.colcon_core.verb:set package 'super_planner' build argument 'catkin_skip_building_tests' from command line to 'False'
[0.204s] DEBUG:colcon.colcon_core.verb:Building package 'super_planner' with the following arguments: {'ament_cmake_args': None, 'build_base': '/home/alux-autopilot22/SUPER-ROS2/build/super_planner', 'catkin_cmake_args': None, 'catkin_skip_building_tests': False, 'cmake_args': None, 'cmake_clean_cache': False, 'cmake_clean_first': False, 'cmake_force_configure': False, 'cmake_target': None, 'cmake_target_skip_unavailable': False, 'install_base': '/home/alux-autopilot22/SUPER-ROS2/install/super_planner', 'merge_install': False, 'path': '/home/alux-autopilot22/SUPER-ROS2/super_planner', 'symlink_install': True, 'test_result_base': None}
[0.204s] INFO:colcon.colcon_core.executor:Executing jobs using 'parallel' executor
[0.205s] DEBUG:colcon.colcon_parallel_executor.executor.parallel:run_until_complete
[0.205s] INFO:colcon.colcon_ros.task.ament_cmake.build:Building ROS package in '/home/alux-autopilot22/SUPER-ROS2/mars_uav_sim/mars_quadrotor_msgs' with build type 'ament_cmake'
[0.206s] INFO:colcon.colcon_cmake.task.cmake.build:Building CMake package in '/home/alux-autopilot22/SUPER-ROS2/mars_uav_sim/mars_quadrotor_msgs'
[0.207s] INFO:colcon.colcon_core.plugin_system:Skipping extension 'colcon_core.shell.bat': Not used on non-Windows systems
[0.207s] INFO:colcon.colcon_core.shell:Skip shell extension 'powershell' for command environment: Not usable outside of PowerShell
[0.207s] DEBUG:colcon.colcon_core.shell:Skip shell extension 'dsv' for command environment
[0.209s] INFO:colcon.colcon_ros.task.ament_cmake.build:Building ROS package in '/home/alux-autopilot22/SUPER-ROS2/mars_uav_sim/marsim_render' with build type 'ament_cmake'
[0.209s] INFO:colcon.colcon_cmake.task.cmake.build:Building CMake package in '/home/alux-autopilot22/SUPER-ROS2/mars_uav_sim/marsim_render'
[0.209s] INFO:colcon.colcon_core.shell:Skip shell extension 'powershell' for command environment: Not usable outside of PowerShell
[0.209s] DEBUG:colcon.colcon_core.shell:Skip shell extension 'dsv' for command environment
[0.211s] INFO:colcon.colcon_ros.task.ament_cmake.build:Building ROS package in '/home/alux-autopilot22/SUPER-ROS2/rog_map' with build type 'ament_cmake'
[0.211s] INFO:colcon.colcon_cmake.task.cmake.build:Building CMake package in '/home/alux-autopilot22/SUPER-ROS2/rog_map'
[0.211s] INFO:colcon.colcon_core.shell:Skip shell extension 'powershell' for command environment: Not usable outside of PowerShell
[0.211s] DEBUG:colcon.colcon_core.shell:Skip shell extension 'dsv' for command environment
[0.213s] INFO:colcon.colcon_ros.task.ament_cmake.build:Building ROS package in '/home/alux-autopilot22/SUPER-ROS2/mission_planner' with build type 'ament_cmake'
[0.213s] INFO:colcon.colcon_cmake.task.cmake.build:Building CMake package in '/home/alux-autopilot22/SUPER-ROS2/mission_planner'
[0.213s] INFO:colcon.colcon_core.shell:Skip shell extension 'powershell' for command environment: Not usable outside of PowerShell
[0.213s] DEBUG:colcon.colcon_core.shell:Skip shell extension 'dsv' for command environment
[0.218s] DEBUG:colcon.colcon_core.event_handler.log_command:Invoking command in '/home/alux-autopilot22/SUPER-ROS2/build/mars_quadrotor_msgs': CMAKE_PREFIX_PATH=/opt/ros/humble /usr/bin/cmake --build /home/alux-autopilot22/SUPER-ROS2/build/mars_quadrotor_msgs -- -j16 -l16
[0.221s] DEBUG:colcon.colcon_core.event_handler.log_command:Invoking command in '/home/alux-autopilot22/SUPER-ROS2/build/marsim_render': CMAKE_PREFIX_PATH=/opt/ros/humble /usr/bin/cmake --build /home/alux-autopilot22/SUPER-ROS2/build/marsim_render -- -j16 -l16
[0.223s] DEBUG:colcon.colcon_core.event_handler.log_command:Invoking command in '/home/alux-autopilot22/SUPER-ROS2/build/rog_map': CMAKE_PREFIX_PATH=/opt/ros/humble /usr/bin/cmake --build /home/alux-autopilot22/SUPER-ROS2/build/rog_map -- -j16 -l16
[0.227s] DEBUG:colcon.colcon_core.event_handler.log_command:Invoking command in '/home/alux-autopilot22/SUPER-ROS2/build/mission_planner': CMAKE_PREFIX_PATH=/opt/ros/humble /usr/bin/cmake --build /home/alux-autopilot22/SUPER-ROS2/build/mission_planner -- -j16 -l16
[0.280s] DEBUG:colcon.colcon_core.event_handler.log_command:Invoked command in '/home/alux-autopilot22/SUPER-ROS2/build/marsim_render' returned '0': CMAKE_PREFIX_PATH=/opt/ros/humble /usr/bin/cmake --build /home/alux-autopilot22/SUPER-ROS2/build/marsim_render -- -j16 -l16
[0.289s] DEBUG:colcon.colcon_core.event_handler.log_command:Invoking command in '/home/alux-autopilot22/SUPER-ROS2/build/marsim_render': CMAKE_PREFIX_PATH=/opt/ros/humble /usr/bin/cmake --install /home/alux-autopilot22/SUPER-ROS2/build/marsim_render
[0.290s] DEBUG:colcon.colcon_core.event_handler.log_command:Invoked command in '/home/alux-autopilot22/SUPER-ROS2/build/mission_planner' returned '0': CMAKE_PREFIX_PATH=/opt/ros/humble /usr/bin/cmake --build /home/alux-autopilot22/SUPER-ROS2/build/mission_planner -- -j16 -l16
[0.291s] DEBUG:colcon.colcon_core.event_handler.log_command:Invoking command in '/home/alux-autopilot22/SUPER-ROS2/build/mission_planner': CMAKE_PREFIX_PATH=/opt/ros/humble /usr/bin/cmake --install /home/alux-autopilot22/SUPER-ROS2/build/mission_planner
[0.306s] DEBUG:colcon.colcon_core.event_handler.log_command:Invoked command in '/home/alux-autopilot22/SUPER-ROS2/build/rog_map' returned '0': CMAKE_PREFIX_PATH=/opt/ros/humble /usr/bin/cmake --build /home/alux-autopilot22/SUPER-ROS2/build/rog_map -- -j16 -l16
[0.309s] Level 1:colcon.colcon_core.environment:create_environment_scripts_only(mission_planner)
[0.310s] DEBUG:colcon.colcon_core.event_handler.log_command:Invoking command in '/home/alux-autopilot22/SUPER-ROS2/build/rog_map': CMAKE_PREFIX_PATH=/opt/ros/humble /usr/bin/cmake --install /home/alux-autopilot22/SUPER-ROS2/build/rog_map
[0.312s] DEBUG:colcon.colcon_core.event_handler.log_command:Invoked command in '/home/alux-autopilot22/SUPER-ROS2/build/mission_planner' returned '0': CMAKE_PREFIX_PATH=/opt/ros/humble /usr/bin/cmake --install /home/alux-autopilot22/SUPER-ROS2/build/mission_planner
[0.319s] Level 1:colcon.colcon_core.environment:checking '/home/alux-autopilot22/SUPER-ROS2/install/mission_planner' for CMake module files
[0.322s] Level 1:colcon.colcon_core.environment:checking '/home/alux-autopilot22/SUPER-ROS2/install/mission_planner' for CMake config files
[0.327s] Level 1:colcon.colcon_core.shell:create_environment_hook('mission_planner', 'cmake_prefix_path')
[0.327s] INFO:colcon.colcon_core.shell:Creating environment hook '/home/alux-autopilot22/SUPER-ROS2/install/mission_planner/share/mission_planner/hook/cmake_prefix_path.ps1'
[0.328s] INFO:colcon.colcon_core.shell:Creating environment descriptor '/home/alux-autopilot22/SUPER-ROS2/install/mission_planner/share/mission_planner/hook/cmake_prefix_path.dsv'
[0.328s] INFO:colcon.colcon_core.shell:Creating environment hook '/home/alux-autopilot22/SUPER-ROS2/install/mission_planner/share/mission_planner/hook/cmake_prefix_path.sh'
[0.329s] Level 1:colcon.colcon_core.environment:checking '/home/alux-autopilot22/SUPER-ROS2/install/mission_planner/lib'
[0.329s] Level 1:colcon.colcon_core.environment:checking '/home/alux-autopilot22/SUPER-ROS2/install/mission_planner/bin'
[0.329s] Level 1:colcon.colcon_core.environment:checking '/home/alux-autopilot22/SUPER-ROS2/install/mission_planner/lib/pkgconfig/mission_planner.pc'
[0.329s] Level 1:colcon.colcon_core.environment:checking '/home/alux-autopilot22/SUPER-ROS2/install/mission_planner/lib/python3.10/site-packages'
[0.329s] Level 1:colcon.colcon_core.environment:checking '/home/alux-autopilot22/SUPER-ROS2/install/mission_planner/bin'
[0.329s] INFO:colcon.colcon_core.shell:Creating package script '/home/alux-autopilot22/SUPER-ROS2/install/mission_planner/share/mission_planner/package.ps1'
[0.330s] INFO:colcon.colcon_core.shell:Creating package descriptor '/home/alux-autopilot22/SUPER-ROS2/install/mission_planner/share/mission_planner/package.dsv'
[0.331s] INFO:colcon.colcon_core.shell:Creating package script '/home/alux-autopilot22/SUPER-ROS2/install/mission_planner/share/mission_planner/package.sh'
[0.331s] INFO:colcon.colcon_core.shell:Creating package script '/home/alux-autopilot22/SUPER-ROS2/install/mission_planner/share/mission_planner/package.bash'
[0.332s] INFO:colcon.colcon_core.shell:Creating package script '/home/alux-autopilot22/SUPER-ROS2/install/mission_planner/share/mission_planner/package.zsh'
[0.332s] Level 1:colcon.colcon_core.environment:create_file_with_runtime_dependencies(/home/alux-autopilot22/SUPER-ROS2/install/mission_planner/share/colcon-core/packages/mission_planner)
[0.333s] Level 1:colcon.colcon_core.environment:create_environment_scripts_only(mission_planner)
[0.333s] Level 1:colcon.colcon_core.environment:checking '/home/alux-autopilot22/SUPER-ROS2/install/mission_planner' for CMake module files
[0.334s] Level 1:colcon.colcon_core.environment:checking '/home/alux-autopilot22/SUPER-ROS2/install/mission_planner' for CMake config files
[0.334s] Level 1:colcon.colcon_core.shell:create_environment_hook('mission_planner', 'cmake_prefix_path')
[0.335s] INFO:colcon.colcon_core.shell:Creating environment hook '/home/alux-autopilot22/SUPER-ROS2/install/mission_planner/share/mission_planner/hook/cmake_prefix_path.ps1'
[0.335s] INFO:colcon.colcon_core.shell:Creating environment descriptor '/home/alux-autopilot22/SUPER-ROS2/install/mission_planner/share/mission_planner/hook/cmake_prefix_path.dsv'
[0.335s] INFO:colcon.colcon_core.shell:Creating environment hook '/home/alux-autopilot22/SUPER-ROS2/install/mission_planner/share/mission_planner/hook/cmake_prefix_path.sh'
[0.336s] Level 1:colcon.colcon_core.environment:checking '/home/alux-autopilot22/SUPER-ROS2/install/mission_planner/lib'
[0.336s] Level 1:colcon.colcon_core.environment:checking '/home/alux-autopilot22/SUPER-ROS2/install/mission_planner/bin'
[0.336s] Level 1:colcon.colcon_core.environment:checking '/home/alux-autopilot22/SUPER-ROS2/install/mission_planner/lib/pkgconfig/mission_planner.pc'
[0.336s] Level 1:colcon.colcon_core.environment:checking '/home/alux-autopilot22/SUPER-ROS2/install/mission_planner/lib/python3.10/site-packages'
[0.336s] Level 1:colcon.colcon_core.environment:checking '/home/alux-autopilot22/SUPER-ROS2/install/mission_planner/bin'
[0.336s] INFO:colcon.colcon_core.shell:Creating package script '/home/alux-autopilot22/SUPER-ROS2/install/mission_planner/share/mission_planner/package.ps1'
[0.336s] INFO:colcon.colcon_core.shell:Creating package descriptor '/home/alux-autopilot22/SUPER-ROS2/install/mission_planner/share/mission_planner/package.dsv'
[0.337s] INFO:colcon.colcon_core.shell:Creating package script '/home/alux-autopilot22/SUPER-ROS2/install/mission_planner/share/mission_planner/package.sh'
[0.337s] INFO:colcon.colcon_core.shell:Creating package script '/home/alux-autopilot22/SUPER-ROS2/install/mission_planner/share/mission_planner/package.bash'
[0.337s] INFO:colcon.colcon_core.shell:Creating package script '/home/alux-autopilot22/SUPER-ROS2/install/mission_planner/share/mission_planner/package.zsh'
[0.337s] Level 1:colcon.colcon_core.environment:create_file_with_runtime_dependencies(/home/alux-autopilot22/SUPER-ROS2/install/mission_planner/share/colcon-core/packages/mission_planner)
[0.338s] Level 1:colcon.colcon_core.environment:create_environment_scripts_only(rog_map)
[0.338s] Level 1:colcon.colcon_core.environment:checking '/home/alux-autopilot22/SUPER-ROS2/install/rog_map' for CMake module files
[0.339s] DEBUG:colcon.colcon_core.event_handler.log_command:Invoked command in '/home/alux-autopilot22/SUPER-ROS2/build/rog_map' returned '0': CMAKE_PREFIX_PATH=/opt/ros/humble /usr/bin/cmake --install /home/alux-autopilot22/SUPER-ROS2/build/rog_map
[0.339s] Level 1:colcon.colcon_core.environment:checking '/home/alux-autopilot22/SUPER-ROS2/install/rog_map' for CMake config files
[0.339s] Level 1:colcon.colcon_core.shell:create_environment_hook('rog_map', 'cmake_prefix_path')
[0.340s] INFO:colcon.colcon_core.shell:Creating environment hook '/home/alux-autopilot22/SUPER-ROS2/install/rog_map/share/rog_map/hook/cmake_prefix_path.ps1'
[0.340s] INFO:colcon.colcon_core.shell:Creating environment descriptor '/home/alux-autopilot22/SUPER-ROS2/install/rog_map/share/rog_map/hook/cmake_prefix_path.dsv'
[0.340s] INFO:colcon.colcon_core.shell:Creating environment hook '/home/alux-autopilot22/SUPER-ROS2/install/rog_map/share/rog_map/hook/cmake_prefix_path.sh'
[0.340s] Level 1:colcon.colcon_core.environment:checking '/home/alux-autopilot22/SUPER-ROS2/install/rog_map/lib'
[0.340s] Level 1:colcon.colcon_core.environment:checking '/home/alux-autopilot22/SUPER-ROS2/install/rog_map/bin'
[0.340s] Level 1:colcon.colcon_core.environment:checking '/home/alux-autopilot22/SUPER-ROS2/install/rog_map/lib/pkgconfig/rog_map.pc'
[0.341s] Level 1:colcon.colcon_core.environment:checking '/home/alux-autopilot22/SUPER-ROS2/install/rog_map/lib/python3.10/site-packages'
[0.341s] Level 1:colcon.colcon_core.environment:checking '/home/alux-autopilot22/SUPER-ROS2/install/rog_map/bin'
[0.341s] INFO:colcon.colcon_core.shell:Creating package script '/home/alux-autopilot22/SUPER-ROS2/install/rog_map/share/rog_map/package.ps1'
[0.341s] INFO:colcon.colcon_core.shell:Creating package descriptor '/home/alux-autopilot22/SUPER-ROS2/install/rog_map/share/rog_map/package.dsv'
[0.342s] INFO:colcon.colcon_core.shell:Creating package script '/home/alux-autopilot22/SUPER-ROS2/install/rog_map/share/rog_map/package.sh'
[0.342s] INFO:colcon.colcon_core.shell:Creating package script '/home/alux-autopilot22/SUPER-ROS2/install/rog_map/share/rog_map/package.bash'
[0.342s] INFO:colcon.colcon_core.shell:Creating package script '/home/alux-autopilot22/SUPER-ROS2/install/rog_map/share/rog_map/package.zsh'
[0.342s] Level 1:colcon.colcon_core.environment:create_file_with_runtime_dependencies(/home/alux-autopilot22/SUPER-ROS2/install/rog_map/share/colcon-core/packages/rog_map)
[0.343s] Level 1:colcon.colcon_core.environment:create_environment_scripts_only(rog_map)
[0.343s] Level 1:colcon.colcon_core.environment:checking '/home/alux-autopilot22/SUPER-ROS2/install/rog_map' for CMake module files
[0.343s] Level 1:colcon.colcon_core.environment:checking '/home/alux-autopilot22/SUPER-ROS2/install/rog_map' for CMake config files
[0.344s] Level 1:colcon.colcon_core.shell:create_environment_hook('rog_map', 'cmake_prefix_path')
[0.344s] INFO:colcon.colcon_core.shell:Creating environment hook '/home/alux-autopilot22/SUPER-ROS2/install/rog_map/share/rog_map/hook/cmake_prefix_path.ps1'
[0.344s] INFO:colcon.colcon_core.shell:Creating environment descriptor '/home/alux-autopilot22/SUPER-ROS2/install/rog_map/share/rog_map/hook/cmake_prefix_path.dsv'
[0.344s] INFO:colcon.colcon_core.shell:Creating environment hook '/home/alux-autopilot22/SUPER-ROS2/install/rog_map/share/rog_map/hook/cmake_prefix_path.sh'
[0.345s] Level 1:colcon.colcon_core.environment:checking '/home/alux-autopilot22/SUPER-ROS2/install/rog_map/lib'
[0.345s] Level 1:colcon.colcon_core.environment:checking '/home/alux-autopilot22/SUPER-ROS2/install/rog_map/bin'
[0.345s] Level 1:colcon.colcon_core.environment:checking '/home/alux-autopilot22/SUPER-ROS2/install/rog_map/lib/pkgconfig/rog_map.pc'
[0.345s] Level 1:colcon.colcon_core.environment:checking '/home/alux-autopilot22/SUPER-ROS2/install/rog_map/lib/python3.10/site-packages'
[0.345s] Level 1:colcon.colcon_core.environment:checking '/home/alux-autopilot22/SUPER-ROS2/install/rog_map/bin'
[0.345s] INFO:colcon.colcon_core.shell:Creating package script '/home/alux-autopilot22/SUPER-ROS2/install/rog_map/share/rog_map/package.ps1'
[0.346s] INFO:colcon.colcon_core.shell:Creating package descriptor '/home/alux-autopilot22/SUPER-ROS2/install/rog_map/share/rog_map/package.dsv'
[0.346s] INFO:colcon.colcon_core.shell:Creating package script '/home/alux-autopilot22/SUPER-ROS2/install/rog_map/share/rog_map/package.sh'
[0.346s] INFO:colcon.colcon_core.shell:Creating package script '/home/alux-autopilot22/SUPER-ROS2/install/rog_map/share/rog_map/package.bash'
[0.346s] INFO:colcon.colcon_core.shell:Creating package script '/home/alux-autopilot22/SUPER-ROS2/install/rog_map/share/rog_map/package.zsh'
[0.346s] Level 1:colcon.colcon_core.environment:create_file_with_runtime_dependencies(/home/alux-autopilot22/SUPER-ROS2/install/rog_map/share/colcon-core/packages/rog_map)
[0.347s] Level 1:colcon.colcon_core.environment:create_environment_scripts_only(marsim_render)
[0.347s] Level 1:colcon.colcon_core.environment:checking '/home/alux-autopilot22/SUPER-ROS2/install/marsim_render' for CMake module files
[0.347s] Level 1:colcon.colcon_core.environment:checking '/home/alux-autopilot22/SUPER-ROS2/install/marsim_render' for CMake config files
[0.348s] DEBUG:colcon.colcon_core.event_handler.log_command:Invoked command in '/home/alux-autopilot22/SUPER-ROS2/build/marsim_render' returned '0': CMAKE_PREFIX_PATH=/opt/ros/humble /usr/bin/cmake --install /home/alux-autopilot22/SUPER-ROS2/build/marsim_render
[0.349s] Level 1:colcon.colcon_core.shell:create_environment_hook('marsim_render', 'cmake_prefix_path')
[0.350s] INFO:colcon.colcon_core.shell:Creating environment hook '/home/alux-autopilot22/SUPER-ROS2/install/marsim_render/share/marsim_render/hook/cmake_prefix_path.ps1'
[0.350s] INFO:colcon.colcon_core.shell:Creating environment descriptor '/home/alux-autopilot22/SUPER-ROS2/install/marsim_render/share/marsim_render/hook/cmake_prefix_path.dsv'
[0.350s] INFO:colcon.colcon_core.shell:Creating environment hook '/home/alux-autopilot22/SUPER-ROS2/install/marsim_render/share/marsim_render/hook/cmake_prefix_path.sh'
[0.350s] Level 1:colcon.colcon_core.environment:checking '/home/alux-autopilot22/SUPER-ROS2/install/marsim_render/lib'
[0.350s] Level 1:colcon.colcon_core.shell:create_environment_hook('marsim_render', 'ld_library_path_lib')
[0.350s] INFO:colcon.colcon_core.shell:Creating environment hook '/home/alux-autopilot22/SUPER-ROS2/install/marsim_render/share/marsim_render/hook/ld_library_path_lib.ps1'
[0.351s] INFO:colcon.colcon_core.shell:Creating environment descriptor '/home/alux-autopilot22/SUPER-ROS2/install/marsim_render/share/marsim_render/hook/ld_library_path_lib.dsv'
[0.351s] INFO:colcon.colcon_core.shell:Creating environment hook '/home/alux-autopilot22/SUPER-ROS2/install/marsim_render/share/marsim_render/hook/ld_library_path_lib.sh'
[0.351s] Level 1:colcon.colcon_core.environment:checking '/home/alux-autopilot22/SUPER-ROS2/install/marsim_render/bin'
[0.351s] Level 1:colcon.colcon_core.environment:checking '/home/alux-autopilot22/SUPER-ROS2/install/marsim_render/lib/pkgconfig/marsim_render.pc'
[0.351s] Level 1:colcon.colcon_core.environment:checking '/home/alux-autopilot22/SUPER-ROS2/install/marsim_render/lib/python3.10/site-packages'
[0.351s] Level 1:colcon.colcon_core.environment:checking '/home/alux-autopilot22/SUPER-ROS2/install/marsim_render/bin'
[0.351s] INFO:colcon.colcon_core.shell:Creating package script '/home/alux-autopilot22/SUPER-ROS2/install/marsim_render/share/marsim_render/package.ps1'
[0.352s] INFO:colcon.colcon_core.shell:Creating package descriptor '/home/alux-autopilot22/SUPER-ROS2/install/marsim_render/share/marsim_render/package.dsv'
[0.352s] INFO:colcon.colcon_core.shell:Creating package script '/home/alux-autopilot22/SUPER-ROS2/install/marsim_render/share/marsim_render/package.sh'
[0.352s] INFO:colcon.colcon_core.shell:Creating package script '/home/alux-autopilot22/SUPER-ROS2/install/marsim_render/share/marsim_render/package.bash'
[0.352s] INFO:colcon.colcon_core.shell:Creating package script '/home/alux-autopilot22/SUPER-ROS2/install/marsim_render/share/marsim_render/package.zsh'
[0.353s] Level 1:colcon.colcon_core.environment:create_file_with_runtime_dependencies(/home/alux-autopilot22/SUPER-ROS2/install/marsim_render/share/colcon-core/packages/marsim_render)
[0.353s] Level 1:colcon.colcon_core.environment:create_environment_scripts_only(marsim_render)
[0.353s] Level 1:colcon.colcon_core.environment:checking '/home/alux-autopilot22/SUPER-ROS2/install/marsim_render' for CMake module files
[0.353s] Level 1:colcon.colcon_core.environment:checking '/home/alux-autopilot22/SUPER-ROS2/install/marsim_render' for CMake config files
[0.355s] Level 1:colcon.colcon_core.shell:create_environment_hook('marsim_render', 'cmake_prefix_path')
[0.355s] INFO:colcon.colcon_core.shell:Creating environment hook '/home/alux-autopilot22/SUPER-ROS2/install/marsim_render/share/marsim_render/hook/cmake_prefix_path.ps1'
[0.355s] INFO:colcon.colcon_core.shell:Creating environment descriptor '/home/alux-autopilot22/SUPER-ROS2/install/marsim_render/share/marsim_render/hook/cmake_prefix_path.dsv'
[0.356s] INFO:colcon.colcon_core.shell:Creating environment hook '/home/alux-autopilot22/SUPER-ROS2/install/marsim_render/share/marsim_render/hook/cmake_prefix_path.sh'
[0.356s] Level 1:colcon.colcon_core.environment:checking '/home/alux-autopilot22/SUPER-ROS2/install/marsim_render/lib'
[0.356s] Level 1:colcon.colcon_core.shell:create_environment_hook('marsim_render', 'ld_library_path_lib')
[0.356s] INFO:colcon.colcon_core.shell:Creating environment hook '/home/alux-autopilot22/SUPER-ROS2/install/marsim_render/share/marsim_render/hook/ld_library_path_lib.ps1'
[0.356s] INFO:colcon.colcon_core.shell:Creating environment descriptor '/home/alux-autopilot22/SUPER-ROS2/install/marsim_render/share/marsim_render/hook/ld_library_path_lib.dsv'
[0.357s] INFO:colcon.colcon_core.shell:Creating environment hook '/home/alux-autopilot22/SUPER-ROS2/install/marsim_render/share/marsim_render/hook/ld_library_path_lib.sh'
[0.357s] Level 1:colcon.colcon_core.environment:checking '/home/alux-autopilot22/SUPER-ROS2/install/marsim_render/bin'
[0.357s] Level 1:colcon.colcon_core.environment:checking '/home/alux-autopilot22/SUPER-ROS2/install/marsim_render/lib/pkgconfig/marsim_render.pc'
[0.357s] Level 1:colcon.colcon_core.environment:checking '/home/alux-autopilot22/SUPER-ROS2/install/marsim_render/lib/python3.10/site-packages'
[0.357s] Level 1:colcon.colcon_core.environment:checking '/home/alux-autopilot22/SUPER-ROS2/install/marsim_render/bin'
[0.357s] INFO:colcon.colcon_core.shell:Creating package script '/home/alux-autopilot22/SUPER-ROS2/install/marsim_render/share/marsim_render/package.ps1'
[0.358s] INFO:colcon.colcon_core.shell:Creating package descriptor '/home/alux-autopilot22/SUPER-ROS2/install/marsim_render/share/marsim_render/package.dsv'
[0.358s] INFO:colcon.colcon_core.shell:Creating package script '/home/alux-autopilot22/SUPER-ROS2/install/marsim_render/share/marsim_render/package.sh'
[0.358s] INFO:colcon.colcon_core.shell:Creating package script '/home/alux-autopilot22/SUPER-ROS2/install/marsim_render/share/marsim_render/package.bash'
[0.358s] INFO:colcon.colcon_core.shell:Creating package script '/home/alux-autopilot22/SUPER-ROS2/install/marsim_render/share/marsim_render/package.zsh'
[0.359s] Level 1:colcon.colcon_core.environment:create_file_with_runtime_dependencies(/home/alux-autopilot22/SUPER-ROS2/install/marsim_render/share/colcon-core/packages/marsim_render)
[0.448s] DEBUG:colcon.colcon_core.event_handler.log_command:Invoked command in '/home/alux-autopilot22/SUPER-ROS2/build/mars_quadrotor_msgs' returned '0': CMAKE_PREFIX_PATH=/opt/ros/humble /usr/bin/cmake --build /home/alux-autopilot22/SUPER-ROS2/build/mars_quadrotor_msgs -- -j16 -l16
[0.450s] DEBUG:colcon.colcon_core.event_handler.log_command:Invoking command in '/home/alux-autopilot22/SUPER-ROS2/build/mars_quadrotor_msgs': CMAKE_PREFIX_PATH=/opt/ros/humble /usr/bin/cmake --install /home/alux-autopilot22/SUPER-ROS2/build/mars_quadrotor_msgs
[0.502s] Level 1:colcon.colcon_core.environment:create_environment_scripts_only(mars_quadrotor_msgs)
[0.502s] Level 1:colcon.colcon_core.environment:checking '/home/alux-autopilot22/SUPER-ROS2/install/mars_quadrotor_msgs' for CMake module files
[0.503s] DEBUG:colcon.colcon_core.event_handler.log_command:Invoked command in '/home/alux-autopilot22/SUPER-ROS2/build/mars_quadrotor_msgs' returned '0': CMAKE_PREFIX_PATH=/opt/ros/humble /usr/bin/cmake --install /home/alux-autopilot22/SUPER-ROS2/build/mars_quadrotor_msgs
[0.503s] Level 1:colcon.colcon_core.environment:checking '/home/alux-autopilot22/SUPER-ROS2/install/mars_quadrotor_msgs' for CMake config files
[0.504s] Level 1:colcon.colcon_core.shell:create_environment_hook('mars_quadrotor_msgs', 'cmake_prefix_path')
[0.504s] INFO:colcon.colcon_core.shell:Creating environment hook '/home/alux-autopilot22/SUPER-ROS2/install/mars_quadrotor_msgs/share/mars_quadrotor_msgs/hook/cmake_prefix_path.ps1'
[0.505s] INFO:colcon.colcon_core.shell:Creating environment descriptor '/home/alux-autopilot22/SUPER-ROS2/install/mars_quadrotor_msgs/share/mars_quadrotor_msgs/hook/cmake_prefix_path.dsv'
[0.505s] INFO:colcon.colcon_core.shell:Creating environment hook '/home/alux-autopilot22/SUPER-ROS2/install/mars_quadrotor_msgs/share/mars_quadrotor_msgs/hook/cmake_prefix_path.sh'
[0.505s] Level 1:colcon.colcon_core.environment:checking '/home/alux-autopilot22/SUPER-ROS2/install/mars_quadrotor_msgs/lib'
[0.505s] Level 1:colcon.colcon_core.shell:create_environment_hook('mars_quadrotor_msgs', 'ld_library_path_lib')
[0.506s] INFO:colcon.colcon_core.shell:Creating environment hook '/home/alux-autopilot22/SUPER-ROS2/install/mars_quadrotor_msgs/share/mars_quadrotor_msgs/hook/ld_library_path_lib.ps1'
[0.506s] INFO:colcon.colcon_core.shell:Creating environment descriptor '/home/alux-autopilot22/SUPER-ROS2/install/mars_quadrotor_msgs/share/mars_quadrotor_msgs/hook/ld_library_path_lib.dsv'
[0.506s] INFO:colcon.colcon_core.shell:Creating environment hook '/home/alux-autopilot22/SUPER-ROS2/install/mars_quadrotor_msgs/share/mars_quadrotor_msgs/hook/ld_library_path_lib.sh'
[0.506s] Level 1:colcon.colcon_core.environment:checking '/home/alux-autopilot22/SUPER-ROS2/install/mars_quadrotor_msgs/bin'
[0.506s] Level 1:colcon.colcon_core.environment:checking '/home/alux-autopilot22/SUPER-ROS2/install/mars_quadrotor_msgs/lib/pkgconfig/mars_quadrotor_msgs.pc'
[0.506s] Level 1:colcon.colcon_core.environment:checking '/home/alux-autopilot22/SUPER-ROS2/install/mars_quadrotor_msgs/lib/python3.10/site-packages'
[0.507s] Level 1:colcon.colcon_core.environment:checking '/home/alux-autopilot22/SUPER-ROS2/install/mars_quadrotor_msgs/bin'
[0.507s] INFO:colcon.colcon_core.shell:Creating package script '/home/alux-autopilot22/SUPER-ROS2/install/mars_quadrotor_msgs/share/mars_quadrotor_msgs/package.ps1'
[0.507s] INFO:colcon.colcon_core.shell:Creating package descriptor '/home/alux-autopilot22/SUPER-ROS2/install/mars_quadrotor_msgs/share/mars_quadrotor_msgs/package.dsv'
[0.507s] INFO:colcon.colcon_core.shell:Creating package script '/home/alux-autopilot22/SUPER-ROS2/install/mars_quadrotor_msgs/share/mars_quadrotor_msgs/package.sh'
[0.508s] INFO:colcon.colcon_core.shell:Creating package script '/home/alux-autopilot22/SUPER-ROS2/install/mars_quadrotor_msgs/share/mars_quadrotor_msgs/package.bash'
[0.508s] INFO:colcon.colcon_core.shell:Creating package script '/home/alux-autopilot22/SUPER-ROS2/install/mars_quadrotor_msgs/share/mars_quadrotor_msgs/package.zsh'
[0.508s] Level 1:colcon.colcon_core.environment:create_file_with_runtime_dependencies(/home/alux-autopilot22/SUPER-ROS2/install/mars_quadrotor_msgs/share/colcon-core/packages/mars_quadrotor_msgs)
[0.508s] Level 1:colcon.colcon_core.environment:create_environment_scripts_only(mars_quadrotor_msgs)
[0.508s] Level 1:colcon.colcon_core.environment:checking '/home/alux-autopilot22/SUPER-ROS2/install/mars_quadrotor_msgs' for CMake module files
[0.509s] Level 1:colcon.colcon_core.environment:checking '/home/alux-autopilot22/SUPER-ROS2/install/mars_quadrotor_msgs' for CMake config files
[0.509s] Level 1:colcon.colcon_core.shell:create_environment_hook('mars_quadrotor_msgs', 'cmake_prefix_path')
[0.509s] INFO:colcon.colcon_core.shell:Creating environment hook '/home/alux-autopilot22/SUPER-ROS2/install/mars_quadrotor_msgs/share/mars_quadrotor_msgs/hook/cmake_prefix_path.ps1'
[0.510s] INFO:colcon.colcon_core.shell:Creating environment descriptor '/home/alux-autopilot22/SUPER-ROS2/install/mars_quadrotor_msgs/share/mars_quadrotor_msgs/hook/cmake_prefix_path.dsv'
[0.510s] INFO:colcon.colcon_core.shell:Creating environment hook '/home/alux-autopilot22/SUPER-ROS2/install/mars_quadrotor_msgs/share/mars_quadrotor_msgs/hook/cmake_prefix_path.sh'
[0.510s] Level 1:colcon.colcon_core.environment:checking '/home/alux-autopilot22/SUPER-ROS2/install/mars_quadrotor_msgs/lib'
[0.510s] Level 1:colcon.colcon_core.shell:create_environment_hook('mars_quadrotor_msgs', 'ld_library_path_lib')
[0.510s] INFO:colcon.colcon_core.shell:Creating environment hook '/home/alux-autopilot22/SUPER-ROS2/install/mars_quadrotor_msgs/share/mars_quadrotor_msgs/hook/ld_library_path_lib.ps1'
[0.510s] INFO:colcon.colcon_core.shell:Creating environment descriptor '/home/alux-autopilot22/SUPER-ROS2/install/mars_quadrotor_msgs/share/mars_quadrotor_msgs/hook/ld_library_path_lib.dsv'
[0.510s] INFO:colcon.colcon_core.shell:Creating environment hook '/home/alux-autopilot22/SUPER-ROS2/install/mars_quadrotor_msgs/share/mars_quadrotor_msgs/hook/ld_library_path_lib.sh'
[0.511s] Level 1:colcon.colcon_core.environment:checking '/home/alux-autopilot22/SUPER-ROS2/install/mars_quadrotor_msgs/bin'
[0.511s] Level 1:colcon.colcon_core.environment:checking '/home/alux-autopilot22/SUPER-ROS2/install/mars_quadrotor_msgs/lib/pkgconfig/mars_quadrotor_msgs.pc'
[0.511s] Level 1:colcon.colcon_core.environment:checking '/home/alux-autopilot22/SUPER-ROS2/install/mars_quadrotor_msgs/lib/python3.10/site-packages'
[0.511s] Level 1:colcon.colcon_core.environment:checking '/home/alux-autopilot22/SUPER-ROS2/install/mars_quadrotor_msgs/bin'
[0.511s] INFO:colcon.colcon_core.shell:Creating package script '/home/alux-autopilot22/SUPER-ROS2/install/mars_quadrotor_msgs/share/mars_quadrotor_msgs/package.ps1'
[0.511s] INFO:colcon.colcon_core.shell:Creating package descriptor '/home/alux-autopilot22/SUPER-ROS2/install/mars_quadrotor_msgs/share/mars_quadrotor_msgs/package.dsv'
[0.512s] INFO:colcon.colcon_core.shell:Creating package script '/home/alux-autopilot22/SUPER-ROS2/install/mars_quadrotor_msgs/share/mars_quadrotor_msgs/package.sh'
[0.512s] INFO:colcon.colcon_core.shell:Creating package script '/home/alux-autopilot22/SUPER-ROS2/install/mars_quadrotor_msgs/share/mars_quadrotor_msgs/package.bash'
[0.512s] INFO:colcon.colcon_core.shell:Creating package script '/home/alux-autopilot22/SUPER-ROS2/install/mars_quadrotor_msgs/share/mars_quadrotor_msgs/package.zsh'
[0.512s] Level 1:colcon.colcon_core.environment:create_file_with_runtime_dependencies(/home/alux-autopilot22/SUPER-ROS2/install/mars_quadrotor_msgs/share/colcon-core/packages/mars_quadrotor_msgs)
[0.512s] INFO:colcon.colcon_ros.task.ament_cmake.build:Building ROS package in '/home/alux-autopilot22/SUPER-ROS2/mars_uav_sim/perfect_drone_sim' with build type 'ament_cmake'
[0.512s] INFO:colcon.colcon_cmake.task.cmake.build:Building CMake package in '/home/alux-autopilot22/SUPER-ROS2/mars_uav_sim/perfect_drone_sim'
[0.513s] INFO:colcon.colcon_core.shell:Skip shell extension 'powershell' for command environment: Not usable outside of PowerShell
[0.513s] DEBUG:colcon.colcon_core.shell:Skip shell extension 'dsv' for command environment
[0.515s] INFO:colcon.colcon_ros.task.ament_cmake.build:Building ROS package in '/home/alux-autopilot22/SUPER-ROS2/super_planner' with build type 'ament_cmake'
[0.515s] INFO:colcon.colcon_cmake.task.cmake.build:Building CMake package in '/home/alux-autopilot22/SUPER-ROS2/super_planner'
[0.515s] INFO:colcon.colcon_core.shell:Skip shell extension 'powershell' for command environment: Not usable outside of PowerShell
[0.515s] DEBUG:colcon.colcon_core.shell:Skip shell extension 'dsv' for command environment
[0.524s] DEBUG:colcon.colcon_core.event_handler.log_command:Invoking command in '/home/alux-autopilot22/SUPER-ROS2/build/perfect_drone_sim': AMENT_PREFIX_PATH=/home/alux-autopilot22/SUPER-ROS2/install/marsim_render:/home/alux-autopilot22/SUPER-ROS2/install/mars_quadrotor_msgs:${AMENT_PREFIX_PATH} CMAKE_PREFIX_PATH=/home/alux-autopilot22/SUPER-ROS2/install/marsim_render:/home/alux-autopilot22/SUPER-ROS2/install/mars_quadrotor_msgs:/opt/ros/humble LD_LIBRARY_PATH=/home/alux-autopilot22/SUPER-ROS2/install/marsim_render/lib:/home/alux-autopilot22/SUPER-ROS2/install/mars_quadrotor_msgs/lib:${LD_LIBRARY_PATH} PYTHONPATH=/home/alux-autopilot22/SUPER-ROS2/install/mars_quadrotor_msgs/local/lib/python3.10/dist-packages:${PYTHONPATH} /usr/bin/cmake --build /home/alux-autopilot22/SUPER-ROS2/build/perfect_drone_sim -- -j16 -l16
[0.526s] DEBUG:colcon.colcon_core.event_handler.log_command:Invoking command in '/home/alux-autopilot22/SUPER-ROS2/build/super_planner': AMENT_PREFIX_PATH=/home/alux-autopilot22/SUPER-ROS2/install/rog_map:/home/alux-autopilot22/SUPER-ROS2/install/mars_quadrotor_msgs:${AMENT_PREFIX_PATH} CMAKE_PREFIX_PATH=/home/alux-autopilot22/SUPER-ROS2/install/rog_map:/home/alux-autopilot22/SUPER-ROS2/install/mars_quadrotor_msgs:/opt/ros/humble LD_LIBRARY_PATH=/home/alux-autopilot22/SUPER-ROS2/install/rog_map/lib:/home/alux-autopilot22/SUPER-ROS2/install/mars_quadrotor_msgs/lib:${LD_LIBRARY_PATH} PYTHONPATH=/home/alux-autopilot22/SUPER-ROS2/install/mars_quadrotor_msgs/local/lib/python3.10/dist-packages:${PYTHONPATH} /usr/bin/cmake --build /home/alux-autopilot22/SUPER-ROS2/build/super_planner -- -j16 -l16
[0.592s] DEBUG:colcon.colcon_core.event_handler.log_command:Invoked command in '/home/alux-autopilot22/SUPER-ROS2/build/perfect_drone_sim' returned '0': AMENT_PREFIX_PATH=/home/alux-autopilot22/SUPER-ROS2/install/marsim_render:/home/alux-autopilot22/SUPER-ROS2/install/mars_quadrotor_msgs:${AMENT_PREFIX_PATH} CMAKE_PREFIX_PATH=/home/alux-autopilot22/SUPER-ROS2/install/marsim_render:/home/alux-autopilot22/SUPER-ROS2/install/mars_quadrotor_msgs:/opt/ros/humble LD_LIBRARY_PATH=/home/alux-autopilot22/SUPER-ROS2/install/marsim_render/lib:/home/alux-autopilot22/SUPER-ROS2/install/mars_quadrotor_msgs/lib:${LD_LIBRARY_PATH} PYTHONPATH=/home/alux-autopilot22/SUPER-ROS2/install/mars_quadrotor_msgs/local/lib/python3.10/dist-packages:${PYTHONPATH} /usr/bin/cmake --build /home/alux-autopilot22/SUPER-ROS2/build/perfect_drone_sim -- -j16 -l16
[0.594s] DEBUG:colcon.colcon_core.event_handler.log_command:Invoking command in '/home/alux-autopilot22/SUPER-ROS2/build/perfect_drone_sim': AMENT_PREFIX_PATH=/home/alux-autopilot22/SUPER-ROS2/install/marsim_render:/home/alux-autopilot22/SUPER-ROS2/install/mars_quadrotor_msgs:${AMENT_PREFIX_PATH} CMAKE_PREFIX_PATH=/home/alux-autopilot22/SUPER-ROS2/install/marsim_render:/home/alux-autopilot22/SUPER-ROS2/install/mars_quadrotor_msgs:/opt/ros/humble LD_LIBRARY_PATH=/home/alux-autopilot22/SUPER-ROS2/install/marsim_render/lib:/home/alux-autopilot22/SUPER-ROS2/install/mars_quadrotor_msgs/lib:${LD_LIBRARY_PATH} PYTHONPATH=/home/alux-autopilot22/SUPER-ROS2/install/mars_quadrotor_msgs/local/lib/python3.10/dist-packages:${PYTHONPATH} /usr/bin/cmake --install /home/alux-autopilot22/SUPER-ROS2/build/perfect_drone_sim
[0.612s] Level 1:colcon.colcon_core.environment:create_environment_scripts_only(perfect_drone_sim)
[0.613s] Level 1:colcon.colcon_core.environment:checking '/home/alux-autopilot22/SUPER-ROS2/install/perfect_drone_sim' for CMake module files
[0.613s] DEBUG:colcon.colcon_core.event_handler.log_command:Invoked command in '/home/alux-autopilot22/SUPER-ROS2/build/perfect_drone_sim' returned '0': AMENT_PREFIX_PATH=/home/alux-autopilot22/SUPER-ROS2/install/marsim_render:/home/alux-autopilot22/SUPER-ROS2/install/mars_quadrotor_msgs:${AMENT_PREFIX_PATH} CMAKE_PREFIX_PATH=/home/alux-autopilot22/SUPER-ROS2/install/marsim_render:/home/alux-autopilot22/SUPER-ROS2/install/mars_quadrotor_msgs:/opt/ros/humble LD_LIBRARY_PATH=/home/alux-autopilot22/SUPER-ROS2/install/marsim_render/lib:/home/alux-autopilot22/SUPER-ROS2/install/mars_quadrotor_msgs/lib:${LD_LIBRARY_PATH} PYTHONPATH=/home/alux-autopilot22/SUPER-ROS2/install/mars_quadrotor_msgs/local/lib/python3.10/dist-packages:${PYTHONPATH} /usr/bin/cmake --install /home/alux-autopilot22/SUPER-ROS2/build/perfect_drone_sim
[0.614s] Level 1:colcon.colcon_core.environment:checking '/home/alux-autopilot22/SUPER-ROS2/install/perfect_drone_sim' for CMake config files
[0.614s] Level 1:colcon.colcon_core.shell:create_environment_hook('perfect_drone_sim', 'cmake_prefix_path')
[0.614s] INFO:colcon.colcon_core.shell:Creating environment hook '/home/alux-autopilot22/SUPER-ROS2/install/perfect_drone_sim/share/perfect_drone_sim/hook/cmake_prefix_path.ps1'
[0.615s] INFO:colcon.colcon_core.shell:Creating environment descriptor '/home/alux-autopilot22/SUPER-ROS2/install/perfect_drone_sim/share/perfect_drone_sim/hook/cmake_prefix_path.dsv'
[0.615s] INFO:colcon.colcon_core.shell:Creating environment hook '/home/alux-autopilot22/SUPER-ROS2/install/perfect_drone_sim/share/perfect_drone_sim/hook/cmake_prefix_path.sh'
[0.615s] Level 1:colcon.colcon_core.environment:checking '/home/alux-autopilot22/SUPER-ROS2/install/perfect_drone_sim/lib'
[0.615s] Level 1:colcon.colcon_core.environment:checking '/home/alux-autopilot22/SUPER-ROS2/install/perfect_drone_sim/bin'
[0.615s] Level 1:colcon.colcon_core.environment:checking '/home/alux-autopilot22/SUPER-ROS2/install/perfect_drone_sim/lib/pkgconfig/perfect_drone_sim.pc'
[0.615s] Level 1:colcon.colcon_core.environment:checking '/home/alux-autopilot22/SUPER-ROS2/install/perfect_drone_sim/lib/python3.10/site-packages'
[0.616s] Level 1:colcon.colcon_core.environment:checking '/home/alux-autopilot22/SUPER-ROS2/install/perfect_drone_sim/bin'
[0.616s] INFO:colcon.colcon_core.shell:Creating package script '/home/alux-autopilot22/SUPER-ROS2/install/perfect_drone_sim/share/perfect_drone_sim/package.ps1'
[0.616s] INFO:colcon.colcon_core.shell:Creating package descriptor '/home/alux-autopilot22/SUPER-ROS2/install/perfect_drone_sim/share/perfect_drone_sim/package.dsv'
[0.616s] INFO:colcon.colcon_core.shell:Creating package script '/home/alux-autopilot22/SUPER-ROS2/install/perfect_drone_sim/share/perfect_drone_sim/package.sh'
[0.617s] INFO:colcon.colcon_core.shell:Creating package script '/home/alux-autopilot22/SUPER-ROS2/install/perfect_drone_sim/share/perfect_drone_sim/package.bash'
[0.617s] INFO:colcon.colcon_core.shell:Creating package script '/home/alux-autopilot22/SUPER-ROS2/install/perfect_drone_sim/share/perfect_drone_sim/package.zsh'
[0.617s] Level 1:colcon.colcon_core.environment:create_file_with_runtime_dependencies(/home/alux-autopilot22/SUPER-ROS2/install/perfect_drone_sim/share/colcon-core/packages/perfect_drone_sim)
[0.617s] Level 1:colcon.colcon_core.environment:create_environment_scripts_only(perfect_drone_sim)
[0.618s] Level 1:colcon.colcon_core.environment:checking '/home/alux-autopilot22/SUPER-ROS2/install/perfect_drone_sim' for CMake module files
[0.618s] Level 1:colcon.colcon_core.environment:checking '/home/alux-autopilot22/SUPER-ROS2/install/perfect_drone_sim' for CMake config files
[0.618s] Level 1:colcon.colcon_core.shell:create_environment_hook('perfect_drone_sim', 'cmake_prefix_path')
[0.619s] INFO:colcon.colcon_core.shell:Creating environment hook '/home/alux-autopilot22/SUPER-ROS2/install/perfect_drone_sim/share/perfect_drone_sim/hook/cmake_prefix_path.ps1'
[0.619s] INFO:colcon.colcon_core.shell:Creating environment descriptor '/home/alux-autopilot22/SUPER-ROS2/install/perfect_drone_sim/share/perfect_drone_sim/hook/cmake_prefix_path.dsv'
[0.619s] INFO:colcon.colcon_core.shell:Creating environment hook '/home/alux-autopilot22/SUPER-ROS2/install/perfect_drone_sim/share/perfect_drone_sim/hook/cmake_prefix_path.sh'
[0.619s] Level 1:colcon.colcon_core.environment:checking '/home/alux-autopilot22/SUPER-ROS2/install/perfect_drone_sim/lib'
[0.619s] Level 1:colcon.colcon_core.environment:checking '/home/alux-autopilot22/SUPER-ROS2/install/perfect_drone_sim/bin'
[0.619s] Level 1:colcon.colcon_core.environment:checking '/home/alux-autopilot22/SUPER-ROS2/install/perfect_drone_sim/lib/pkgconfig/perfect_drone_sim.pc'
[0.620s] Level 1:colcon.colcon_core.environment:checking '/home/alux-autopilot22/SUPER-ROS2/install/perfect_drone_sim/lib/python3.10/site-packages'
[0.620s] Level 1:colcon.colcon_core.environment:checking '/home/alux-autopilot22/SUPER-ROS2/install/perfect_drone_sim/bin'
[0.620s] INFO:colcon.colcon_core.shell:Creating package script '/home/alux-autopilot22/SUPER-ROS2/install/perfect_drone_sim/share/perfect_drone_sim/package.ps1'
[0.621s] INFO:colcon.colcon_core.shell:Creating package descriptor '/home/alux-autopilot22/SUPER-ROS2/install/perfect_drone_sim/share/perfect_drone_sim/package.dsv'
[0.621s] INFO:colcon.colcon_core.shell:Creating package script '/home/alux-autopilot22/SUPER-ROS2/install/perfect_drone_sim/share/perfect_drone_sim/package.sh'
[0.621s] INFO:colcon.colcon_core.shell:Creating package script '/home/alux-autopilot22/SUPER-ROS2/install/perfect_drone_sim/share/perfect_drone_sim/package.bash'
[0.621s] INFO:colcon.colcon_core.shell:Creating package script '/home/alux-autopilot22/SUPER-ROS2/install/perfect_drone_sim/share/perfect_drone_sim/package.zsh'
[0.622s] Level 1:colcon.colcon_core.environment:create_file_with_runtime_dependencies(/home/alux-autopilot22/SUPER-ROS2/install/perfect_drone_sim/share/colcon-core/packages/perfect_drone_sim)
[46.576s] DEBUG:colcon.colcon_core.event_handler.log_command:Invoked command in '/home/alux-autopilot22/SUPER-ROS2/build/super_planner' returned '0': AMENT_PREFIX_PATH=/home/alux-autopilot22/SUPER-ROS2/install/rog_map:/home/alux-autopilot22/SUPER-ROS2/install/mars_quadrotor_msgs:${AMENT_PREFIX_PATH} CMAKE_PREFIX_PATH=/home/alux-autopilot22/SUPER-ROS2/install/rog_map:/home/alux-autopilot22/SUPER-ROS2/install/mars_quadrotor_msgs:/opt/ros/humble LD_LIBRARY_PATH=/home/alux-autopilot22/SUPER-ROS2/install/rog_map/lib:/home/alux-autopilot22/SUPER-ROS2/install/mars_quadrotor_msgs/lib:${LD_LIBRARY_PATH} PYTHONPATH=/home/alux-autopilot22/SUPER-ROS2/install/mars_quadrotor_msgs/local/lib/python3.10/dist-packages:${PYTHONPATH} /usr/bin/cmake --build /home/alux-autopilot22/SUPER-ROS2/build/super_planner -- -j16 -l16
[46.578s] DEBUG:colcon.colcon_core.event_handler.log_command:Invoking command in '/home/alux-autopilot22/SUPER-ROS2/build/super_planner': AMENT_PREFIX_PATH=/home/alux-autopilot22/SUPER-ROS2/install/rog_map:/home/alux-autopilot22/SUPER-ROS2/install/mars_quadrotor_msgs:${AMENT_PREFIX_PATH} CMAKE_PREFIX_PATH=/home/alux-autopilot22/SUPER-ROS2/install/rog_map:/home/alux-autopilot22/SUPER-ROS2/install/mars_quadrotor_msgs:/opt/ros/humble LD_LIBRARY_PATH=/home/alux-autopilot22/SUPER-ROS2/install/rog_map/lib:/home/alux-autopilot22/SUPER-ROS2/install/mars_quadrotor_msgs/lib:${LD_LIBRARY_PATH} PYTHONPATH=/home/alux-autopilot22/SUPER-ROS2/install/mars_quadrotor_msgs/local/lib/python3.10/dist-packages:${PYTHONPATH} /usr/bin/cmake --install /home/alux-autopilot22/SUPER-ROS2/build/super_planner
[47.917s] Level 1:colcon.colcon_core.environment:create_environment_scripts_only(super_planner)
[47.917s] Level 1:colcon.colcon_core.environment:checking '/home/alux-autopilot22/SUPER-ROS2/install/super_planner' for CMake module files
[47.918s] DEBUG:colcon.colcon_core.event_handler.log_command:Invoked command in '/home/alux-autopilot22/SUPER-ROS2/build/super_planner' returned '0': AMENT_PREFIX_PATH=/home/alux-autopilot22/SUPER-ROS2/install/rog_map:/home/alux-autopilot22/SUPER-ROS2/install/mars_quadrotor_msgs:${AMENT_PREFIX_PATH} CMAKE_PREFIX_PATH=/home/alux-autopilot22/SUPER-ROS2/install/rog_map:/home/alux-autopilot22/SUPER-ROS2/install/mars_quadrotor_msgs:/opt/ros/humble LD_LIBRARY_PATH=/home/alux-autopilot22/SUPER-ROS2/install/rog_map/lib:/home/alux-autopilot22/SUPER-ROS2/install/mars_quadrotor_msgs/lib:${LD_LIBRARY_PATH} PYTHONPATH=/home/alux-autopilot22/SUPER-ROS2/install/mars_quadrotor_msgs/local/lib/python3.10/dist-packages:${PYTHONPATH} /usr/bin/cmake --install /home/alux-autopilot22/SUPER-ROS2/build/super_planner
[47.918s] Level 1:colcon.colcon_core.environment:checking '/home/alux-autopilot22/SUPER-ROS2/install/super_planner' for CMake config files
[47.920s] Level 1:colcon.colcon_core.shell:create_environment_hook('super_planner', 'cmake_prefix_path')
[47.920s] INFO:colcon.colcon_core.shell:Creating environment hook '/home/alux-autopilot22/SUPER-ROS2/install/super_planner/share/super_planner/hook/cmake_prefix_path.ps1'
[47.920s] INFO:colcon.colcon_core.shell:Creating environment descriptor '/home/alux-autopilot22/SUPER-ROS2/install/super_planner/share/super_planner/hook/cmake_prefix_path.dsv'
[47.920s] INFO:colcon.colcon_core.shell:Creating environment hook '/home/alux-autopilot22/SUPER-ROS2/install/super_planner/share/super_planner/hook/cmake_prefix_path.sh'
[47.921s] Level 1:colcon.colcon_core.environment:checking '/home/alux-autopilot22/SUPER-ROS2/install/super_planner/lib'
[47.921s] Level 1:colcon.colcon_core.environment:checking '/home/alux-autopilot22/SUPER-ROS2/install/super_planner/bin'
[47.921s] Level 1:colcon.colcon_core.environment:checking '/home/alux-autopilot22/SUPER-ROS2/install/super_planner/lib/pkgconfig/super_planner.pc'
[47.921s] Level 1:colcon.colcon_core.environment:checking '/home/alux-autopilot22/SUPER-ROS2/install/super_planner/lib/python3.10/site-packages'
[47.921s] Level 1:colcon.colcon_core.environment:checking '/home/alux-autopilot22/SUPER-ROS2/install/super_planner/bin'
[47.921s] INFO:colcon.colcon_core.shell:Creating package script '/home/alux-autopilot22/SUPER-ROS2/install/super_planner/share/super_planner/package.ps1'
[47.921s] INFO:colcon.colcon_core.shell:Creating package descriptor '/home/alux-autopilot22/SUPER-ROS2/install/super_planner/share/super_planner/package.dsv'
[47.922s] INFO:colcon.colcon_core.shell:Creating package script '/home/alux-autopilot22/SUPER-ROS2/install/super_planner/share/super_planner/package.sh'
[47.922s] INFO:colcon.colcon_core.shell:Creating package script '/home/alux-autopilot22/SUPER-ROS2/install/super_planner/share/super_planner/package.bash'
[47.922s] INFO:colcon.colcon_core.shell:Creating package script '/home/alux-autopilot22/SUPER-ROS2/install/super_planner/share/super_planner/package.zsh'
[47.922s] Level 1:colcon.colcon_core.environment:create_file_with_runtime_dependencies(/home/alux-autopilot22/SUPER-ROS2/install/super_planner/share/colcon-core/packages/super_planner)
[47.922s] Level 1:colcon.colcon_core.environment:create_environment_scripts_only(super_planner)
[47.923s] Level 1:colcon.colcon_core.environment:checking '/home/alux-autopilot22/SUPER-ROS2/install/super_planner' for CMake module files
[47.923s] Level 1:colcon.colcon_core.environment:checking '/home/alux-autopilot22/SUPER-ROS2/install/super_planner' for CMake config files
[47.924s] Level 1:colcon.colcon_core.shell:create_environment_hook('super_planner', 'cmake_prefix_path')
[47.924s] INFO:colcon.colcon_core.shell:Creating environment hook '/home/alux-autopilot22/SUPER-ROS2/install/super_planner/share/super_planner/hook/cmake_prefix_path.ps1'
[47.924s] INFO:colcon.colcon_core.shell:Creating environment descriptor '/home/alux-autopilot22/SUPER-ROS2/install/super_planner/share/super_planner/hook/cmake_prefix_path.dsv'
[47.924s] INFO:colcon.colcon_core.shell:Creating environment hook '/home/alux-autopilot22/SUPER-ROS2/install/super_planner/share/super_planner/hook/cmake_prefix_path.sh'
[47.926s] Level 1:colcon.colcon_core.environment:checking '/home/alux-autopilot22/SUPER-ROS2/install/super_planner/lib'
[47.926s] Level 1:colcon.colcon_core.environment:checking '/home/alux-autopilot22/SUPER-ROS2/install/super_planner/bin'
[47.926s] Level 1:colcon.colcon_core.environment:checking '/home/alux-autopilot22/SUPER-ROS2/install/super_planner/lib/pkgconfig/super_planner.pc'
[47.926s] Level 1:colcon.colcon_core.environment:checking '/home/alux-autopilot22/SUPER-ROS2/install/super_planner/lib/python3.10/site-packages'
[47.927s] Level 1:colcon.colcon_core.environment:checking '/home/alux-autopilot22/SUPER-ROS2/install/super_planner/bin'
[47.927s] INFO:colcon.colcon_core.shell:Creating package script '/home/alux-autopilot22/SUPER-ROS2/install/super_planner/share/super_planner/package.ps1'
[47.927s] INFO:colcon.colcon_core.shell:Creating package descriptor '/home/alux-autopilot22/SUPER-ROS2/install/super_planner/share/super_planner/package.dsv'
[47.927s] INFO:colcon.colcon_core.shell:Creating package script '/home/alux-autopilot22/SUPER-ROS2/install/super_planner/share/super_planner/package.sh'
[47.927s] INFO:colcon.colcon_core.shell:Creating package script '/home/alux-autopilot22/SUPER-ROS2/install/super_planner/share/super_planner/package.bash'
[47.928s] INFO:colcon.colcon_core.shell:Creating package script '/home/alux-autopilot22/SUPER-ROS2/install/super_planner/share/super_planner/package.zsh'
[47.928s] Level 1:colcon.colcon_core.environment:create_file_with_runtime_dependencies(/home/alux-autopilot22/SUPER-ROS2/install/super_planner/share/colcon-core/packages/super_planner)
[47.928s] DEBUG:colcon.colcon_parallel_executor.executor.parallel:closing loop
[47.929s] DEBUG:colcon.colcon_parallel_executor.executor.parallel:loop closed
[47.929s] DEBUG:colcon.colcon_parallel_executor.executor.parallel:run_until_complete finished with '0'
[47.929s] DEBUG:colcon.colcon_core.event_reactor:joining thread
[47.932s] INFO:colcon.colcon_core.plugin_system:Skipping extension 'colcon_notification.desktop_notification.terminal_notifier': Not used on non-Darwin systems
[47.932s] INFO:colcon.colcon_core.plugin_system:Skipping extension 'colcon_notification.desktop_notification.win32': Not used on non-Windows systems
[47.932s] INFO:colcon.colcon_notification.desktop_notification:Sending desktop notification using 'notify2'
[47.941s] DEBUG:colcon.colcon_core.event_reactor:joined thread
[47.942s] INFO:colcon.colcon_core.shell:Creating prefix script '/home/alux-autopilot22/SUPER-ROS2/install/local_setup.ps1'
[47.943s] INFO:colcon.colcon_core.shell:Creating prefix util module '/home/alux-autopilot22/SUPER-ROS2/install/_local_setup_util_ps1.py'
[47.944s] INFO:colcon.colcon_core.shell:Creating prefix chain script '/home/alux-autopilot22/SUPER-ROS2/install/setup.ps1'
[47.945s] INFO:colcon.colcon_core.shell:Creating prefix script '/home/alux-autopilot22/SUPER-ROS2/install/local_setup.sh'
[47.945s] INFO:colcon.colcon_core.shell:Creating prefix util module '/home/alux-autopilot22/SUPER-ROS2/install/_local_setup_util_sh.py'
[47.945s] INFO:colcon.colcon_core.shell:Creating prefix chain script '/home/alux-autopilot22/SUPER-ROS2/install/setup.sh'
[47.946s] INFO:colcon.colcon_core.shell:Creating prefix script '/home/alux-autopilot22/SUPER-ROS2/install/local_setup.bash'
[47.946s] INFO:colcon.colcon_core.shell:Creating prefix chain script '/home/alux-autopilot22/SUPER-ROS2/install/setup.bash'
[47.946s] INFO:colcon.colcon_core.shell:Creating prefix script '/home/alux-autopilot22/SUPER-ROS2/install/local_setup.zsh'
[47.947s] INFO:colcon.colcon_core.shell:Creating prefix chain script '/home/alux-autopilot22/SUPER-ROS2/install/setup.zsh'
