[35m[1mConsolidate compiler generated dependencies of target marsim_render[0m
[100%] Built target marsim_render
-- Install configuration: "Release"
-- Execute custom install script
-- Up-to-date symlink: /home/alux-autopilot22/SUPER-ROS2/install/marsim_render/lib/libmarsim_render.so
-- Up-to-date symlink: /home/alux-autopilot22/SUPER-ROS2/install/marsim_render/share/marsim_render/environment/library_path.sh
-- Up-to-date symlink: /home/alux-autopilot22/SUPER-ROS2/install/marsim_render/share/marsim_render/environment/library_path.dsv
-- Up-to-date symlink: /home/alux-autopilot22/SUPER-ROS2/install/marsim_render/include//GL/glew.h
-- Up-to-date symlink: /home/alux-autopilot22/SUPER-ROS2/install/marsim_render/include//GL/glxew.h
-- Up-to-date symlink: /home/alux-autopilot22/SUPER-ROS2/install/marsim_render/include//GL/wglew.h
-- Up-to-date symlink: /home/alux-autopilot22/SUPER-ROS2/install/marsim_render/include//glad/glad.c
-- Up-to-date symlink: /home/alux-autopilot22/SUPER-ROS2/install/marsim_render/include//glad/glad.h
-- Up-to-date symlink: /home/alux-autopilot22/SUPER-ROS2/install/marsim_render/include//glm/CMakeLists.txt
-- Up-to-date symlink: /home/alux-autopilot22/SUPER-ROS2/install/marsim_render/include//glm/common.hpp
-- Up-to-date symlink: /home/alux-autopilot22/SUPER-ROS2/install/marsim_render/include//glm/detail/_features.hpp
-- Up-to-date symlink: /home/alux-autopilot22/SUPER-ROS2/install/marsim_render/include//glm/detail/_fixes.hpp
-- Up-to-date symlink: /home/alux-autopilot22/SUPER-ROS2/install/marsim_render/include//glm/detail/_noise.hpp
-- Up-to-date symlink: /home/alux-autopilot22/SUPER-ROS2/install/marsim_render/include//glm/detail/_swizzle.hpp
-- Up-to-date symlink: /home/alux-autopilot22/SUPER-ROS2/install/marsim_render/include//glm/detail/_swizzle_func.hpp
-- Up-to-date symlink: /home/alux-autopilot22/SUPER-ROS2/install/marsim_render/include//glm/detail/_vectorize.hpp
-- Up-to-date symlink: /home/alux-autopilot22/SUPER-ROS2/install/marsim_render/include//glm/detail/compute_common.hpp
-- Up-to-date symlink: /home/alux-autopilot22/SUPER-ROS2/install/marsim_render/include//glm/detail/compute_vector_relational.hpp
-- Up-to-date symlink: /home/alux-autopilot22/SUPER-ROS2/install/marsim_render/include//glm/detail/func_common.inl
-- Up-to-date symlink: /home/alux-autopilot22/SUPER-ROS2/install/marsim_render/include//glm/detail/func_common_simd.inl
-- Up-to-date symlink: /home/alux-autopilot22/SUPER-ROS2/install/marsim_render/include//glm/detail/func_exponential.inl
-- Up-to-date symlink: /home/alux-autopilot22/SUPER-ROS2/install/marsim_render/include//glm/detail/func_exponential_simd.inl
-- Up-to-date symlink: /home/alux-autopilot22/SUPER-ROS2/install/marsim_render/include//glm/detail/func_geometric.inl
-- Up-to-date symlink: /home/alux-autopilot22/SUPER-ROS2/install/marsim_render/include//glm/detail/func_geometric_simd.inl
-- Up-to-date symlink: /home/alux-autopilot22/SUPER-ROS2/install/marsim_render/include//glm/detail/func_integer.inl
-- Up-to-date symlink: /home/alux-autopilot22/SUPER-ROS2/install/marsim_render/include//glm/detail/func_integer_simd.inl
-- Up-to-date symlink: /home/alux-autopilot22/SUPER-ROS2/install/marsim_render/include//glm/detail/func_matrix.inl
-- Up-to-date symlink: /home/alux-autopilot22/SUPER-ROS2/install/marsim_render/include//glm/detail/func_matrix_simd.inl
-- Up-to-date symlink: /home/alux-autopilot22/SUPER-ROS2/install/marsim_render/include//glm/detail/func_packing.inl
-- Up-to-date symlink: /home/alux-autopilot22/SUPER-ROS2/install/marsim_render/include//glm/detail/func_packing_simd.inl
-- Up-to-date symlink: /home/alux-autopilot22/SUPER-ROS2/install/marsim_render/include//glm/detail/func_trigonometric.inl
-- Up-to-date symlink: /home/alux-autopilot22/SUPER-ROS2/install/marsim_render/include//glm/detail/func_trigonometric_simd.inl
-- Up-to-date symlink: /home/alux-autopilot22/SUPER-ROS2/install/marsim_render/include//glm/detail/func_vector_relational.inl
-- Up-to-date symlink: /home/alux-autopilot22/SUPER-ROS2/install/marsim_render/include//glm/detail/func_vector_relational_simd.inl
-- Up-to-date symlink: /home/alux-autopilot22/SUPER-ROS2/install/marsim_render/include//glm/detail/glm.cpp
-- Up-to-date symlink: /home/alux-autopilot22/SUPER-ROS2/install/marsim_render/include//glm/detail/qualifier.hpp
-- Up-to-date symlink: /home/alux-autopilot22/SUPER-ROS2/install/marsim_render/include//glm/detail/setup.hpp
-- Up-to-date symlink: /home/alux-autopilot22/SUPER-ROS2/install/marsim_render/include//glm/detail/type_float.hpp
-- Up-to-date symlink: /home/alux-autopilot22/SUPER-ROS2/install/marsim_render/include//glm/detail/type_half.hpp
-- Up-to-date symlink: /home/alux-autopilot22/SUPER-ROS2/install/marsim_render/include//glm/detail/type_half.inl
-- Up-to-date symlink: /home/alux-autopilot22/SUPER-ROS2/install/marsim_render/include//glm/detail/type_mat2x2.hpp
-- Up-to-date symlink: /home/alux-autopilot22/SUPER-ROS2/install/marsim_render/include//glm/detail/type_mat2x2.inl
-- Up-to-date symlink: /home/alux-autopilot22/SUPER-ROS2/install/marsim_render/include//glm/detail/type_mat2x3.hpp
-- Up-to-date symlink: /home/alux-autopilot22/SUPER-ROS2/install/marsim_render/include//glm/detail/type_mat2x3.inl
-- Up-to-date symlink: /home/alux-autopilot22/SUPER-ROS2/install/marsim_render/include//glm/detail/type_mat2x4.hpp
-- Up-to-date symlink: /home/alux-autopilot22/SUPER-ROS2/install/marsim_render/include//glm/detail/type_mat2x4.inl
-- Up-to-date symlink: /home/alux-autopilot22/SUPER-ROS2/install/marsim_render/include//glm/detail/type_mat3x2.hpp
-- Up-to-date symlink: /home/alux-autopilot22/SUPER-ROS2/install/marsim_render/include//glm/detail/type_mat3x2.inl
-- Up-to-date symlink: /home/alux-autopilot22/SUPER-ROS2/install/marsim_render/include//glm/detail/type_mat3x3.hpp
-- Up-to-date symlink: /home/alux-autopilot22/SUPER-ROS2/install/marsim_render/include//glm/detail/type_mat3x3.inl
-- Up-to-date symlink: /home/alux-autopilot22/SUPER-ROS2/install/marsim_render/include//glm/detail/type_mat3x4.hpp
-- Up-to-date symlink: /home/alux-autopilot22/SUPER-ROS2/install/marsim_render/include//glm/detail/type_mat3x4.inl
-- Up-to-date symlink: /home/alux-autopilot22/SUPER-ROS2/install/marsim_render/include//glm/detail/type_mat4x2.hpp
-- Up-to-date symlink: /home/alux-autopilot22/SUPER-ROS2/install/marsim_render/include//glm/detail/type_mat4x2.inl
-- Up-to-date symlink: /home/alux-autopilot22/SUPER-ROS2/install/marsim_render/include//glm/detail/type_mat4x3.hpp
-- Up-to-date symlink: /home/alux-autopilot22/SUPER-ROS2/install/marsim_render/include//glm/detail/type_mat4x3.inl
-- Up-to-date symlink: /home/alux-autopilot22/SUPER-ROS2/install/marsim_render/include//glm/detail/type_mat4x4.hpp
-- Up-to-date symlink: /home/alux-autopilot22/SUPER-ROS2/install/marsim_render/include//glm/detail/type_mat4x4.inl
-- Up-to-date symlink: /home/alux-autopilot22/SUPER-ROS2/install/marsim_render/include//glm/detail/type_mat4x4_simd.inl
-- Up-to-date symlink: /home/alux-autopilot22/SUPER-ROS2/install/marsim_render/include//glm/detail/type_quat.hpp
-- Up-to-date symlink: /home/alux-autopilot22/SUPER-ROS2/install/marsim_render/include//glm/detail/type_quat.inl
-- Up-to-date symlink: /home/alux-autopilot22/SUPER-ROS2/install/marsim_render/include//glm/detail/type_quat_simd.inl
-- Up-to-date symlink: /home/alux-autopilot22/SUPER-ROS2/install/marsim_render/include//glm/detail/type_vec1.hpp
-- Up-to-date symlink: /home/alux-autopilot22/SUPER-ROS2/install/marsim_render/include//glm/detail/type_vec1.inl
-- Up-to-date symlink: /home/alux-autopilot22/SUPER-ROS2/install/marsim_render/include//glm/detail/type_vec2.hpp
-- Up-to-date symlink: /home/alux-autopilot22/SUPER-ROS2/install/marsim_render/include//glm/detail/type_vec2.inl
-- Up-to-date symlink: /home/alux-autopilot22/SUPER-ROS2/install/marsim_render/include//glm/detail/type_vec3.hpp
-- Up-to-date symlink: /home/alux-autopilot22/SUPER-ROS2/install/marsim_render/include//glm/detail/type_vec3.inl
-- Up-to-date symlink: /home/alux-autopilot22/SUPER-ROS2/install/marsim_render/include//glm/detail/type_vec4.hpp
-- Up-to-date symlink: /home/alux-autopilot22/SUPER-ROS2/install/marsim_render/include//glm/detail/type_vec4.inl
-- Up-to-date symlink: /home/alux-autopilot22/SUPER-ROS2/install/marsim_render/include//glm/detail/type_vec4_simd.inl
-- Up-to-date symlink: /home/alux-autopilot22/SUPER-ROS2/install/marsim_render/include//glm/exponential.hpp
-- Up-to-date symlink: /home/alux-autopilot22/SUPER-ROS2/install/marsim_render/include//glm/ext.hpp
-- Up-to-date symlink: /home/alux-autopilot22/SUPER-ROS2/install/marsim_render/include//glm/ext/matrix_clip_space.hpp
-- Up-to-date symlink: /home/alux-autopilot22/SUPER-ROS2/install/marsim_render/include//glm/ext/matrix_clip_space.inl
-- Up-to-date symlink: /home/alux-autopilot22/SUPER-ROS2/install/marsim_render/include//glm/ext/matrix_double2x2.hpp
-- Up-to-date symlink: /home/alux-autopilot22/SUPER-ROS2/install/marsim_render/include//glm/ext/matrix_double2x2_precision.hpp
-- Up-to-date symlink: /home/alux-autopilot22/SUPER-ROS2/install/marsim_render/include//glm/ext/matrix_double2x3.hpp
-- Up-to-date symlink: /home/alux-autopilot22/SUPER-ROS2/install/marsim_render/include//glm/ext/matrix_double2x3_precision.hpp
-- Up-to-date symlink: /home/alux-autopilot22/SUPER-ROS2/install/marsim_render/include//glm/ext/matrix_double2x4.hpp
-- Up-to-date symlink: /home/alux-autopilot22/SUPER-ROS2/install/marsim_render/include//glm/ext/matrix_double2x4_precision.hpp
-- Up-to-date symlink: /home/alux-autopilot22/SUPER-ROS2/install/marsim_render/include//glm/ext/matrix_double3x2.hpp
-- Up-to-date symlink: /home/alux-autopilot22/SUPER-ROS2/install/marsim_render/include//glm/ext/matrix_double3x2_precision.hpp
-- Up-to-date symlink: /home/alux-autopilot22/SUPER-ROS2/install/marsim_render/include//glm/ext/matrix_double3x3.hpp
-- Up-to-date symlink: /home/alux-autopilot22/SUPER-ROS2/install/marsim_render/include//glm/ext/matrix_double3x3_precision.hpp
-- Up-to-date symlink: /home/alux-autopilot22/SUPER-ROS2/install/marsim_render/include//glm/ext/matrix_double3x4.hpp
-- Up-to-date symlink: /home/alux-autopilot22/SUPER-ROS2/install/marsim_render/include//glm/ext/matrix_double3x4_precision.hpp
-- Up-to-date symlink: /home/alux-autopilot22/SUPER-ROS2/install/marsim_render/include//glm/ext/matrix_double4x2.hpp
-- Up-to-date symlink: /home/alux-autopilot22/SUPER-ROS2/install/marsim_render/include//glm/ext/matrix_double4x2_precision.hpp
-- Up-to-date symlink: /home/alux-autopilot22/SUPER-ROS2/install/marsim_render/include//glm/ext/matrix_double4x3.hpp
-- Up-to-date symlink: /home/alux-autopilot22/SUPER-ROS2/install/marsim_render/include//glm/ext/matrix_double4x3_precision.hpp
-- Up-to-date symlink: /home/alux-autopilot22/SUPER-ROS2/install/marsim_render/include//glm/ext/matrix_double4x4.hpp
-- Up-to-date symlink: /home/alux-autopilot22/SUPER-ROS2/install/marsim_render/include//glm/ext/matrix_double4x4_precision.hpp
-- Up-to-date symlink: /home/alux-autopilot22/SUPER-ROS2/install/marsim_render/include//glm/ext/matrix_float2x2.hpp
-- Up-to-date symlink: /home/alux-autopilot22/SUPER-ROS2/install/marsim_render/include//glm/ext/matrix_float2x2_precision.hpp
-- Up-to-date symlink: /home/alux-autopilot22/SUPER-ROS2/install/marsim_render/include//glm/ext/matrix_float2x3.hpp
-- Up-to-date symlink: /home/alux-autopilot22/SUPER-ROS2/install/marsim_render/include//glm/ext/matrix_float2x3_precision.hpp
-- Up-to-date symlink: /home/alux-autopilot22/SUPER-ROS2/install/marsim_render/include//glm/ext/matrix_float2x4.hpp
-- Up-to-date symlink: /home/alux-autopilot22/SUPER-ROS2/install/marsim_render/include//glm/ext/matrix_float2x4_precision.hpp
-- Up-to-date symlink: /home/alux-autopilot22/SUPER-ROS2/install/marsim_render/include//glm/ext/matrix_float3x2.hpp
-- Up-to-date symlink: /home/alux-autopilot22/SUPER-ROS2/install/marsim_render/include//glm/ext/matrix_float3x2_precision.hpp
-- Up-to-date symlink: /home/alux-autopilot22/SUPER-ROS2/install/marsim_render/include//glm/ext/matrix_float3x3.hpp
-- Up-to-date symlink: /home/alux-autopilot22/SUPER-ROS2/install/marsim_render/include//glm/ext/matrix_float3x3_precision.hpp
-- Up-to-date symlink: /home/alux-autopilot22/SUPER-ROS2/install/marsim_render/include//glm/ext/matrix_float3x4.hpp
-- Up-to-date symlink: /home/alux-autopilot22/SUPER-ROS2/install/marsim_render/include//glm/ext/matrix_float3x4_precision.hpp
-- Up-to-date symlink: /home/alux-autopilot22/SUPER-ROS2/install/marsim_render/include//glm/ext/matrix_float4x2.hpp
-- Up-to-date symlink: /home/alux-autopilot22/SUPER-ROS2/install/marsim_render/include//glm/ext/matrix_float4x2_precision.hpp
-- Up-to-date symlink: /home/alux-autopilot22/SUPER-ROS2/install/marsim_render/include//glm/ext/matrix_float4x3.hpp
-- Up-to-date symlink: /home/alux-autopilot22/SUPER-ROS2/install/marsim_render/include//glm/ext/matrix_float4x3_precision.hpp
-- Up-to-date symlink: /home/alux-autopilot22/SUPER-ROS2/install/marsim_render/include//glm/ext/matrix_float4x4.hpp
-- Up-to-date symlink: /home/alux-autopilot22/SUPER-ROS2/install/marsim_render/include//glm/ext/matrix_float4x4_precision.hpp
-- Up-to-date symlink: /home/alux-autopilot22/SUPER-ROS2/install/marsim_render/include//glm/ext/matrix_projection.hpp
-- Up-to-date symlink: /home/alux-autopilot22/SUPER-ROS2/install/marsim_render/include//glm/ext/matrix_projection.inl
-- Up-to-date symlink: /home/alux-autopilot22/SUPER-ROS2/install/marsim_render/include//glm/ext/matrix_relational.hpp
-- Up-to-date symlink: /home/alux-autopilot22/SUPER-ROS2/install/marsim_render/include//glm/ext/matrix_relational.inl
-- Up-to-date symlink: /home/alux-autopilot22/SUPER-ROS2/install/marsim_render/include//glm/ext/matrix_transform.hpp
-- Up-to-date symlink: /home/alux-autopilot22/SUPER-ROS2/install/marsim_render/include//glm/ext/matrix_transform.inl
-- Up-to-date symlink: /home/alux-autopilot22/SUPER-ROS2/install/marsim_render/include//glm/ext/quaternion_common.hpp
-- Up-to-date symlink: /home/alux-autopilot22/SUPER-ROS2/install/marsim_render/include//glm/ext/quaternion_common.inl
-- Up-to-date symlink: /home/alux-autopilot22/SUPER-ROS2/install/marsim_render/include//glm/ext/quaternion_common_simd.inl
-- Up-to-date symlink: /home/alux-autopilot22/SUPER-ROS2/install/marsim_render/include//glm/ext/quaternion_double.hpp
-- Up-to-date symlink: /home/alux-autopilot22/SUPER-ROS2/install/marsim_render/include//glm/ext/quaternion_double_precision.hpp
-- Up-to-date symlink: /home/alux-autopilot22/SUPER-ROS2/install/marsim_render/include//glm/ext/quaternion_exponential.hpp
-- Up-to-date symlink: /home/alux-autopilot22/SUPER-ROS2/install/marsim_render/include//glm/ext/quaternion_exponential.inl
-- Up-to-date symlink: /home/alux-autopilot22/SUPER-ROS2/install/marsim_render/include//glm/ext/quaternion_float.hpp
-- Up-to-date symlink: /home/alux-autopilot22/SUPER-ROS2/install/marsim_render/include//glm/ext/quaternion_float_precision.hpp
-- Up-to-date symlink: /home/alux-autopilot22/SUPER-ROS2/install/marsim_render/include//glm/ext/quaternion_geometric.hpp
-- Up-to-date symlink: /home/alux-autopilot22/SUPER-ROS2/install/marsim_render/include//glm/ext/quaternion_geometric.inl
-- Up-to-date symlink: /home/alux-autopilot22/SUPER-ROS2/install/marsim_render/include//glm/ext/quaternion_relational.hpp
-- Up-to-date symlink: /home/alux-autopilot22/SUPER-ROS2/install/marsim_render/include//glm/ext/quaternion_relational.inl
-- Up-to-date symlink: /home/alux-autopilot22/SUPER-ROS2/install/marsim_render/include//glm/ext/quaternion_transform.hpp
-- Up-to-date symlink: /home/alux-autopilot22/SUPER-ROS2/install/marsim_render/include//glm/ext/quaternion_transform.inl
-- Up-to-date symlink: /home/alux-autopilot22/SUPER-ROS2/install/marsim_render/include//glm/ext/quaternion_trigonometric.hpp
-- Up-to-date symlink: /home/alux-autopilot22/SUPER-ROS2/install/marsim_render/include//glm/ext/quaternion_trigonometric.inl
-- Up-to-date symlink: /home/alux-autopilot22/SUPER-ROS2/install/marsim_render/include//glm/ext/scalar_common.hpp
-- Up-to-date symlink: /home/alux-autopilot22/SUPER-ROS2/install/marsim_render/include//glm/ext/scalar_common.inl
-- Up-to-date symlink: /home/alux-autopilot22/SUPER-ROS2/install/marsim_render/include//glm/ext/scalar_constants.hpp
-- Up-to-date symlink: /home/alux-autopilot22/SUPER-ROS2/install/marsim_render/include//glm/ext/scalar_constants.inl
-- Up-to-date symlink: /home/alux-autopilot22/SUPER-ROS2/install/marsim_render/include//glm/ext/scalar_int_sized.hpp
-- Up-to-date symlink: /home/alux-autopilot22/SUPER-ROS2/install/marsim_render/include//glm/ext/scalar_relational.hpp
-- Up-to-date symlink: /home/alux-autopilot22/SUPER-ROS2/install/marsim_render/include//glm/ext/scalar_relational.inl
-- Up-to-date symlink: /home/alux-autopilot22/SUPER-ROS2/install/marsim_render/include//glm/ext/scalar_uint_sized.hpp
-- Up-to-date symlink: /home/alux-autopilot22/SUPER-ROS2/install/marsim_render/include//glm/ext/scalar_ulp.hpp
-- Up-to-date symlink: /home/alux-autopilot22/SUPER-ROS2/install/marsim_render/include//glm/ext/scalar_ulp.inl
-- Up-to-date symlink: /home/alux-autopilot22/SUPER-ROS2/install/marsim_render/include//glm/ext/vector_bool1.hpp
-- Up-to-date symlink: /home/alux-autopilot22/SUPER-ROS2/install/marsim_render/include//glm/ext/vector_bool1_precision.hpp
-- Up-to-date symlink: /home/alux-autopilot22/SUPER-ROS2/install/marsim_render/include//glm/ext/vector_bool2.hpp
-- Up-to-date symlink: /home/alux-autopilot22/SUPER-ROS2/install/marsim_render/include//glm/ext/vector_bool2_precision.hpp
-- Up-to-date symlink: /home/alux-autopilot22/SUPER-ROS2/install/marsim_render/include//glm/ext/vector_bool3.hpp
-- Up-to-date symlink: /home/alux-autopilot22/SUPER-ROS2/install/marsim_render/include//glm/ext/vector_bool3_precision.hpp
-- Up-to-date symlink: /home/alux-autopilot22/SUPER-ROS2/install/marsim_render/include//glm/ext/vector_bool4.hpp
-- Up-to-date symlink: /home/alux-autopilot22/SUPER-ROS2/install/marsim_render/include//glm/ext/vector_bool4_precision.hpp
-- Up-to-date symlink: /home/alux-autopilot22/SUPER-ROS2/install/marsim_render/include//glm/ext/vector_common.hpp
-- Up-to-date symlink: /home/alux-autopilot22/SUPER-ROS2/install/marsim_render/include//glm/ext/vector_common.inl
-- Up-to-date symlink: /home/alux-autopilot22/SUPER-ROS2/install/marsim_render/include//glm/ext/vector_double1.hpp
-- Up-to-date symlink: /home/alux-autopilot22/SUPER-ROS2/install/marsim_render/include//glm/ext/vector_double1_precision.hpp
-- Up-to-date symlink: /home/alux-autopilot22/SUPER-ROS2/install/marsim_render/include//glm/ext/vector_double2.hpp
-- Up-to-date symlink: /home/alux-autopilot22/SUPER-ROS2/install/marsim_render/include//glm/ext/vector_double2_precision.hpp
-- Up-to-date symlink: /home/alux-autopilot22/SUPER-ROS2/install/marsim_render/include//glm/ext/vector_double3.hpp
-- Up-to-date symlink: /home/alux-autopilot22/SUPER-ROS2/install/marsim_render/include//glm/ext/vector_double3_precision.hpp
-- Up-to-date symlink: /home/alux-autopilot22/SUPER-ROS2/install/marsim_render/include//glm/ext/vector_double4.hpp
-- Up-to-date symlink: /home/alux-autopilot22/SUPER-ROS2/install/marsim_render/include//glm/ext/vector_double4_precision.hpp
-- Up-to-date symlink: /home/alux-autopilot22/SUPER-ROS2/install/marsim_render/include//glm/ext/vector_float1.hpp
-- Up-to-date symlink: /home/alux-autopilot22/SUPER-ROS2/install/marsim_render/include//glm/ext/vector_float1_precision.hpp
-- Up-to-date symlink: /home/alux-autopilot22/SUPER-ROS2/install/marsim_render/include//glm/ext/vector_float2.hpp
-- Up-to-date symlink: /home/alux-autopilot22/SUPER-ROS2/install/marsim_render/include//glm/ext/vector_float2_precision.hpp
-- Up-to-date symlink: /home/alux-autopilot22/SUPER-ROS2/install/marsim_render/include//glm/ext/vector_float3.hpp
-- Up-to-date symlink: /home/alux-autopilot22/SUPER-ROS2/install/marsim_render/include//glm/ext/vector_float3_precision.hpp
-- Up-to-date symlink: /home/alux-autopilot22/SUPER-ROS2/install/marsim_render/include//glm/ext/vector_float4.hpp
-- Up-to-date symlink: /home/alux-autopilot22/SUPER-ROS2/install/marsim_render/include//glm/ext/vector_float4_precision.hpp
-- Up-to-date symlink: /home/alux-autopilot22/SUPER-ROS2/install/marsim_render/include//glm/ext/vector_int1.hpp
-- Up-to-date symlink: /home/alux-autopilot22/SUPER-ROS2/install/marsim_render/include//glm/ext/vector_int1_precision.hpp
-- Up-to-date symlink: /home/alux-autopilot22/SUPER-ROS2/install/marsim_render/include//glm/ext/vector_int2.hpp
-- Up-to-date symlink: /home/alux-autopilot22/SUPER-ROS2/install/marsim_render/include//glm/ext/vector_int2_precision.hpp
-- Up-to-date symlink: /home/alux-autopilot22/SUPER-ROS2/install/marsim_render/include//glm/ext/vector_int3.hpp
-- Up-to-date symlink: /home/alux-autopilot22/SUPER-ROS2/install/marsim_render/include//glm/ext/vector_int3_precision.hpp
-- Up-to-date symlink: /home/alux-autopilot22/SUPER-ROS2/install/marsim_render/include//glm/ext/vector_int4.hpp
-- Up-to-date symlink: /home/alux-autopilot22/SUPER-ROS2/install/marsim_render/include//glm/ext/vector_int4_precision.hpp
-- Up-to-date symlink: /home/alux-autopilot22/SUPER-ROS2/install/marsim_render/include//glm/ext/vector_relational.hpp
-- Up-to-date symlink: /home/alux-autopilot22/SUPER-ROS2/install/marsim_render/include//glm/ext/vector_relational.inl
-- Up-to-date symlink: /home/alux-autopilot22/SUPER-ROS2/install/marsim_render/include//glm/ext/vector_uint1.hpp
-- Up-to-date symlink: /home/alux-autopilot22/SUPER-ROS2/install/marsim_render/include//glm/ext/vector_uint1_precision.hpp
-- Up-to-date symlink: /home/alux-autopilot22/SUPER-ROS2/install/marsim_render/include//glm/ext/vector_uint2.hpp
-- Up-to-date symlink: /home/alux-autopilot22/SUPER-ROS2/install/marsim_render/include//glm/ext/vector_uint2_precision.hpp
-- Up-to-date symlink: /home/alux-autopilot22/SUPER-ROS2/install/marsim_render/include//glm/ext/vector_uint3.hpp
-- Up-to-date symlink: /home/alux-autopilot22/SUPER-ROS2/install/marsim_render/include//glm/ext/vector_uint3_precision.hpp
-- Up-to-date symlink: /home/alux-autopilot22/SUPER-ROS2/install/marsim_render/include//glm/ext/vector_uint4.hpp
-- Up-to-date symlink: /home/alux-autopilot22/SUPER-ROS2/install/marsim_render/include//glm/ext/vector_uint4_precision.hpp
-- Up-to-date symlink: /home/alux-autopilot22/SUPER-ROS2/install/marsim_render/include//glm/ext/vector_ulp.hpp
-- Up-to-date symlink: /home/alux-autopilot22/SUPER-ROS2/install/marsim_render/include//glm/ext/vector_ulp.inl
-- Up-to-date symlink: /home/alux-autopilot22/SUPER-ROS2/install/marsim_render/include//glm/fwd.hpp
-- Up-to-date symlink: /home/alux-autopilot22/SUPER-ROS2/install/marsim_render/include//glm/geometric.hpp
-- Up-to-date symlink: /home/alux-autopilot22/SUPER-ROS2/install/marsim_render/include//glm/glm.hpp
-- Up-to-date symlink: /home/alux-autopilot22/SUPER-ROS2/install/marsim_render/include//glm/gtc/bitfield.hpp
-- Up-to-date symlink: /home/alux-autopilot22/SUPER-ROS2/install/marsim_render/include//glm/gtc/bitfield.inl
-- Up-to-date symlink: /home/alux-autopilot22/SUPER-ROS2/install/marsim_render/include//glm/gtc/color_space.hpp
-- Up-to-date symlink: /home/alux-autopilot22/SUPER-ROS2/install/marsim_render/include//glm/gtc/color_space.inl
-- Up-to-date symlink: /home/alux-autopilot22/SUPER-ROS2/install/marsim_render/include//glm/gtc/constants.hpp
-- Up-to-date symlink: /home/alux-autopilot22/SUPER-ROS2/install/marsim_render/include//glm/gtc/constants.inl
-- Up-to-date symlink: /home/alux-autopilot22/SUPER-ROS2/install/marsim_render/include//glm/gtc/epsilon.hpp
-- Up-to-date symlink: /home/alux-autopilot22/SUPER-ROS2/install/marsim_render/include//glm/gtc/epsilon.inl
-- Up-to-date symlink: /home/alux-autopilot22/SUPER-ROS2/install/marsim_render/include//glm/gtc/integer.hpp
-- Up-to-date symlink: /home/alux-autopilot22/SUPER-ROS2/install/marsim_render/include//glm/gtc/integer.inl
-- Up-to-date symlink: /home/alux-autopilot22/SUPER-ROS2/install/marsim_render/include//glm/gtc/matrix_access.hpp
-- Up-to-date symlink: /home/alux-autopilot22/SUPER-ROS2/install/marsim_render/include//glm/gtc/matrix_access.inl
-- Up-to-date symlink: /home/alux-autopilot22/SUPER-ROS2/install/marsim_render/include//glm/gtc/matrix_integer.hpp
-- Up-to-date symlink: /home/alux-autopilot22/SUPER-ROS2/install/marsim_render/include//glm/gtc/matrix_inverse.hpp
-- Up-to-date symlink: /home/alux-autopilot22/SUPER-ROS2/install/marsim_render/include//glm/gtc/matrix_inverse.inl
-- Up-to-date symlink: /home/alux-autopilot22/SUPER-ROS2/install/marsim_render/include//glm/gtc/matrix_transform.hpp
-- Up-to-date symlink: /home/alux-autopilot22/SUPER-ROS2/install/marsim_render/include//glm/gtc/matrix_transform.inl
-- Up-to-date symlink: /home/alux-autopilot22/SUPER-ROS2/install/marsim_render/include//glm/gtc/noise.hpp
-- Up-to-date symlink: /home/alux-autopilot22/SUPER-ROS2/install/marsim_render/include//glm/gtc/noise.inl
-- Up-to-date symlink: /home/alux-autopilot22/SUPER-ROS2/install/marsim_render/include//glm/gtc/packing.hpp
-- Up-to-date symlink: /home/alux-autopilot22/SUPER-ROS2/install/marsim_render/include//glm/gtc/packing.inl
-- Up-to-date symlink: /home/alux-autopilot22/SUPER-ROS2/install/marsim_render/include//glm/gtc/quaternion.hpp
-- Up-to-date symlink: /home/alux-autopilot22/SUPER-ROS2/install/marsim_render/include//glm/gtc/quaternion.inl
-- Up-to-date symlink: /home/alux-autopilot22/SUPER-ROS2/install/marsim_render/include//glm/gtc/quaternion_simd.inl
-- Up-to-date symlink: /home/alux-autopilot22/SUPER-ROS2/install/marsim_render/include//glm/gtc/random.hpp
-- Up-to-date symlink: /home/alux-autopilot22/SUPER-ROS2/install/marsim_render/include//glm/gtc/random.inl
-- Up-to-date symlink: /home/alux-autopilot22/SUPER-ROS2/install/marsim_render/include//glm/gtc/reciprocal.hpp
-- Up-to-date symlink: /home/alux-autopilot22/SUPER-ROS2/install/marsim_render/include//glm/gtc/reciprocal.inl
-- Up-to-date symlink: /home/alux-autopilot22/SUPER-ROS2/install/marsim_render/include//glm/gtc/round.hpp
-- Up-to-date symlink: /home/alux-autopilot22/SUPER-ROS2/install/marsim_render/include//glm/gtc/round.inl
-- Up-to-date symlink: /home/alux-autopilot22/SUPER-ROS2/install/marsim_render/include//glm/gtc/type_aligned.hpp
-- Up-to-date symlink: /home/alux-autopilot22/SUPER-ROS2/install/marsim_render/include//glm/gtc/type_precision.hpp
-- Up-to-date symlink: /home/alux-autopilot22/SUPER-ROS2/install/marsim_render/include//glm/gtc/type_precision.inl
-- Up-to-date symlink: /home/alux-autopilot22/SUPER-ROS2/install/marsim_render/include//glm/gtc/type_ptr.hpp
-- Up-to-date symlink: /home/alux-autopilot22/SUPER-ROS2/install/marsim_render/include//glm/gtc/type_ptr.inl
-- Up-to-date symlink: /home/alux-autopilot22/SUPER-ROS2/install/marsim_render/include//glm/gtc/ulp.hpp
-- Up-to-date symlink: /home/alux-autopilot22/SUPER-ROS2/install/marsim_render/include//glm/gtc/ulp.inl
-- Up-to-date symlink: /home/alux-autopilot22/SUPER-ROS2/install/marsim_render/include//glm/gtc/vec1.hpp
-- Up-to-date symlink: /home/alux-autopilot22/SUPER-ROS2/install/marsim_render/include//glm/gtx/associated_min_max.hpp
-- Up-to-date symlink: /home/alux-autopilot22/SUPER-ROS2/install/marsim_render/include//glm/gtx/associated_min_max.inl
-- Up-to-date symlink: /home/alux-autopilot22/SUPER-ROS2/install/marsim_render/include//glm/gtx/bit.hpp
-- Up-to-date symlink: /home/alux-autopilot22/SUPER-ROS2/install/marsim_render/include//glm/gtx/bit.inl
-- Up-to-date symlink: /home/alux-autopilot22/SUPER-ROS2/install/marsim_render/include//glm/gtx/closest_point.hpp
-- Up-to-date symlink: /home/alux-autopilot22/SUPER-ROS2/install/marsim_render/include//glm/gtx/closest_point.inl
-- Up-to-date symlink: /home/alux-autopilot22/SUPER-ROS2/install/marsim_render/include//glm/gtx/color_encoding.hpp
-- Up-to-date symlink: /home/alux-autopilot22/SUPER-ROS2/install/marsim_render/include//glm/gtx/color_encoding.inl
-- Up-to-date symlink: /home/alux-autopilot22/SUPER-ROS2/install/marsim_render/include//glm/gtx/color_space.hpp
-- Up-to-date symlink: /home/alux-autopilot22/SUPER-ROS2/install/marsim_render/include//glm/gtx/color_space.inl
-- Up-to-date symlink: /home/alux-autopilot22/SUPER-ROS2/install/marsim_render/include//glm/gtx/color_space_YCoCg.hpp
-- Up-to-date symlink: /home/alux-autopilot22/SUPER-ROS2/install/marsim_render/include//glm/gtx/color_space_YCoCg.inl
-- Up-to-date symlink: /home/alux-autopilot22/SUPER-ROS2/install/marsim_render/include//glm/gtx/common.hpp
-- Up-to-date symlink: /home/alux-autopilot22/SUPER-ROS2/install/marsim_render/include//glm/gtx/common.inl
-- Up-to-date symlink: /home/alux-autopilot22/SUPER-ROS2/install/marsim_render/include//glm/gtx/compatibility.hpp
-- Up-to-date symlink: /home/alux-autopilot22/SUPER-ROS2/install/marsim_render/include//glm/gtx/compatibility.inl
-- Up-to-date symlink: /home/alux-autopilot22/SUPER-ROS2/install/marsim_render/include//glm/gtx/component_wise.hpp
-- Up-to-date symlink: /home/alux-autopilot22/SUPER-ROS2/install/marsim_render/include//glm/gtx/component_wise.inl
-- Up-to-date symlink: /home/alux-autopilot22/SUPER-ROS2/install/marsim_render/include//glm/gtx/dual_quaternion.hpp
-- Up-to-date symlink: /home/alux-autopilot22/SUPER-ROS2/install/marsim_render/include//glm/gtx/dual_quaternion.inl
-- Up-to-date symlink: /home/alux-autopilot22/SUPER-ROS2/install/marsim_render/include//glm/gtx/easing.hpp
-- Up-to-date symlink: /home/alux-autopilot22/SUPER-ROS2/install/marsim_render/include//glm/gtx/easing.inl
-- Up-to-date symlink: /home/alux-autopilot22/SUPER-ROS2/install/marsim_render/include//glm/gtx/euler_angles.hpp
-- Up-to-date symlink: /home/alux-autopilot22/SUPER-ROS2/install/marsim_render/include//glm/gtx/euler_angles.inl
-- Up-to-date symlink: /home/alux-autopilot22/SUPER-ROS2/install/marsim_render/include//glm/gtx/extend.hpp
-- Up-to-date symlink: /home/alux-autopilot22/SUPER-ROS2/install/marsim_render/include//glm/gtx/extend.inl
-- Up-to-date symlink: /home/alux-autopilot22/SUPER-ROS2/install/marsim_render/include//glm/gtx/extended_min_max.hpp
-- Up-to-date symlink: /home/alux-autopilot22/SUPER-ROS2/install/marsim_render/include//glm/gtx/extended_min_max.inl
-- Up-to-date symlink: /home/alux-autopilot22/SUPER-ROS2/install/marsim_render/include//glm/gtx/exterior_product.hpp
-- Up-to-date symlink: /home/alux-autopilot22/SUPER-ROS2/install/marsim_render/include//glm/gtx/exterior_product.inl
-- Up-to-date symlink: /home/alux-autopilot22/SUPER-ROS2/install/marsim_render/include//glm/gtx/fast_exponential.hpp
-- Up-to-date symlink: /home/alux-autopilot22/SUPER-ROS2/install/marsim_render/include//glm/gtx/fast_exponential.inl
-- Up-to-date symlink: /home/alux-autopilot22/SUPER-ROS2/install/marsim_render/include//glm/gtx/fast_square_root.hpp
-- Up-to-date symlink: /home/alux-autopilot22/SUPER-ROS2/install/marsim_render/include//glm/gtx/fast_square_root.inl
-- Up-to-date symlink: /home/alux-autopilot22/SUPER-ROS2/install/marsim_render/include//glm/gtx/fast_trigonometry.hpp
-- Up-to-date symlink: /home/alux-autopilot22/SUPER-ROS2/install/marsim_render/include//glm/gtx/fast_trigonometry.inl
-- Up-to-date symlink: /home/alux-autopilot22/SUPER-ROS2/install/marsim_render/include//glm/gtx/float_notmalize.inl
-- Up-to-date symlink: /home/alux-autopilot22/SUPER-ROS2/install/marsim_render/include//glm/gtx/functions.hpp
-- Up-to-date symlink: /home/alux-autopilot22/SUPER-ROS2/install/marsim_render/include//glm/gtx/functions.inl
-- Up-to-date symlink: /home/alux-autopilot22/SUPER-ROS2/install/marsim_render/include//glm/gtx/gradient_paint.hpp
-- Up-to-date symlink: /home/alux-autopilot22/SUPER-ROS2/install/marsim_render/include//glm/gtx/gradient_paint.inl
-- Up-to-date symlink: /home/alux-autopilot22/SUPER-ROS2/install/marsim_render/include//glm/gtx/handed_coordinate_space.hpp
-- Up-to-date symlink: /home/alux-autopilot22/SUPER-ROS2/install/marsim_render/include//glm/gtx/handed_coordinate_space.inl
-- Up-to-date symlink: /home/alux-autopilot22/SUPER-ROS2/install/marsim_render/include//glm/gtx/hash.hpp
-- Up-to-date symlink: /home/alux-autopilot22/SUPER-ROS2/install/marsim_render/include//glm/gtx/hash.inl
-- Up-to-date symlink: /home/alux-autopilot22/SUPER-ROS2/install/marsim_render/include//glm/gtx/integer.hpp
-- Up-to-date symlink: /home/alux-autopilot22/SUPER-ROS2/install/marsim_render/include//glm/gtx/integer.inl
-- Up-to-date symlink: /home/alux-autopilot22/SUPER-ROS2/install/marsim_render/include//glm/gtx/intersect.hpp
-- Up-to-date symlink: /home/alux-autopilot22/SUPER-ROS2/install/marsim_render/include//glm/gtx/intersect.inl
-- Up-to-date symlink: /home/alux-autopilot22/SUPER-ROS2/install/marsim_render/include//glm/gtx/io.hpp
-- Up-to-date symlink: /home/alux-autopilot22/SUPER-ROS2/install/marsim_render/include//glm/gtx/io.inl
-- Up-to-date symlink: /home/alux-autopilot22/SUPER-ROS2/install/marsim_render/include//glm/gtx/log_base.hpp
-- Up-to-date symlink: /home/alux-autopilot22/SUPER-ROS2/install/marsim_render/include//glm/gtx/log_base.inl
-- Up-to-date symlink: /home/alux-autopilot22/SUPER-ROS2/install/marsim_render/include//glm/gtx/matrix_cross_product.hpp
-- Up-to-date symlink: /home/alux-autopilot22/SUPER-ROS2/install/marsim_render/include//glm/gtx/matrix_cross_product.inl
-- Up-to-date symlink: /home/alux-autopilot22/SUPER-ROS2/install/marsim_render/include//glm/gtx/matrix_decompose.hpp
-- Up-to-date symlink: /home/alux-autopilot22/SUPER-ROS2/install/marsim_render/include//glm/gtx/matrix_decompose.inl
-- Up-to-date symlink: /home/alux-autopilot22/SUPER-ROS2/install/marsim_render/include//glm/gtx/matrix_factorisation.hpp
-- Up-to-date symlink: /home/alux-autopilot22/SUPER-ROS2/install/marsim_render/include//glm/gtx/matrix_factorisation.inl
-- Up-to-date symlink: /home/alux-autopilot22/SUPER-ROS2/install/marsim_render/include//glm/gtx/matrix_interpolation.hpp
-- Up-to-date symlink: /home/alux-autopilot22/SUPER-ROS2/install/marsim_render/include//glm/gtx/matrix_interpolation.inl
-- Up-to-date symlink: /home/alux-autopilot22/SUPER-ROS2/install/marsim_render/include//glm/gtx/matrix_major_storage.hpp
-- Up-to-date symlink: /home/alux-autopilot22/SUPER-ROS2/install/marsim_render/include//glm/gtx/matrix_major_storage.inl
-- Up-to-date symlink: /home/alux-autopilot22/SUPER-ROS2/install/marsim_render/include//glm/gtx/matrix_operation.hpp
-- Up-to-date symlink: /home/alux-autopilot22/SUPER-ROS2/install/marsim_render/include//glm/gtx/matrix_operation.inl
-- Up-to-date symlink: /home/alux-autopilot22/SUPER-ROS2/install/marsim_render/include//glm/gtx/matrix_query.hpp
-- Up-to-date symlink: /home/alux-autopilot22/SUPER-ROS2/install/marsim_render/include//glm/gtx/matrix_query.inl
-- Up-to-date symlink: /home/alux-autopilot22/SUPER-ROS2/install/marsim_render/include//glm/gtx/matrix_transform_2d.hpp
-- Up-to-date symlink: /home/alux-autopilot22/SUPER-ROS2/install/marsim_render/include//glm/gtx/matrix_transform_2d.inl
-- Up-to-date symlink: /home/alux-autopilot22/SUPER-ROS2/install/marsim_render/include//glm/gtx/mixed_product.hpp
-- Up-to-date symlink: /home/alux-autopilot22/SUPER-ROS2/install/marsim_render/include//glm/gtx/mixed_product.inl
-- Up-to-date symlink: /home/alux-autopilot22/SUPER-ROS2/install/marsim_render/include//glm/gtx/norm.hpp
-- Up-to-date symlink: /home/alux-autopilot22/SUPER-ROS2/install/marsim_render/include//glm/gtx/norm.inl
-- Up-to-date symlink: /home/alux-autopilot22/SUPER-ROS2/install/marsim_render/include//glm/gtx/normal.hpp
-- Up-to-date symlink: /home/alux-autopilot22/SUPER-ROS2/install/marsim_render/include//glm/gtx/normal.inl
-- Up-to-date symlink: /home/alux-autopilot22/SUPER-ROS2/install/marsim_render/include//glm/gtx/normalize_dot.hpp
-- Up-to-date symlink: /home/alux-autopilot22/SUPER-ROS2/install/marsim_render/include//glm/gtx/normalize_dot.inl
-- Up-to-date symlink: /home/alux-autopilot22/SUPER-ROS2/install/marsim_render/include//glm/gtx/number_precision.hpp
-- Up-to-date symlink: /home/alux-autopilot22/SUPER-ROS2/install/marsim_render/include//glm/gtx/number_precision.inl
-- Up-to-date symlink: /home/alux-autopilot22/SUPER-ROS2/install/marsim_render/include//glm/gtx/optimum_pow.hpp
-- Up-to-date symlink: /home/alux-autopilot22/SUPER-ROS2/install/marsim_render/include//glm/gtx/optimum_pow.inl
-- Up-to-date symlink: /home/alux-autopilot22/SUPER-ROS2/install/marsim_render/include//glm/gtx/orthonormalize.hpp
-- Up-to-date symlink: /home/alux-autopilot22/SUPER-ROS2/install/marsim_render/include//glm/gtx/orthonormalize.inl
-- Up-to-date symlink: /home/alux-autopilot22/SUPER-ROS2/install/marsim_render/include//glm/gtx/perpendicular.hpp
-- Up-to-date symlink: /home/alux-autopilot22/SUPER-ROS2/install/marsim_render/include//glm/gtx/perpendicular.inl
-- Up-to-date symlink: /home/alux-autopilot22/SUPER-ROS2/install/marsim_render/include//glm/gtx/polar_coordinates.hpp
-- Up-to-date symlink: /home/alux-autopilot22/SUPER-ROS2/install/marsim_render/include//glm/gtx/polar_coordinates.inl
-- Up-to-date symlink: /home/alux-autopilot22/SUPER-ROS2/install/marsim_render/include//glm/gtx/projection.hpp
-- Up-to-date symlink: /home/alux-autopilot22/SUPER-ROS2/install/marsim_render/include//glm/gtx/projection.inl
-- Up-to-date symlink: /home/alux-autopilot22/SUPER-ROS2/install/marsim_render/include//glm/gtx/quaternion.hpp
-- Up-to-date symlink: /home/alux-autopilot22/SUPER-ROS2/install/marsim_render/include//glm/gtx/quaternion.inl
-- Up-to-date symlink: /home/alux-autopilot22/SUPER-ROS2/install/marsim_render/include//glm/gtx/range.hpp
-- Up-to-date symlink: /home/alux-autopilot22/SUPER-ROS2/install/marsim_render/include//glm/gtx/raw_data.hpp
-- Up-to-date symlink: /home/alux-autopilot22/SUPER-ROS2/install/marsim_render/include//glm/gtx/raw_data.inl
-- Up-to-date symlink: /home/alux-autopilot22/SUPER-ROS2/install/marsim_render/include//glm/gtx/rotate_normalized_axis.hpp
-- Up-to-date symlink: /home/alux-autopilot22/SUPER-ROS2/install/marsim_render/include//glm/gtx/rotate_normalized_axis.inl
-- Up-to-date symlink: /home/alux-autopilot22/SUPER-ROS2/install/marsim_render/include//glm/gtx/rotate_vector.hpp
-- Up-to-date symlink: /home/alux-autopilot22/SUPER-ROS2/install/marsim_render/include//glm/gtx/rotate_vector.inl
-- Up-to-date symlink: /home/alux-autopilot22/SUPER-ROS2/install/marsim_render/include//glm/gtx/scalar_multiplication.hpp
-- Up-to-date symlink: /home/alux-autopilot22/SUPER-ROS2/install/marsim_render/include//glm/gtx/scalar_relational.hpp
-- Up-to-date symlink: /home/alux-autopilot22/SUPER-ROS2/install/marsim_render/include//glm/gtx/scalar_relational.inl
-- Up-to-date symlink: /home/alux-autopilot22/SUPER-ROS2/install/marsim_render/include//glm/gtx/spline.hpp
-- Up-to-date symlink: /home/alux-autopilot22/SUPER-ROS2/install/marsim_render/include//glm/gtx/spline.inl
-- Up-to-date symlink: /home/alux-autopilot22/SUPER-ROS2/install/marsim_render/include//glm/gtx/std_based_type.hpp
-- Up-to-date symlink: /home/alux-autopilot22/SUPER-ROS2/install/marsim_render/include//glm/gtx/std_based_type.inl
-- Up-to-date symlink: /home/alux-autopilot22/SUPER-ROS2/install/marsim_render/include//glm/gtx/string_cast.hpp
-- Up-to-date symlink: /home/alux-autopilot22/SUPER-ROS2/install/marsim_render/include//glm/gtx/string_cast.inl
-- Up-to-date symlink: /home/alux-autopilot22/SUPER-ROS2/install/marsim_render/include//glm/gtx/texture.hpp
-- Up-to-date symlink: /home/alux-autopilot22/SUPER-ROS2/install/marsim_render/include//glm/gtx/texture.inl
-- Up-to-date symlink: /home/alux-autopilot22/SUPER-ROS2/install/marsim_render/include//glm/gtx/transform.hpp
-- Up-to-date symlink: /home/alux-autopilot22/SUPER-ROS2/install/marsim_render/include//glm/gtx/transform.inl
-- Up-to-date symlink: /home/alux-autopilot22/SUPER-ROS2/install/marsim_render/include//glm/gtx/transform2.hpp
-- Up-to-date symlink: /home/alux-autopilot22/SUPER-ROS2/install/marsim_render/include//glm/gtx/transform2.inl
-- Up-to-date symlink: /home/alux-autopilot22/SUPER-ROS2/install/marsim_render/include//glm/gtx/type_aligned.hpp
-- Up-to-date symlink: /home/alux-autopilot22/SUPER-ROS2/install/marsim_render/include//glm/gtx/type_aligned.inl
-- Up-to-date symlink: /home/alux-autopilot22/SUPER-ROS2/install/marsim_render/include//glm/gtx/type_trait.hpp
-- Up-to-date symlink: /home/alux-autopilot22/SUPER-ROS2/install/marsim_render/include//glm/gtx/type_trait.inl
-- Up-to-date symlink: /home/alux-autopilot22/SUPER-ROS2/install/marsim_render/include//glm/gtx/vec_swizzle.hpp
-- Up-to-date symlink: /home/alux-autopilot22/SUPER-ROS2/install/marsim_render/include//glm/gtx/vector_angle.hpp
-- Up-to-date symlink: /home/alux-autopilot22/SUPER-ROS2/install/marsim_render/include//glm/gtx/vector_angle.inl
-- Up-to-date symlink: /home/alux-autopilot22/SUPER-ROS2/install/marsim_render/include//glm/gtx/vector_query.hpp
-- Up-to-date symlink: /home/alux-autopilot22/SUPER-ROS2/install/marsim_render/include//glm/gtx/vector_query.inl
-- Up-to-date symlink: /home/alux-autopilot22/SUPER-ROS2/install/marsim_render/include//glm/gtx/wrap.hpp
-- Up-to-date symlink: /home/alux-autopilot22/SUPER-ROS2/install/marsim_render/include//glm/gtx/wrap.inl
-- Up-to-date symlink: /home/alux-autopilot22/SUPER-ROS2/install/marsim_render/include//glm/integer.hpp
-- Up-to-date symlink: /home/alux-autopilot22/SUPER-ROS2/install/marsim_render/include//glm/mat2x2.hpp
-- Up-to-date symlink: /home/alux-autopilot22/SUPER-ROS2/install/marsim_render/include//glm/mat2x3.hpp
-- Up-to-date symlink: /home/alux-autopilot22/SUPER-ROS2/install/marsim_render/include//glm/mat2x4.hpp
-- Up-to-date symlink: /home/alux-autopilot22/SUPER-ROS2/install/marsim_render/include//glm/mat3x2.hpp
-- Up-to-date symlink: /home/alux-autopilot22/SUPER-ROS2/install/marsim_render/include//glm/mat3x3.hpp
-- Up-to-date symlink: /home/alux-autopilot22/SUPER-ROS2/install/marsim_render/include//glm/mat3x4.hpp
-- Up-to-date symlink: /home/alux-autopilot22/SUPER-ROS2/install/marsim_render/include//glm/mat4x2.hpp
-- Up-to-date symlink: /home/alux-autopilot22/SUPER-ROS2/install/marsim_render/include//glm/mat4x3.hpp
-- Up-to-date symlink: /home/alux-autopilot22/SUPER-ROS2/install/marsim_render/include//glm/mat4x4.hpp
-- Up-to-date symlink: /home/alux-autopilot22/SUPER-ROS2/install/marsim_render/include//glm/matrix.hpp
-- Up-to-date symlink: /home/alux-autopilot22/SUPER-ROS2/install/marsim_render/include//glm/packing.hpp
-- Up-to-date symlink: /home/alux-autopilot22/SUPER-ROS2/install/marsim_render/include//glm/simd/common.h
-- Up-to-date symlink: /home/alux-autopilot22/SUPER-ROS2/install/marsim_render/include//glm/simd/exponential.h
-- Up-to-date symlink: /home/alux-autopilot22/SUPER-ROS2/install/marsim_render/include//glm/simd/geometric.h
-- Up-to-date symlink: /home/alux-autopilot22/SUPER-ROS2/install/marsim_render/include//glm/simd/integer.h
-- Up-to-date symlink: /home/alux-autopilot22/SUPER-ROS2/install/marsim_render/include//glm/simd/matrix.h
-- Up-to-date symlink: /home/alux-autopilot22/SUPER-ROS2/install/marsim_render/include//glm/simd/packing.h
-- Up-to-date symlink: /home/alux-autopilot22/SUPER-ROS2/install/marsim_render/include//glm/simd/platform.h
-- Up-to-date symlink: /home/alux-autopilot22/SUPER-ROS2/install/marsim_render/include//glm/simd/trigonometric.h
-- Up-to-date symlink: /home/alux-autopilot22/SUPER-ROS2/install/marsim_render/include//glm/simd/vector_relational.h
-- Up-to-date symlink: /home/alux-autopilot22/SUPER-ROS2/install/marsim_render/include//glm/trigonometric.hpp
-- Up-to-date symlink: /home/alux-autopilot22/SUPER-ROS2/install/marsim_render/include//glm/vec2.hpp
-- Up-to-date symlink: /home/alux-autopilot22/SUPER-ROS2/install/marsim_render/include//glm/vec3.hpp
-- Up-to-date symlink: /home/alux-autopilot22/SUPER-ROS2/install/marsim_render/include//glm/vec4.hpp
-- Up-to-date symlink: /home/alux-autopilot22/SUPER-ROS2/install/marsim_render/include//glm/vector_relational.hpp
-- Up-to-date symlink: /home/alux-autopilot22/SUPER-ROS2/install/marsim_render/include//marsim_render/config.hpp
-- Up-to-date symlink: /home/alux-autopilot22/SUPER-ROS2/install/marsim_render/include//marsim_render/marsim_render.hpp
-- Up-to-date symlink: /home/alux-autopilot22/SUPER-ROS2/install/marsim_render/include//marsim_render/scope_timer.hpp
-- Up-to-date symlink: /home/alux-autopilot22/SUPER-ROS2/install/marsim_render/include//marsim_render/shader_m.h
-- Up-to-date symlink: /home/alux-autopilot22/SUPER-ROS2/install/marsim_render/include//marsim_render/yaml_loader.hpp
-- Up-to-date symlink: /home/alux-autopilot22/SUPER-ROS2/install/marsim_render/share/ament_index/resource_index/package_run_dependencies/marsim_render
-- Up-to-date symlink: /home/alux-autopilot22/SUPER-ROS2/install/marsim_render/share/ament_index/resource_index/parent_prefix_path/marsim_render
-- Up-to-date symlink: /home/alux-autopilot22/SUPER-ROS2/install/marsim_render/share/marsim_render/environment/ament_prefix_path.sh
-- Up-to-date symlink: /home/alux-autopilot22/SUPER-ROS2/install/marsim_render/share/marsim_render/environment/ament_prefix_path.dsv
-- Up-to-date symlink: /home/alux-autopilot22/SUPER-ROS2/install/marsim_render/share/marsim_render/environment/path.sh
-- Up-to-date symlink: /home/alux-autopilot22/SUPER-ROS2/install/marsim_render/share/marsim_render/environment/path.dsv
-- Up-to-date symlink: /home/alux-autopilot22/SUPER-ROS2/install/marsim_render/share/marsim_render/local_setup.bash
-- Up-to-date symlink: /home/alux-autopilot22/SUPER-ROS2/install/marsim_render/share/marsim_render/local_setup.sh
-- Up-to-date symlink: /home/alux-autopilot22/SUPER-ROS2/install/marsim_render/share/marsim_render/local_setup.zsh
-- Up-to-date symlink: /home/alux-autopilot22/SUPER-ROS2/install/marsim_render/share/marsim_render/local_setup.dsv
-- Symlinking: /home/alux-autopilot22/SUPER-ROS2/install/marsim_render/share/marsim_render/package.dsv
-- Up-to-date symlink: /home/alux-autopilot22/SUPER-ROS2/install/marsim_render/share/ament_index/resource_index/packages/marsim_render
-- Up-to-date symlink: /home/alux-autopilot22/SUPER-ROS2/install/marsim_render/share/marsim_render/cmake/ament_cmake_export_libraries-extras.cmake
-- Up-to-date symlink: /home/alux-autopilot22/SUPER-ROS2/install/marsim_render/share/marsim_render/cmake/ament_cmake_export_include_directories-extras.cmake
-- Up-to-date symlink: /home/alux-autopilot22/SUPER-ROS2/install/marsim_render/share/marsim_render/cmake/marsim_renderConfig.cmake
-- Up-to-date symlink: /home/alux-autopilot22/SUPER-ROS2/install/marsim_render/share/marsim_render/cmake/marsim_renderConfig-version.cmake
-- Up-to-date symlink: /home/alux-autopilot22/SUPER-ROS2/install/marsim_render/share/marsim_render/package.xml
