[0.010s] Invoking command in '/home/alux-autopilot22/SUPER-ROS2/build/marsim_render': CMAKE_PREFIX_PATH=/opt/ros/humble /usr/bin/cmake /home/alux-autopilot22/SUPER-ROS2/mars_uav_sim/marsim_render -DAMENT_CMAKE_SYMLINK_INSTALL=1 -DCMAKE_INSTALL_PREFIX=/home/alux-autopilot22/SUPER-ROS2/install/marsim_render
[0.050s] -- The C compiler identification is GNU 11.4.0
[0.088s] -- The CXX compiler identification is GNU 11.4.0
[0.096s] -- Detecting C compiler ABI info
[0.145s] -- Detecting C compiler ABI info - done
[0.149s] -- Check for working C compiler: /usr/bin/cc - skipped
[0.150s] -- Detecting C compile features
[0.150s] -- Detecting C compile features - done
[0.151s] -- Detecting CXX compiler ABI info
[0.207s] -- Detecting CXX compiler ABI info - done
[0.212s] -- Check for working CXX compiler: /usr/bin/c++ - skipped
[0.212s] -- Detecting CXX compile features
[0.212s] -- Detecting CXX compile features - done
[0.214s] -- Found ament_cmake: 1.3.14 (/opt/ros/humble/share/ament_cmake/cmake)
[0.315s] -- Found Python3: /usr/bin/python3 (found version "3.10.19") found components: Interpreter 
[0.359s] -- Override CMake install command with custom implementation using symlinks instead of copying resources
[0.378s] -- Found rclcpp: 16.0.19 (/opt/ros/humble/share/rclcpp/cmake)
[0.406s] -- Found rosidl_generator_c: 3.1.8 (/opt/ros/humble/share/rosidl_generator_c/cmake)
[0.409s] -- Found rosidl_adapter: 3.1.8 (/opt/ros/humble/share/rosidl_adapter/cmake)
[0.414s] -- Found rosidl_generator_cpp: 3.1.8 (/opt/ros/humble/share/rosidl_generator_cpp/cmake)
[0.422s] -- Using all available rosidl_typesupport_c: rosidl_typesupport_fastrtps_c;rosidl_typesupport_introspection_c
[0.432s] -- Using all available rosidl_typesupport_cpp: rosidl_typesupport_fastrtps_cpp;rosidl_typesupport_introspection_cpp
[0.459s] -- Found rmw_implementation_cmake: 6.1.2 (/opt/ros/humble/share/rmw_implementation_cmake/cmake)
[0.460s] -- Found rmw_fastrtps_cpp: 6.2.10 (/opt/ros/humble/share/rmw_fastrtps_cpp/cmake)
[0.528s] -- Found OpenSSL: /usr/lib/x86_64-linux-gnu/libcrypto.so (found version "3.0.2")  
[0.542s] -- Found FastRTPS: /opt/ros/humble/include  
[0.559s] -- Using RMW implementation 'rmw_fastrtps_cpp' as default
[0.565s] -- Looking for pthread.h
[0.616s] -- Looking for pthread.h - found
[0.616s] -- Performing Test CMAKE_HAVE_LIBC_PTHREAD
[0.670s] -- Performing Test CMAKE_HAVE_LIBC_PTHREAD - Success
[0.670s] -- Found Threads: TRUE  
[0.699s] -- GCC or Clang detected, adding -Wall -Wextra -Werror
[0.710s] -- Found OpenCV: /usr (found version "4.5.4") 
[0.745s] -- Found GLEW: /usr/include (found version "2.2.0") 
[0.750s] [33mCMake Warning (dev) at /usr/share/cmake-3.22/Modules/FindOpenGL.cmake:315 (message):
[0.750s]   Policy CMP0072 is not set: FindOpenGL prefers GLVND by default when
[0.750s]   available.  Run "cmake --help-policy CMP0072" for policy details.  Use the
[0.750s]   cmake_policy command to set the policy and suppress this warning.
[0.750s] 
[0.750s]   FindOpenGL found both a legacy GL library:
[0.750s] 
[0.750s]     OPENGL_gl_LIBRARY: /usr/lib/x86_64-linux-gnu/libGL.so
[0.750s] 
[0.750s]   and GLVND libraries for OpenGL and GLX:
[0.750s] 
[0.750s]     OPENGL_opengl_LIBRARY: /usr/lib/x86_64-linux-gnu/libOpenGL.so
[0.750s]     OPENGL_glx_LIBRARY: /usr/lib/x86_64-linux-gnu/libGLX.so
[0.750s] 
[0.750s]   OpenGL_GL_PREFERENCE has not been set to "GLVND" or "LEGACY", so for
[0.750s]   compatibility with CMake 3.10 and below the legacy GL library will be used.
[0.750s] Call Stack (most recent call first):
[0.750s]   CMakeLists.txt:48 (find_package)
[0.750s] This warning is for project developers.  Use -Wno-dev to suppress it.
[0.750s] [0m
[0.750s] -- Found OpenGL: /usr/lib/x86_64-linux-gnu/libOpenGL.so   
[0.764s] -- Checking for module 'eigen3'
[0.774s] --   Found eigen3, version 3.4.0
[0.803s] -- Found Eigen: /usr/include/eigen3 (Required is at least version "3.1") 
[0.803s] -- Eigen found (include: /usr/include/eigen3, version: 3.4.0)
[0.817s] -- Found Boost: /usr/lib/x86_64-linux-gnu/cmake/Boost-1.74.0/BoostConfig.cmake (found suitable version "1.74.0", minimum required is "1.65.0") found components: system filesystem date_time iostreams serialization 
[0.830s] -- Checking for module 'flann'
[0.843s] --   Found flann, version 1.9.1
[0.874s] -- Found FLANN: /usr/lib/x86_64-linux-gnu/libflann_cpp.so  
[0.874s] -- FLANN found (include: /usr/include, lib: /usr/lib/x86_64-linux-gnu/libflann_cpp.so)
[0.896s] -- Found GLEW: /usr/lib/x86_64-linux-gnu/libGLEW.so  
[0.899s] -- Found OpenGL: /usr/lib/x86_64-linux-gnu/libOpenGL.so  found components: OpenGL GLX 
[1.005s] -- Found MPI_C: /usr/lib/x86_64-linux-gnu/libmpi.so (found version "3.1") 
[1.006s] -- Found MPI: TRUE (found version "3.1") found components: C 
[1.007s] -- Found JsonCpp: /usr/lib/x86_64-linux-gnu/libjsoncpp.so (found suitable version "1.9.5", minimum required is "0.7.0") 
[1.013s] -- Found ZLIB: /usr/lib/x86_64-linux-gnu/libz.so (found version "1.3.1") 
[1.026s] -- Found PNG: /usr/lib/x86_64-linux-gnu/libpng.so (found version "1.6.55") 
[1.032s] -- Found Eigen3: /usr/include/eigen3 (found version "3.4.0") 
[1.101s] -- Found X11: /usr/include   
[1.101s] -- Looking for XOpenDisplay in /usr/lib/x86_64-linux-gnu/libX11.so;/usr/lib/x86_64-linux-gnu/libXext.so
[1.159s] -- Looking for XOpenDisplay in /usr/lib/x86_64-linux-gnu/libX11.so;/usr/lib/x86_64-linux-gnu/libXext.so - found
[1.159s] -- Looking for gethostbyname
[1.210s] -- Looking for gethostbyname - found
[1.210s] -- Looking for connect
[1.262s] -- Looking for connect - found
[1.262s] -- Looking for remove
[1.314s] -- Looking for remove - found
[1.314s] -- Looking for shmat
[1.364s] -- Looking for shmat - found
[1.364s] -- Looking for IceConnectionNumber in ICE
[1.417s] -- Looking for IceConnectionNumber in ICE - found
[1.478s] -- Found EXPAT: /usr/lib/x86_64-linux-gnu/libexpat.so (found version "2.6.1") 
[1.479s] -- Found double-conversion: /usr/lib/x86_64-linux-gnu/libdouble-conversion.so  
[1.481s] -- Found LZ4: /usr/lib/x86_64-linux-gnu/liblz4.so (found version "1.9.3") 
[1.481s] -- Found LZMA: /usr/lib/x86_64-linux-gnu/liblzma.so (found version "5.2.5") 
[1.492s] -- Found JPEG: /usr/lib/x86_64-linux-gnu/libjpeg.so (found version "80") 
[1.497s] -- Found TIFF: /usr/lib/x86_64-linux-gnu/libtiff.so (found version "4.7.0")  
[1.499s] -- Found Freetype: /usr/lib/x86_64-linux-gnu/libfreetype.so (found version "2.12.1") 
[1.502s] -- Found utf8cpp: /usr/include/utf8cpp  
[1.562s] -- Checking for module 'libusb-1.0'
[1.572s] --   Found libusb-1.0, version 1.0.25
[1.605s] -- Found libusb: /usr/lib/x86_64-linux-gnu/libusb-1.0.so  
[1.606s] -- Found OpenNI: /usr/lib/libOpenNI.so;libusb::libusb (found version "1.5.4.0") 
[1.606s] -- OpenNI found (version: 1.5.4.0, include: /usr/include/ni, lib: /usr/lib/libOpenNI.so;libusb::libusb)
[1.657s] -- Found OpenNI2: /usr/lib/x86_64-linux-gnu/libOpenNI2.so;libusb::libusb (found version "2.2.0.33") 
[1.657s] -- OpenNI2 found (version: 2.2.0.33, include: /usr/include/openni2, lib: /usr/lib/x86_64-linux-gnu/libOpenNI2.so;libusb::libusb)
[1.657s] [0m** WARNING ** io features related to pcap will be disabled[0m
[1.767s] -- Eigen found (include: /usr/include/eigen3, version: 3.4.0)
[1.772s] -- OpenNI found (version: 1.5.4.0, include: /usr/include/ni, lib: /usr/lib/libOpenNI.so;libusb::libusb)
[1.778s] -- OpenNI2 found (version: 2.2.0.33, include: /usr/include/openni2, lib: /usr/lib/x86_64-linux-gnu/libOpenNI2.so;libusb::libusb)
[1.879s] -- Found Qhull version 8.0.2
[1.984s] -- OpenNI found (version: 1.5.4.0, include: /usr/include/ni, lib: /usr/lib/libOpenNI.so;libusb::libusb)
[2.078s] -- looking for PCL_COMMON
[2.079s] -- Found PCL_COMMON: /usr/lib/x86_64-linux-gnu/libpcl_common.so  
[2.079s] -- looking for PCL_KDTREE
[2.080s] -- Found PCL_KDTREE: /usr/lib/x86_64-linux-gnu/libpcl_kdtree.so  
[2.080s] -- looking for PCL_OCTREE
[2.080s] -- Found PCL_OCTREE: /usr/lib/x86_64-linux-gnu/libpcl_octree.so  
[2.080s] -- looking for PCL_SEARCH
[2.081s] -- Found PCL_SEARCH: /usr/lib/x86_64-linux-gnu/libpcl_search.so  
[2.081s] -- looking for PCL_SAMPLE_CONSENSUS
[2.081s] -- Found PCL_SAMPLE_CONSENSUS: /usr/lib/x86_64-linux-gnu/libpcl_sample_consensus.so  
[2.081s] -- looking for PCL_FILTERS
[2.082s] -- Found PCL_FILTERS: /usr/lib/x86_64-linux-gnu/libpcl_filters.so  
[2.082s] -- looking for PCL_2D
[2.082s] -- Found PCL_2D: /usr/include/pcl-1.12  
[2.082s] -- looking for PCL_GEOMETRY
[2.082s] -- Found PCL_GEOMETRY: /usr/include/pcl-1.12  
[2.082s] -- looking for PCL_IO
[2.083s] -- Found PCL_IO: /usr/lib/x86_64-linux-gnu/libpcl_io.so  
[2.083s] -- looking for PCL_FEATURES
[2.083s] -- Found PCL_FEATURES: /usr/lib/x86_64-linux-gnu/libpcl_features.so  
[2.083s] -- looking for PCL_ML
[2.084s] -- Found PCL_ML: /usr/lib/x86_64-linux-gnu/libpcl_ml.so  
[2.084s] -- looking for PCL_SEGMENTATION
[2.084s] -- Found PCL_SEGMENTATION: /usr/lib/x86_64-linux-gnu/libpcl_segmentation.so  
[2.084s] -- looking for PCL_VISUALIZATION
[2.085s] -- Found PCL_VISUALIZATION: /usr/lib/x86_64-linux-gnu/libpcl_visualization.so  
[2.085s] -- looking for PCL_SURFACE
[2.085s] -- Found PCL_SURFACE: /usr/lib/x86_64-linux-gnu/libpcl_surface.so  
[2.085s] -- looking for PCL_REGISTRATION
[2.086s] -- Found PCL_REGISTRATION: /usr/lib/x86_64-linux-gnu/libpcl_registration.so  
[2.086s] -- looking for PCL_KEYPOINTS
[2.086s] -- Found PCL_KEYPOINTS: /usr/lib/x86_64-linux-gnu/libpcl_keypoints.so  
[2.087s] -- looking for PCL_TRACKING
[2.087s] -- Found PCL_TRACKING: /usr/lib/x86_64-linux-gnu/libpcl_tracking.so  
[2.087s] -- looking for PCL_RECOGNITION
[2.088s] -- Found PCL_RECOGNITION: /usr/lib/x86_64-linux-gnu/libpcl_recognition.so  
[2.088s] -- looking for PCL_STEREO
[2.088s] -- Found PCL_STEREO: /usr/lib/x86_64-linux-gnu/libpcl_stereo.so  
[2.088s] -- looking for PCL_APPS
[2.089s] -- Found PCL_APPS: /usr/lib/x86_64-linux-gnu/libpcl_apps.so  
[2.089s] -- looking for PCL_IN_HAND_SCANNER
[2.089s] -- Found PCL_IN_HAND_SCANNER: /usr/include/pcl-1.12  
[2.089s] -- looking for PCL_MODELER
[2.089s] -- Found PCL_MODELER: /usr/include/pcl-1.12  
[2.089s] -- looking for PCL_POINT_CLOUD_EDITOR
[2.090s] -- Found PCL_POINT_CLOUD_EDITOR: /usr/include/pcl-1.12  
[2.090s] -- looking for PCL_OUTOFCORE
[2.090s] -- Found PCL_OUTOFCORE: /usr/lib/x86_64-linux-gnu/libpcl_outofcore.so  
[2.090s] -- looking for PCL_PEOPLE
[2.091s] -- Found PCL_PEOPLE: /usr/lib/x86_64-linux-gnu/libpcl_people.so  
[2.091s] -- Found PCL: pcl_common;pcl_kdtree;pcl_octree;pcl_search;pcl_sample_consensus;pcl_filters;pcl_io;pcl_features;pcl_ml;pcl_segmentation;pcl_visualization;pcl_surface;pcl_registration;pcl_keypoints;pcl_tracking;pcl_recognition;pcl_stereo;pcl_apps;pcl_outofcore;pcl_people;Boost::system;Boost::filesystem;Boost::date_time;Boost::iostreams;Boost::serialization;/usr/lib/libOpenNI.so;libusb::libusb;/usr/lib/x86_64-linux-gnu/libOpenNI2.so;libusb::libusb;VTK::ChartsCore;VTK::CommonColor;VTK::CommonComputationalGeometry;VTK::CommonCore;VTK::CommonDataModel;VTK::CommonExecutionModel;VTK::CommonMath;VTK::CommonMisc;VTK::CommonTransforms;VTK::FiltersCore;VTK::FiltersExtraction;VTK::FiltersGeneral;VTK::FiltersGeometry;VTK::FiltersModeling;VTK::FiltersSources;VTK::ImagingCore;VTK::ImagingSources;VTK::InteractionImage;VTK::InteractionStyle;VTK::InteractionWidgets;VTK::IOCore;VTK::IOGeometry;VTK::IOImage;VTK::IOLegacy;VTK::IOPLY;VTK::RenderingAnnotation;VTK::RenderingCore;VTK::RenderingContext2D;VTK::RenderingLOD;VTK::RenderingFreeType;VTK::ViewsCore;VTK::ViewsContext2D;VTK::RenderingOpenGL2;VTK::GUISupportQt;FLANN::FLANN;QHULL::QHULL  
[2.308s] -- Found OpenMP_C: -fopenmp (found version "4.5") 
[2.388s] -- Found OpenMP_CXX: -fopenmp (found version "4.5") 
[2.388s] -- Found OpenMP: TRUE (found version "4.5")  
[2.461s] -- Configuring done
[2.493s] -- Generating done
[2.503s] -- Build files have been written to: /home/alux-autopilot22/SUPER-ROS2/build/marsim_render
